<?xml version="1.0" encoding="UTF-8"?>
<testsuite name="com.talentica.arangodb.TransactionManagerTest" tests="1" skipped="0" failures="0" errors="0" timestamp="2021-01-04T13:50:59" hostname="DebashishC-ublp" time="24.962">
  <properties/>
  <testcase name="testOptimisticLockingSuccess()" classname="com.talentica.arangodb.TransactionManagerTest" time="24.962"/>
  <system-out><![CDATA[19:20:59.420 [Test worker] DEBUG org.springframework.context.annotation.AnnotationConfigApplicationContext - Refreshing org.springframework.context.annotation.AnnotationConfigApplicationContext@5ea4c6b3
19:20:59.435 [Test worker] DEBUG org.springframework.beans.factory.support.DefaultListableBeanFactory - Creating shared instance of singleton bean 'org.springframework.context.annotation.internalConfigurationAnnotationProcessor'
19:20:59.491 [Test worker] DEBUG org.springframework.context.annotation.ClassPathBeanDefinitionScanner - Identified candidate component class: file [/media/debashishc/T7/work/arangodb/build/classes/java/test/com/talentica/arangodb/ArangoDBConfiguration.class]
19:20:59.502 [Test worker] DEBUG org.springframework.context.annotation.ClassPathBeanDefinitionScanner - Ignored because not a concrete top-level class: file [/media/debashishc/T7/work/arangodb/build/classes/java/test/com/talentica/arangodb/repository/BookRepository.class]
19:20:59.505 [Test worker] DEBUG org.springframework.context.annotation.ClassPathBeanDefinitionScanner - Identified candidate component class: file [/media/debashishc/T7/work/arangodb/build/classes/java/test/com/talentica/arangodb/service/BookLoaderService.class]
19:20:59.546 [Test worker] INFO org.springframework.data.repository.config.RepositoryConfigurationDelegate - Bootstrapping Spring Data ArangoDB repositories in DEFAULT mode.
19:20:59.551 [Test worker] DEBUG org.springframework.data.repository.config.RepositoryConfigurationDelegate - Scanning for ArangoDB repositories in packages com.talentica.arangodb.repository.
19:20:59.557 [Test worker] DEBUG org.springframework.data.repository.config.RepositoryComponentProvider - Identified candidate component class: file [/media/debashishc/T7/work/arangodb/build/classes/java/test/com/talentica/arangodb/repository/BookRepository.class]
19:20:59.580 [Test worker] DEBUG org.springframework.context.annotation.ClassPathScanningCandidateComponentProvider - Identified candidate component class: file [/media/debashishc/T7/work/arangodb/build/classes/java/main/com/talentica/arangodb/repository/ArangoTransactionalRepositoryImpl.class]
19:20:59.591 [Test worker] DEBUG org.springframework.data.repository.config.RepositoryBeanDefinitionBuilder - Registering repository fragment implementation: arangoTransactionalRepositoryImpl com.talentica.arangodb.repository.ArangoTransactionalRepositoryImpl
19:20:59.591 [Test worker] DEBUG org.springframework.data.repository.config.RepositoryBeanDefinitionBuilder - Registering repository fragment: arangoTransactionalRepositoryImplFragment
19:20:59.596 [Test worker] INFO org.springframework.data.repository.config.RepositoryConfigurationDelegate - Finished Spring Data repository scanning in 44ms. Found 1 ArangoDB repository interfaces.
19:20:59.663 [Test worker] DEBUG org.springframework.beans.factory.support.DefaultListableBeanFactory - Creating shared instance of singleton bean 'org.springframework.context.event.internalEventListenerProcessor'
19:20:59.664 [Test worker] DEBUG org.springframework.beans.factory.support.DefaultListableBeanFactory - Creating shared instance of singleton bean 'org.springframework.context.event.internalEventListenerFactory'
19:20:59.665 [Test worker] DEBUG org.springframework.beans.factory.support.DefaultListableBeanFactory - Creating shared instance of singleton bean 'org.springframework.transaction.config.internalTransactionalEventListenerFactory'
19:20:59.668 [Test worker] DEBUG org.springframework.beans.factory.support.DefaultListableBeanFactory - Creating shared instance of singleton bean 'org.springframework.context.annotation.internalAutowiredAnnotationProcessor'
19:20:59.669 [Test worker] DEBUG org.springframework.beans.factory.support.DefaultListableBeanFactory - Creating shared instance of singleton bean 'org.springframework.context.annotation.internalCommonAnnotationProcessor'
19:20:59.672 [Test worker] DEBUG org.springframework.beans.factory.support.DefaultListableBeanFactory - Creating shared instance of singleton bean 'org.springframework.aop.config.internalAutoProxyCreator'
19:20:59.728 [Test worker] DEBUG org.springframework.beans.factory.support.DefaultListableBeanFactory - Creating shared instance of singleton bean 'springDataTestApplication'
19:20:59.729 [Test worker] DEBUG org.springframework.beans.factory.support.DefaultListableBeanFactory - Creating shared instance of singleton bean 'org.springframework.transaction.config.internalTransactionAdvisor'
19:20:59.730 [Test worker] DEBUG org.springframework.beans.factory.support.DefaultListableBeanFactory - Creating shared instance of singleton bean 'org.springframework.transaction.annotation.ProxyTransactionManagementConfiguration'
19:20:59.752 [Test worker] DEBUG org.springframework.beans.factory.support.DefaultListableBeanFactory - Creating shared instance of singleton bean 'transactionAttributeSource'
19:20:59.758 [Test worker] DEBUG org.springframework.beans.factory.support.DefaultListableBeanFactory - Creating shared instance of singleton bean 'transactionInterceptor'
19:20:59.760 [Test worker] DEBUG org.springframework.beans.factory.support.DefaultListableBeanFactory - Autowiring by type from bean name 'transactionInterceptor' via factory method to bean named 'transactionAttributeSource'
19:20:59.765 [Test worker] DEBUG org.springframework.beans.factory.support.DefaultListableBeanFactory - Autowiring by type from bean name 'org.springframework.transaction.config.internalTransactionAdvisor' via factory method to bean named 'transactionAttributeSource'
19:20:59.766 [Test worker] DEBUG org.springframework.beans.factory.support.DefaultListableBeanFactory - Autowiring by type from bean name 'org.springframework.transaction.config.internalTransactionAdvisor' via factory method to bean named 'transactionInterceptor'
19:20:59.770 [Test worker] DEBUG org.springframework.beans.factory.support.DefaultListableBeanFactory - Creating shared instance of singleton bean 'arangoDBConfiguration'
19:20:59.775 [Test worker] DEBUG org.springframework.beans.factory.support.DefaultListableBeanFactory - Creating shared instance of singleton bean 'bookLoaderService'
19:20:59.779 [Test worker] DEBUG org.springframework.beans.factory.support.DefaultListableBeanFactory - Creating shared instance of singleton bean 'bookRepository'
19:20:59.795 [Test worker] DEBUG org.springframework.beans.factory.support.DefaultListableBeanFactory - Creating shared instance of singleton bean 'arangoTemplate'
19:20:59.844 [Test worker] DEBUG com.arangodb.internal.InternalArangoDBBuilder - Use SimpleHostResolver
19:20:59.846 [Test worker] DEBUG com.arangodb.internal.net.HostSet - Added Host HostImpl [connectionPool=ConnectionPoolImpl [host=host[addr=localhost,port=8529], maxConnections=1, connections=0, current=0, factory=VstConnectionFactorySync], description=host[addr=localhost,port=8529], markforDeletion=false] - now 1 Hosts in List
19:20:59.846 [Test worker] DEBUG com.arangodb.internal.InternalArangoDBBuilder - HostHandler is FallbackHostHandler
19:20:59.847 [Test worker] DEBUG com.arangodb.internal.net.HostSet - Added Host HostImpl [connectionPool=ConnectionPoolImpl [host=host[addr=localhost,port=8529], maxConnections=1, connections=0, current=0, factory=VstConnectionFactorySync], description=host[addr=localhost,port=8529], markforDeletion=false] - now 1 Hosts in List
19:20:59.851 [Test worker] DEBUG com.arangodb.internal.ArangoDBImpl - ArangoDB Client is ready to use
19:20:59.851 [Test worker] DEBUG org.springframework.beans.factory.support.DefaultListableBeanFactory - Creating shared instance of singleton bean 'arangoConverter'
19:20:59.854 [Test worker] DEBUG org.springframework.beans.factory.support.DefaultListableBeanFactory - Creating shared instance of singleton bean 'arangoMappingContext'
19:20:59.868 [Test worker] DEBUG org.springframework.context.annotation.ClassPathScanningCandidateComponentProvider - Identified candidate component class: file [/media/debashishc/T7/work/arangodb/build/classes/java/test/com/talentica/arangodb/entity/Book.class]
19:20:59.894 [Test worker] DEBUG org.springframework.data.convert.CustomConversions - Adding converter from class java.util.Date to class java.lang.String as writing converter.
19:20:59.895 [Test worker] DEBUG org.springframework.data.convert.CustomConversions - Adding converter from class java.time.Instant to class java.lang.String as writing converter.
19:20:59.895 [Test worker] DEBUG org.springframework.data.convert.CustomConversions - Adding converter from class java.time.LocalDate to class java.lang.String as writing converter.
19:20:59.895 [Test worker] DEBUG org.springframework.data.convert.CustomConversions - Adding converter from class java.time.LocalDateTime to class java.lang.String as writing converter.
19:20:59.896 [Test worker] DEBUG org.springframework.data.convert.CustomConversions - Adding converter from class java.time.OffsetDateTime to class java.lang.String as writing converter.
19:20:59.896 [Test worker] DEBUG org.springframework.data.convert.CustomConversions - Adding converter from class java.time.ZonedDateTime to class java.lang.String as writing converter.
19:20:59.896 [Test worker] DEBUG org.springframework.data.convert.CustomConversions - Adding converter from class java.lang.String to class java.util.Date as reading converter.
19:20:59.896 [Test worker] DEBUG org.springframework.data.convert.CustomConversions - Adding converter from class java.lang.String to class java.time.Instant as reading converter.
19:20:59.897 [Test worker] DEBUG org.springframework.data.convert.CustomConversions - Adding converter from class java.lang.String to class java.time.LocalDate as reading converter.
19:20:59.897 [Test worker] DEBUG org.springframework.data.convert.CustomConversions - Adding converter from class java.lang.String to class java.time.LocalDateTime as reading converter.
19:20:59.897 [Test worker] DEBUG org.springframework.data.convert.CustomConversions - Adding converter from class java.lang.String to class java.time.OffsetDateTime as reading converter.
19:20:59.897 [Test worker] DEBUG org.springframework.data.convert.CustomConversions - Adding converter from class java.lang.String to class java.time.ZonedDateTime as reading converter.
19:20:59.898 [Test worker] DEBUG org.springframework.data.convert.CustomConversions - Adding converter from class java.lang.String to class java.util.UUID as reading converter.
19:20:59.898 [Test worker] DEBUG org.springframework.data.convert.CustomConversions - Adding converter from class java.util.UUID to class java.lang.String as writing converter.
19:20:59.898 [Test worker] DEBUG org.springframework.data.convert.CustomConversions - Adding converter from class java.util.Date to class java.time.LocalDateTime as reading converter.
19:20:59.898 [Test worker] DEBUG org.springframework.data.convert.CustomConversions - Adding converter from class java.time.LocalDateTime to class java.util.Date as writing converter.
19:20:59.899 [Test worker] DEBUG org.springframework.data.convert.CustomConversions - Adding converter from class java.util.Date to class java.time.LocalDate as reading converter.
19:20:59.899 [Test worker] DEBUG org.springframework.data.convert.CustomConversions - Adding converter from class java.time.LocalDate to class java.util.Date as writing converter.
19:20:59.899 [Test worker] DEBUG org.springframework.data.convert.CustomConversions - Adding converter from class java.util.Date to class java.time.LocalTime as reading converter.
19:20:59.899 [Test worker] DEBUG org.springframework.data.convert.CustomConversions - Adding converter from class java.time.LocalTime to class java.util.Date as writing converter.
19:20:59.899 [Test worker] DEBUG org.springframework.data.convert.CustomConversions - Adding converter from class java.util.Date to class java.time.Instant as reading converter.
19:20:59.900 [Test worker] DEBUG org.springframework.data.convert.CustomConversions - Adding converter from class java.time.Instant to class java.util.Date as writing converter.
19:20:59.900 [Test worker] DEBUG org.springframework.data.convert.CustomConversions - Adding converter from class java.time.LocalDateTime to class java.time.Instant as reading converter.
19:20:59.900 [Test worker] DEBUG org.springframework.data.convert.CustomConversions - Adding converter from class java.time.Instant to class java.time.LocalDateTime as reading converter.
19:20:59.901 [Test worker] DEBUG org.springframework.data.convert.CustomConversions - Adding converter from class java.time.ZoneId to class java.lang.String as writing converter.
19:20:59.901 [Test worker] DEBUG org.springframework.data.convert.CustomConversions - Adding converter from class java.lang.String to class java.time.ZoneId as reading converter.
19:20:59.901 [Test worker] DEBUG org.springframework.data.convert.CustomConversions - Adding converter from class java.time.Duration to class java.lang.String as writing converter.
19:20:59.901 [Test worker] DEBUG org.springframework.data.convert.CustomConversions - Adding converter from class java.lang.String to class java.time.Duration as reading converter.
19:20:59.902 [Test worker] DEBUG org.springframework.data.convert.CustomConversions - Adding converter from class java.time.Period to class java.lang.String as writing converter.
19:20:59.902 [Test worker] DEBUG org.springframework.data.convert.CustomConversions - Adding converter from class java.lang.String to class java.time.Period as reading converter.
19:20:59.902 [Test worker] DEBUG org.springframework.data.convert.CustomConversions - Adding converter from class java.lang.String to class java.time.LocalDate as reading converter.
19:20:59.902 [Test worker] DEBUG org.springframework.data.convert.CustomConversions - Adding converter from class java.lang.String to class java.time.LocalDateTime as reading converter.
19:20:59.903 [Test worker] DEBUG org.springframework.data.convert.CustomConversions - Adding converter from class java.lang.String to class java.time.Instant as reading converter.
19:20:59.978 [Test worker] DEBUG org.springframework.data.convert.CustomConversions - Adding converter from class java.util.Date to class java.lang.String as writing converter.
19:20:59.978 [Test worker] DEBUG org.springframework.data.convert.CustomConversions - Adding converter from class java.time.Instant to class java.lang.String as writing converter.
19:20:59.978 [Test worker] DEBUG org.springframework.data.convert.CustomConversions - Adding converter from class java.time.LocalDate to class java.lang.String as writing converter.
19:20:59.978 [Test worker] DEBUG org.springframework.data.convert.CustomConversions - Adding converter from class java.time.LocalDateTime to class java.lang.String as writing converter.
19:20:59.979 [Test worker] DEBUG org.springframework.data.convert.CustomConversions - Adding converter from class java.time.OffsetDateTime to class java.lang.String as writing converter.
19:20:59.979 [Test worker] DEBUG org.springframework.data.convert.CustomConversions - Adding converter from class java.time.ZonedDateTime to class java.lang.String as writing converter.
19:20:59.979 [Test worker] DEBUG org.springframework.data.convert.CustomConversions - Adding converter from class java.lang.String to class java.util.Date as reading converter.
19:20:59.979 [Test worker] DEBUG org.springframework.data.convert.CustomConversions - Adding converter from class java.lang.String to class java.time.Instant as reading converter.
19:20:59.980 [Test worker] DEBUG org.springframework.data.convert.CustomConversions - Adding converter from class java.lang.String to class java.time.LocalDate as reading converter.
19:20:59.980 [Test worker] DEBUG org.springframework.data.convert.CustomConversions - Adding converter from class java.lang.String to class java.time.LocalDateTime as reading converter.
19:20:59.980 [Test worker] DEBUG org.springframework.data.convert.CustomConversions - Adding converter from class java.lang.String to class java.time.OffsetDateTime as reading converter.
19:20:59.980 [Test worker] DEBUG org.springframework.data.convert.CustomConversions - Adding converter from class java.lang.String to class java.time.ZonedDateTime as reading converter.
19:20:59.980 [Test worker] DEBUG org.springframework.data.convert.CustomConversions - Adding converter from class java.lang.String to class java.util.UUID as reading converter.
19:20:59.981 [Test worker] DEBUG org.springframework.data.convert.CustomConversions - Adding converter from class java.util.UUID to class java.lang.String as writing converter.
19:20:59.981 [Test worker] DEBUG org.springframework.data.convert.CustomConversions - Adding converter from class java.util.Date to class java.time.LocalDateTime as reading converter.
19:20:59.981 [Test worker] DEBUG org.springframework.data.convert.CustomConversions - Adding converter from class java.time.LocalDateTime to class java.util.Date as writing converter.
19:20:59.981 [Test worker] DEBUG org.springframework.data.convert.CustomConversions - Adding converter from class java.util.Date to class java.time.LocalDate as reading converter.
19:20:59.981 [Test worker] DEBUG org.springframework.data.convert.CustomConversions - Adding converter from class java.time.LocalDate to class java.util.Date as writing converter.
19:20:59.982 [Test worker] DEBUG org.springframework.data.convert.CustomConversions - Adding converter from class java.util.Date to class java.time.LocalTime as reading converter.
19:20:59.982 [Test worker] DEBUG org.springframework.data.convert.CustomConversions - Adding converter from class java.time.LocalTime to class java.util.Date as writing converter.
19:20:59.982 [Test worker] DEBUG org.springframework.data.convert.CustomConversions - Adding converter from class java.util.Date to class java.time.Instant as reading converter.
19:20:59.982 [Test worker] DEBUG org.springframework.data.convert.CustomConversions - Adding converter from class java.time.Instant to class java.util.Date as writing converter.
19:20:59.982 [Test worker] DEBUG org.springframework.data.convert.CustomConversions - Adding converter from class java.time.LocalDateTime to class java.time.Instant as reading converter.
19:20:59.982 [Test worker] DEBUG org.springframework.data.convert.CustomConversions - Adding converter from class java.time.Instant to class java.time.LocalDateTime as reading converter.
19:20:59.983 [Test worker] DEBUG org.springframework.data.convert.CustomConversions - Adding converter from class java.time.ZoneId to class java.lang.String as writing converter.
19:20:59.983 [Test worker] DEBUG org.springframework.data.convert.CustomConversions - Adding converter from class java.lang.String to class java.time.ZoneId as reading converter.
19:20:59.983 [Test worker] DEBUG org.springframework.data.convert.CustomConversions - Adding converter from class java.time.Duration to class java.lang.String as writing converter.
19:20:59.983 [Test worker] DEBUG org.springframework.data.convert.CustomConversions - Adding converter from class java.lang.String to class java.time.Duration as reading converter.
19:20:59.983 [Test worker] DEBUG org.springframework.data.convert.CustomConversions - Adding converter from class java.time.Period to class java.lang.String as writing converter.
19:20:59.984 [Test worker] DEBUG org.springframework.data.convert.CustomConversions - Adding converter from class java.lang.String to class java.time.Period as reading converter.
19:20:59.984 [Test worker] DEBUG org.springframework.data.convert.CustomConversions - Adding converter from class java.lang.String to class java.time.LocalDate as reading converter.
19:20:59.984 [Test worker] DEBUG org.springframework.data.convert.CustomConversions - Adding converter from class java.lang.String to class java.time.LocalDateTime as reading converter.
19:20:59.984 [Test worker] DEBUG org.springframework.data.convert.CustomConversions - Adding converter from class java.lang.String to class java.time.Instant as reading converter.
19:21:00.023 [Test worker] DEBUG org.springframework.beans.factory.support.DefaultListableBeanFactory - Creating shared instance of singleton bean 'arangoTransactionalRepositoryImplFragment'
19:21:00.023 [Test worker] DEBUG org.springframework.beans.factory.support.DefaultListableBeanFactory - Creating shared instance of singleton bean 'arangoTransactionalRepositoryImpl'
19:21:00.024 [Test worker] DEBUG org.springframework.beans.factory.support.DefaultListableBeanFactory - Creating shared instance of singleton bean 'getTransactionManager'
19:21:00.050 [Test worker] DEBUG org.springframework.data.repository.core.support.RepositoryFactorySupport - Initializing repository instance for com.talentica.arangodb.repository.BookRepository…
19:21:00.095 [Test worker] DEBUG org.springframework.data.repository.core.support.RepositoryFactorySupport - Finished creation of repository instance for com.talentica.arangodb.repository.BookRepository.
19:21:00.158 [Test worker] DEBUG com.arangodb.internal.velocystream.internal.VstConnection - Connection connection_1609768260157_0.1433054171939877 created
19:21:00.158 [Test worker] DEBUG com.arangodb.internal.net.ConnectionPoolImpl - Return Connection connection_1609768260157_0.1433054171939877
19:21:00.159 [Test worker] DEBUG com.arangodb.internal.velocystream.internal.VstConnection - Open connection to host[addr=localhost,port=8529]
19:21:00.164 [Test worker] DEBUG com.arangodb.internal.velocystream.internal.VstConnection - Connected to Socket[addr=localhost/127.0.0.1,port=8529,localport=44750]
19:21:00.165 [Test worker] DEBUG com.arangodb.internal.velocystream.internal.VstConnection - Send velocystream protocol header to Socket[addr=localhost/127.0.0.1,port=8529,localport=44750]
19:21:00.166 [pool-1-thread-1] DEBUG com.arangodb.internal.velocystream.internal.VstConnection - Start Callable for connection_1609768260157_0.1433054171939877
19:21:00.208 [Test worker] DEBUG com.arangodb.internal.velocystream.VstCommunicationSync - Send Message (id=1, head=[1,1000,"plain","root","password"], body={})
19:21:00.210 [Test worker] DEBUG com.arangodb.internal.velocystream.internal.VstConnection - Send chunk 1:1 from message 1
19:21:00.210 [pool-1-thread-1] DEBUG com.arangodb.internal.velocystream.internal.VstConnection - Received chunk 1:1 from message 1
19:21:00.210 [pool-1-thread-1] DEBUG com.arangodb.internal.velocystream.internal.VstConnection - Responsetime for Message 1 is 0
19:21:00.213 [pool-1-thread-1] DEBUG com.arangodb.internal.velocystream.internal.MessageStore - Received Message (id=1, head=[1,2,200,{}], body={"error":false,"errorNum":0,"code":200})
19:21:00.214 [Test worker] DEBUG com.arangodb.internal.net.HostSet - Added Host HostImpl [connectionPool=ConnectionPoolImpl [host=host[addr=localhost,port=8529], maxConnections=1, connections=1, current=1, factory=VstConnectionFactorySync], description=host[addr=localhost,port=8529], markforDeletion=false] - now 1 Hosts in List
19:21:00.215 [Test worker] DEBUG com.arangodb.internal.velocystream.VstCommunicationSync - Send Message (id=2, head=[1,1,"_system",1,"/_api/collection/Books",{},{"content-type":"application/x-velocypack","accept":"application/x-velocypack"}], body={})
19:21:00.215 [Test worker] DEBUG com.arangodb.internal.velocystream.internal.VstConnection - Send chunk 1:1 from message 2
19:21:00.216 [pool-1-thread-1] DEBUG com.arangodb.internal.velocystream.internal.VstConnection - Received chunk 1:1 from message 2
19:21:00.216 [pool-1-thread-1] DEBUG com.arangodb.internal.velocystream.internal.VstConnection - Responsetime for Message 2 is 1
19:21:00.216 [pool-1-thread-1] DEBUG com.arangodb.internal.velocystream.internal.MessageStore - Received Message (id=2, head=[1,2,200,{}], body={"error":false,"code":200,"type":2,"isSystem":false,"id":"2843677","globallyUniqueId":"h371E083F0103/2843677","name":"Books","status":3})
19:21:00.219 [Test worker] DEBUG com.arangodb.internal.net.ConnectionPoolImpl - Return Connection connection_1609768260157_0.1433054171939877
19:21:00.219 [Test worker] DEBUG com.arangodb.internal.velocystream.VstCommunicationSync - Send Message (id=3, head=[1,1,"test",1,"/_api/database/current",{},{"content-type":"application/x-velocypack","accept":"application/x-velocypack"}], body={})
19:21:00.220 [Test worker] DEBUG com.arangodb.internal.velocystream.internal.VstConnection - Send chunk 1:1 from message 3
19:21:00.220 [pool-1-thread-1] DEBUG com.arangodb.internal.velocystream.internal.VstConnection - Received chunk 1:1 from message 3
19:21:00.220 [pool-1-thread-1] DEBUG com.arangodb.internal.velocystream.internal.VstConnection - Responsetime for Message 3 is 0
19:21:00.221 [pool-1-thread-1] DEBUG com.arangodb.internal.velocystream.internal.MessageStore - Received Message (id=3, head=[1,2,200,{}], body={"error":false,"code":200,"result":{"id":"2846231","name":"test","isSystem":false,"path":"none"}})
19:21:00.222 [Test worker] DEBUG com.arangodb.internal.net.ConnectionPoolImpl - Return Connection connection_1609768260157_0.1433054171939877
19:21:00.222 [Test worker] DEBUG com.arangodb.internal.velocystream.VstCommunicationSync - Send Message (id=4, head=[1,1,"test",1,"/_api/collection/Books",{},{"content-type":"application/x-velocypack","accept":"application/x-velocypack"}], body={})
19:21:00.222 [Test worker] DEBUG com.arangodb.internal.velocystream.internal.VstConnection - Send chunk 1:1 from message 4
19:21:00.223 [pool-1-thread-1] DEBUG com.arangodb.internal.velocystream.internal.VstConnection - Received chunk 1:1 from message 4
19:21:00.223 [pool-1-thread-1] DEBUG com.arangodb.internal.velocystream.internal.VstConnection - Responsetime for Message 4 is 1
19:21:00.223 [pool-1-thread-1] DEBUG com.arangodb.internal.velocystream.internal.MessageStore - Received Message (id=4, head=[1,2,200,{}], body={"error":false,"code":200,"type":2,"isSystem":false,"id":"3668205","globallyUniqueId":"h371E083F0103/3668205","name":"Books","status":3})
19:21:00.235 [Test worker] DEBUG com.arangodb.internal.net.ConnectionPoolImpl - Return Connection connection_1609768260157_0.1433054171939877
19:21:00.236 [Test worker] DEBUG com.arangodb.internal.velocystream.VstCommunicationSync - Send Message (id=5, head=[1,1,"test",2,"/_api/index",{"collection":"Books"},{"content-type":"application/x-velocypack","accept":"application/x-velocypack"}], body={"fields":["uuid"],"sparse":false,"type":"persistent","unique":true})
19:21:00.236 [Test worker] DEBUG com.arangodb.internal.velocystream.internal.VstConnection - Send chunk 1:1 from message 5
19:21:00.237 [pool-1-thread-1] DEBUG com.arangodb.internal.velocystream.internal.VstConnection - Received chunk 1:1 from message 5
19:21:00.237 [pool-1-thread-1] DEBUG com.arangodb.internal.velocystream.internal.VstConnection - Responsetime for Message 5 is 0
19:21:00.238 [pool-1-thread-1] DEBUG com.arangodb.internal.velocystream.internal.MessageStore - Received Message (id=5, head=[1,2,200,{}], body={"deduplicate":true,"fields":["uuid"],"id":"Books/3668210","isNewlyCreated":false,"name":"idx_1687950692959911936","selectivityEstimate":1.0,"sparse":false,"type":"persistent","unique":true,"error":false,"code":200})
19:21:00.286 [Test worker] DEBUG com.arangodb.internal.net.ConnectionPoolImpl - Return Connection connection_1609768260157_0.1433054171939877
19:21:00.288 [Test worker] DEBUG com.arangodb.internal.velocystream.VstCommunicationSync - Send Message (id=6, head=[1,1,"test",2,"/_api/transaction",{},{"content-type":"application/x-velocypack","accept":"application/x-velocypack"}], body={"action":"function(){\n var result = [];db = require(\"@arangodb\").db; \nresult[0]=db._query(\"LET doc = {\\\"uuid\\\":\\\"657413b2-3d96-4b53-a76d-5c64cba149d2\\\",\\\"title\\\":\\\"Little Wizard Stories of Oz\\\",\\\"subjects\\\":[\\\"Short stories\\\",\\\"Oz (Imaginary place) -- Juvenile fiction\\\",\\\"Children's stories, American\\\",\\\"Fantasy literature\\\",\\\"PZ\\\"],\\\"bookshelves\\\":[\\\"Children's Literature\\\"],\\\"formats\\\":[{\\\"url\\\":\\\"https:\\/\\/www.gutenberg.org\\/ebooks\\/25519.txt.utf-8\\\",\\\"format\\\":\\\"text\\/plain\\\",\\\"extent\\\":82387,\\\"modified\\\":\\\"2020-11-12T22:37:19.000Z\\\"},{\\\"url\\\":\\\"https:\\/\\/www.gutenberg.org\\/cache\\/epub\\/25519\\/pg25519.cover.medium.jpg\\\",\\\"format\\\":\\\"image\\/jpeg\\\",\\\"extent\\\":28541,\\\"modified\\\":\\\"2020-11-12T22:37:23.000Z\\\"},{\\\"url\\\":\\\"https:\\/\\/www.gutenberg.org\\/files\\/25519\\/25519-h\\/25519-h.htm\\\",\\\"format\\\":\\\"text\\/html; charset=iso-8859-1\\\",\\\"extent\\\":96891,\\\"modified\\\":\\\"2008-05-19T07:06:47.000Z\\\"},{\\\"url\\\":\\\"https:\\/\\/www.gutenberg.org\\/ebooks\\/25519.rdf\\\",\\\"format\\\":\\\"application\\/rdf+xml\\\",\\\"extent\\\":15353,\\\"modified\\\":\\\"2020-12-09T23:52:50.000Z\\\"},{\\\"url\\\":\\\"https:\\/\\/www.gutenberg.org\\/files\\/25519\\/25519.zip\\\",\\\"format\\\":\\\"application\\/zip\\\",\\\"extent\\\":31335,\\\"modified\\\":\\\"2008-05-19T06:53:53.000Z\\\"},{\\\"url\\\":\\\"https:\\/\\/www.gutenberg.org\\/files\\/25519\\/25519-h.zip\\\",\\\"format\\\":\\\"text\\/html; charset=iso-8859-1\\\",\\\"extent\\\":2432399,\\\"modified\\\":\\\"2008-05-19T07:10:43.000Z\\\"},{\\\"url\\\":\\\"https:\\/\\/www.gutenberg.org\\/ebooks\\/25519.epub.images\\\",\\\"format\\\":\\\"application\\/epub+zip\\\",\\\"extent\\\":2375216,\\\"modified\\\":\\\"2020-11-12T22:37:21.000Z\\\"},{\\\"url\\\":\\\"https:\\/\\/www.gutenberg.org\\/ebooks\\/25519.kindle.images\\\",\\\"format\\\":\\\"application\\/x-mobipocket-ebook\\\",\\\"extent\\\":4826772,\\\"modified\\\":\\\"2020-11-12T22:37:23.000Z\\\"},{\\\"url\\\":\\\"https:\\/\\/www.gutenberg.org\\/ebooks\\/25519.kindle.noimages\\\",\\\"format\\\":\\\"application\\/x-mobipocket-ebook\\\",\\\"extent\\\":294097,\\\"modified\\\":\\\"2020-11-12T22:37:23.000Z\\\"},{\\\"url\\\":\\\"https:\\/\\/www.gutenberg.org\\/cache\\/epub\\/25519\\/pg25519.cover.small.jpg\\\",\\\"format\\\":\\\"image\\/jpeg\\\",\\\"extent\\\":4408,\\\"modified\\\":\\\"2020-11-12T22:37:23.000Z\\\"},{\\\"url\\\":\\\"https:\\/\\/www.gutenberg.org\\/ebooks\\/25519.epub.noimages\\\",\\\"format\\\":\\\"application\\/epub+zip\\\",\\\"extent\\\":89149,\\\"modified\\\":\\\"2020-11-12T22:37:21.000Z\\\"},{\\\"url\\\":\\\"https:\\/\\/www.gutenberg.org\\/files\\/25519\\/25519.txt\\\",\\\"format\\\":\\\"text\\/plain; charset=us-ascii\\\",\\\"extent\\\":82386,\\\"modified\\\":\\\"2008-05-19T06:53:53.000Z\\\"}],\\\"creators\\\":[{\\\"name\\\":\\\"Baum, L. Frank (Lyman Frank)\\\",\\\"birthDate\\\":1856,\\\"deathDate\\\":1919,\\\"alias\\\":\\\"Metcalf, Suzanne\\\",\\\"webpage\\\":\\\"https:\\/\\/en.wikipedia.org\\/wiki\\/L._Frank_Baum\\\"}],\\\"downloads\\\":133,\\\"_class\\\":\\\"com.talentica.arangodb.entity.Book\\\"} UPSERT { _key: doc._key } INSERT doc._key == null ? UNSET(doc, \\\"_key\\\") : doc REPLACE doc IN Books OPTIONS { ignoreRevs: false } RETURN NEW\")['_documents'][0];\nreturn result; \n }","collections":{"write":["Books"]},"waitForSync":true})
19:21:00.288 [Test worker] DEBUG com.arangodb.internal.velocystream.internal.VstConnection - Send chunk 1:1 from message 6
19:21:00.293 [pool-1-thread-1] DEBUG com.arangodb.internal.velocystream.internal.VstConnection - Received chunk 1:1 from message 6
19:21:00.294 [pool-1-thread-1] DEBUG com.arangodb.internal.velocystream.internal.VstConnection - Responsetime for Message 6 is 5
19:21:00.296 [pool-1-thread-1] DEBUG com.arangodb.internal.velocystream.internal.MessageStore - Received Message (id=6, head=[1,2,200,{}], body={"error":false,"code":200,"result":[{"_key":"3676594","_id":"Books/3676594","_rev":"_bq0oSqC---","_class":"com.talentica.arangodb.entity.Book","bookshelves":["Children's Literature"],"creators":[{"name":"Baum, L. Frank (Lyman Frank)","birthDate":1856,"deathDate":1919,"alias":"Metcalf, Suzanne","webpage":"https://en.wikipedia.org/wiki/L._Frank_Baum"}],"downloads":133,"formats":[{"url":"https://www.gutenberg.org/ebooks/25519.txt.utf-8","format":"text/plain","extent":82387,"modified":"2020-11-12T22:37:19.000Z"},{"url":"https://www.gutenberg.org/cache/epub/25519/pg25519.cover.medium.jpg","format":"image/jpeg","extent":28541,"modified":"2020-11-12T22:37:23.000Z"},{"url":"https://www.gutenberg.org/files/25519/25519-h/25519-h.htm","format":"text/html; charset=iso-8859-1","extent":96891,"modified":"2008-05-19T07:06:47.000Z"},{"url":"https://www.gutenberg.org/ebooks/25519.rdf","format":"application/rdf+xml","extent":15353,"modified":"2020-12-09T23:52:50.000Z"},{"url":"https://www.gutenberg.org/files/25519/25519.zip","format":"application/zip","extent":31335,"modified":"2008-05-19T06:53:53.000Z"},{"url":"https://www.gutenberg.org/files/25519/25519-h.zip","format":"text/html; charset=iso-8859-1","extent":2432399,"modified":"2008-05-19T07:10:43.000Z"},{"url":"https://www.gutenberg.org/ebooks/25519.epub.images","format":"application/epub+zip","extent":2375216,"modified":"2020-11-12T22:37:21.000Z"},{"url":"https://www.gutenberg.org/ebooks/25519.kindle.images","format":"application/x-mobipocket-ebook","extent":4826772,"modified":"2020-11-12T22:37:23.000Z"},{"url":"https://www.gutenberg.org/ebooks/25519.kindle.noimages","format":"application/x-mobipocket-ebook","extent":294097,"modified":"2020-11-12T22:37:23.000Z"},{"url":"https://www.gutenberg.org/cache/epub/25519/pg25519.cover.small.jpg","format":"image/jpeg","extent":4408,"modified":"2020-11-12T22:37:23.000Z"},{"url":"https://www.gutenberg.org/ebooks/25519.epub.noimages","format":"application/epub+zip","extent":89149,"modified":"2020-11-12T22:37:21.000Z"},{"url":"https://www.gutenberg.org/files/25519/25519.txt","format":"text/plain; charset=us-ascii","extent":82386,"modified":"2008-05-19T06:53:53.000Z"}],"subjects":["Short stories","Oz (Imaginary place) -- Juvenile fiction","Children's stories, American","Fantasy literature","PZ"],"title":"Little Wizard Stories of Oz","uuid":"657413b2-3d96-4b53-a76d-5c64cba149d2"}]})
19:21:24.138 [Test worker] DEBUG com.arangodb.internal.net.ConnectionPoolImpl - Return Connection connection_1609768260157_0.1433054171939877
19:21:24.142 [Test worker] DEBUG com.arangodb.internal.velocystream.VstCommunicationSync - Send Message (id=7, head=[1,1,"test",2,"/_api/cursor",{},{"content-type":"application/x-velocypack","accept":"application/x-velocypack"}], body={"bindVars":{"doc":{"_key":"3676594","uuid":"18430d9d-d9a0-4dfc-a560-8286f99862d0","title":"Little Wizard Stories of Oz","subjects":["Short stories","Oz (Imaginary place) -- Juvenile fiction","Children's stories, American","Fantasy literature","PZ"],"bookshelves":["Children's Literature"],"formats":[{"url":"https://www.gutenberg.org/ebooks/25519.txt.utf-8","format":"text/plain","extent":82387,"modified":"2020-11-12T22:37:19.000Z"},{"url":"https://www.gutenberg.org/cache/epub/25519/pg25519.cover.medium.jpg","format":"image/jpeg","extent":28541,"modified":"2020-11-12T22:37:23.000Z"},{"url":"https://www.gutenberg.org/files/25519/25519-h/25519-h.htm","format":"text/html; charset=iso-8859-1","extent":96891,"modified":"2008-05-19T07:06:47.000Z"},{"url":"https://www.gutenberg.org/ebooks/25519.rdf","format":"application/rdf+xml","extent":15353,"modified":"2020-12-09T23:52:50.000Z"},{"url":"https://www.gutenberg.org/files/25519/25519.zip","format":"application/zip","extent":31335,"modified":"2008-05-19T06:53:53.000Z"},{"url":"https://www.gutenberg.org/files/25519/25519-h.zip","format":"text/html; charset=iso-8859-1","extent":2432399,"modified":"2008-05-19T07:10:43.000Z"},{"url":"https://www.gutenberg.org/ebooks/25519.epub.images","format":"application/epub+zip","extent":2375216,"modified":"2020-11-12T22:37:21.000Z"},{"url":"https://www.gutenberg.org/ebooks/25519.kindle.images","format":"application/x-mobipocket-ebook","extent":4826772,"modified":"2020-11-12T22:37:23.000Z"},{"url":"https://www.gutenberg.org/ebooks/25519.kindle.noimages","format":"application/x-mobipocket-ebook","extent":294097,"modified":"2020-11-12T22:37:23.000Z"},{"url":"https://www.gutenberg.org/cache/epub/25519/pg25519.cover.small.jpg","format":"image/jpeg","extent":4408,"modified":"2020-11-12T22:37:23.000Z"},{"url":"https://www.gutenberg.org/ebooks/25519.epub.noimages","format":"application/epub+zip","extent":89149,"modified":"2020-11-12T22:37:21.000Z"},{"url":"https://www.gutenberg.org/files/25519/25519.txt","format":"text/plain; charset=us-ascii","extent":82386,"modified":"2008-05-19T06:53:53.000Z"}],"creators":[{"name":"Baum, L. Frank (Lyman Frank)","birthDate":1856,"deathDate":1919,"alias":"Metcalf, Suzanne","webpage":"https://en.wikipedia.org/wiki/L._Frank_Baum"}],"downloads":1000,"_rev":"_bq0oSqC---","_class":"com.talentica.arangodb.entity.Book"},"@col":"Books"},"query":"LET doc = @doc UPSERT { _key: doc._key } INSERT doc._key == null ? UNSET(doc, \"_key\") : doc REPLACE doc IN @@col OPTIONS { ignoreRevs: false } RETURN NEW"})
19:21:24.142 [Test worker] DEBUG com.arangodb.internal.velocystream.internal.VstConnection - Send chunk 1:1 from message 7
19:21:24.144 [pool-1-thread-1] DEBUG com.arangodb.internal.velocystream.internal.VstConnection - Received chunk 1:1 from message 7
19:21:24.144 [pool-1-thread-1] DEBUG com.arangodb.internal.velocystream.internal.VstConnection - Responsetime for Message 7 is 2
19:21:24.149 [pool-1-thread-1] DEBUG com.arangodb.internal.velocystream.internal.MessageStore - Received Message (id=7, head=[1,2,201,{}], body={"result":[{"_key":"3676594","_id":"Books/3676594","_rev":"_bq0op86---","_class":"com.talentica.arangodb.entity.Book","bookshelves":["Children's Literature"],"creators":[{"name":"Baum, L. Frank (Lyman Frank)","birthDate":1856,"deathDate":1919,"alias":"Metcalf, Suzanne","webpage":"https://en.wikipedia.org/wiki/L._Frank_Baum"}],"downloads":1000,"formats":[{"url":"https://www.gutenberg.org/ebooks/25519.txt.utf-8","format":"text/plain","extent":82387,"modified":"2020-11-12T22:37:19.000Z"},{"url":"https://www.gutenberg.org/cache/epub/25519/pg25519.cover.medium.jpg","format":"image/jpeg","extent":28541,"modified":"2020-11-12T22:37:23.000Z"},{"url":"https://www.gutenberg.org/files/25519/25519-h/25519-h.htm","format":"text/html; charset=iso-8859-1","extent":96891,"modified":"2008-05-19T07:06:47.000Z"},{"url":"https://www.gutenberg.org/ebooks/25519.rdf","format":"application/rdf+xml","extent":15353,"modified":"2020-12-09T23:52:50.000Z"},{"url":"https://www.gutenberg.org/files/25519/25519.zip","format":"application/zip","extent":31335,"modified":"2008-05-19T06:53:53.000Z"},{"url":"https://www.gutenberg.org/files/25519/25519-h.zip","format":"text/html; charset=iso-8859-1","extent":2432399,"modified":"2008-05-19T07:10:43.000Z"},{"url":"https://www.gutenberg.org/ebooks/25519.epub.images","format":"application/epub+zip","extent":2375216,"modified":"2020-11-12T22:37:21.000Z"},{"url":"https://www.gutenberg.org/ebooks/25519.kindle.images","format":"application/x-mobipocket-ebook","extent":4826772,"modified":"2020-11-12T22:37:23.000Z"},{"url":"https://www.gutenberg.org/ebooks/25519.kindle.noimages","format":"application/x-mobipocket-ebook","extent":294097,"modified":"2020-11-12T22:37:23.000Z"},{"url":"https://www.gutenberg.org/cache/epub/25519/pg25519.cover.small.jpg","format":"image/jpeg","extent":4408,"modified":"2020-11-12T22:37:23.000Z"},{"url":"https://www.gutenberg.org/ebooks/25519.epub.noimages","format":"application/epub+zip","extent":89149,"modified":"2020-11-12T22:37:21.000Z"},{"url":"https://www.gutenberg.org/files/25519/25519.txt","format":"text/plain; charset=us-ascii","extent":82386,"modified":"2008-05-19T06:53:53.000Z"}],"subjects":["Short stories","Oz (Imaginary place) -- Juvenile fiction","Children's stories, American","Fantasy literature","PZ"],"title":"Little Wizard Stories of Oz","uuid":"18430d9d-d9a0-4dfc-a560-8286f99862d0"}],"hasMore":false,"cached":false,"extra":{"stats":{"writesExecuted":1,"writesIgnored":0,"scannedFull":0,"scannedIndex":1,"filtered":0,"httpRequests":0,"executionTime":0.0012026809999952093,"peakMemoryUsage":88903},"warnings":[]},"error":false,"code":201})
19:21:24.151 [Test worker] DEBUG com.arangodb.internal.ArangoExecutorSync - Response is MetaAware com.arangodb.entity.CursorEntity
19:21:24.160 [Test worker] DEBUG com.arangodb.internal.net.ConnectionPoolImpl - Return Connection connection_1609768260157_0.1433054171939877
19:21:24.161 [Test worker] DEBUG com.arangodb.internal.velocystream.VstCommunicationSync - Send Message (id=8, head=[1,1,"test",2,"/_api/transaction",{},{"content-type":"application/x-velocypack","accept":"application/x-velocypack"}], body={"action":"function(){\n var result = [];db = require(\"@arangodb\").db; \nreturn result; \n }","collections":{"write":[]},"waitForSync":true})
19:21:24.161 [Test worker] DEBUG com.arangodb.internal.velocystream.internal.VstConnection - Send chunk 1:1 from message 8
19:21:24.161 [pool-1-thread-1] DEBUG com.arangodb.internal.velocystream.internal.VstConnection - Received chunk 1:1 from message 8
19:21:24.161 [pool-1-thread-1] DEBUG com.arangodb.internal.velocystream.internal.VstConnection - Responsetime for Message 8 is 0
19:21:24.162 [pool-1-thread-1] DEBUG com.arangodb.internal.velocystream.internal.MessageStore - Received Message (id=8, head=[1,2,200,{}], body={"error":false,"code":200,"result":[]})
]]></system-out>
  <system-err><![CDATA[]]></system-err>
</testsuite>
