<?xml version="1.0" encoding="UTF-8"?>
<testsuite name="com.talentica.arangodb.TransactionManagerTest" tests="4" skipped="0" failures="0" errors="0" timestamp="2021-01-04T14:17:32" hostname="DebashishC-ublp" time="1.546">
  <properties/>
  <testcase name="testTransactionSuccess()" classname="com.talentica.arangodb.TransactionManagerTest" time="1.032"/>
  <testcase name="testTransactionFailure()" classname="com.talentica.arangodb.TransactionManagerTest" time="0.196"/>
  <testcase name="testOptimisticLocking()" classname="com.talentica.arangodb.TransactionManagerTest" time="0.174"/>
  <testcase name="testOptimisticLockingSuccess()" classname="com.talentica.arangodb.TransactionManagerTest" time="0.141"/>
  <system-out><![CDATA[19:47:32.851 [Test worker] DEBUG org.springframework.context.annotation.AnnotationConfigApplicationContext - Refreshing org.springframework.context.annotation.AnnotationConfigApplicationContext@11d1dcb
19:47:32.865 [Test worker] DEBUG org.springframework.beans.factory.support.DefaultListableBeanFactory - Creating shared instance of singleton bean 'org.springframework.context.annotation.internalConfigurationAnnotationProcessor'
19:47:32.910 [Test worker] DEBUG org.springframework.context.annotation.ClassPathBeanDefinitionScanner - Identified candidate component class: file [/media/debashishc/T7/work/arangodb/build/classes/java/test/com/talentica/arangodb/ArangoDBConfiguration.class]
19:47:32.918 [Test worker] DEBUG org.springframework.context.annotation.ClassPathBeanDefinitionScanner - Ignored because not a concrete top-level class: file [/media/debashishc/T7/work/arangodb/build/classes/java/test/com/talentica/arangodb/repository/BookRepository.class]
19:47:32.920 [Test worker] DEBUG org.springframework.context.annotation.ClassPathBeanDefinitionScanner - Identified candidate component class: file [/media/debashishc/T7/work/arangodb/build/classes/java/test/com/talentica/arangodb/service/BookLoaderService.class]
19:47:32.956 [Test worker] INFO org.springframework.data.repository.config.RepositoryConfigurationDelegate - Bootstrapping Spring Data ArangoDB repositories in DEFAULT mode.
19:47:32.960 [Test worker] DEBUG org.springframework.data.repository.config.RepositoryConfigurationDelegate - Scanning for ArangoDB repositories in packages com.talentica.arangodb.repository.
19:47:32.967 [Test worker] DEBUG org.springframework.data.repository.config.RepositoryComponentProvider - Identified candidate component class: file [/media/debashishc/T7/work/arangodb/build/classes/java/test/com/talentica/arangodb/repository/BookRepository.class]
19:47:32.993 [Test worker] DEBUG org.springframework.context.annotation.ClassPathScanningCandidateComponentProvider - Identified candidate component class: file [/media/debashishc/T7/work/arangodb/build/classes/java/main/com/talentica/arangodb/repository/ArangoTransactionalRepositoryImpl.class]
19:47:33.002 [Test worker] DEBUG org.springframework.data.repository.config.RepositoryBeanDefinitionBuilder - Registering repository fragment implementation: arangoTransactionalRepositoryImpl com.talentica.arangodb.repository.ArangoTransactionalRepositoryImpl
19:47:33.002 [Test worker] DEBUG org.springframework.data.repository.config.RepositoryBeanDefinitionBuilder - Registering repository fragment: arangoTransactionalRepositoryImplFragment
19:47:33.005 [Test worker] INFO org.springframework.data.repository.config.RepositoryConfigurationDelegate - Finished Spring Data repository scanning in 44ms. Found 1 ArangoDB repository interfaces.
19:47:33.065 [Test worker] DEBUG org.springframework.beans.factory.support.DefaultListableBeanFactory - Creating shared instance of singleton bean 'org.springframework.context.event.internalEventListenerProcessor'
19:47:33.066 [Test worker] DEBUG org.springframework.beans.factory.support.DefaultListableBeanFactory - Creating shared instance of singleton bean 'org.springframework.context.event.internalEventListenerFactory'
19:47:33.067 [Test worker] DEBUG org.springframework.beans.factory.support.DefaultListableBeanFactory - Creating shared instance of singleton bean 'org.springframework.transaction.config.internalTransactionalEventListenerFactory'
19:47:33.069 [Test worker] DEBUG org.springframework.beans.factory.support.DefaultListableBeanFactory - Creating shared instance of singleton bean 'org.springframework.context.annotation.internalAutowiredAnnotationProcessor'
19:47:33.070 [Test worker] DEBUG org.springframework.beans.factory.support.DefaultListableBeanFactory - Creating shared instance of singleton bean 'org.springframework.context.annotation.internalCommonAnnotationProcessor'
19:47:33.073 [Test worker] DEBUG org.springframework.beans.factory.support.DefaultListableBeanFactory - Creating shared instance of singleton bean 'org.springframework.aop.config.internalAutoProxyCreator'
19:47:33.113 [Test worker] DEBUG org.springframework.beans.factory.support.DefaultListableBeanFactory - Creating shared instance of singleton bean 'springDataTestApplication'
19:47:33.114 [Test worker] DEBUG org.springframework.beans.factory.support.DefaultListableBeanFactory - Creating shared instance of singleton bean 'org.springframework.transaction.config.internalTransactionAdvisor'
19:47:33.114 [Test worker] DEBUG org.springframework.beans.factory.support.DefaultListableBeanFactory - Creating shared instance of singleton bean 'org.springframework.transaction.annotation.ProxyTransactionManagementConfiguration'
19:47:33.141 [Test worker] DEBUG org.springframework.beans.factory.support.DefaultListableBeanFactory - Creating shared instance of singleton bean 'transactionAttributeSource'
19:47:33.144 [Test worker] DEBUG org.springframework.beans.factory.support.DefaultListableBeanFactory - Creating shared instance of singleton bean 'transactionInterceptor'
19:47:33.145 [Test worker] DEBUG org.springframework.beans.factory.support.DefaultListableBeanFactory - Autowiring by type from bean name 'transactionInterceptor' via factory method to bean named 'transactionAttributeSource'
19:47:33.149 [Test worker] DEBUG org.springframework.beans.factory.support.DefaultListableBeanFactory - Autowiring by type from bean name 'org.springframework.transaction.config.internalTransactionAdvisor' via factory method to bean named 'transactionAttributeSource'
19:47:33.149 [Test worker] DEBUG org.springframework.beans.factory.support.DefaultListableBeanFactory - Autowiring by type from bean name 'org.springframework.transaction.config.internalTransactionAdvisor' via factory method to bean named 'transactionInterceptor'
19:47:33.152 [Test worker] DEBUG org.springframework.beans.factory.support.DefaultListableBeanFactory - Creating shared instance of singleton bean 'arangoDBConfiguration'
19:47:33.155 [Test worker] DEBUG org.springframework.beans.factory.support.DefaultListableBeanFactory - Creating shared instance of singleton bean 'bookLoaderService'
19:47:33.156 [Test worker] DEBUG org.springframework.beans.factory.support.DefaultListableBeanFactory - Creating shared instance of singleton bean 'bookRepository'
19:47:33.165 [Test worker] DEBUG org.springframework.beans.factory.support.DefaultListableBeanFactory - Creating shared instance of singleton bean 'arangoTemplate'
19:47:33.201 [Test worker] DEBUG com.arangodb.internal.InternalArangoDBBuilder - Use SimpleHostResolver
19:47:33.202 [Test worker] DEBUG com.arangodb.internal.net.HostSet - Added Host HostImpl [connectionPool=ConnectionPoolImpl [host=host[addr=localhost,port=8529], maxConnections=1, connections=0, current=0, factory=VstConnectionFactorySync], description=host[addr=localhost,port=8529], markforDeletion=false] - now 1 Hosts in List
19:47:33.202 [Test worker] DEBUG com.arangodb.internal.InternalArangoDBBuilder - HostHandler is FallbackHostHandler
19:47:33.202 [Test worker] DEBUG com.arangodb.internal.net.HostSet - Added Host HostImpl [connectionPool=ConnectionPoolImpl [host=host[addr=localhost,port=8529], maxConnections=1, connections=0, current=0, factory=VstConnectionFactorySync], description=host[addr=localhost,port=8529], markforDeletion=false] - now 1 Hosts in List
19:47:33.205 [Test worker] DEBUG com.arangodb.internal.ArangoDBImpl - ArangoDB Client is ready to use
19:47:33.206 [Test worker] DEBUG org.springframework.beans.factory.support.DefaultListableBeanFactory - Creating shared instance of singleton bean 'arangoConverter'
19:47:33.208 [Test worker] DEBUG org.springframework.beans.factory.support.DefaultListableBeanFactory - Creating shared instance of singleton bean 'arangoMappingContext'
19:47:33.218 [Test worker] DEBUG org.springframework.context.annotation.ClassPathScanningCandidateComponentProvider - Identified candidate component class: file [/media/debashishc/T7/work/arangodb/build/classes/java/test/com/talentica/arangodb/entity/Book.class]
19:47:33.241 [Test worker] DEBUG org.springframework.data.convert.CustomConversions - Adding converter from class java.util.Date to class java.lang.String as writing converter.
19:47:33.242 [Test worker] DEBUG org.springframework.data.convert.CustomConversions - Adding converter from class java.time.Instant to class java.lang.String as writing converter.
19:47:33.242 [Test worker] DEBUG org.springframework.data.convert.CustomConversions - Adding converter from class java.time.LocalDate to class java.lang.String as writing converter.
19:47:33.242 [Test worker] DEBUG org.springframework.data.convert.CustomConversions - Adding converter from class java.time.LocalDateTime to class java.lang.String as writing converter.
19:47:33.242 [Test worker] DEBUG org.springframework.data.convert.CustomConversions - Adding converter from class java.time.OffsetDateTime to class java.lang.String as writing converter.
19:47:33.242 [Test worker] DEBUG org.springframework.data.convert.CustomConversions - Adding converter from class java.time.ZonedDateTime to class java.lang.String as writing converter.
19:47:33.243 [Test worker] DEBUG org.springframework.data.convert.CustomConversions - Adding converter from class java.lang.String to class java.util.Date as reading converter.
19:47:33.243 [Test worker] DEBUG org.springframework.data.convert.CustomConversions - Adding converter from class java.lang.String to class java.time.Instant as reading converter.
19:47:33.243 [Test worker] DEBUG org.springframework.data.convert.CustomConversions - Adding converter from class java.lang.String to class java.time.LocalDate as reading converter.
19:47:33.243 [Test worker] DEBUG org.springframework.data.convert.CustomConversions - Adding converter from class java.lang.String to class java.time.LocalDateTime as reading converter.
19:47:33.243 [Test worker] DEBUG org.springframework.data.convert.CustomConversions - Adding converter from class java.lang.String to class java.time.OffsetDateTime as reading converter.
19:47:33.243 [Test worker] DEBUG org.springframework.data.convert.CustomConversions - Adding converter from class java.lang.String to class java.time.ZonedDateTime as reading converter.
19:47:33.243 [Test worker] DEBUG org.springframework.data.convert.CustomConversions - Adding converter from class java.lang.String to class java.util.UUID as reading converter.
19:47:33.244 [Test worker] DEBUG org.springframework.data.convert.CustomConversions - Adding converter from class java.util.UUID to class java.lang.String as writing converter.
19:47:33.244 [Test worker] DEBUG org.springframework.data.convert.CustomConversions - Adding converter from class java.util.Date to class java.time.LocalDateTime as reading converter.
19:47:33.244 [Test worker] DEBUG org.springframework.data.convert.CustomConversions - Adding converter from class java.time.LocalDateTime to class java.util.Date as writing converter.
19:47:33.244 [Test worker] DEBUG org.springframework.data.convert.CustomConversions - Adding converter from class java.util.Date to class java.time.LocalDate as reading converter.
19:47:33.244 [Test worker] DEBUG org.springframework.data.convert.CustomConversions - Adding converter from class java.time.LocalDate to class java.util.Date as writing converter.
19:47:33.244 [Test worker] DEBUG org.springframework.data.convert.CustomConversions - Adding converter from class java.util.Date to class java.time.LocalTime as reading converter.
19:47:33.245 [Test worker] DEBUG org.springframework.data.convert.CustomConversions - Adding converter from class java.time.LocalTime to class java.util.Date as writing converter.
19:47:33.245 [Test worker] DEBUG org.springframework.data.convert.CustomConversions - Adding converter from class java.util.Date to class java.time.Instant as reading converter.
19:47:33.245 [Test worker] DEBUG org.springframework.data.convert.CustomConversions - Adding converter from class java.time.Instant to class java.util.Date as writing converter.
19:47:33.245 [Test worker] DEBUG org.springframework.data.convert.CustomConversions - Adding converter from class java.time.LocalDateTime to class java.time.Instant as reading converter.
19:47:33.245 [Test worker] DEBUG org.springframework.data.convert.CustomConversions - Adding converter from class java.time.Instant to class java.time.LocalDateTime as reading converter.
19:47:33.246 [Test worker] DEBUG org.springframework.data.convert.CustomConversions - Adding converter from class java.time.ZoneId to class java.lang.String as writing converter.
19:47:33.246 [Test worker] DEBUG org.springframework.data.convert.CustomConversions - Adding converter from class java.lang.String to class java.time.ZoneId as reading converter.
19:47:33.246 [Test worker] DEBUG org.springframework.data.convert.CustomConversions - Adding converter from class java.time.Duration to class java.lang.String as writing converter.
19:47:33.246 [Test worker] DEBUG org.springframework.data.convert.CustomConversions - Adding converter from class java.lang.String to class java.time.Duration as reading converter.
19:47:33.246 [Test worker] DEBUG org.springframework.data.convert.CustomConversions - Adding converter from class java.time.Period to class java.lang.String as writing converter.
19:47:33.246 [Test worker] DEBUG org.springframework.data.convert.CustomConversions - Adding converter from class java.lang.String to class java.time.Period as reading converter.
19:47:33.247 [Test worker] DEBUG org.springframework.data.convert.CustomConversions - Adding converter from class java.lang.String to class java.time.LocalDate as reading converter.
19:47:33.247 [Test worker] DEBUG org.springframework.data.convert.CustomConversions - Adding converter from class java.lang.String to class java.time.LocalDateTime as reading converter.
19:47:33.247 [Test worker] DEBUG org.springframework.data.convert.CustomConversions - Adding converter from class java.lang.String to class java.time.Instant as reading converter.
19:47:33.308 [Test worker] DEBUG org.springframework.data.convert.CustomConversions - Adding converter from class java.util.Date to class java.lang.String as writing converter.
19:47:33.309 [Test worker] DEBUG org.springframework.data.convert.CustomConversions - Adding converter from class java.time.Instant to class java.lang.String as writing converter.
19:47:33.309 [Test worker] DEBUG org.springframework.data.convert.CustomConversions - Adding converter from class java.time.LocalDate to class java.lang.String as writing converter.
19:47:33.309 [Test worker] DEBUG org.springframework.data.convert.CustomConversions - Adding converter from class java.time.LocalDateTime to class java.lang.String as writing converter.
19:47:33.309 [Test worker] DEBUG org.springframework.data.convert.CustomConversions - Adding converter from class java.time.OffsetDateTime to class java.lang.String as writing converter.
19:47:33.309 [Test worker] DEBUG org.springframework.data.convert.CustomConversions - Adding converter from class java.time.ZonedDateTime to class java.lang.String as writing converter.
19:47:33.310 [Test worker] DEBUG org.springframework.data.convert.CustomConversions - Adding converter from class java.lang.String to class java.util.Date as reading converter.
19:47:33.310 [Test worker] DEBUG org.springframework.data.convert.CustomConversions - Adding converter from class java.lang.String to class java.time.Instant as reading converter.
19:47:33.310 [Test worker] DEBUG org.springframework.data.convert.CustomConversions - Adding converter from class java.lang.String to class java.time.LocalDate as reading converter.
19:47:33.310 [Test worker] DEBUG org.springframework.data.convert.CustomConversions - Adding converter from class java.lang.String to class java.time.LocalDateTime as reading converter.
19:47:33.311 [Test worker] DEBUG org.springframework.data.convert.CustomConversions - Adding converter from class java.lang.String to class java.time.OffsetDateTime as reading converter.
19:47:33.311 [Test worker] DEBUG org.springframework.data.convert.CustomConversions - Adding converter from class java.lang.String to class java.time.ZonedDateTime as reading converter.
19:47:33.311 [Test worker] DEBUG org.springframework.data.convert.CustomConversions - Adding converter from class java.lang.String to class java.util.UUID as reading converter.
19:47:33.311 [Test worker] DEBUG org.springframework.data.convert.CustomConversions - Adding converter from class java.util.UUID to class java.lang.String as writing converter.
19:47:33.312 [Test worker] DEBUG org.springframework.data.convert.CustomConversions - Adding converter from class java.util.Date to class java.time.LocalDateTime as reading converter.
19:47:33.312 [Test worker] DEBUG org.springframework.data.convert.CustomConversions - Adding converter from class java.time.LocalDateTime to class java.util.Date as writing converter.
19:47:33.312 [Test worker] DEBUG org.springframework.data.convert.CustomConversions - Adding converter from class java.util.Date to class java.time.LocalDate as reading converter.
19:47:33.312 [Test worker] DEBUG org.springframework.data.convert.CustomConversions - Adding converter from class java.time.LocalDate to class java.util.Date as writing converter.
19:47:33.312 [Test worker] DEBUG org.springframework.data.convert.CustomConversions - Adding converter from class java.util.Date to class java.time.LocalTime as reading converter.
19:47:33.313 [Test worker] DEBUG org.springframework.data.convert.CustomConversions - Adding converter from class java.time.LocalTime to class java.util.Date as writing converter.
19:47:33.313 [Test worker] DEBUG org.springframework.data.convert.CustomConversions - Adding converter from class java.util.Date to class java.time.Instant as reading converter.
19:47:33.313 [Test worker] DEBUG org.springframework.data.convert.CustomConversions - Adding converter from class java.time.Instant to class java.util.Date as writing converter.
19:47:33.313 [Test worker] DEBUG org.springframework.data.convert.CustomConversions - Adding converter from class java.time.LocalDateTime to class java.time.Instant as reading converter.
19:47:33.314 [Test worker] DEBUG org.springframework.data.convert.CustomConversions - Adding converter from class java.time.Instant to class java.time.LocalDateTime as reading converter.
19:47:33.314 [Test worker] DEBUG org.springframework.data.convert.CustomConversions - Adding converter from class java.time.ZoneId to class java.lang.String as writing converter.
19:47:33.314 [Test worker] DEBUG org.springframework.data.convert.CustomConversions - Adding converter from class java.lang.String to class java.time.ZoneId as reading converter.
19:47:33.314 [Test worker] DEBUG org.springframework.data.convert.CustomConversions - Adding converter from class java.time.Duration to class java.lang.String as writing converter.
19:47:33.314 [Test worker] DEBUG org.springframework.data.convert.CustomConversions - Adding converter from class java.lang.String to class java.time.Duration as reading converter.
19:47:33.315 [Test worker] DEBUG org.springframework.data.convert.CustomConversions - Adding converter from class java.time.Period to class java.lang.String as writing converter.
19:47:33.315 [Test worker] DEBUG org.springframework.data.convert.CustomConversions - Adding converter from class java.lang.String to class java.time.Period as reading converter.
19:47:33.315 [Test worker] DEBUG org.springframework.data.convert.CustomConversions - Adding converter from class java.lang.String to class java.time.LocalDate as reading converter.
19:47:33.315 [Test worker] DEBUG org.springframework.data.convert.CustomConversions - Adding converter from class java.lang.String to class java.time.LocalDateTime as reading converter.
19:47:33.316 [Test worker] DEBUG org.springframework.data.convert.CustomConversions - Adding converter from class java.lang.String to class java.time.Instant as reading converter.
19:47:33.348 [Test worker] DEBUG org.springframework.beans.factory.support.DefaultListableBeanFactory - Creating shared instance of singleton bean 'arangoTransactionalRepositoryImplFragment'
19:47:33.349 [Test worker] DEBUG org.springframework.beans.factory.support.DefaultListableBeanFactory - Creating shared instance of singleton bean 'arangoTransactionalRepositoryImpl'
19:47:33.349 [Test worker] DEBUG org.springframework.beans.factory.support.DefaultListableBeanFactory - Creating shared instance of singleton bean 'getTransactionManager'
19:47:33.352 [Test worker] DEBUG org.springframework.beans.factory.support.DefaultListableBeanFactory - Autowiring by type from bean name 'getTransactionManager' via factory method to bean named 'arangoMappingContext'
19:47:33.352 [Test worker] DEBUG org.springframework.beans.factory.support.DefaultListableBeanFactory - Autowiring by type from bean name 'getTransactionManager' via factory method to bean named 'arangoTemplate'
19:47:33.353 [Test worker] DEBUG org.springframework.beans.factory.support.DefaultListableBeanFactory - Autowiring by type from bean name 'getTransactionManager' via factory method to bean named 'arangoConverter'
19:47:33.353 [Test worker] DEBUG org.springframework.beans.factory.support.DefaultListableBeanFactory - Autowiring by type from bean name 'getTransactionManager' via factory method to bean named 'arangoDBConfiguration'
19:47:33.356 [Test worker] DEBUG org.springframework.beans.factory.support.DefaultListableBeanFactory - Autowiring by type from bean name 'arangoTransactionalRepositoryImpl' via constructor to bean named 'getTransactionManager'
19:47:33.378 [Test worker] DEBUG org.springframework.data.repository.core.support.RepositoryFactorySupport - Initializing repository instance for com.talentica.arangodb.repository.BookRepository…
19:47:33.423 [Test worker] DEBUG org.springframework.data.repository.core.support.RepositoryFactorySupport - Finished creation of repository instance for com.talentica.arangodb.repository.BookRepository.
19:47:33.529 [Test worker] DEBUG com.arangodb.internal.velocystream.internal.VstConnection - Connection connection_1609769853528_0.5163961530044643 created
19:47:33.529 [Test worker] DEBUG com.arangodb.internal.net.ConnectionPoolImpl - Return Connection connection_1609769853528_0.5163961530044643
19:47:33.529 [Test worker] DEBUG com.arangodb.internal.velocystream.internal.VstConnection - Open connection to host[addr=localhost,port=8529]
19:47:33.534 [Test worker] DEBUG com.arangodb.internal.velocystream.internal.VstConnection - Connected to Socket[addr=localhost/127.0.0.1,port=8529,localport=45666]
19:47:33.535 [Test worker] DEBUG com.arangodb.internal.velocystream.internal.VstConnection - Send velocystream protocol header to Socket[addr=localhost/127.0.0.1,port=8529,localport=45666]
19:47:33.536 [pool-1-thread-1] DEBUG com.arangodb.internal.velocystream.internal.VstConnection - Start Callable for connection_1609769853528_0.5163961530044643
19:47:33.579 [Test worker] DEBUG com.arangodb.internal.velocystream.VstCommunicationSync - Send Message (id=1, head=[1,1000,"plain","root","password"], body={})
19:47:33.580 [Test worker] DEBUG com.arangodb.internal.velocystream.internal.VstConnection - Send chunk 1:1 from message 1
19:47:33.580 [pool-1-thread-1] DEBUG com.arangodb.internal.velocystream.internal.VstConnection - Received chunk 1:1 from message 1
19:47:33.581 [pool-1-thread-1] DEBUG com.arangodb.internal.velocystream.internal.VstConnection - Responsetime for Message 1 is 1
19:47:33.583 [pool-1-thread-1] DEBUG com.arangodb.internal.velocystream.internal.MessageStore - Received Message (id=1, head=[1,2,200,{}], body={"error":false,"errorNum":0,"code":200})
19:47:33.584 [Test worker] DEBUG com.arangodb.internal.net.HostSet - Added Host HostImpl [connectionPool=ConnectionPoolImpl [host=host[addr=localhost,port=8529], maxConnections=1, connections=1, current=1, factory=VstConnectionFactorySync], description=host[addr=localhost,port=8529], markforDeletion=false] - now 1 Hosts in List
19:47:33.584 [Test worker] DEBUG com.arangodb.internal.velocystream.VstCommunicationSync - Send Message (id=2, head=[1,1,"_system",1,"/_api/collection/Books",{},{"content-type":"application/x-velocypack","accept":"application/x-velocypack"}], body={})
19:47:33.585 [Test worker] DEBUG com.arangodb.internal.velocystream.internal.VstConnection - Send chunk 1:1 from message 2
19:47:33.585 [pool-1-thread-1] DEBUG com.arangodb.internal.velocystream.internal.VstConnection - Received chunk 1:1 from message 2
19:47:33.585 [pool-1-thread-1] DEBUG com.arangodb.internal.velocystream.internal.VstConnection - Responsetime for Message 2 is 0
19:47:33.585 [pool-1-thread-1] DEBUG com.arangodb.internal.velocystream.internal.MessageStore - Received Message (id=2, head=[1,2,200,{}], body={"error":false,"code":200,"type":2,"isSystem":false,"id":"2843677","globallyUniqueId":"h371E083F0103/2843677","name":"Books","status":3})
19:47:33.588 [Test worker] DEBUG com.arangodb.internal.net.ConnectionPoolImpl - Return Connection connection_1609769853528_0.5163961530044643
19:47:33.589 [Test worker] DEBUG com.arangodb.internal.velocystream.VstCommunicationSync - Send Message (id=3, head=[1,1,"test",1,"/_api/database/current",{},{"content-type":"application/x-velocypack","accept":"application/x-velocypack"}], body={})
19:47:33.589 [Test worker] DEBUG com.arangodb.internal.velocystream.internal.VstConnection - Send chunk 1:1 from message 3
19:47:33.590 [pool-1-thread-1] DEBUG com.arangodb.internal.velocystream.internal.VstConnection - Received chunk 1:1 from message 3
19:47:33.590 [pool-1-thread-1] DEBUG com.arangodb.internal.velocystream.internal.VstConnection - Responsetime for Message 3 is 1
19:47:33.590 [pool-1-thread-1] DEBUG com.arangodb.internal.velocystream.internal.MessageStore - Received Message (id=3, head=[1,2,200,{}], body={"error":false,"code":200,"result":{"id":"2846231","name":"test","isSystem":false,"path":"none"}})
19:47:33.591 [Test worker] DEBUG com.arangodb.internal.net.ConnectionPoolImpl - Return Connection connection_1609769853528_0.5163961530044643
19:47:33.592 [Test worker] DEBUG com.arangodb.internal.velocystream.VstCommunicationSync - Send Message (id=4, head=[1,1,"test",1,"/_api/collection/Books",{},{"content-type":"application/x-velocypack","accept":"application/x-velocypack"}], body={})
19:47:33.592 [Test worker] DEBUG com.arangodb.internal.velocystream.internal.VstConnection - Send chunk 1:1 from message 4
19:47:33.593 [pool-1-thread-1] DEBUG com.arangodb.internal.velocystream.internal.VstConnection - Received chunk 1:1 from message 4
19:47:33.593 [pool-1-thread-1] DEBUG com.arangodb.internal.velocystream.internal.VstConnection - Responsetime for Message 4 is 1
19:47:33.593 [pool-1-thread-1] DEBUG com.arangodb.internal.velocystream.internal.MessageStore - Received Message (id=4, head=[1,2,200,{}], body={"error":false,"code":200,"type":2,"isSystem":false,"id":"3668205","globallyUniqueId":"h371E083F0103/3668205","name":"Books","status":3})
19:47:33.606 [Test worker] DEBUG com.arangodb.internal.net.ConnectionPoolImpl - Return Connection connection_1609769853528_0.5163961530044643
19:47:33.607 [Test worker] DEBUG com.arangodb.internal.velocystream.VstCommunicationSync - Send Message (id=5, head=[1,1,"test",2,"/_api/index",{"collection":"Books"},{"content-type":"application/x-velocypack","accept":"application/x-velocypack"}], body={"fields":["uuid"],"sparse":false,"type":"persistent","unique":true})
19:47:33.607 [Test worker] DEBUG com.arangodb.internal.velocystream.internal.VstConnection - Send chunk 1:1 from message 5
19:47:33.607 [pool-1-thread-1] DEBUG com.arangodb.internal.velocystream.internal.VstConnection - Received chunk 1:1 from message 5
19:47:33.607 [pool-1-thread-1] DEBUG com.arangodb.internal.velocystream.internal.VstConnection - Responsetime for Message 5 is 0
19:47:33.608 [pool-1-thread-1] DEBUG com.arangodb.internal.velocystream.internal.MessageStore - Received Message (id=5, head=[1,2,200,{}], body={"deduplicate":true,"fields":["uuid"],"id":"Books/3668210","isNewlyCreated":false,"name":"idx_1687950692959911936","selectivityEstimate":1.0,"sparse":false,"type":"persistent","unique":true,"error":false,"code":200})
19:47:33.659 [Test worker] DEBUG com.arangodb.internal.net.ConnectionPoolImpl - Return Connection connection_1609769853528_0.5163961530044643
19:47:33.660 [Test worker] DEBUG com.arangodb.internal.velocystream.VstCommunicationSync - Send Message (id=6, head=[1,1,"test",2,"/_api/transaction",{},{"content-type":"application/x-velocypack","accept":"application/x-velocypack"}], body={"action":"function(){\n var result = [];db = require(\"@arangodb\").db; \nresult[0]=db._query(\"LET doc = {\\\"uuid\\\":\\\"d19d5b8e-8a0c-48c5-902e-88d6f2ca31c7\\\",\\\"title\\\":\\\"Little Wizard Stories of Oz\\\",\\\"subjects\\\":[\\\"Short stories\\\",\\\"Oz (Imaginary place) -- Juvenile fiction\\\",\\\"Children's stories, American\\\",\\\"Fantasy literature\\\",\\\"PZ\\\"],\\\"bookshelves\\\":[\\\"Children's Literature\\\"],\\\"formats\\\":[{\\\"url\\\":\\\"https:\\/\\/www.gutenberg.org\\/ebooks\\/25519.txt.utf-8\\\",\\\"format\\\":\\\"text\\/plain\\\",\\\"extent\\\":82387,\\\"modified\\\":\\\"2020-11-12T22:37:19.000Z\\\"},{\\\"url\\\":\\\"https:\\/\\/www.gutenberg.org\\/cache\\/epub\\/25519\\/pg25519.cover.medium.jpg\\\",\\\"format\\\":\\\"image\\/jpeg\\\",\\\"extent\\\":28541,\\\"modified\\\":\\\"2020-11-12T22:37:23.000Z\\\"},{\\\"url\\\":\\\"https:\\/\\/www.gutenberg.org\\/files\\/25519\\/25519-h\\/25519-h.htm\\\",\\\"format\\\":\\\"text\\/html; charset=iso-8859-1\\\",\\\"extent\\\":96891,\\\"modified\\\":\\\"2008-05-19T07:06:47.000Z\\\"},{\\\"url\\\":\\\"https:\\/\\/www.gutenberg.org\\/ebooks\\/25519.rdf\\\",\\\"format\\\":\\\"application\\/rdf+xml\\\",\\\"extent\\\":15353,\\\"modified\\\":\\\"2020-12-09T23:52:50.000Z\\\"},{\\\"url\\\":\\\"https:\\/\\/www.gutenberg.org\\/files\\/25519\\/25519.zip\\\",\\\"format\\\":\\\"application\\/zip\\\",\\\"extent\\\":31335,\\\"modified\\\":\\\"2008-05-19T06:53:53.000Z\\\"},{\\\"url\\\":\\\"https:\\/\\/www.gutenberg.org\\/files\\/25519\\/25519-h.zip\\\",\\\"format\\\":\\\"text\\/html; charset=iso-8859-1\\\",\\\"extent\\\":2432399,\\\"modified\\\":\\\"2008-05-19T07:10:43.000Z\\\"},{\\\"url\\\":\\\"https:\\/\\/www.gutenberg.org\\/ebooks\\/25519.epub.images\\\",\\\"format\\\":\\\"application\\/epub+zip\\\",\\\"extent\\\":2375216,\\\"modified\\\":\\\"2020-11-12T22:37:21.000Z\\\"},{\\\"url\\\":\\\"https:\\/\\/www.gutenberg.org\\/ebooks\\/25519.kindle.images\\\",\\\"format\\\":\\\"application\\/x-mobipocket-ebook\\\",\\\"extent\\\":4826772,\\\"modified\\\":\\\"2020-11-12T22:37:23.000Z\\\"},{\\\"url\\\":\\\"https:\\/\\/www.gutenberg.org\\/ebooks\\/25519.kindle.noimages\\\",\\\"format\\\":\\\"application\\/x-mobipocket-ebook\\\",\\\"extent\\\":294097,\\\"modified\\\":\\\"2020-11-12T22:37:23.000Z\\\"},{\\\"url\\\":\\\"https:\\/\\/www.gutenberg.org\\/cache\\/epub\\/25519\\/pg25519.cover.small.jpg\\\",\\\"format\\\":\\\"image\\/jpeg\\\",\\\"extent\\\":4408,\\\"modified\\\":\\\"2020-11-12T22:37:23.000Z\\\"},{\\\"url\\\":\\\"https:\\/\\/www.gutenberg.org\\/ebooks\\/25519.epub.noimages\\\",\\\"format\\\":\\\"application\\/epub+zip\\\",\\\"extent\\\":89149,\\\"modified\\\":\\\"2020-11-12T22:37:21.000Z\\\"},{\\\"url\\\":\\\"https:\\/\\/www.gutenberg.org\\/files\\/25519\\/25519.txt\\\",\\\"format\\\":\\\"text\\/plain; charset=us-ascii\\\",\\\"extent\\\":82386,\\\"modified\\\":\\\"2008-05-19T06:53:53.000Z\\\"}],\\\"creators\\\":[{\\\"name\\\":\\\"Baum, L. Frank (Lyman Frank)\\\",\\\"birthDate\\\":1856,\\\"deathDate\\\":1919,\\\"alias\\\":\\\"Metcalf, Suzanne\\\",\\\"webpage\\\":\\\"https:\\/\\/en.wikipedia.org\\/wiki\\/L._Frank_Baum\\\"}],\\\"downloads\\\":133,\\\"_class\\\":\\\"com.talentica.arangodb.entity.Book\\\"} UPSERT { _key: doc._key } INSERT doc._key == null ? UNSET(doc, \\\"_key\\\") : doc REPLACE doc IN Books OPTIONS { ignoreRevs: false } RETURN NEW\")['_documents'][0];\nreturn result; \n }","collections":{"write":["Books"]},"waitForSync":true})
19:47:33.660 [Test worker] DEBUG com.arangodb.internal.velocystream.internal.VstConnection - Send chunk 1:1 from message 6
19:47:33.665 [pool-1-thread-1] DEBUG com.arangodb.internal.velocystream.internal.VstConnection - Received chunk 1:1 from message 6
19:47:33.666 [pool-1-thread-1] DEBUG com.arangodb.internal.velocystream.internal.VstConnection - Responsetime for Message 6 is 6
19:47:33.668 [pool-1-thread-1] DEBUG com.arangodb.internal.velocystream.internal.MessageStore - Received Message (id=6, head=[1,2,200,{}], body={"error":false,"code":200,"result":[{"_key":"3677660","_id":"Books/3677660","_rev":"_bq1Amry---","_class":"com.talentica.arangodb.entity.Book","bookshelves":["Children's Literature"],"creators":[{"name":"Baum, L. Frank (Lyman Frank)","birthDate":1856,"deathDate":1919,"alias":"Metcalf, Suzanne","webpage":"https://en.wikipedia.org/wiki/L._Frank_Baum"}],"downloads":133,"formats":[{"url":"https://www.gutenberg.org/ebooks/25519.txt.utf-8","format":"text/plain","extent":82387,"modified":"2020-11-12T22:37:19.000Z"},{"url":"https://www.gutenberg.org/cache/epub/25519/pg25519.cover.medium.jpg","format":"image/jpeg","extent":28541,"modified":"2020-11-12T22:37:23.000Z"},{"url":"https://www.gutenberg.org/files/25519/25519-h/25519-h.htm","format":"text/html; charset=iso-8859-1","extent":96891,"modified":"2008-05-19T07:06:47.000Z"},{"url":"https://www.gutenberg.org/ebooks/25519.rdf","format":"application/rdf+xml","extent":15353,"modified":"2020-12-09T23:52:50.000Z"},{"url":"https://www.gutenberg.org/files/25519/25519.zip","format":"application/zip","extent":31335,"modified":"2008-05-19T06:53:53.000Z"},{"url":"https://www.gutenberg.org/files/25519/25519-h.zip","format":"text/html; charset=iso-8859-1","extent":2432399,"modified":"2008-05-19T07:10:43.000Z"},{"url":"https://www.gutenberg.org/ebooks/25519.epub.images","format":"application/epub+zip","extent":2375216,"modified":"2020-11-12T22:37:21.000Z"},{"url":"https://www.gutenberg.org/ebooks/25519.kindle.images","format":"application/x-mobipocket-ebook","extent":4826772,"modified":"2020-11-12T22:37:23.000Z"},{"url":"https://www.gutenberg.org/ebooks/25519.kindle.noimages","format":"application/x-mobipocket-ebook","extent":294097,"modified":"2020-11-12T22:37:23.000Z"},{"url":"https://www.gutenberg.org/cache/epub/25519/pg25519.cover.small.jpg","format":"image/jpeg","extent":4408,"modified":"2020-11-12T22:37:23.000Z"},{"url":"https://www.gutenberg.org/ebooks/25519.epub.noimages","format":"application/epub+zip","extent":89149,"modified":"2020-11-12T22:37:21.000Z"},{"url":"https://www.gutenberg.org/files/25519/25519.txt","format":"text/plain; charset=us-ascii","extent":82386,"modified":"2008-05-19T06:53:53.000Z"}],"subjects":["Short stories","Oz (Imaginary place) -- Juvenile fiction","Children's stories, American","Fantasy literature","PZ"],"title":"Little Wizard Stories of Oz","uuid":"d19d5b8e-8a0c-48c5-902e-88d6f2ca31c7"}]})
19:47:33.689 [Test worker] DEBUG com.arangodb.internal.net.ConnectionPoolImpl - Return Connection connection_1609769853528_0.5163961530044643
19:47:33.689 [Test worker] DEBUG com.arangodb.internal.velocystream.VstCommunicationSync - Send Message (id=7, head=[1,1,"test",2,"/_api/cursor",{},{"content-type":"application/x-velocypack","accept":"application/x-velocypack"}], body={"bindVars":{"0":"d19d5b8e-8a0c-48c5-902e-88d6f2ca31c7"},"query":"FOR e IN Books FILTER e.uuid == @0  RETURN e"})
19:47:33.689 [Test worker] DEBUG com.arangodb.internal.velocystream.internal.VstConnection - Send chunk 1:1 from message 7
19:47:33.690 [pool-1-thread-1] DEBUG com.arangodb.internal.velocystream.internal.VstConnection - Received chunk 1:1 from message 7
19:47:33.690 [pool-1-thread-1] DEBUG com.arangodb.internal.velocystream.internal.VstConnection - Responsetime for Message 7 is 1
19:47:33.693 [pool-1-thread-1] DEBUG com.arangodb.internal.velocystream.internal.MessageStore - Received Message (id=7, head=[1,2,201,{}], body={"result":[{"_key":"3677660","_id":"Books/3677660","_rev":"_bq1Amry---","_class":"com.talentica.arangodb.entity.Book","bookshelves":["Children's Literature"],"creators":[{"name":"Baum, L. Frank (Lyman Frank)","birthDate":1856,"deathDate":1919,"alias":"Metcalf, Suzanne","webpage":"https://en.wikipedia.org/wiki/L._Frank_Baum"}],"downloads":133,"formats":[{"url":"https://www.gutenberg.org/ebooks/25519.txt.utf-8","format":"text/plain","extent":82387,"modified":"2020-11-12T22:37:19.000Z"},{"url":"https://www.gutenberg.org/cache/epub/25519/pg25519.cover.medium.jpg","format":"image/jpeg","extent":28541,"modified":"2020-11-12T22:37:23.000Z"},{"url":"https://www.gutenberg.org/files/25519/25519-h/25519-h.htm","format":"text/html; charset=iso-8859-1","extent":96891,"modified":"2008-05-19T07:06:47.000Z"},{"url":"https://www.gutenberg.org/ebooks/25519.rdf","format":"application/rdf+xml","extent":15353,"modified":"2020-12-09T23:52:50.000Z"},{"url":"https://www.gutenberg.org/files/25519/25519.zip","format":"application/zip","extent":31335,"modified":"2008-05-19T06:53:53.000Z"},{"url":"https://www.gutenberg.org/files/25519/25519-h.zip","format":"text/html; charset=iso-8859-1","extent":2432399,"modified":"2008-05-19T07:10:43.000Z"},{"url":"https://www.gutenberg.org/ebooks/25519.epub.images","format":"application/epub+zip","extent":2375216,"modified":"2020-11-12T22:37:21.000Z"},{"url":"https://www.gutenberg.org/ebooks/25519.kindle.images","format":"application/x-mobipocket-ebook","extent":4826772,"modified":"2020-11-12T22:37:23.000Z"},{"url":"https://www.gutenberg.org/ebooks/25519.kindle.noimages","format":"application/x-mobipocket-ebook","extent":294097,"modified":"2020-11-12T22:37:23.000Z"},{"url":"https://www.gutenberg.org/cache/epub/25519/pg25519.cover.small.jpg","format":"image/jpeg","extent":4408,"modified":"2020-11-12T22:37:23.000Z"},{"url":"https://www.gutenberg.org/ebooks/25519.epub.noimages","format":"application/epub+zip","extent":89149,"modified":"2020-11-12T22:37:21.000Z"},{"url":"https://www.gutenberg.org/files/25519/25519.txt","format":"text/plain; charset=us-ascii","extent":82386,"modified":"2008-05-19T06:53:53.000Z"}],"subjects":["Short stories","Oz (Imaginary place) -- Juvenile fiction","Children's stories, American","Fantasy literature","PZ"],"title":"Little Wizard Stories of Oz","uuid":"d19d5b8e-8a0c-48c5-902e-88d6f2ca31c7"}],"hasMore":false,"cached":false,"extra":{"stats":{"writesExecuted":0,"writesIgnored":0,"scannedFull":0,"scannedIndex":1,"filtered":0,"httpRequests":0,"executionTime":1.7793799634091556E-4,"peakMemoryUsage":24005},"warnings":[]},"error":false,"code":201})
19:47:33.695 [Test worker] DEBUG com.arangodb.internal.ArangoExecutorSync - Response is MetaAware com.arangodb.entity.CursorEntity
19:47:33.718 [Test worker] DEBUG com.arangodb.internal.net.ConnectionPoolImpl - Return Connection connection_1609769853528_0.5163961530044643
19:47:33.719 [Test worker] DEBUG com.arangodb.internal.velocystream.VstCommunicationSync - Send Message (id=8, head=[1,1,"test",2,"/_api/transaction",{},{"content-type":"application/x-velocypack","accept":"application/x-velocypack"}], body={"action":"function(){\n var result = [];db = require(\"@arangodb\").db; \nresult[0]=db._query(\"LET doc = {\\\"_key\\\":\\\"3677660\\\",\\\"uuid\\\":\\\"d19d5b8e-8a0c-48c5-902e-88d6f2ca31c7\\\",\\\"title\\\":\\\"Little Wizard Stories of Oz\\\",\\\"subjects\\\":[\\\"Short stories\\\",\\\"Oz (Imaginary place) -- Juvenile fiction\\\",\\\"Children's stories, American\\\",\\\"Fantasy literature\\\",\\\"PZ\\\"],\\\"bookshelves\\\":[\\\"Children's Literature\\\"],\\\"formats\\\":[{\\\"url\\\":\\\"https:\\/\\/www.gutenberg.org\\/ebooks\\/25519.txt.utf-8\\\",\\\"format\\\":\\\"text\\/plain\\\",\\\"extent\\\":82387,\\\"modified\\\":\\\"2020-11-12T22:37:19.000Z\\\"},{\\\"url\\\":\\\"https:\\/\\/www.gutenberg.org\\/cache\\/epub\\/25519\\/pg25519.cover.medium.jpg\\\",\\\"format\\\":\\\"image\\/jpeg\\\",\\\"extent\\\":28541,\\\"modified\\\":\\\"2020-11-12T22:37:23.000Z\\\"},{\\\"url\\\":\\\"https:\\/\\/www.gutenberg.org\\/files\\/25519\\/25519-h\\/25519-h.htm\\\",\\\"format\\\":\\\"text\\/html; charset=iso-8859-1\\\",\\\"extent\\\":96891,\\\"modified\\\":\\\"2008-05-19T07:06:47.000Z\\\"},{\\\"url\\\":\\\"https:\\/\\/www.gutenberg.org\\/ebooks\\/25519.rdf\\\",\\\"format\\\":\\\"application\\/rdf+xml\\\",\\\"extent\\\":15353,\\\"modified\\\":\\\"2020-12-09T23:52:50.000Z\\\"},{\\\"url\\\":\\\"https:\\/\\/www.gutenberg.org\\/files\\/25519\\/25519.zip\\\",\\\"format\\\":\\\"application\\/zip\\\",\\\"extent\\\":31335,\\\"modified\\\":\\\"2008-05-19T06:53:53.000Z\\\"},{\\\"url\\\":\\\"https:\\/\\/www.gutenberg.org\\/files\\/25519\\/25519-h.zip\\\",\\\"format\\\":\\\"text\\/html; charset=iso-8859-1\\\",\\\"extent\\\":2432399,\\\"modified\\\":\\\"2008-05-19T07:10:43.000Z\\\"},{\\\"url\\\":\\\"https:\\/\\/www.gutenberg.org\\/ebooks\\/25519.epub.images\\\",\\\"format\\\":\\\"application\\/epub+zip\\\",\\\"extent\\\":2375216,\\\"modified\\\":\\\"2020-11-12T22:37:21.000Z\\\"},{\\\"url\\\":\\\"https:\\/\\/www.gutenberg.org\\/ebooks\\/25519.kindle.images\\\",\\\"format\\\":\\\"application\\/x-mobipocket-ebook\\\",\\\"extent\\\":4826772,\\\"modified\\\":\\\"2020-11-12T22:37:23.000Z\\\"},{\\\"url\\\":\\\"https:\\/\\/www.gutenberg.org\\/ebooks\\/25519.kindle.noimages\\\",\\\"format\\\":\\\"application\\/x-mobipocket-ebook\\\",\\\"extent\\\":294097,\\\"modified\\\":\\\"2020-11-12T22:37:23.000Z\\\"},{\\\"url\\\":\\\"https:\\/\\/www.gutenberg.org\\/cache\\/epub\\/25519\\/pg25519.cover.small.jpg\\\",\\\"format\\\":\\\"image\\/jpeg\\\",\\\"extent\\\":4408,\\\"modified\\\":\\\"2020-11-12T22:37:23.000Z\\\"},{\\\"url\\\":\\\"https:\\/\\/www.gutenberg.org\\/ebooks\\/25519.epub.noimages\\\",\\\"format\\\":\\\"application\\/epub+zip\\\",\\\"extent\\\":89149,\\\"modified\\\":\\\"2020-11-12T22:37:21.000Z\\\"},{\\\"url\\\":\\\"https:\\/\\/www.gutenberg.org\\/files\\/25519\\/25519.txt\\\",\\\"format\\\":\\\"text\\/plain; charset=us-ascii\\\",\\\"extent\\\":82386,\\\"modified\\\":\\\"2008-05-19T06:53:53.000Z\\\"}],\\\"creators\\\":[{\\\"name\\\":\\\"Baum, L. Frank (Lyman Frank)\\\",\\\"birthDate\\\":1856,\\\"deathDate\\\":1919,\\\"alias\\\":\\\"Metcalf, Suzanne\\\",\\\"webpage\\\":\\\"https:\\/\\/en.wikipedia.org\\/wiki\\/L._Frank_Baum\\\"}],\\\"downloads\\\":1,\\\"_rev\\\":\\\"_bq1Amry---\\\",\\\"_class\\\":\\\"com.talentica.arangodb.entity.Book\\\"} UPSERT { _key: doc._key } INSERT doc._key == null ? UNSET(doc, \\\"_key\\\") : doc REPLACE doc IN Books OPTIONS { ignoreRevs: false } RETURN NEW\")['_documents'][0];\nresult[1]=db._query(\"LET doc = {\\\"uuid\\\":\\\"34043947-cd2c-4922-9e0f-42b4ce8d32b8\\\",\\\"title\\\":\\\"Moby-Dick; or, The Whale\\\",\\\"subjects\\\":[\\\"Whaling ships -- Fiction\\\",\\\"Whaling -- Fiction\\\",\\\"Ship captains -- Fiction\\\",\\\"Sea stories\\\",\\\"Ahab, Captain (Fictitious character) -- Fiction\\\",\\\"PS\\\",\\\"Psychological fiction\\\",\\\"Mentally ill -- Fiction\\\",\\\"Adventure stories\\\",\\\"Whales -- Fiction\\\"],\\\"bookshelves\\\":[\\\"Best Books Ever Listings\\\",\\\"Adventure\\\"],\\\"formats\\\":[{\\\"url\\\":\\\"http:\\/\\/www.gutenberg.org\\/files\\/15\\/15-h\\/15-h.htm\\\",\\\"format\\\":\\\"text\\/html; charset=utf-8\\\",\\\"extent\\\":1364131,\\\"modified\\\":\\\"2020-11-26T15:41:18.000Z\\\"},{\\\"url\\\":\\\"http:\\/\\/www.gutenberg.org\\/files\\/15\\/15-0.zip\\\",\\\"format\\\":\\\"text\\/plain; charset=utf-8\\\",\\\"extent\\\":514184,\\\"modified\\\":\\\"2020-11-26T15:50:01.000Z\\\"},{\\\"url\\\":\\\"http:\\/\\/www.gutenberg.org\\/ebooks\\/15.kindle.noimages\\\",\\\"format\\\":\\\"application\\/x-mobipocket-ebook\\\",\\\"extent\\\":2558187,\\\"modified\\\":\\\"2020-11-30T22:01:23.000Z\\\"},{\\\"url\\\":\\\"http:\\/\\/www.gutenberg.org\\/files\\/15\\/15-0.txt\\\",\\\"format\\\":\\\"text\\/plain; charset=utf-8\\\",\\\"extent\\\":1276817,\\\"modified\\\":\\\"2020-11-26T15:50:01.000Z\\\"},{\\\"url\\\":\\\"http:\\/\\/www.gutenberg.org\\/cache\\/epub\\/15\\/pg15.cover.small.jpg\\\",\\\"format\\\":\\\"image\\/jpeg\\\",\\\"extent\\\":3889,\\\"modified\\\":\\\"2020-11-30T22:01:23.000Z\\\"},{\\\"url\\\":\\\"http:\\/\\/www.gutenberg.org\\/cache\\/epub\\/15\\/pg15.cover.medium.jpg\\\",\\\"format\\\":\\\"image\\/jpeg\\\",\\\"extent\\\":13524,\\\"modified\\\":\\\"2020-11-30T22:01:24.000Z\\\"},{\\\"url\\\":\\\"http:\\/\\/www.gutenberg.org\\/ebooks\\/15.epub.noimages\\\",\\\"format\\\":\\\"application\\/epub+zip\\\",\\\"extent\\\":725851,\\\"modified\\\":\\\"2020-11-30T22:01:17.000Z\\\"},{\\\"url\\\":\\\"http:\\/\\/www.gutenberg.org\\/files\\/15\\/15-h.zip\\\",\\\"format\\\":\\\"text\\/html; charset=utf-8\\\",\\\"extent\\\":524252,\\\"modified\\\":\\\"2020-11-26T15:42:23.000Z\\\"},{\\\"url\\\":\\\"http:\\/\\/www.gutenberg.org\\/ebooks\\/15.kindle.images\\\",\\\"format\\\":\\\"application\\/x-mobipocket-ebook\\\",\\\"extent\\\":2565436,\\\"modified\\\":\\\"2020-11-30T22:01:20.000Z\\\"},{\\\"url\\\":\\\"http:\\/\\/www.gutenberg.org\\/files\\/15\\/15.zip\\\",\\\"format\\\":\\\"text\\/html; charset=utf-8\\\",\\\"extent\\\":524252,\\\"modified\\\":\\\"2020-11-26T15:41:57.000Z\\\"},{\\\"url\\\":\\\"http:\\/\\/www.gutenberg.org\\/ebooks\\/15.epub.images\\\",\\\"format\\\":\\\"application\\/epub+zip\\\",\\\"extent\\\":731192,\\\"modified\\\":\\\"2020-11-30T22:01:16.000Z\\\"},{\\\"url\\\":\\\"http:\\/\\/www.gutenberg.org\\/ebooks\\/15.rdf\\\",\\\"format\\\":\\\"application\\/rdf+xml\\\",\\\"extent\\\":16008,\\\"modified\\\":\\\"2020-12-02T23:30:05.000Z\\\"}],\\\"creators\\\":[{\\\"name\\\":\\\"Melville, Herman\\\",\\\"birthDate\\\":1819,\\\"deathDate\\\":1891,\\\"alias\\\":\\\"Melville, Hermann\\\",\\\"webpage\\\":\\\"https:\\/\\/en.wikipedia.org\\/wiki\\/Herman_Melville\\\"}],\\\"downloads\\\":850,\\\"_class\\\":\\\"com.talentica.arangodb.entity.Book\\\"} UPSERT { _key: doc._key } INSERT doc._key == null ? UNSET(doc, \\\"_key\\\") : doc REPLACE doc IN Books OPTIONS { ignoreRevs: false } RETURN NEW\")['_documents'][0];\nreturn result; \n }","collections":{"write":["Books","Books"]},"waitForSync":true})
19:47:33.720 [Test worker] DEBUG com.arangodb.internal.velocystream.internal.VstConnection - Send chunk 1:1 from message 8
19:47:33.727 [pool-1-thread-1] DEBUG com.arangodb.internal.velocystream.internal.VstConnection - Received chunk 1:1 from message 8
19:47:33.727 [pool-1-thread-1] DEBUG com.arangodb.internal.velocystream.internal.VstConnection - Responsetime for Message 8 is 7
19:47:33.730 [pool-1-thread-1] DEBUG com.arangodb.internal.velocystream.internal.MessageStore - Received Message (id=8, head=[1,2,200,{}], body={"error":false,"code":200,"result":[{"_key":"3677660","_id":"Books/3677660","_rev":"_bq1Amvi---","_class":"com.talentica.arangodb.entity.Book","bookshelves":["Children's Literature"],"creators":[{"name":"Baum, L. Frank (Lyman Frank)","birthDate":1856,"deathDate":1919,"alias":"Metcalf, Suzanne","webpage":"https://en.wikipedia.org/wiki/L._Frank_Baum"}],"downloads":1,"formats":[{"url":"https://www.gutenberg.org/ebooks/25519.txt.utf-8","format":"text/plain","extent":82387,"modified":"2020-11-12T22:37:19.000Z"},{"url":"https://www.gutenberg.org/cache/epub/25519/pg25519.cover.medium.jpg","format":"image/jpeg","extent":28541,"modified":"2020-11-12T22:37:23.000Z"},{"url":"https://www.gutenberg.org/files/25519/25519-h/25519-h.htm","format":"text/html; charset=iso-8859-1","extent":96891,"modified":"2008-05-19T07:06:47.000Z"},{"url":"https://www.gutenberg.org/ebooks/25519.rdf","format":"application/rdf+xml","extent":15353,"modified":"2020-12-09T23:52:50.000Z"},{"url":"https://www.gutenberg.org/files/25519/25519.zip","format":"application/zip","extent":31335,"modified":"2008-05-19T06:53:53.000Z"},{"url":"https://www.gutenberg.org/files/25519/25519-h.zip","format":"text/html; charset=iso-8859-1","extent":2432399,"modified":"2008-05-19T07:10:43.000Z"},{"url":"https://www.gutenberg.org/ebooks/25519.epub.images","format":"application/epub+zip","extent":2375216,"modified":"2020-11-12T22:37:21.000Z"},{"url":"https://www.gutenberg.org/ebooks/25519.kindle.images","format":"application/x-mobipocket-ebook","extent":4826772,"modified":"2020-11-12T22:37:23.000Z"},{"url":"https://www.gutenberg.org/ebooks/25519.kindle.noimages","format":"application/x-mobipocket-ebook","extent":294097,"modified":"2020-11-12T22:37:23.000Z"},{"url":"https://www.gutenberg.org/cache/epub/25519/pg25519.cover.small.jpg","format":"image/jpeg","extent":4408,"modified":"2020-11-12T22:37:23.000Z"},{"url":"https://www.gutenberg.org/ebooks/25519.epub.noimages","format":"application/epub+zip","extent":89149,"modified":"2020-11-12T22:37:21.000Z"},{"url":"https://www.gutenberg.org/files/25519/25519.txt","format":"text/plain; charset=us-ascii","extent":82386,"modified":"2008-05-19T06:53:53.000Z"}],"subjects":["Short stories","Oz (Imaginary place) -- Juvenile fiction","Children's stories, American","Fantasy literature","PZ"],"title":"Little Wizard Stories of Oz","uuid":"d19d5b8e-8a0c-48c5-902e-88d6f2ca31c7"},{"_key":"3677666","_id":"Books/3677666","_rev":"_bq1Amvm---","_class":"com.talentica.arangodb.entity.Book","bookshelves":["Best Books Ever Listings","Adventure"],"creators":[{"name":"Melville, Herman","birthDate":1819,"deathDate":1891,"alias":"Melville, Hermann","webpage":"https://en.wikipedia.org/wiki/Herman_Melville"}],"downloads":850,"formats":[{"url":"http://www.gutenberg.org/files/15/15-h/15-h.htm","format":"text/html; charset=utf-8","extent":1364131,"modified":"2020-11-26T15:41:18.000Z"},{"url":"http://www.gutenberg.org/files/15/15-0.zip","format":"text/plain; charset=utf-8","extent":514184,"modified":"2020-11-26T15:50:01.000Z"},{"url":"http://www.gutenberg.org/ebooks/15.kindle.noimages","format":"application/x-mobipocket-ebook","extent":2558187,"modified":"2020-11-30T22:01:23.000Z"},{"url":"http://www.gutenberg.org/files/15/15-0.txt","format":"text/plain; charset=utf-8","extent":1276817,"modified":"2020-11-26T15:50:01.000Z"},{"url":"http://www.gutenberg.org/cache/epub/15/pg15.cover.small.jpg","format":"image/jpeg","extent":3889,"modified":"2020-11-30T22:01:23.000Z"},{"url":"http://www.gutenberg.org/cache/epub/15/pg15.cover.medium.jpg","format":"image/jpeg","extent":13524,"modified":"2020-11-30T22:01:24.000Z"},{"url":"http://www.gutenberg.org/ebooks/15.epub.noimages","format":"application/epub+zip","extent":725851,"modified":"2020-11-30T22:01:17.000Z"},{"url":"http://www.gutenberg.org/files/15/15-h.zip","format":"text/html; charset=utf-8","extent":524252,"modified":"2020-11-26T15:42:23.000Z"},{"url":"http://www.gutenberg.org/ebooks/15.kindle.images","format":"application/x-mobipocket-ebook","extent":2565436,"modified":"2020-11-30T22:01:20.000Z"},{"url":"http://www.gutenberg.org/files/15/15.zip","format":"text/html; charset=utf-8","extent":524252,"modified":"2020-11-26T15:41:57.000Z"},{"url":"http://www.gutenberg.org/ebooks/15.epub.images","format":"application/epub+zip","extent":731192,"modified":"2020-11-30T22:01:16.000Z"},{"url":"http://www.gutenberg.org/ebooks/15.rdf","format":"application/rdf+xml","extent":16008,"modified":"2020-12-02T23:30:05.000Z"}],"subjects":["Whaling ships -- Fiction","Whaling -- Fiction","Ship captains -- Fiction","Sea stories","Ahab, Captain (Fictitious character) -- Fiction","PS","Psychological fiction","Mentally ill -- Fiction","Adventure stories","Whales -- Fiction"],"title":"Moby-Dick; or, The Whale","uuid":"34043947-cd2c-4922-9e0f-42b4ce8d32b8"}]})
19:47:33.740 [Test worker] DEBUG com.arangodb.internal.net.ConnectionPoolImpl - Return Connection connection_1609769853528_0.5163961530044643
19:47:33.741 [Test worker] DEBUG com.arangodb.internal.velocystream.VstCommunicationSync - Send Message (id=9, head=[1,1,"test",2,"/_api/cursor",{},{"content-type":"application/x-velocypack","accept":"application/x-velocypack"}], body={"bindVars":{"0":"d19d5b8e-8a0c-48c5-902e-88d6f2ca31c7"},"query":"FOR e IN Books FILTER e.uuid == @0  RETURN e"})
19:47:33.741 [Test worker] DEBUG com.arangodb.internal.velocystream.internal.VstConnection - Send chunk 1:1 from message 9
19:47:33.742 [pool-1-thread-1] DEBUG com.arangodb.internal.velocystream.internal.VstConnection - Received chunk 1:1 from message 9
19:47:33.742 [pool-1-thread-1] DEBUG com.arangodb.internal.velocystream.internal.VstConnection - Responsetime for Message 9 is 1
19:47:33.743 [pool-1-thread-1] DEBUG com.arangodb.internal.velocystream.internal.MessageStore - Received Message (id=9, head=[1,2,201,{}], body={"result":[{"_key":"3677660","_id":"Books/3677660","_rev":"_bq1Amvi---","_class":"com.talentica.arangodb.entity.Book","bookshelves":["Children's Literature"],"creators":[{"name":"Baum, L. Frank (Lyman Frank)","birthDate":1856,"deathDate":1919,"alias":"Metcalf, Suzanne","webpage":"https://en.wikipedia.org/wiki/L._Frank_Baum"}],"downloads":1,"formats":[{"url":"https://www.gutenberg.org/ebooks/25519.txt.utf-8","format":"text/plain","extent":82387,"modified":"2020-11-12T22:37:19.000Z"},{"url":"https://www.gutenberg.org/cache/epub/25519/pg25519.cover.medium.jpg","format":"image/jpeg","extent":28541,"modified":"2020-11-12T22:37:23.000Z"},{"url":"https://www.gutenberg.org/files/25519/25519-h/25519-h.htm","format":"text/html; charset=iso-8859-1","extent":96891,"modified":"2008-05-19T07:06:47.000Z"},{"url":"https://www.gutenberg.org/ebooks/25519.rdf","format":"application/rdf+xml","extent":15353,"modified":"2020-12-09T23:52:50.000Z"},{"url":"https://www.gutenberg.org/files/25519/25519.zip","format":"application/zip","extent":31335,"modified":"2008-05-19T06:53:53.000Z"},{"url":"https://www.gutenberg.org/files/25519/25519-h.zip","format":"text/html; charset=iso-8859-1","extent":2432399,"modified":"2008-05-19T07:10:43.000Z"},{"url":"https://www.gutenberg.org/ebooks/25519.epub.images","format":"application/epub+zip","extent":2375216,"modified":"2020-11-12T22:37:21.000Z"},{"url":"https://www.gutenberg.org/ebooks/25519.kindle.images","format":"application/x-mobipocket-ebook","extent":4826772,"modified":"2020-11-12T22:37:23.000Z"},{"url":"https://www.gutenberg.org/ebooks/25519.kindle.noimages","format":"application/x-mobipocket-ebook","extent":294097,"modified":"2020-11-12T22:37:23.000Z"},{"url":"https://www.gutenberg.org/cache/epub/25519/pg25519.cover.small.jpg","format":"image/jpeg","extent":4408,"modified":"2020-11-12T22:37:23.000Z"},{"url":"https://www.gutenberg.org/ebooks/25519.epub.noimages","format":"application/epub+zip","extent":89149,"modified":"2020-11-12T22:37:21.000Z"},{"url":"https://www.gutenberg.org/files/25519/25519.txt","format":"text/plain; charset=us-ascii","extent":82386,"modified":"2008-05-19T06:53:53.000Z"}],"subjects":["Short stories","Oz (Imaginary place) -- Juvenile fiction","Children's stories, American","Fantasy literature","PZ"],"title":"Little Wizard Stories of Oz","uuid":"d19d5b8e-8a0c-48c5-902e-88d6f2ca31c7"}],"hasMore":false,"cached":false,"extra":{"stats":{"writesExecuted":0,"writesIgnored":0,"scannedFull":0,"scannedIndex":1,"filtered":0,"httpRequests":0,"executionTime":2.461589901940897E-4,"peakMemoryUsage":24003},"warnings":[]},"error":false,"code":201})
19:47:33.744 [Test worker] DEBUG com.arangodb.internal.ArangoExecutorSync - Response is MetaAware com.arangodb.entity.CursorEntity
19:47:33.750 [Test worker] DEBUG com.arangodb.internal.net.ConnectionPoolImpl - Return Connection connection_1609769853528_0.5163961530044643
19:47:33.750 [Test worker] DEBUG com.arangodb.internal.velocystream.VstCommunicationSync - Send Message (id=10, head=[1,1,"test",2,"/_api/cursor",{},{"content-type":"application/x-velocypack","accept":"application/x-velocypack"}], body={"bindVars":{"0":"34043947-cd2c-4922-9e0f-42b4ce8d32b8"},"query":"FOR e IN Books FILTER e.uuid == @0  RETURN e"})
19:47:33.750 [Test worker] DEBUG com.arangodb.internal.velocystream.internal.VstConnection - Send chunk 1:1 from message 10
19:47:33.751 [pool-1-thread-1] DEBUG com.arangodb.internal.velocystream.internal.VstConnection - Received chunk 1:1 from message 10
19:47:33.751 [pool-1-thread-1] DEBUG com.arangodb.internal.velocystream.internal.VstConnection - Responsetime for Message 10 is 1
19:47:33.752 [pool-1-thread-1] DEBUG com.arangodb.internal.velocystream.internal.MessageStore - Received Message (id=10, head=[1,2,201,{}], body={"result":[{"_key":"3677666","_id":"Books/3677666","_rev":"_bq1Amvm---","_class":"com.talentica.arangodb.entity.Book","bookshelves":["Best Books Ever Listings","Adventure"],"creators":[{"name":"Melville, Herman","birthDate":1819,"deathDate":1891,"alias":"Melville, Hermann","webpage":"https://en.wikipedia.org/wiki/Herman_Melville"}],"downloads":850,"formats":[{"url":"http://www.gutenberg.org/files/15/15-h/15-h.htm","format":"text/html; charset=utf-8","extent":1364131,"modified":"2020-11-26T15:41:18.000Z"},{"url":"http://www.gutenberg.org/files/15/15-0.zip","format":"text/plain; charset=utf-8","extent":514184,"modified":"2020-11-26T15:50:01.000Z"},{"url":"http://www.gutenberg.org/ebooks/15.kindle.noimages","format":"application/x-mobipocket-ebook","extent":2558187,"modified":"2020-11-30T22:01:23.000Z"},{"url":"http://www.gutenberg.org/files/15/15-0.txt","format":"text/plain; charset=utf-8","extent":1276817,"modified":"2020-11-26T15:50:01.000Z"},{"url":"http://www.gutenberg.org/cache/epub/15/pg15.cover.small.jpg","format":"image/jpeg","extent":3889,"modified":"2020-11-30T22:01:23.000Z"},{"url":"http://www.gutenberg.org/cache/epub/15/pg15.cover.medium.jpg","format":"image/jpeg","extent":13524,"modified":"2020-11-30T22:01:24.000Z"},{"url":"http://www.gutenberg.org/ebooks/15.epub.noimages","format":"application/epub+zip","extent":725851,"modified":"2020-11-30T22:01:17.000Z"},{"url":"http://www.gutenberg.org/files/15/15-h.zip","format":"text/html; charset=utf-8","extent":524252,"modified":"2020-11-26T15:42:23.000Z"},{"url":"http://www.gutenberg.org/ebooks/15.kindle.images","format":"application/x-mobipocket-ebook","extent":2565436,"modified":"2020-11-30T22:01:20.000Z"},{"url":"http://www.gutenberg.org/files/15/15.zip","format":"text/html; charset=utf-8","extent":524252,"modified":"2020-11-26T15:41:57.000Z"},{"url":"http://www.gutenberg.org/ebooks/15.epub.images","format":"application/epub+zip","extent":731192,"modified":"2020-11-30T22:01:16.000Z"},{"url":"http://www.gutenberg.org/ebooks/15.rdf","format":"application/rdf+xml","extent":16008,"modified":"2020-12-02T23:30:05.000Z"}],"subjects":["Whaling ships -- Fiction","Whaling -- Fiction","Ship captains -- Fiction","Sea stories","Ahab, Captain (Fictitious character) -- Fiction","PS","Psychological fiction","Mentally ill -- Fiction","Adventure stories","Whales -- Fiction"],"title":"Moby-Dick; or, The Whale","uuid":"34043947-cd2c-4922-9e0f-42b4ce8d32b8"}],"hasMore":false,"cached":false,"extra":{"stats":{"writesExecuted":0,"writesIgnored":0,"scannedFull":0,"scannedIndex":1,"filtered":0,"httpRequests":0,"executionTime":2.4636799935251474E-4,"peakMemoryUsage":24065},"warnings":[]},"error":false,"code":201})
19:47:33.753 [Test worker] DEBUG com.arangodb.internal.ArangoExecutorSync - Response is MetaAware com.arangodb.entity.CursorEntity
19:47:33.766 [Test worker] DEBUG org.springframework.context.annotation.AnnotationConfigApplicationContext - Refreshing org.springframework.context.annotation.AnnotationConfigApplicationContext@62ed9328
19:47:33.766 [Test worker] DEBUG org.springframework.beans.factory.support.DefaultListableBeanFactory - Creating shared instance of singleton bean 'org.springframework.context.annotation.internalConfigurationAnnotationProcessor'
19:47:33.771 [Test worker] DEBUG org.springframework.context.annotation.ClassPathBeanDefinitionScanner - Identified candidate component class: file [/media/debashishc/T7/work/arangodb/build/classes/java/test/com/talentica/arangodb/ArangoDBConfiguration.class]
19:47:33.774 [Test worker] DEBUG org.springframework.context.annotation.ClassPathBeanDefinitionScanner - Ignored because not a concrete top-level class: file [/media/debashishc/T7/work/arangodb/build/classes/java/test/com/talentica/arangodb/repository/BookRepository.class]
19:47:33.775 [Test worker] DEBUG org.springframework.context.annotation.ClassPathBeanDefinitionScanner - Identified candidate component class: file [/media/debashishc/T7/work/arangodb/build/classes/java/test/com/talentica/arangodb/service/BookLoaderService.class]
19:47:33.787 [Test worker] INFO org.springframework.data.repository.config.RepositoryConfigurationDelegate - Bootstrapping Spring Data ArangoDB repositories in DEFAULT mode.
19:47:33.788 [Test worker] DEBUG org.springframework.data.repository.config.RepositoryConfigurationDelegate - Scanning for ArangoDB repositories in packages com.talentica.arangodb.repository.
19:47:33.790 [Test worker] DEBUG org.springframework.data.repository.config.RepositoryComponentProvider - Identified candidate component class: file [/media/debashishc/T7/work/arangodb/build/classes/java/test/com/talentica/arangodb/repository/BookRepository.class]
19:47:33.792 [Test worker] DEBUG org.springframework.context.annotation.ClassPathScanningCandidateComponentProvider - Identified candidate component class: file [/media/debashishc/T7/work/arangodb/build/classes/java/main/com/talentica/arangodb/repository/ArangoTransactionalRepositoryImpl.class]
19:47:33.793 [Test worker] DEBUG org.springframework.data.repository.config.RepositoryBeanDefinitionBuilder - Registering repository fragment implementation: arangoTransactionalRepositoryImpl com.talentica.arangodb.repository.ArangoTransactionalRepositoryImpl
19:47:33.793 [Test worker] DEBUG org.springframework.data.repository.config.RepositoryBeanDefinitionBuilder - Registering repository fragment: arangoTransactionalRepositoryImplFragment
19:47:33.794 [Test worker] INFO org.springframework.data.repository.config.RepositoryConfigurationDelegate - Finished Spring Data repository scanning in 6ms. Found 1 ArangoDB repository interfaces.
19:47:33.798 [Test worker] DEBUG org.springframework.beans.factory.support.DefaultListableBeanFactory - Creating shared instance of singleton bean 'org.springframework.context.event.internalEventListenerProcessor'
19:47:33.799 [Test worker] DEBUG org.springframework.beans.factory.support.DefaultListableBeanFactory - Creating shared instance of singleton bean 'org.springframework.context.event.internalEventListenerFactory'
19:47:33.799 [Test worker] DEBUG org.springframework.beans.factory.support.DefaultListableBeanFactory - Creating shared instance of singleton bean 'org.springframework.transaction.config.internalTransactionalEventListenerFactory'
19:47:33.800 [Test worker] DEBUG org.springframework.beans.factory.support.DefaultListableBeanFactory - Creating shared instance of singleton bean 'org.springframework.context.annotation.internalAutowiredAnnotationProcessor'
19:47:33.801 [Test worker] DEBUG org.springframework.beans.factory.support.DefaultListableBeanFactory - Creating shared instance of singleton bean 'org.springframework.context.annotation.internalCommonAnnotationProcessor'
19:47:33.801 [Test worker] DEBUG org.springframework.beans.factory.support.DefaultListableBeanFactory - Creating shared instance of singleton bean 'org.springframework.aop.config.internalAutoProxyCreator'
19:47:33.803 [Test worker] DEBUG org.springframework.beans.factory.support.DefaultListableBeanFactory - Creating shared instance of singleton bean 'springDataTestApplication'
19:47:33.803 [Test worker] DEBUG org.springframework.beans.factory.support.DefaultListableBeanFactory - Creating shared instance of singleton bean 'org.springframework.transaction.config.internalTransactionAdvisor'
19:47:33.804 [Test worker] DEBUG org.springframework.beans.factory.support.DefaultListableBeanFactory - Creating shared instance of singleton bean 'org.springframework.transaction.annotation.ProxyTransactionManagementConfiguration'
19:47:33.807 [Test worker] DEBUG org.springframework.beans.factory.support.DefaultListableBeanFactory - Creating shared instance of singleton bean 'transactionAttributeSource'
19:47:33.808 [Test worker] DEBUG org.springframework.beans.factory.support.DefaultListableBeanFactory - Creating shared instance of singleton bean 'transactionInterceptor'
19:47:33.809 [Test worker] DEBUG org.springframework.beans.factory.support.DefaultListableBeanFactory - Autowiring by type from bean name 'transactionInterceptor' via factory method to bean named 'transactionAttributeSource'
19:47:33.809 [Test worker] DEBUG org.springframework.beans.factory.support.DefaultListableBeanFactory - Autowiring by type from bean name 'org.springframework.transaction.config.internalTransactionAdvisor' via factory method to bean named 'transactionAttributeSource'
19:47:33.809 [Test worker] DEBUG org.springframework.beans.factory.support.DefaultListableBeanFactory - Autowiring by type from bean name 'org.springframework.transaction.config.internalTransactionAdvisor' via factory method to bean named 'transactionInterceptor'
19:47:33.810 [Test worker] DEBUG org.springframework.beans.factory.support.DefaultListableBeanFactory - Creating shared instance of singleton bean 'arangoDBConfiguration'
19:47:33.811 [Test worker] DEBUG org.springframework.beans.factory.support.DefaultListableBeanFactory - Creating shared instance of singleton bean 'bookLoaderService'
19:47:33.812 [Test worker] DEBUG org.springframework.beans.factory.support.DefaultListableBeanFactory - Creating shared instance of singleton bean 'bookRepository'
19:47:33.814 [Test worker] DEBUG org.springframework.beans.factory.support.DefaultListableBeanFactory - Creating shared instance of singleton bean 'arangoTemplate'
19:47:33.814 [Test worker] DEBUG com.arangodb.internal.InternalArangoDBBuilder - Use SimpleHostResolver
19:47:33.814 [Test worker] DEBUG com.arangodb.internal.net.HostSet - Added Host HostImpl [connectionPool=ConnectionPoolImpl [host=host[addr=localhost,port=8529], maxConnections=1, connections=0, current=0, factory=VstConnectionFactorySync], description=host[addr=localhost,port=8529], markforDeletion=false] - now 1 Hosts in List
19:47:33.814 [Test worker] DEBUG com.arangodb.internal.InternalArangoDBBuilder - HostHandler is FallbackHostHandler
19:47:33.814 [Test worker] DEBUG com.arangodb.internal.net.HostSet - Added Host HostImpl [connectionPool=ConnectionPoolImpl [host=host[addr=localhost,port=8529], maxConnections=1, connections=0, current=0, factory=VstConnectionFactorySync], description=host[addr=localhost,port=8529], markforDeletion=false] - now 1 Hosts in List
19:47:33.815 [Test worker] DEBUG com.arangodb.internal.ArangoDBImpl - ArangoDB Client is ready to use
19:47:33.815 [Test worker] DEBUG org.springframework.beans.factory.support.DefaultListableBeanFactory - Creating shared instance of singleton bean 'arangoConverter'
19:47:33.815 [Test worker] DEBUG org.springframework.beans.factory.support.DefaultListableBeanFactory - Creating shared instance of singleton bean 'arangoMappingContext'
19:47:33.820 [Test worker] DEBUG org.springframework.context.annotation.ClassPathScanningCandidateComponentProvider - Identified candidate component class: file [/media/debashishc/T7/work/arangodb/build/classes/java/test/com/talentica/arangodb/entity/Book.class]
19:47:33.823 [Test worker] DEBUG org.springframework.data.convert.CustomConversions - Adding converter from class java.util.Date to class java.lang.String as writing converter.
19:47:33.824 [Test worker] DEBUG org.springframework.data.convert.CustomConversions - Adding converter from class java.time.Instant to class java.lang.String as writing converter.
19:47:33.824 [Test worker] DEBUG org.springframework.data.convert.CustomConversions - Adding converter from class java.time.LocalDate to class java.lang.String as writing converter.
19:47:33.824 [Test worker] DEBUG org.springframework.data.convert.CustomConversions - Adding converter from class java.time.LocalDateTime to class java.lang.String as writing converter.
19:47:33.824 [Test worker] DEBUG org.springframework.data.convert.CustomConversions - Adding converter from class java.time.OffsetDateTime to class java.lang.String as writing converter.
19:47:33.824 [Test worker] DEBUG org.springframework.data.convert.CustomConversions - Adding converter from class java.time.ZonedDateTime to class java.lang.String as writing converter.
19:47:33.824 [Test worker] DEBUG org.springframework.data.convert.CustomConversions - Adding converter from class java.lang.String to class java.util.Date as reading converter.
19:47:33.824 [Test worker] DEBUG org.springframework.data.convert.CustomConversions - Adding converter from class java.lang.String to class java.time.Instant as reading converter.
19:47:33.824 [Test worker] DEBUG org.springframework.data.convert.CustomConversions - Adding converter from class java.lang.String to class java.time.LocalDate as reading converter.
19:47:33.824 [Test worker] DEBUG org.springframework.data.convert.CustomConversions - Adding converter from class java.lang.String to class java.time.LocalDateTime as reading converter.
19:47:33.825 [Test worker] DEBUG org.springframework.data.convert.CustomConversions - Adding converter from class java.lang.String to class java.time.OffsetDateTime as reading converter.
19:47:33.825 [Test worker] DEBUG org.springframework.data.convert.CustomConversions - Adding converter from class java.lang.String to class java.time.ZonedDateTime as reading converter.
19:47:33.825 [Test worker] DEBUG org.springframework.data.convert.CustomConversions - Adding converter from class java.lang.String to class java.util.UUID as reading converter.
19:47:33.825 [Test worker] DEBUG org.springframework.data.convert.CustomConversions - Adding converter from class java.util.UUID to class java.lang.String as writing converter.
19:47:33.825 [Test worker] DEBUG org.springframework.data.convert.CustomConversions - Adding converter from class java.util.Date to class java.time.LocalDateTime as reading converter.
19:47:33.825 [Test worker] DEBUG org.springframework.data.convert.CustomConversions - Adding converter from class java.time.LocalDateTime to class java.util.Date as writing converter.
19:47:33.825 [Test worker] DEBUG org.springframework.data.convert.CustomConversions - Adding converter from class java.util.Date to class java.time.LocalDate as reading converter.
19:47:33.825 [Test worker] DEBUG org.springframework.data.convert.CustomConversions - Adding converter from class java.time.LocalDate to class java.util.Date as writing converter.
19:47:33.825 [Test worker] DEBUG org.springframework.data.convert.CustomConversions - Adding converter from class java.util.Date to class java.time.LocalTime as reading converter.
19:47:33.826 [Test worker] DEBUG org.springframework.data.convert.CustomConversions - Adding converter from class java.time.LocalTime to class java.util.Date as writing converter.
19:47:33.826 [Test worker] DEBUG org.springframework.data.convert.CustomConversions - Adding converter from class java.util.Date to class java.time.Instant as reading converter.
19:47:33.826 [Test worker] DEBUG org.springframework.data.convert.CustomConversions - Adding converter from class java.time.Instant to class java.util.Date as writing converter.
19:47:33.826 [Test worker] DEBUG org.springframework.data.convert.CustomConversions - Adding converter from class java.time.LocalDateTime to class java.time.Instant as reading converter.
19:47:33.826 [Test worker] DEBUG org.springframework.data.convert.CustomConversions - Adding converter from class java.time.Instant to class java.time.LocalDateTime as reading converter.
19:47:33.826 [Test worker] DEBUG org.springframework.data.convert.CustomConversions - Adding converter from class java.time.ZoneId to class java.lang.String as writing converter.
19:47:33.826 [Test worker] DEBUG org.springframework.data.convert.CustomConversions - Adding converter from class java.lang.String to class java.time.ZoneId as reading converter.
19:47:33.826 [Test worker] DEBUG org.springframework.data.convert.CustomConversions - Adding converter from class java.time.Duration to class java.lang.String as writing converter.
19:47:33.826 [Test worker] DEBUG org.springframework.data.convert.CustomConversions - Adding converter from class java.lang.String to class java.time.Duration as reading converter.
19:47:33.827 [Test worker] DEBUG org.springframework.data.convert.CustomConversions - Adding converter from class java.time.Period to class java.lang.String as writing converter.
19:47:33.827 [Test worker] DEBUG org.springframework.data.convert.CustomConversions - Adding converter from class java.lang.String to class java.time.Period as reading converter.
19:47:33.827 [Test worker] DEBUG org.springframework.data.convert.CustomConversions - Adding converter from class java.lang.String to class java.time.LocalDate as reading converter.
19:47:33.827 [Test worker] DEBUG org.springframework.data.convert.CustomConversions - Adding converter from class java.lang.String to class java.time.LocalDateTime as reading converter.
19:47:33.827 [Test worker] DEBUG org.springframework.data.convert.CustomConversions - Adding converter from class java.lang.String to class java.time.Instant as reading converter.
19:47:33.840 [Test worker] DEBUG org.springframework.data.convert.CustomConversions - Adding converter from class java.util.Date to class java.lang.String as writing converter.
19:47:33.840 [Test worker] DEBUG org.springframework.data.convert.CustomConversions - Adding converter from class java.time.Instant to class java.lang.String as writing converter.
19:47:33.840 [Test worker] DEBUG org.springframework.data.convert.CustomConversions - Adding converter from class java.time.LocalDate to class java.lang.String as writing converter.
19:47:33.840 [Test worker] DEBUG org.springframework.data.convert.CustomConversions - Adding converter from class java.time.LocalDateTime to class java.lang.String as writing converter.
19:47:33.840 [Test worker] DEBUG org.springframework.data.convert.CustomConversions - Adding converter from class java.time.OffsetDateTime to class java.lang.String as writing converter.
19:47:33.840 [Test worker] DEBUG org.springframework.data.convert.CustomConversions - Adding converter from class java.time.ZonedDateTime to class java.lang.String as writing converter.
19:47:33.841 [Test worker] DEBUG org.springframework.data.convert.CustomConversions - Adding converter from class java.lang.String to class java.util.Date as reading converter.
19:47:33.841 [Test worker] DEBUG org.springframework.data.convert.CustomConversions - Adding converter from class java.lang.String to class java.time.Instant as reading converter.
19:47:33.841 [Test worker] DEBUG org.springframework.data.convert.CustomConversions - Adding converter from class java.lang.String to class java.time.LocalDate as reading converter.
19:47:33.841 [Test worker] DEBUG org.springframework.data.convert.CustomConversions - Adding converter from class java.lang.String to class java.time.LocalDateTime as reading converter.
19:47:33.841 [Test worker] DEBUG org.springframework.data.convert.CustomConversions - Adding converter from class java.lang.String to class java.time.OffsetDateTime as reading converter.
19:47:33.841 [Test worker] DEBUG org.springframework.data.convert.CustomConversions - Adding converter from class java.lang.String to class java.time.ZonedDateTime as reading converter.
19:47:33.841 [Test worker] DEBUG org.springframework.data.convert.CustomConversions - Adding converter from class java.lang.String to class java.util.UUID as reading converter.
19:47:33.841 [Test worker] DEBUG org.springframework.data.convert.CustomConversions - Adding converter from class java.util.UUID to class java.lang.String as writing converter.
19:47:33.841 [Test worker] DEBUG org.springframework.data.convert.CustomConversions - Adding converter from class java.util.Date to class java.time.LocalDateTime as reading converter.
19:47:33.841 [Test worker] DEBUG org.springframework.data.convert.CustomConversions - Adding converter from class java.time.LocalDateTime to class java.util.Date as writing converter.
19:47:33.841 [Test worker] DEBUG org.springframework.data.convert.CustomConversions - Adding converter from class java.util.Date to class java.time.LocalDate as reading converter.
19:47:33.842 [Test worker] DEBUG org.springframework.data.convert.CustomConversions - Adding converter from class java.time.LocalDate to class java.util.Date as writing converter.
19:47:33.842 [Test worker] DEBUG org.springframework.data.convert.CustomConversions - Adding converter from class java.util.Date to class java.time.LocalTime as reading converter.
19:47:33.842 [Test worker] DEBUG org.springframework.data.convert.CustomConversions - Adding converter from class java.time.LocalTime to class java.util.Date as writing converter.
19:47:33.842 [Test worker] DEBUG org.springframework.data.convert.CustomConversions - Adding converter from class java.util.Date to class java.time.Instant as reading converter.
19:47:33.842 [Test worker] DEBUG org.springframework.data.convert.CustomConversions - Adding converter from class java.time.Instant to class java.util.Date as writing converter.
19:47:33.842 [Test worker] DEBUG org.springframework.data.convert.CustomConversions - Adding converter from class java.time.LocalDateTime to class java.time.Instant as reading converter.
19:47:33.842 [Test worker] DEBUG org.springframework.data.convert.CustomConversions - Adding converter from class java.time.Instant to class java.time.LocalDateTime as reading converter.
19:47:33.842 [Test worker] DEBUG org.springframework.data.convert.CustomConversions - Adding converter from class java.time.ZoneId to class java.lang.String as writing converter.
19:47:33.842 [Test worker] DEBUG org.springframework.data.convert.CustomConversions - Adding converter from class java.lang.String to class java.time.ZoneId as reading converter.
19:47:33.842 [Test worker] DEBUG org.springframework.data.convert.CustomConversions - Adding converter from class java.time.Duration to class java.lang.String as writing converter.
19:47:33.843 [Test worker] DEBUG org.springframework.data.convert.CustomConversions - Adding converter from class java.lang.String to class java.time.Duration as reading converter.
19:47:33.843 [Test worker] DEBUG org.springframework.data.convert.CustomConversions - Adding converter from class java.time.Period to class java.lang.String as writing converter.
19:47:33.843 [Test worker] DEBUG org.springframework.data.convert.CustomConversions - Adding converter from class java.lang.String to class java.time.Period as reading converter.
19:47:33.843 [Test worker] DEBUG org.springframework.data.convert.CustomConversions - Adding converter from class java.lang.String to class java.time.LocalDate as reading converter.
19:47:33.843 [Test worker] DEBUG org.springframework.data.convert.CustomConversions - Adding converter from class java.lang.String to class java.time.LocalDateTime as reading converter.
19:47:33.843 [Test worker] DEBUG org.springframework.data.convert.CustomConversions - Adding converter from class java.lang.String to class java.time.Instant as reading converter.
19:47:33.850 [Test worker] DEBUG org.springframework.beans.factory.support.DefaultListableBeanFactory - Creating shared instance of singleton bean 'arangoTransactionalRepositoryImplFragment'
19:47:33.851 [Test worker] DEBUG org.springframework.beans.factory.support.DefaultListableBeanFactory - Creating shared instance of singleton bean 'arangoTransactionalRepositoryImpl'
19:47:33.851 [Test worker] DEBUG org.springframework.beans.factory.support.DefaultListableBeanFactory - Creating shared instance of singleton bean 'getTransactionManager'
19:47:33.853 [Test worker] DEBUG org.springframework.beans.factory.support.DefaultListableBeanFactory - Autowiring by type from bean name 'getTransactionManager' via factory method to bean named 'arangoMappingContext'
19:47:33.853 [Test worker] DEBUG org.springframework.beans.factory.support.DefaultListableBeanFactory - Autowiring by type from bean name 'getTransactionManager' via factory method to bean named 'arangoTemplate'
19:47:33.853 [Test worker] DEBUG org.springframework.beans.factory.support.DefaultListableBeanFactory - Autowiring by type from bean name 'getTransactionManager' via factory method to bean named 'arangoConverter'
19:47:33.853 [Test worker] DEBUG org.springframework.beans.factory.support.DefaultListableBeanFactory - Autowiring by type from bean name 'getTransactionManager' via factory method to bean named 'arangoDBConfiguration'
19:47:33.855 [Test worker] DEBUG org.springframework.beans.factory.support.DefaultListableBeanFactory - Autowiring by type from bean name 'arangoTransactionalRepositoryImpl' via constructor to bean named 'getTransactionManager'
19:47:33.858 [Test worker] DEBUG org.springframework.data.repository.core.support.RepositoryFactorySupport - Initializing repository instance for com.talentica.arangodb.repository.BookRepository…
19:47:33.862 [Test worker] DEBUG org.springframework.data.repository.core.support.RepositoryFactorySupport - Finished creation of repository instance for com.talentica.arangodb.repository.BookRepository.
19:47:33.888 [Test worker] DEBUG com.arangodb.internal.velocystream.internal.VstConnection - Connection connection_1609769853888_0.9839316636681 created
19:47:33.888 [Test worker] DEBUG com.arangodb.internal.net.ConnectionPoolImpl - Return Connection connection_1609769853888_0.9839316636681
19:47:33.888 [Test worker] DEBUG com.arangodb.internal.velocystream.internal.VstConnection - Open connection to host[addr=localhost,port=8529]
19:47:33.889 [Test worker] DEBUG com.arangodb.internal.velocystream.internal.VstConnection - Connected to Socket[addr=localhost/127.0.0.1,port=8529,localport=45668]
19:47:33.889 [Test worker] DEBUG com.arangodb.internal.velocystream.internal.VstConnection - Send velocystream protocol header to Socket[addr=localhost/127.0.0.1,port=8529,localport=45668]
19:47:33.889 [pool-2-thread-1] DEBUG com.arangodb.internal.velocystream.internal.VstConnection - Start Callable for connection_1609769853888_0.9839316636681
19:47:33.889 [Test worker] DEBUG com.arangodb.internal.velocystream.VstCommunicationSync - Send Message (id=11, head=[1,1000,"plain","root","password"], body={})
19:47:33.891 [Test worker] DEBUG com.arangodb.internal.velocystream.internal.VstConnection - Send chunk 1:1 from message 11
19:47:33.891 [pool-2-thread-1] DEBUG com.arangodb.internal.velocystream.internal.VstConnection - Received chunk 1:1 from message 11
19:47:33.891 [pool-2-thread-1] DEBUG com.arangodb.internal.velocystream.internal.VstConnection - Responsetime for Message 11 is 0
19:47:33.892 [pool-2-thread-1] DEBUG com.arangodb.internal.velocystream.internal.MessageStore - Received Message (id=11, head=[1,2,200,{}], body={"error":false,"errorNum":0,"code":200})
19:47:33.892 [Test worker] DEBUG com.arangodb.internal.net.HostSet - Added Host HostImpl [connectionPool=ConnectionPoolImpl [host=host[addr=localhost,port=8529], maxConnections=1, connections=1, current=1, factory=VstConnectionFactorySync], description=host[addr=localhost,port=8529], markforDeletion=false] - now 1 Hosts in List
19:47:33.892 [Test worker] DEBUG com.arangodb.internal.velocystream.VstCommunicationSync - Send Message (id=12, head=[1,1,"_system",1,"/_api/collection/Books",{},{"content-type":"application/x-velocypack","accept":"application/x-velocypack"}], body={})
19:47:33.892 [Test worker] DEBUG com.arangodb.internal.velocystream.internal.VstConnection - Send chunk 1:1 from message 12
19:47:33.892 [pool-2-thread-1] DEBUG com.arangodb.internal.velocystream.internal.VstConnection - Received chunk 1:1 from message 12
19:47:33.893 [pool-2-thread-1] DEBUG com.arangodb.internal.velocystream.internal.VstConnection - Responsetime for Message 12 is 1
19:47:33.893 [pool-2-thread-1] DEBUG com.arangodb.internal.velocystream.internal.MessageStore - Received Message (id=12, head=[1,2,200,{}], body={"error":false,"code":200,"type":2,"isSystem":false,"id":"2843677","globallyUniqueId":"h371E083F0103/2843677","name":"Books","status":3})
19:47:33.893 [Test worker] DEBUG com.arangodb.internal.net.ConnectionPoolImpl - Return Connection connection_1609769853888_0.9839316636681
19:47:33.893 [Test worker] DEBUG com.arangodb.internal.velocystream.VstCommunicationSync - Send Message (id=13, head=[1,1,"test",1,"/_api/database/current",{},{"content-type":"application/x-velocypack","accept":"application/x-velocypack"}], body={})
19:47:33.894 [Test worker] DEBUG com.arangodb.internal.velocystream.internal.VstConnection - Send chunk 1:1 from message 13
19:47:33.894 [pool-2-thread-1] DEBUG com.arangodb.internal.velocystream.internal.VstConnection - Received chunk 1:1 from message 13
19:47:33.894 [pool-2-thread-1] DEBUG com.arangodb.internal.velocystream.internal.VstConnection - Responsetime for Message 13 is 0
19:47:33.894 [pool-2-thread-1] DEBUG com.arangodb.internal.velocystream.internal.MessageStore - Received Message (id=13, head=[1,2,200,{}], body={"error":false,"code":200,"result":{"id":"2846231","name":"test","isSystem":false,"path":"none"}})
19:47:33.895 [Test worker] DEBUG com.arangodb.internal.net.ConnectionPoolImpl - Return Connection connection_1609769853888_0.9839316636681
19:47:33.895 [Test worker] DEBUG com.arangodb.internal.velocystream.VstCommunicationSync - Send Message (id=14, head=[1,1,"test",1,"/_api/collection/Books",{},{"content-type":"application/x-velocypack","accept":"application/x-velocypack"}], body={})
19:47:33.895 [Test worker] DEBUG com.arangodb.internal.velocystream.internal.VstConnection - Send chunk 1:1 from message 14
19:47:33.895 [pool-2-thread-1] DEBUG com.arangodb.internal.velocystream.internal.VstConnection - Received chunk 1:1 from message 14
19:47:33.895 [pool-2-thread-1] DEBUG com.arangodb.internal.velocystream.internal.VstConnection - Responsetime for Message 14 is 0
19:47:33.895 [pool-2-thread-1] DEBUG com.arangodb.internal.velocystream.internal.MessageStore - Received Message (id=14, head=[1,2,200,{}], body={"error":false,"code":200,"type":2,"isSystem":false,"id":"3668205","globallyUniqueId":"h371E083F0103/3668205","name":"Books","status":3})
19:47:33.897 [Test worker] DEBUG com.arangodb.internal.net.ConnectionPoolImpl - Return Connection connection_1609769853888_0.9839316636681
19:47:33.897 [Test worker] DEBUG com.arangodb.internal.velocystream.VstCommunicationSync - Send Message (id=15, head=[1,1,"test",2,"/_api/index",{"collection":"Books"},{"content-type":"application/x-velocypack","accept":"application/x-velocypack"}], body={"fields":["uuid"],"sparse":false,"type":"persistent","unique":true})
19:47:33.897 [Test worker] DEBUG com.arangodb.internal.velocystream.internal.VstConnection - Send chunk 1:1 from message 15
19:47:33.897 [pool-2-thread-1] DEBUG com.arangodb.internal.velocystream.internal.VstConnection - Received chunk 1:1 from message 15
19:47:33.898 [pool-2-thread-1] DEBUG com.arangodb.internal.velocystream.internal.VstConnection - Responsetime for Message 15 is 1
19:47:33.898 [pool-2-thread-1] DEBUG com.arangodb.internal.velocystream.internal.MessageStore - Received Message (id=15, head=[1,2,200,{}], body={"deduplicate":true,"fields":["uuid"],"id":"Books/3668210","isNewlyCreated":false,"name":"idx_1687950692959911936","selectivityEstimate":1.0,"sparse":false,"type":"persistent","unique":true,"error":false,"code":200})
19:47:33.918 [Test worker] DEBUG com.arangodb.internal.net.ConnectionPoolImpl - Return Connection connection_1609769853888_0.9839316636681
19:47:33.918 [Test worker] DEBUG com.arangodb.internal.velocystream.VstCommunicationSync - Send Message (id=16, head=[1,1,"test",2,"/_api/transaction",{},{"content-type":"application/x-velocypack","accept":"application/x-velocypack"}], body={"action":"function(){\n var result = [];db = require(\"@arangodb\").db; \nresult[0]=db._query(\"LET doc = {\\\"uuid\\\":\\\"375d7a87-339e-43cc-aec6-2f790fe3ee7c\\\",\\\"title\\\":\\\"Little Wizard Stories of Oz\\\",\\\"subjects\\\":[\\\"Short stories\\\",\\\"Oz (Imaginary place) -- Juvenile fiction\\\",\\\"Children's stories, American\\\",\\\"Fantasy literature\\\",\\\"PZ\\\"],\\\"bookshelves\\\":[\\\"Children's Literature\\\"],\\\"formats\\\":[{\\\"url\\\":\\\"https:\\/\\/www.gutenberg.org\\/ebooks\\/25519.txt.utf-8\\\",\\\"format\\\":\\\"text\\/plain\\\",\\\"extent\\\":82387,\\\"modified\\\":\\\"2020-11-12T22:37:19.000Z\\\"},{\\\"url\\\":\\\"https:\\/\\/www.gutenberg.org\\/cache\\/epub\\/25519\\/pg25519.cover.medium.jpg\\\",\\\"format\\\":\\\"image\\/jpeg\\\",\\\"extent\\\":28541,\\\"modified\\\":\\\"2020-11-12T22:37:23.000Z\\\"},{\\\"url\\\":\\\"https:\\/\\/www.gutenberg.org\\/files\\/25519\\/25519-h\\/25519-h.htm\\\",\\\"format\\\":\\\"text\\/html; charset=iso-8859-1\\\",\\\"extent\\\":96891,\\\"modified\\\":\\\"2008-05-19T07:06:47.000Z\\\"},{\\\"url\\\":\\\"https:\\/\\/www.gutenberg.org\\/ebooks\\/25519.rdf\\\",\\\"format\\\":\\\"application\\/rdf+xml\\\",\\\"extent\\\":15353,\\\"modified\\\":\\\"2020-12-09T23:52:50.000Z\\\"},{\\\"url\\\":\\\"https:\\/\\/www.gutenberg.org\\/files\\/25519\\/25519.zip\\\",\\\"format\\\":\\\"application\\/zip\\\",\\\"extent\\\":31335,\\\"modified\\\":\\\"2008-05-19T06:53:53.000Z\\\"},{\\\"url\\\":\\\"https:\\/\\/www.gutenberg.org\\/files\\/25519\\/25519-h.zip\\\",\\\"format\\\":\\\"text\\/html; charset=iso-8859-1\\\",\\\"extent\\\":2432399,\\\"modified\\\":\\\"2008-05-19T07:10:43.000Z\\\"},{\\\"url\\\":\\\"https:\\/\\/www.gutenberg.org\\/ebooks\\/25519.epub.images\\\",\\\"format\\\":\\\"application\\/epub+zip\\\",\\\"extent\\\":2375216,\\\"modified\\\":\\\"2020-11-12T22:37:21.000Z\\\"},{\\\"url\\\":\\\"https:\\/\\/www.gutenberg.org\\/ebooks\\/25519.kindle.images\\\",\\\"format\\\":\\\"application\\/x-mobipocket-ebook\\\",\\\"extent\\\":4826772,\\\"modified\\\":\\\"2020-11-12T22:37:23.000Z\\\"},{\\\"url\\\":\\\"https:\\/\\/www.gutenberg.org\\/ebooks\\/25519.kindle.noimages\\\",\\\"format\\\":\\\"application\\/x-mobipocket-ebook\\\",\\\"extent\\\":294097,\\\"modified\\\":\\\"2020-11-12T22:37:23.000Z\\\"},{\\\"url\\\":\\\"https:\\/\\/www.gutenberg.org\\/cache\\/epub\\/25519\\/pg25519.cover.small.jpg\\\",\\\"format\\\":\\\"image\\/jpeg\\\",\\\"extent\\\":4408,\\\"modified\\\":\\\"2020-11-12T22:37:23.000Z\\\"},{\\\"url\\\":\\\"https:\\/\\/www.gutenberg.org\\/ebooks\\/25519.epub.noimages\\\",\\\"format\\\":\\\"application\\/epub+zip\\\",\\\"extent\\\":89149,\\\"modified\\\":\\\"2020-11-12T22:37:21.000Z\\\"},{\\\"url\\\":\\\"https:\\/\\/www.gutenberg.org\\/files\\/25519\\/25519.txt\\\",\\\"format\\\":\\\"text\\/plain; charset=us-ascii\\\",\\\"extent\\\":82386,\\\"modified\\\":\\\"2008-05-19T06:53:53.000Z\\\"}],\\\"creators\\\":[{\\\"name\\\":\\\"Baum, L. Frank (Lyman Frank)\\\",\\\"birthDate\\\":1856,\\\"deathDate\\\":1919,\\\"alias\\\":\\\"Metcalf, Suzanne\\\",\\\"webpage\\\":\\\"https:\\/\\/en.wikipedia.org\\/wiki\\/L._Frank_Baum\\\"}],\\\"downloads\\\":133,\\\"_class\\\":\\\"com.talentica.arangodb.entity.Book\\\"} UPSERT { _key: doc._key } INSERT doc._key == null ? UNSET(doc, \\\"_key\\\") : doc REPLACE doc IN Books OPTIONS { ignoreRevs: false } RETURN NEW\")['_documents'][0];\nreturn result; \n }","collections":{"write":["Books"]},"waitForSync":true})
19:47:33.919 [Test worker] DEBUG com.arangodb.internal.velocystream.internal.VstConnection - Send chunk 1:1 from message 16
19:47:33.924 [pool-2-thread-1] DEBUG com.arangodb.internal.velocystream.internal.VstConnection - Received chunk 1:1 from message 16
19:47:33.924 [pool-2-thread-1] DEBUG com.arangodb.internal.velocystream.internal.VstConnection - Responsetime for Message 16 is 5
19:47:33.925 [pool-2-thread-1] DEBUG com.arangodb.internal.velocystream.internal.MessageStore - Received Message (id=16, head=[1,2,200,{}], body={"error":false,"code":200,"result":[{"_key":"3677674","_id":"Books/3677674","_rev":"_bq1Am8----","_class":"com.talentica.arangodb.entity.Book","bookshelves":["Children's Literature"],"creators":[{"name":"Baum, L. Frank (Lyman Frank)","birthDate":1856,"deathDate":1919,"alias":"Metcalf, Suzanne","webpage":"https://en.wikipedia.org/wiki/L._Frank_Baum"}],"downloads":133,"formats":[{"url":"https://www.gutenberg.org/ebooks/25519.txt.utf-8","format":"text/plain","extent":82387,"modified":"2020-11-12T22:37:19.000Z"},{"url":"https://www.gutenberg.org/cache/epub/25519/pg25519.cover.medium.jpg","format":"image/jpeg","extent":28541,"modified":"2020-11-12T22:37:23.000Z"},{"url":"https://www.gutenberg.org/files/25519/25519-h/25519-h.htm","format":"text/html; charset=iso-8859-1","extent":96891,"modified":"2008-05-19T07:06:47.000Z"},{"url":"https://www.gutenberg.org/ebooks/25519.rdf","format":"application/rdf+xml","extent":15353,"modified":"2020-12-09T23:52:50.000Z"},{"url":"https://www.gutenberg.org/files/25519/25519.zip","format":"application/zip","extent":31335,"modified":"2008-05-19T06:53:53.000Z"},{"url":"https://www.gutenberg.org/files/25519/25519-h.zip","format":"text/html; charset=iso-8859-1","extent":2432399,"modified":"2008-05-19T07:10:43.000Z"},{"url":"https://www.gutenberg.org/ebooks/25519.epub.images","format":"application/epub+zip","extent":2375216,"modified":"2020-11-12T22:37:21.000Z"},{"url":"https://www.gutenberg.org/ebooks/25519.kindle.images","format":"application/x-mobipocket-ebook","extent":4826772,"modified":"2020-11-12T22:37:23.000Z"},{"url":"https://www.gutenberg.org/ebooks/25519.kindle.noimages","format":"application/x-mobipocket-ebook","extent":294097,"modified":"2020-11-12T22:37:23.000Z"},{"url":"https://www.gutenberg.org/cache/epub/25519/pg25519.cover.small.jpg","format":"image/jpeg","extent":4408,"modified":"2020-11-12T22:37:23.000Z"},{"url":"https://www.gutenberg.org/ebooks/25519.epub.noimages","format":"application/epub+zip","extent":89149,"modified":"2020-11-12T22:37:21.000Z"},{"url":"https://www.gutenberg.org/files/25519/25519.txt","format":"text/plain; charset=us-ascii","extent":82386,"modified":"2008-05-19T06:53:53.000Z"}],"subjects":["Short stories","Oz (Imaginary place) -- Juvenile fiction","Children's stories, American","Fantasy literature","PZ"],"title":"Little Wizard Stories of Oz","uuid":"375d7a87-339e-43cc-aec6-2f790fe3ee7c"}]})
19:47:33.933 [Test worker] DEBUG com.arangodb.internal.net.ConnectionPoolImpl - Return Connection connection_1609769853888_0.9839316636681
19:47:33.933 [Test worker] DEBUG com.arangodb.internal.velocystream.VstCommunicationSync - Send Message (id=17, head=[1,1,"test",2,"/_api/cursor",{},{"content-type":"application/x-velocypack","accept":"application/x-velocypack"}], body={"bindVars":{"0":"375d7a87-339e-43cc-aec6-2f790fe3ee7c"},"query":"FOR e IN Books FILTER e.uuid == @0  RETURN e"})
19:47:33.933 [Test worker] DEBUG com.arangodb.internal.velocystream.internal.VstConnection - Send chunk 1:1 from message 17
19:47:33.934 [pool-2-thread-1] DEBUG com.arangodb.internal.velocystream.internal.VstConnection - Received chunk 1:1 from message 17
19:47:33.934 [pool-2-thread-1] DEBUG com.arangodb.internal.velocystream.internal.VstConnection - Responsetime for Message 17 is 1
19:47:33.934 [pool-2-thread-1] DEBUG com.arangodb.internal.velocystream.internal.MessageStore - Received Message (id=17, head=[1,2,201,{}], body={"result":[{"_key":"3677674","_id":"Books/3677674","_rev":"_bq1Am8----","_class":"com.talentica.arangodb.entity.Book","bookshelves":["Children's Literature"],"creators":[{"name":"Baum, L. Frank (Lyman Frank)","birthDate":1856,"deathDate":1919,"alias":"Metcalf, Suzanne","webpage":"https://en.wikipedia.org/wiki/L._Frank_Baum"}],"downloads":133,"formats":[{"url":"https://www.gutenberg.org/ebooks/25519.txt.utf-8","format":"text/plain","extent":82387,"modified":"2020-11-12T22:37:19.000Z"},{"url":"https://www.gutenberg.org/cache/epub/25519/pg25519.cover.medium.jpg","format":"image/jpeg","extent":28541,"modified":"2020-11-12T22:37:23.000Z"},{"url":"https://www.gutenberg.org/files/25519/25519-h/25519-h.htm","format":"text/html; charset=iso-8859-1","extent":96891,"modified":"2008-05-19T07:06:47.000Z"},{"url":"https://www.gutenberg.org/ebooks/25519.rdf","format":"application/rdf+xml","extent":15353,"modified":"2020-12-09T23:52:50.000Z"},{"url":"https://www.gutenberg.org/files/25519/25519.zip","format":"application/zip","extent":31335,"modified":"2008-05-19T06:53:53.000Z"},{"url":"https://www.gutenberg.org/files/25519/25519-h.zip","format":"text/html; charset=iso-8859-1","extent":2432399,"modified":"2008-05-19T07:10:43.000Z"},{"url":"https://www.gutenberg.org/ebooks/25519.epub.images","format":"application/epub+zip","extent":2375216,"modified":"2020-11-12T22:37:21.000Z"},{"url":"https://www.gutenberg.org/ebooks/25519.kindle.images","format":"application/x-mobipocket-ebook","extent":4826772,"modified":"2020-11-12T22:37:23.000Z"},{"url":"https://www.gutenberg.org/ebooks/25519.kindle.noimages","format":"application/x-mobipocket-ebook","extent":294097,"modified":"2020-11-12T22:37:23.000Z"},{"url":"https://www.gutenberg.org/cache/epub/25519/pg25519.cover.small.jpg","format":"image/jpeg","extent":4408,"modified":"2020-11-12T22:37:23.000Z"},{"url":"https://www.gutenberg.org/ebooks/25519.epub.noimages","format":"application/epub+zip","extent":89149,"modified":"2020-11-12T22:37:21.000Z"},{"url":"https://www.gutenberg.org/files/25519/25519.txt","format":"text/plain; charset=us-ascii","extent":82386,"modified":"2008-05-19T06:53:53.000Z"}],"subjects":["Short stories","Oz (Imaginary place) -- Juvenile fiction","Children's stories, American","Fantasy literature","PZ"],"title":"Little Wizard Stories of Oz","uuid":"375d7a87-339e-43cc-aec6-2f790fe3ee7c"}],"hasMore":false,"cached":false,"extra":{"stats":{"writesExecuted":0,"writesIgnored":0,"scannedFull":0,"scannedIndex":1,"filtered":0,"httpRequests":0,"executionTime":2.297040045959875E-4,"peakMemoryUsage":24005},"warnings":[]},"error":false,"code":201})
19:47:33.935 [Test worker] DEBUG com.arangodb.internal.ArangoExecutorSync - Response is MetaAware com.arangodb.entity.CursorEntity
19:47:33.948 [Test worker] DEBUG com.arangodb.internal.net.ConnectionPoolImpl - Return Connection connection_1609769853888_0.9839316636681
19:47:33.948 [Test worker] DEBUG com.arangodb.internal.velocystream.VstCommunicationSync - Send Message (id=18, head=[1,1,"test",2,"/_api/transaction",{},{"content-type":"application/x-velocypack","accept":"application/x-velocypack"}], body={"action":"function(){\n var result = [];db = require(\"@arangodb\").db; \nresult[0]=db._query(\"LET doc = {\\\"_key\\\":\\\"3677674\\\",\\\"uuid\\\":\\\"375d7a87-339e-43cc-aec6-2f790fe3ee7c\\\",\\\"title\\\":\\\"Little Wizard Stories of Oz\\\",\\\"subjects\\\":[\\\"Short stories\\\",\\\"Oz (Imaginary place) -- Juvenile fiction\\\",\\\"Children's stories, American\\\",\\\"Fantasy literature\\\",\\\"PZ\\\"],\\\"bookshelves\\\":[\\\"Children's Literature\\\"],\\\"formats\\\":[{\\\"url\\\":\\\"https:\\/\\/www.gutenberg.org\\/ebooks\\/25519.txt.utf-8\\\",\\\"format\\\":\\\"text\\/plain\\\",\\\"extent\\\":82387,\\\"modified\\\":\\\"2020-11-12T22:37:19.000Z\\\"},{\\\"url\\\":\\\"https:\\/\\/www.gutenberg.org\\/cache\\/epub\\/25519\\/pg25519.cover.medium.jpg\\\",\\\"format\\\":\\\"image\\/jpeg\\\",\\\"extent\\\":28541,\\\"modified\\\":\\\"2020-11-12T22:37:23.000Z\\\"},{\\\"url\\\":\\\"https:\\/\\/www.gutenberg.org\\/files\\/25519\\/25519-h\\/25519-h.htm\\\",\\\"format\\\":\\\"text\\/html; charset=iso-8859-1\\\",\\\"extent\\\":96891,\\\"modified\\\":\\\"2008-05-19T07:06:47.000Z\\\"},{\\\"url\\\":\\\"https:\\/\\/www.gutenberg.org\\/ebooks\\/25519.rdf\\\",\\\"format\\\":\\\"application\\/rdf+xml\\\",\\\"extent\\\":15353,\\\"modified\\\":\\\"2020-12-09T23:52:50.000Z\\\"},{\\\"url\\\":\\\"https:\\/\\/www.gutenberg.org\\/files\\/25519\\/25519.zip\\\",\\\"format\\\":\\\"application\\/zip\\\",\\\"extent\\\":31335,\\\"modified\\\":\\\"2008-05-19T06:53:53.000Z\\\"},{\\\"url\\\":\\\"https:\\/\\/www.gutenberg.org\\/files\\/25519\\/25519-h.zip\\\",\\\"format\\\":\\\"text\\/html; charset=iso-8859-1\\\",\\\"extent\\\":2432399,\\\"modified\\\":\\\"2008-05-19T07:10:43.000Z\\\"},{\\\"url\\\":\\\"https:\\/\\/www.gutenberg.org\\/ebooks\\/25519.epub.images\\\",\\\"format\\\":\\\"application\\/epub+zip\\\",\\\"extent\\\":2375216,\\\"modified\\\":\\\"2020-11-12T22:37:21.000Z\\\"},{\\\"url\\\":\\\"https:\\/\\/www.gutenberg.org\\/ebooks\\/25519.kindle.images\\\",\\\"format\\\":\\\"application\\/x-mobipocket-ebook\\\",\\\"extent\\\":4826772,\\\"modified\\\":\\\"2020-11-12T22:37:23.000Z\\\"},{\\\"url\\\":\\\"https:\\/\\/www.gutenberg.org\\/ebooks\\/25519.kindle.noimages\\\",\\\"format\\\":\\\"application\\/x-mobipocket-ebook\\\",\\\"extent\\\":294097,\\\"modified\\\":\\\"2020-11-12T22:37:23.000Z\\\"},{\\\"url\\\":\\\"https:\\/\\/www.gutenberg.org\\/cache\\/epub\\/25519\\/pg25519.cover.small.jpg\\\",\\\"format\\\":\\\"image\\/jpeg\\\",\\\"extent\\\":4408,\\\"modified\\\":\\\"2020-11-12T22:37:23.000Z\\\"},{\\\"url\\\":\\\"https:\\/\\/www.gutenberg.org\\/ebooks\\/25519.epub.noimages\\\",\\\"format\\\":\\\"application\\/epub+zip\\\",\\\"extent\\\":89149,\\\"modified\\\":\\\"2020-11-12T22:37:21.000Z\\\"},{\\\"url\\\":\\\"https:\\/\\/www.gutenberg.org\\/files\\/25519\\/25519.txt\\\",\\\"format\\\":\\\"text\\/plain; charset=us-ascii\\\",\\\"extent\\\":82386,\\\"modified\\\":\\\"2008-05-19T06:53:53.000Z\\\"}],\\\"creators\\\":[{\\\"name\\\":\\\"Baum, L. Frank (Lyman Frank)\\\",\\\"birthDate\\\":1856,\\\"deathDate\\\":1919,\\\"alias\\\":\\\"Metcalf, Suzanne\\\",\\\"webpage\\\":\\\"https:\\/\\/en.wikipedia.org\\/wiki\\/L._Frank_Baum\\\"}],\\\"downloads\\\":1,\\\"_rev\\\":\\\"_bmNZa4C---\\\",\\\"_class\\\":\\\"com.talentica.arangodb.entity.Book\\\"} UPSERT { _key: doc._key } INSERT doc._key == null ? UNSET(doc, \\\"_key\\\") : doc REPLACE doc IN Books OPTIONS { ignoreRevs: false } RETURN NEW\")['_documents'][0];\nresult[1]=db._query(\"LET doc = {\\\"uuid\\\":\\\"0923ee53-b7a6-4271-ba53-4c6e35af2d4d\\\",\\\"title\\\":\\\"Moby-Dick; or, The Whale\\\",\\\"subjects\\\":[\\\"Whaling ships -- Fiction\\\",\\\"Whaling -- Fiction\\\",\\\"Ship captains -- Fiction\\\",\\\"Sea stories\\\",\\\"Ahab, Captain (Fictitious character) -- Fiction\\\",\\\"PS\\\",\\\"Psychological fiction\\\",\\\"Mentally ill -- Fiction\\\",\\\"Adventure stories\\\",\\\"Whales -- Fiction\\\"],\\\"bookshelves\\\":[\\\"Best Books Ever Listings\\\",\\\"Adventure\\\"],\\\"formats\\\":[{\\\"url\\\":\\\"http:\\/\\/www.gutenberg.org\\/files\\/15\\/15-h\\/15-h.htm\\\",\\\"format\\\":\\\"text\\/html; charset=utf-8\\\",\\\"extent\\\":1364131,\\\"modified\\\":\\\"2020-11-26T15:41:18.000Z\\\"},{\\\"url\\\":\\\"http:\\/\\/www.gutenberg.org\\/files\\/15\\/15-0.zip\\\",\\\"format\\\":\\\"text\\/plain; charset=utf-8\\\",\\\"extent\\\":514184,\\\"modified\\\":\\\"2020-11-26T15:50:01.000Z\\\"},{\\\"url\\\":\\\"http:\\/\\/www.gutenberg.org\\/ebooks\\/15.kindle.noimages\\\",\\\"format\\\":\\\"application\\/x-mobipocket-ebook\\\",\\\"extent\\\":2558187,\\\"modified\\\":\\\"2020-11-30T22:01:23.000Z\\\"},{\\\"url\\\":\\\"http:\\/\\/www.gutenberg.org\\/files\\/15\\/15-0.txt\\\",\\\"format\\\":\\\"text\\/plain; charset=utf-8\\\",\\\"extent\\\":1276817,\\\"modified\\\":\\\"2020-11-26T15:50:01.000Z\\\"},{\\\"url\\\":\\\"http:\\/\\/www.gutenberg.org\\/cache\\/epub\\/15\\/pg15.cover.small.jpg\\\",\\\"format\\\":\\\"image\\/jpeg\\\",\\\"extent\\\":3889,\\\"modified\\\":\\\"2020-11-30T22:01:23.000Z\\\"},{\\\"url\\\":\\\"http:\\/\\/www.gutenberg.org\\/cache\\/epub\\/15\\/pg15.cover.medium.jpg\\\",\\\"format\\\":\\\"image\\/jpeg\\\",\\\"extent\\\":13524,\\\"modified\\\":\\\"2020-11-30T22:01:24.000Z\\\"},{\\\"url\\\":\\\"http:\\/\\/www.gutenberg.org\\/ebooks\\/15.epub.noimages\\\",\\\"format\\\":\\\"application\\/epub+zip\\\",\\\"extent\\\":725851,\\\"modified\\\":\\\"2020-11-30T22:01:17.000Z\\\"},{\\\"url\\\":\\\"http:\\/\\/www.gutenberg.org\\/files\\/15\\/15-h.zip\\\",\\\"format\\\":\\\"text\\/html; charset=utf-8\\\",\\\"extent\\\":524252,\\\"modified\\\":\\\"2020-11-26T15:42:23.000Z\\\"},{\\\"url\\\":\\\"http:\\/\\/www.gutenberg.org\\/ebooks\\/15.kindle.images\\\",\\\"format\\\":\\\"application\\/x-mobipocket-ebook\\\",\\\"extent\\\":2565436,\\\"modified\\\":\\\"2020-11-30T22:01:20.000Z\\\"},{\\\"url\\\":\\\"http:\\/\\/www.gutenberg.org\\/files\\/15\\/15.zip\\\",\\\"format\\\":\\\"text\\/html; charset=utf-8\\\",\\\"extent\\\":524252,\\\"modified\\\":\\\"2020-11-26T15:41:57.000Z\\\"},{\\\"url\\\":\\\"http:\\/\\/www.gutenberg.org\\/ebooks\\/15.epub.images\\\",\\\"format\\\":\\\"application\\/epub+zip\\\",\\\"extent\\\":731192,\\\"modified\\\":\\\"2020-11-30T22:01:16.000Z\\\"},{\\\"url\\\":\\\"http:\\/\\/www.gutenberg.org\\/ebooks\\/15.rdf\\\",\\\"format\\\":\\\"application\\/rdf+xml\\\",\\\"extent\\\":16008,\\\"modified\\\":\\\"2020-12-02T23:30:05.000Z\\\"}],\\\"creators\\\":[{\\\"name\\\":\\\"Melville, Herman\\\",\\\"birthDate\\\":1819,\\\"deathDate\\\":1891,\\\"alias\\\":\\\"Melville, Hermann\\\",\\\"webpage\\\":\\\"https:\\/\\/en.wikipedia.org\\/wiki\\/Herman_Melville\\\"}],\\\"downloads\\\":850,\\\"_class\\\":\\\"com.talentica.arangodb.entity.Book\\\"} UPSERT { _key: doc._key } INSERT doc._key == null ? UNSET(doc, \\\"_key\\\") : doc REPLACE doc IN Books OPTIONS { ignoreRevs: false } RETURN NEW\")['_documents'][0];\nreturn result; \n }","collections":{"write":["Books","Books"]},"waitForSync":true})
19:47:33.948 [Test worker] DEBUG com.arangodb.internal.velocystream.internal.VstConnection - Send chunk 1:1 from message 18
19:47:33.951 [pool-2-thread-1] DEBUG com.arangodb.internal.velocystream.internal.VstConnection - Received chunk 1:1 from message 18
19:47:33.951 [pool-2-thread-1] DEBUG com.arangodb.internal.velocystream.internal.VstConnection - Responsetime for Message 18 is 2
19:47:33.951 [pool-2-thread-1] DEBUG com.arangodb.internal.velocystream.internal.MessageStore - Received Message (id=18, head=[1,2,409,{}], body={"code":409,"error":true,"errorMessage":"AQL: conflict (while executing)","errorNum":1200})
19:47:33.952 [Test worker] DEBUG com.arangodb.internal.net.ConnectionPoolImpl - Return Connection connection_1609769853888_0.9839316636681
19:47:33.953 [Test worker] DEBUG com.arangodb.internal.velocystream.VstCommunicationSync - Send Message (id=19, head=[1,1,"test",2,"/_api/cursor",{},{"content-type":"application/x-velocypack","accept":"application/x-velocypack"}], body={"bindVars":{"0":"375d7a87-339e-43cc-aec6-2f790fe3ee7c"},"query":"FOR e IN Books FILTER e.uuid == @0  RETURN e"})
19:47:33.953 [Test worker] DEBUG com.arangodb.internal.velocystream.internal.VstConnection - Send chunk 1:1 from message 19
19:47:33.953 [pool-2-thread-1] DEBUG com.arangodb.internal.velocystream.internal.VstConnection - Received chunk 1:1 from message 19
19:47:33.953 [pool-2-thread-1] DEBUG com.arangodb.internal.velocystream.internal.VstConnection - Responsetime for Message 19 is 0
19:47:33.954 [pool-2-thread-1] DEBUG com.arangodb.internal.velocystream.internal.MessageStore - Received Message (id=19, head=[1,2,201,{}], body={"result":[{"_key":"3677674","_id":"Books/3677674","_rev":"_bq1Am8----","_class":"com.talentica.arangodb.entity.Book","bookshelves":["Children's Literature"],"creators":[{"name":"Baum, L. Frank (Lyman Frank)","birthDate":1856,"deathDate":1919,"alias":"Metcalf, Suzanne","webpage":"https://en.wikipedia.org/wiki/L._Frank_Baum"}],"downloads":133,"formats":[{"url":"https://www.gutenberg.org/ebooks/25519.txt.utf-8","format":"text/plain","extent":82387,"modified":"2020-11-12T22:37:19.000Z"},{"url":"https://www.gutenberg.org/cache/epub/25519/pg25519.cover.medium.jpg","format":"image/jpeg","extent":28541,"modified":"2020-11-12T22:37:23.000Z"},{"url":"https://www.gutenberg.org/files/25519/25519-h/25519-h.htm","format":"text/html; charset=iso-8859-1","extent":96891,"modified":"2008-05-19T07:06:47.000Z"},{"url":"https://www.gutenberg.org/ebooks/25519.rdf","format":"application/rdf+xml","extent":15353,"modified":"2020-12-09T23:52:50.000Z"},{"url":"https://www.gutenberg.org/files/25519/25519.zip","format":"application/zip","extent":31335,"modified":"2008-05-19T06:53:53.000Z"},{"url":"https://www.gutenberg.org/files/25519/25519-h.zip","format":"text/html; charset=iso-8859-1","extent":2432399,"modified":"2008-05-19T07:10:43.000Z"},{"url":"https://www.gutenberg.org/ebooks/25519.epub.images","format":"application/epub+zip","extent":2375216,"modified":"2020-11-12T22:37:21.000Z"},{"url":"https://www.gutenberg.org/ebooks/25519.kindle.images","format":"application/x-mobipocket-ebook","extent":4826772,"modified":"2020-11-12T22:37:23.000Z"},{"url":"https://www.gutenberg.org/ebooks/25519.kindle.noimages","format":"application/x-mobipocket-ebook","extent":294097,"modified":"2020-11-12T22:37:23.000Z"},{"url":"https://www.gutenberg.org/cache/epub/25519/pg25519.cover.small.jpg","format":"image/jpeg","extent":4408,"modified":"2020-11-12T22:37:23.000Z"},{"url":"https://www.gutenberg.org/ebooks/25519.epub.noimages","format":"application/epub+zip","extent":89149,"modified":"2020-11-12T22:37:21.000Z"},{"url":"https://www.gutenberg.org/files/25519/25519.txt","format":"text/plain; charset=us-ascii","extent":82386,"modified":"2008-05-19T06:53:53.000Z"}],"subjects":["Short stories","Oz (Imaginary place) -- Juvenile fiction","Children's stories, American","Fantasy literature","PZ"],"title":"Little Wizard Stories of Oz","uuid":"375d7a87-339e-43cc-aec6-2f790fe3ee7c"}],"hasMore":false,"cached":false,"extra":{"stats":{"writesExecuted":0,"writesIgnored":0,"scannedFull":0,"scannedIndex":1,"filtered":0,"httpRequests":0,"executionTime":1.8321300740353763E-4,"peakMemoryUsage":24005},"warnings":[]},"error":false,"code":201})
19:47:33.954 [Test worker] DEBUG com.arangodb.internal.ArangoExecutorSync - Response is MetaAware com.arangodb.entity.CursorEntity
19:47:33.957 [Test worker] DEBUG com.arangodb.internal.net.ConnectionPoolImpl - Return Connection connection_1609769853888_0.9839316636681
19:47:33.957 [Test worker] DEBUG com.arangodb.internal.velocystream.VstCommunicationSync - Send Message (id=20, head=[1,1,"test",2,"/_api/cursor",{},{"content-type":"application/x-velocypack","accept":"application/x-velocypack"}], body={"bindVars":{"0":"0923ee53-b7a6-4271-ba53-4c6e35af2d4d"},"query":"FOR e IN Books FILTER e.uuid == @0  RETURN e"})
19:47:33.957 [Test worker] DEBUG com.arangodb.internal.velocystream.internal.VstConnection - Send chunk 1:1 from message 20
19:47:33.958 [pool-2-thread-1] DEBUG com.arangodb.internal.velocystream.internal.VstConnection - Received chunk 1:1 from message 20
19:47:33.958 [pool-2-thread-1] DEBUG com.arangodb.internal.velocystream.internal.VstConnection - Responsetime for Message 20 is 1
19:47:33.958 [pool-2-thread-1] DEBUG com.arangodb.internal.velocystream.internal.MessageStore - Received Message (id=20, head=[1,2,201,{}], body={"result":[],"hasMore":false,"cached":false,"extra":{"stats":{"writesExecuted":0,"writesIgnored":0,"scannedFull":0,"scannedIndex":0,"filtered":0,"httpRequests":0,"executionTime":1.9198900554329157E-4,"peakMemoryUsage":21800},"warnings":[]},"error":false,"code":201})
19:47:33.958 [Test worker] DEBUG com.arangodb.internal.ArangoExecutorSync - Response is MetaAware com.arangodb.entity.CursorEntity
19:47:33.966 [Test worker] DEBUG org.springframework.context.annotation.AnnotationConfigApplicationContext - Refreshing org.springframework.context.annotation.AnnotationConfigApplicationContext@4c0d67b8
19:47:33.966 [Test worker] DEBUG org.springframework.beans.factory.support.DefaultListableBeanFactory - Creating shared instance of singleton bean 'org.springframework.context.annotation.internalConfigurationAnnotationProcessor'
19:47:33.969 [Test worker] DEBUG org.springframework.context.annotation.ClassPathBeanDefinitionScanner - Identified candidate component class: file [/media/debashishc/T7/work/arangodb/build/classes/java/test/com/talentica/arangodb/ArangoDBConfiguration.class]
19:47:33.971 [Test worker] DEBUG org.springframework.context.annotation.ClassPathBeanDefinitionScanner - Ignored because not a concrete top-level class: file [/media/debashishc/T7/work/arangodb/build/classes/java/test/com/talentica/arangodb/repository/BookRepository.class]
19:47:33.971 [Test worker] DEBUG org.springframework.context.annotation.ClassPathBeanDefinitionScanner - Identified candidate component class: file [/media/debashishc/T7/work/arangodb/build/classes/java/test/com/talentica/arangodb/service/BookLoaderService.class]
19:47:33.980 [Test worker] INFO org.springframework.data.repository.config.RepositoryConfigurationDelegate - Bootstrapping Spring Data ArangoDB repositories in DEFAULT mode.
19:47:33.980 [Test worker] DEBUG org.springframework.data.repository.config.RepositoryConfigurationDelegate - Scanning for ArangoDB repositories in packages com.talentica.arangodb.repository.
19:47:33.982 [Test worker] DEBUG org.springframework.data.repository.config.RepositoryComponentProvider - Identified candidate component class: file [/media/debashishc/T7/work/arangodb/build/classes/java/test/com/talentica/arangodb/repository/BookRepository.class]
19:47:33.984 [Test worker] DEBUG org.springframework.context.annotation.ClassPathScanningCandidateComponentProvider - Identified candidate component class: file [/media/debashishc/T7/work/arangodb/build/classes/java/main/com/talentica/arangodb/repository/ArangoTransactionalRepositoryImpl.class]
19:47:33.985 [Test worker] DEBUG org.springframework.data.repository.config.RepositoryBeanDefinitionBuilder - Registering repository fragment implementation: arangoTransactionalRepositoryImpl com.talentica.arangodb.repository.ArangoTransactionalRepositoryImpl
19:47:33.985 [Test worker] DEBUG org.springframework.data.repository.config.RepositoryBeanDefinitionBuilder - Registering repository fragment: arangoTransactionalRepositoryImplFragment
19:47:33.986 [Test worker] INFO org.springframework.data.repository.config.RepositoryConfigurationDelegate - Finished Spring Data repository scanning in 5ms. Found 1 ArangoDB repository interfaces.
19:47:33.989 [Test worker] DEBUG org.springframework.beans.factory.support.DefaultListableBeanFactory - Creating shared instance of singleton bean 'org.springframework.context.event.internalEventListenerProcessor'
19:47:33.990 [Test worker] DEBUG org.springframework.beans.factory.support.DefaultListableBeanFactory - Creating shared instance of singleton bean 'org.springframework.context.event.internalEventListenerFactory'
19:47:33.990 [Test worker] DEBUG org.springframework.beans.factory.support.DefaultListableBeanFactory - Creating shared instance of singleton bean 'org.springframework.transaction.config.internalTransactionalEventListenerFactory'
19:47:33.991 [Test worker] DEBUG org.springframework.beans.factory.support.DefaultListableBeanFactory - Creating shared instance of singleton bean 'org.springframework.context.annotation.internalAutowiredAnnotationProcessor'
19:47:33.991 [Test worker] DEBUG org.springframework.beans.factory.support.DefaultListableBeanFactory - Creating shared instance of singleton bean 'org.springframework.context.annotation.internalCommonAnnotationProcessor'
19:47:33.992 [Test worker] DEBUG org.springframework.beans.factory.support.DefaultListableBeanFactory - Creating shared instance of singleton bean 'org.springframework.aop.config.internalAutoProxyCreator'
19:47:33.993 [Test worker] DEBUG org.springframework.beans.factory.support.DefaultListableBeanFactory - Creating shared instance of singleton bean 'springDataTestApplication'
19:47:33.993 [Test worker] DEBUG org.springframework.beans.factory.support.DefaultListableBeanFactory - Creating shared instance of singleton bean 'org.springframework.transaction.config.internalTransactionAdvisor'
19:47:33.994 [Test worker] DEBUG org.springframework.beans.factory.support.DefaultListableBeanFactory - Creating shared instance of singleton bean 'org.springframework.transaction.annotation.ProxyTransactionManagementConfiguration'
19:47:33.996 [Test worker] DEBUG org.springframework.beans.factory.support.DefaultListableBeanFactory - Creating shared instance of singleton bean 'transactionAttributeSource'
19:47:33.997 [Test worker] DEBUG org.springframework.beans.factory.support.DefaultListableBeanFactory - Creating shared instance of singleton bean 'transactionInterceptor'
19:47:33.997 [Test worker] DEBUG org.springframework.beans.factory.support.DefaultListableBeanFactory - Autowiring by type from bean name 'transactionInterceptor' via factory method to bean named 'transactionAttributeSource'
19:47:33.997 [Test worker] DEBUG org.springframework.beans.factory.support.DefaultListableBeanFactory - Autowiring by type from bean name 'org.springframework.transaction.config.internalTransactionAdvisor' via factory method to bean named 'transactionAttributeSource'
19:47:33.998 [Test worker] DEBUG org.springframework.beans.factory.support.DefaultListableBeanFactory - Autowiring by type from bean name 'org.springframework.transaction.config.internalTransactionAdvisor' via factory method to bean named 'transactionInterceptor'
19:47:33.998 [Test worker] DEBUG org.springframework.beans.factory.support.DefaultListableBeanFactory - Creating shared instance of singleton bean 'arangoDBConfiguration'
19:47:33.999 [Test worker] DEBUG org.springframework.beans.factory.support.DefaultListableBeanFactory - Creating shared instance of singleton bean 'bookLoaderService'
19:47:34.000 [Test worker] DEBUG org.springframework.beans.factory.support.DefaultListableBeanFactory - Creating shared instance of singleton bean 'bookRepository'
19:47:34.001 [Test worker] DEBUG org.springframework.beans.factory.support.DefaultListableBeanFactory - Creating shared instance of singleton bean 'arangoTemplate'
19:47:34.001 [Test worker] DEBUG com.arangodb.internal.InternalArangoDBBuilder - Use SimpleHostResolver
19:47:34.002 [Test worker] DEBUG com.arangodb.internal.net.HostSet - Added Host HostImpl [connectionPool=ConnectionPoolImpl [host=host[addr=localhost,port=8529], maxConnections=1, connections=0, current=0, factory=VstConnectionFactorySync], description=host[addr=localhost,port=8529], markforDeletion=false] - now 1 Hosts in List
19:47:34.002 [Test worker] DEBUG com.arangodb.internal.InternalArangoDBBuilder - HostHandler is FallbackHostHandler
19:47:34.002 [Test worker] DEBUG com.arangodb.internal.net.HostSet - Added Host HostImpl [connectionPool=ConnectionPoolImpl [host=host[addr=localhost,port=8529], maxConnections=1, connections=0, current=0, factory=VstConnectionFactorySync], description=host[addr=localhost,port=8529], markforDeletion=false] - now 1 Hosts in List
19:47:34.002 [Test worker] DEBUG com.arangodb.internal.ArangoDBImpl - ArangoDB Client is ready to use
19:47:34.002 [Test worker] DEBUG org.springframework.beans.factory.support.DefaultListableBeanFactory - Creating shared instance of singleton bean 'arangoConverter'
19:47:34.002 [Test worker] DEBUG org.springframework.beans.factory.support.DefaultListableBeanFactory - Creating shared instance of singleton bean 'arangoMappingContext'
19:47:34.006 [Test worker] DEBUG org.springframework.context.annotation.ClassPathScanningCandidateComponentProvider - Identified candidate component class: file [/media/debashishc/T7/work/arangodb/build/classes/java/test/com/talentica/arangodb/entity/Book.class]
19:47:34.008 [Test worker] DEBUG org.springframework.data.convert.CustomConversions - Adding converter from class java.util.Date to class java.lang.String as writing converter.
19:47:34.008 [Test worker] DEBUG org.springframework.data.convert.CustomConversions - Adding converter from class java.time.Instant to class java.lang.String as writing converter.
19:47:34.008 [Test worker] DEBUG org.springframework.data.convert.CustomConversions - Adding converter from class java.time.LocalDate to class java.lang.String as writing converter.
19:47:34.008 [Test worker] DEBUG org.springframework.data.convert.CustomConversions - Adding converter from class java.time.LocalDateTime to class java.lang.String as writing converter.
19:47:34.008 [Test worker] DEBUG org.springframework.data.convert.CustomConversions - Adding converter from class java.time.OffsetDateTime to class java.lang.String as writing converter.
19:47:34.008 [Test worker] DEBUG org.springframework.data.convert.CustomConversions - Adding converter from class java.time.ZonedDateTime to class java.lang.String as writing converter.
19:47:34.008 [Test worker] DEBUG org.springframework.data.convert.CustomConversions - Adding converter from class java.lang.String to class java.util.Date as reading converter.
19:47:34.008 [Test worker] DEBUG org.springframework.data.convert.CustomConversions - Adding converter from class java.lang.String to class java.time.Instant as reading converter.
19:47:34.008 [Test worker] DEBUG org.springframework.data.convert.CustomConversions - Adding converter from class java.lang.String to class java.time.LocalDate as reading converter.
19:47:34.008 [Test worker] DEBUG org.springframework.data.convert.CustomConversions - Adding converter from class java.lang.String to class java.time.LocalDateTime as reading converter.
19:47:34.008 [Test worker] DEBUG org.springframework.data.convert.CustomConversions - Adding converter from class java.lang.String to class java.time.OffsetDateTime as reading converter.
19:47:34.009 [Test worker] DEBUG org.springframework.data.convert.CustomConversions - Adding converter from class java.lang.String to class java.time.ZonedDateTime as reading converter.
19:47:34.009 [Test worker] DEBUG org.springframework.data.convert.CustomConversions - Adding converter from class java.lang.String to class java.util.UUID as reading converter.
19:47:34.009 [Test worker] DEBUG org.springframework.data.convert.CustomConversions - Adding converter from class java.util.UUID to class java.lang.String as writing converter.
19:47:34.009 [Test worker] DEBUG org.springframework.data.convert.CustomConversions - Adding converter from class java.util.Date to class java.time.LocalDateTime as reading converter.
19:47:34.009 [Test worker] DEBUG org.springframework.data.convert.CustomConversions - Adding converter from class java.time.LocalDateTime to class java.util.Date as writing converter.
19:47:34.009 [Test worker] DEBUG org.springframework.data.convert.CustomConversions - Adding converter from class java.util.Date to class java.time.LocalDate as reading converter.
19:47:34.009 [Test worker] DEBUG org.springframework.data.convert.CustomConversions - Adding converter from class java.time.LocalDate to class java.util.Date as writing converter.
19:47:34.009 [Test worker] DEBUG org.springframework.data.convert.CustomConversions - Adding converter from class java.util.Date to class java.time.LocalTime as reading converter.
19:47:34.009 [Test worker] DEBUG org.springframework.data.convert.CustomConversions - Adding converter from class java.time.LocalTime to class java.util.Date as writing converter.
19:47:34.009 [Test worker] DEBUG org.springframework.data.convert.CustomConversions - Adding converter from class java.util.Date to class java.time.Instant as reading converter.
19:47:34.009 [Test worker] DEBUG org.springframework.data.convert.CustomConversions - Adding converter from class java.time.Instant to class java.util.Date as writing converter.
19:47:34.009 [Test worker] DEBUG org.springframework.data.convert.CustomConversions - Adding converter from class java.time.LocalDateTime to class java.time.Instant as reading converter.
19:47:34.009 [Test worker] DEBUG org.springframework.data.convert.CustomConversions - Adding converter from class java.time.Instant to class java.time.LocalDateTime as reading converter.
19:47:34.010 [Test worker] DEBUG org.springframework.data.convert.CustomConversions - Adding converter from class java.time.ZoneId to class java.lang.String as writing converter.
19:47:34.010 [Test worker] DEBUG org.springframework.data.convert.CustomConversions - Adding converter from class java.lang.String to class java.time.ZoneId as reading converter.
19:47:34.010 [Test worker] DEBUG org.springframework.data.convert.CustomConversions - Adding converter from class java.time.Duration to class java.lang.String as writing converter.
19:47:34.010 [Test worker] DEBUG org.springframework.data.convert.CustomConversions - Adding converter from class java.lang.String to class java.time.Duration as reading converter.
19:47:34.010 [Test worker] DEBUG org.springframework.data.convert.CustomConversions - Adding converter from class java.time.Period to class java.lang.String as writing converter.
19:47:34.010 [Test worker] DEBUG org.springframework.data.convert.CustomConversions - Adding converter from class java.lang.String to class java.time.Period as reading converter.
19:47:34.010 [Test worker] DEBUG org.springframework.data.convert.CustomConversions - Adding converter from class java.lang.String to class java.time.LocalDate as reading converter.
19:47:34.010 [Test worker] DEBUG org.springframework.data.convert.CustomConversions - Adding converter from class java.lang.String to class java.time.LocalDateTime as reading converter.
19:47:34.010 [Test worker] DEBUG org.springframework.data.convert.CustomConversions - Adding converter from class java.lang.String to class java.time.Instant as reading converter.
19:47:34.018 [Test worker] DEBUG org.springframework.data.convert.CustomConversions - Adding converter from class java.util.Date to class java.lang.String as writing converter.
19:47:34.018 [Test worker] DEBUG org.springframework.data.convert.CustomConversions - Adding converter from class java.time.Instant to class java.lang.String as writing converter.
19:47:34.018 [Test worker] DEBUG org.springframework.data.convert.CustomConversions - Adding converter from class java.time.LocalDate to class java.lang.String as writing converter.
19:47:34.018 [Test worker] DEBUG org.springframework.data.convert.CustomConversions - Adding converter from class java.time.LocalDateTime to class java.lang.String as writing converter.
19:47:34.018 [Test worker] DEBUG org.springframework.data.convert.CustomConversions - Adding converter from class java.time.OffsetDateTime to class java.lang.String as writing converter.
19:47:34.018 [Test worker] DEBUG org.springframework.data.convert.CustomConversions - Adding converter from class java.time.ZonedDateTime to class java.lang.String as writing converter.
19:47:34.018 [Test worker] DEBUG org.springframework.data.convert.CustomConversions - Adding converter from class java.lang.String to class java.util.Date as reading converter.
19:47:34.018 [Test worker] DEBUG org.springframework.data.convert.CustomConversions - Adding converter from class java.lang.String to class java.time.Instant as reading converter.
19:47:34.018 [Test worker] DEBUG org.springframework.data.convert.CustomConversions - Adding converter from class java.lang.String to class java.time.LocalDate as reading converter.
19:47:34.018 [Test worker] DEBUG org.springframework.data.convert.CustomConversions - Adding converter from class java.lang.String to class java.time.LocalDateTime as reading converter.
19:47:34.019 [Test worker] DEBUG org.springframework.data.convert.CustomConversions - Adding converter from class java.lang.String to class java.time.OffsetDateTime as reading converter.
19:47:34.019 [Test worker] DEBUG org.springframework.data.convert.CustomConversions - Adding converter from class java.lang.String to class java.time.ZonedDateTime as reading converter.
19:47:34.019 [Test worker] DEBUG org.springframework.data.convert.CustomConversions - Adding converter from class java.lang.String to class java.util.UUID as reading converter.
19:47:34.019 [Test worker] DEBUG org.springframework.data.convert.CustomConversions - Adding converter from class java.util.UUID to class java.lang.String as writing converter.
19:47:34.019 [Test worker] DEBUG org.springframework.data.convert.CustomConversions - Adding converter from class java.util.Date to class java.time.LocalDateTime as reading converter.
19:47:34.019 [Test worker] DEBUG org.springframework.data.convert.CustomConversions - Adding converter from class java.time.LocalDateTime to class java.util.Date as writing converter.
19:47:34.019 [Test worker] DEBUG org.springframework.data.convert.CustomConversions - Adding converter from class java.util.Date to class java.time.LocalDate as reading converter.
19:47:34.019 [Test worker] DEBUG org.springframework.data.convert.CustomConversions - Adding converter from class java.time.LocalDate to class java.util.Date as writing converter.
19:47:34.019 [Test worker] DEBUG org.springframework.data.convert.CustomConversions - Adding converter from class java.util.Date to class java.time.LocalTime as reading converter.
19:47:34.019 [Test worker] DEBUG org.springframework.data.convert.CustomConversions - Adding converter from class java.time.LocalTime to class java.util.Date as writing converter.
19:47:34.019 [Test worker] DEBUG org.springframework.data.convert.CustomConversions - Adding converter from class java.util.Date to class java.time.Instant as reading converter.
19:47:34.019 [Test worker] DEBUG org.springframework.data.convert.CustomConversions - Adding converter from class java.time.Instant to class java.util.Date as writing converter.
19:47:34.019 [Test worker] DEBUG org.springframework.data.convert.CustomConversions - Adding converter from class java.time.LocalDateTime to class java.time.Instant as reading converter.
19:47:34.019 [Test worker] DEBUG org.springframework.data.convert.CustomConversions - Adding converter from class java.time.Instant to class java.time.LocalDateTime as reading converter.
19:47:34.019 [Test worker] DEBUG org.springframework.data.convert.CustomConversions - Adding converter from class java.time.ZoneId to class java.lang.String as writing converter.
19:47:34.019 [Test worker] DEBUG org.springframework.data.convert.CustomConversions - Adding converter from class java.lang.String to class java.time.ZoneId as reading converter.
19:47:34.019 [Test worker] DEBUG org.springframework.data.convert.CustomConversions - Adding converter from class java.time.Duration to class java.lang.String as writing converter.
19:47:34.019 [Test worker] DEBUG org.springframework.data.convert.CustomConversions - Adding converter from class java.lang.String to class java.time.Duration as reading converter.
19:47:34.020 [Test worker] DEBUG org.springframework.data.convert.CustomConversions - Adding converter from class java.time.Period to class java.lang.String as writing converter.
19:47:34.020 [Test worker] DEBUG org.springframework.data.convert.CustomConversions - Adding converter from class java.lang.String to class java.time.Period as reading converter.
19:47:34.020 [Test worker] DEBUG org.springframework.data.convert.CustomConversions - Adding converter from class java.lang.String to class java.time.LocalDate as reading converter.
19:47:34.020 [Test worker] DEBUG org.springframework.data.convert.CustomConversions - Adding converter from class java.lang.String to class java.time.LocalDateTime as reading converter.
19:47:34.020 [Test worker] DEBUG org.springframework.data.convert.CustomConversions - Adding converter from class java.lang.String to class java.time.Instant as reading converter.
19:47:34.025 [Test worker] DEBUG org.springframework.beans.factory.support.DefaultListableBeanFactory - Creating shared instance of singleton bean 'arangoTransactionalRepositoryImplFragment'
19:47:34.025 [Test worker] DEBUG org.springframework.beans.factory.support.DefaultListableBeanFactory - Creating shared instance of singleton bean 'arangoTransactionalRepositoryImpl'
19:47:34.025 [Test worker] DEBUG org.springframework.beans.factory.support.DefaultListableBeanFactory - Creating shared instance of singleton bean 'getTransactionManager'
19:47:34.027 [Test worker] DEBUG org.springframework.beans.factory.support.DefaultListableBeanFactory - Autowiring by type from bean name 'getTransactionManager' via factory method to bean named 'arangoMappingContext'
19:47:34.027 [Test worker] DEBUG org.springframework.beans.factory.support.DefaultListableBeanFactory - Autowiring by type from bean name 'getTransactionManager' via factory method to bean named 'arangoTemplate'
19:47:34.027 [Test worker] DEBUG org.springframework.beans.factory.support.DefaultListableBeanFactory - Autowiring by type from bean name 'getTransactionManager' via factory method to bean named 'arangoConverter'
19:47:34.027 [Test worker] DEBUG org.springframework.beans.factory.support.DefaultListableBeanFactory - Autowiring by type from bean name 'getTransactionManager' via factory method to bean named 'arangoDBConfiguration'
19:47:34.028 [Test worker] DEBUG org.springframework.beans.factory.support.DefaultListableBeanFactory - Autowiring by type from bean name 'arangoTransactionalRepositoryImpl' via constructor to bean named 'getTransactionManager'
19:47:34.030 [Test worker] DEBUG org.springframework.data.repository.core.support.RepositoryFactorySupport - Initializing repository instance for com.talentica.arangodb.repository.BookRepository…
19:47:34.034 [Test worker] DEBUG org.springframework.data.repository.core.support.RepositoryFactorySupport - Finished creation of repository instance for com.talentica.arangodb.repository.BookRepository.
19:47:34.037 [Test worker] DEBUG com.arangodb.internal.velocystream.internal.VstConnection - Connection connection_1609769854037_0.6942569164735315 created
19:47:34.037 [Test worker] DEBUG com.arangodb.internal.net.ConnectionPoolImpl - Return Connection connection_1609769854037_0.6942569164735315
19:47:34.037 [Test worker] DEBUG com.arangodb.internal.velocystream.internal.VstConnection - Open connection to host[addr=localhost,port=8529]
19:47:34.037 [Test worker] DEBUG com.arangodb.internal.velocystream.internal.VstConnection - Connected to Socket[addr=localhost/127.0.0.1,port=8529,localport=45670]
19:47:34.037 [Test worker] DEBUG com.arangodb.internal.velocystream.internal.VstConnection - Send velocystream protocol header to Socket[addr=localhost/127.0.0.1,port=8529,localport=45670]
19:47:34.038 [pool-3-thread-1] DEBUG com.arangodb.internal.velocystream.internal.VstConnection - Start Callable for connection_1609769854037_0.6942569164735315
19:47:34.038 [Test worker] DEBUG com.arangodb.internal.velocystream.VstCommunicationSync - Send Message (id=21, head=[1,1000,"plain","root","password"], body={})
19:47:34.039 [Test worker] DEBUG com.arangodb.internal.velocystream.internal.VstConnection - Send chunk 1:1 from message 21
19:47:34.039 [pool-3-thread-1] DEBUG com.arangodb.internal.velocystream.internal.VstConnection - Received chunk 1:1 from message 21
19:47:34.039 [pool-3-thread-1] DEBUG com.arangodb.internal.velocystream.internal.VstConnection - Responsetime for Message 21 is 0
19:47:34.039 [pool-3-thread-1] DEBUG com.arangodb.internal.velocystream.internal.MessageStore - Received Message (id=21, head=[1,2,200,{}], body={"error":false,"errorNum":0,"code":200})
19:47:34.039 [Test worker] DEBUG com.arangodb.internal.net.HostSet - Added Host HostImpl [connectionPool=ConnectionPoolImpl [host=host[addr=localhost,port=8529], maxConnections=1, connections=1, current=1, factory=VstConnectionFactorySync], description=host[addr=localhost,port=8529], markforDeletion=false] - now 1 Hosts in List
19:47:34.040 [Test worker] DEBUG com.arangodb.internal.velocystream.VstCommunicationSync - Send Message (id=22, head=[1,1,"test",1,"/_api/database/current",{},{"content-type":"application/x-velocypack","accept":"application/x-velocypack"}], body={})
19:47:34.040 [Test worker] DEBUG com.arangodb.internal.velocystream.internal.VstConnection - Send chunk 1:1 from message 22
19:47:34.040 [pool-3-thread-1] DEBUG com.arangodb.internal.velocystream.internal.VstConnection - Received chunk 1:1 from message 22
19:47:34.040 [pool-3-thread-1] DEBUG com.arangodb.internal.velocystream.internal.VstConnection - Responsetime for Message 22 is 0
19:47:34.040 [pool-3-thread-1] DEBUG com.arangodb.internal.velocystream.internal.MessageStore - Received Message (id=22, head=[1,2,200,{}], body={"error":false,"code":200,"result":{"id":"2846231","name":"test","isSystem":false,"path":"none"}})
19:47:34.041 [Test worker] DEBUG com.arangodb.internal.net.ConnectionPoolImpl - Return Connection connection_1609769854037_0.6942569164735315
19:47:34.041 [Test worker] DEBUG com.arangodb.internal.velocystream.VstCommunicationSync - Send Message (id=23, head=[1,1,"test",1,"/_api/collection/Books",{},{"content-type":"application/x-velocypack","accept":"application/x-velocypack"}], body={})
19:47:34.041 [Test worker] DEBUG com.arangodb.internal.velocystream.internal.VstConnection - Send chunk 1:1 from message 23
19:47:34.041 [pool-3-thread-1] DEBUG com.arangodb.internal.velocystream.internal.VstConnection - Received chunk 1:1 from message 23
19:47:34.041 [pool-3-thread-1] DEBUG com.arangodb.internal.velocystream.internal.VstConnection - Responsetime for Message 23 is 0
19:47:34.041 [pool-3-thread-1] DEBUG com.arangodb.internal.velocystream.internal.MessageStore - Received Message (id=23, head=[1,2,200,{}], body={"error":false,"code":200,"type":2,"isSystem":false,"id":"3668205","globallyUniqueId":"h371E083F0103/3668205","name":"Books","status":3})
19:47:34.054 [Test worker] DEBUG com.arangodb.internal.net.ConnectionPoolImpl - Return Connection connection_1609769854037_0.6942569164735315
19:47:34.055 [Test worker] DEBUG com.arangodb.internal.velocystream.VstCommunicationSync - Send Message (id=24, head=[1,1,"test",2,"/_api/cursor",{},{"content-type":"application/x-velocypack","accept":"application/x-velocypack"}], body={"bindVars":{"doc":{"uuid":"bf2e9c76-21e1-4c80-80e0-a5692df8b19a","title":"Little Wizard Stories of Oz","subjects":["Short stories","Oz (Imaginary place) -- Juvenile fiction","Children's stories, American","Fantasy literature","PZ"],"bookshelves":["Children's Literature"],"formats":[{"url":"https://www.gutenberg.org/ebooks/25519.txt.utf-8","format":"text/plain","extent":82387,"modified":"2020-11-12T22:37:19.000Z"},{"url":"https://www.gutenberg.org/cache/epub/25519/pg25519.cover.medium.jpg","format":"image/jpeg","extent":28541,"modified":"2020-11-12T22:37:23.000Z"},{"url":"https://www.gutenberg.org/files/25519/25519-h/25519-h.htm","format":"text/html; charset=iso-8859-1","extent":96891,"modified":"2008-05-19T07:06:47.000Z"},{"url":"https://www.gutenberg.org/ebooks/25519.rdf","format":"application/rdf+xml","extent":15353,"modified":"2020-12-09T23:52:50.000Z"},{"url":"https://www.gutenberg.org/files/25519/25519.zip","format":"application/zip","extent":31335,"modified":"2008-05-19T06:53:53.000Z"},{"url":"https://www.gutenberg.org/files/25519/25519-h.zip","format":"text/html; charset=iso-8859-1","extent":2432399,"modified":"2008-05-19T07:10:43.000Z"},{"url":"https://www.gutenberg.org/ebooks/25519.epub.images","format":"application/epub+zip","extent":2375216,"modified":"2020-11-12T22:37:21.000Z"},{"url":"https://www.gutenberg.org/ebooks/25519.kindle.images","format":"application/x-mobipocket-ebook","extent":4826772,"modified":"2020-11-12T22:37:23.000Z"},{"url":"https://www.gutenberg.org/ebooks/25519.kindle.noimages","format":"application/x-mobipocket-ebook","extent":294097,"modified":"2020-11-12T22:37:23.000Z"},{"url":"https://www.gutenberg.org/cache/epub/25519/pg25519.cover.small.jpg","format":"image/jpeg","extent":4408,"modified":"2020-11-12T22:37:23.000Z"},{"url":"https://www.gutenberg.org/ebooks/25519.epub.noimages","format":"application/epub+zip","extent":89149,"modified":"2020-11-12T22:37:21.000Z"},{"url":"https://www.gutenberg.org/files/25519/25519.txt","format":"text/plain; charset=us-ascii","extent":82386,"modified":"2008-05-19T06:53:53.000Z"}],"creators":[{"name":"Baum, L. Frank (Lyman Frank)","birthDate":1856,"deathDate":1919,"alias":"Metcalf, Suzanne","webpage":"https://en.wikipedia.org/wiki/L._Frank_Baum"}],"downloads":133,"_class":"com.talentica.arangodb.entity.Book"},"@col":"Books"},"query":"LET doc = @doc UPSERT { _key: doc._key } INSERT doc._key == null ? UNSET(doc, \"_key\") : doc REPLACE doc IN @@col OPTIONS { ignoreRevs: false } RETURN NEW"})
19:47:34.055 [Test worker] DEBUG com.arangodb.internal.velocystream.internal.VstConnection - Send chunk 1:1 from message 24
19:47:34.056 [pool-3-thread-1] DEBUG com.arangodb.internal.velocystream.internal.VstConnection - Received chunk 1:1 from message 24
19:47:34.056 [pool-3-thread-1] DEBUG com.arangodb.internal.velocystream.internal.VstConnection - Responsetime for Message 24 is 1
19:47:34.057 [pool-3-thread-1] DEBUG com.arangodb.internal.velocystream.internal.MessageStore - Received Message (id=24, head=[1,2,201,{}], body={"result":[{"_key":"3677685","_id":"Books/3677685","_rev":"_bq1AnEe---","_class":"com.talentica.arangodb.entity.Book","bookshelves":["Children's Literature"],"creators":[{"name":"Baum, L. Frank (Lyman Frank)","birthDate":1856,"deathDate":1919,"alias":"Metcalf, Suzanne","webpage":"https://en.wikipedia.org/wiki/L._Frank_Baum"}],"downloads":133,"formats":[{"url":"https://www.gutenberg.org/ebooks/25519.txt.utf-8","format":"text/plain","extent":82387,"modified":"2020-11-12T22:37:19.000Z"},{"url":"https://www.gutenberg.org/cache/epub/25519/pg25519.cover.medium.jpg","format":"image/jpeg","extent":28541,"modified":"2020-11-12T22:37:23.000Z"},{"url":"https://www.gutenberg.org/files/25519/25519-h/25519-h.htm","format":"text/html; charset=iso-8859-1","extent":96891,"modified":"2008-05-19T07:06:47.000Z"},{"url":"https://www.gutenberg.org/ebooks/25519.rdf","format":"application/rdf+xml","extent":15353,"modified":"2020-12-09T23:52:50.000Z"},{"url":"https://www.gutenberg.org/files/25519/25519.zip","format":"application/zip","extent":31335,"modified":"2008-05-19T06:53:53.000Z"},{"url":"https://www.gutenberg.org/files/25519/25519-h.zip","format":"text/html; charset=iso-8859-1","extent":2432399,"modified":"2008-05-19T07:10:43.000Z"},{"url":"https://www.gutenberg.org/ebooks/25519.epub.images","format":"application/epub+zip","extent":2375216,"modified":"2020-11-12T22:37:21.000Z"},{"url":"https://www.gutenberg.org/ebooks/25519.kindle.images","format":"application/x-mobipocket-ebook","extent":4826772,"modified":"2020-11-12T22:37:23.000Z"},{"url":"https://www.gutenberg.org/ebooks/25519.kindle.noimages","format":"application/x-mobipocket-ebook","extent":294097,"modified":"2020-11-12T22:37:23.000Z"},{"url":"https://www.gutenberg.org/cache/epub/25519/pg25519.cover.small.jpg","format":"image/jpeg","extent":4408,"modified":"2020-11-12T22:37:23.000Z"},{"url":"https://www.gutenberg.org/ebooks/25519.epub.noimages","format":"application/epub+zip","extent":89149,"modified":"2020-11-12T22:37:21.000Z"},{"url":"https://www.gutenberg.org/files/25519/25519.txt","format":"text/plain; charset=us-ascii","extent":82386,"modified":"2008-05-19T06:53:53.000Z"}],"subjects":["Short stories","Oz (Imaginary place) -- Juvenile fiction","Children's stories, American","Fantasy literature","PZ"],"title":"Little Wizard Stories of Oz","uuid":"bf2e9c76-21e1-4c80-80e0-a5692df8b19a"}],"hasMore":false,"cached":false,"extra":{"stats":{"writesExecuted":1,"writesIgnored":0,"scannedFull":0,"scannedIndex":0,"filtered":0,"httpRequests":0,"executionTime":9.693300089566037E-4,"peakMemoryUsage":100157},"warnings":[]},"error":false,"code":201})
19:47:34.058 [Test worker] DEBUG com.arangodb.internal.ArangoExecutorSync - Response is MetaAware com.arangodb.entity.CursorEntity
19:47:34.063 [Test worker] DEBUG com.arangodb.internal.net.ConnectionPoolImpl - Return Connection connection_1609769854037_0.6942569164735315
19:47:34.063 [Test worker] DEBUG com.arangodb.internal.velocystream.VstCommunicationSync - Send Message (id=25, head=[1,1,"test",2,"/_api/transaction",{},{"content-type":"application/x-velocypack","accept":"application/x-velocypack"}], body={"action":"function(){\n var result = [];db = require(\"@arangodb\").db; \nreturn result; \n }","collections":{"write":[]},"waitForSync":true})
19:47:34.063 [Test worker] DEBUG com.arangodb.internal.velocystream.internal.VstConnection - Send chunk 1:1 from message 25
19:47:34.063 [pool-3-thread-1] DEBUG com.arangodb.internal.velocystream.internal.VstConnection - Received chunk 1:1 from message 25
19:47:34.064 [pool-3-thread-1] DEBUG com.arangodb.internal.velocystream.internal.VstConnection - Responsetime for Message 25 is 1
19:47:34.064 [pool-3-thread-1] DEBUG com.arangodb.internal.velocystream.internal.MessageStore - Received Message (id=25, head=[1,2,200,{}], body={"error":false,"code":200,"result":[]})
19:47:34.065 [Test worker] DEBUG com.arangodb.internal.net.ConnectionPoolImpl - Return Connection connection_1609769854037_0.6942569164735315
19:47:34.065 [Test worker] DEBUG com.arangodb.internal.velocystream.VstCommunicationSync - Send Message (id=26, head=[1,1,"_system",1,"/_api/collection/Books",{},{"content-type":"application/x-velocypack","accept":"application/x-velocypack"}], body={})
19:47:34.065 [Test worker] DEBUG com.arangodb.internal.velocystream.internal.VstConnection - Send chunk 1:1 from message 26
19:47:34.065 [pool-3-thread-1] DEBUG com.arangodb.internal.velocystream.internal.VstConnection - Received chunk 1:1 from message 26
19:47:34.065 [pool-3-thread-1] DEBUG com.arangodb.internal.velocystream.internal.VstConnection - Responsetime for Message 26 is 0
19:47:34.065 [pool-3-thread-1] DEBUG com.arangodb.internal.velocystream.internal.MessageStore - Received Message (id=26, head=[1,2,200,{}], body={"error":false,"code":200,"type":2,"isSystem":false,"id":"2843677","globallyUniqueId":"h371E083F0103/2843677","name":"Books","status":3})
19:47:34.066 [Test worker] DEBUG com.arangodb.internal.net.ConnectionPoolImpl - Return Connection connection_1609769854037_0.6942569164735315
19:47:34.067 [Test worker] DEBUG com.arangodb.internal.velocystream.VstCommunicationSync - Send Message (id=27, head=[1,1,"test",2,"/_api/index",{"collection":"Books"},{"content-type":"application/x-velocypack","accept":"application/x-velocypack"}], body={"fields":["uuid"],"sparse":false,"type":"persistent","unique":true})
19:47:34.067 [Test worker] DEBUG com.arangodb.internal.velocystream.internal.VstConnection - Send chunk 1:1 from message 27
19:47:34.067 [pool-3-thread-1] DEBUG com.arangodb.internal.velocystream.internal.VstConnection - Received chunk 1:1 from message 27
19:47:34.067 [pool-3-thread-1] DEBUG com.arangodb.internal.velocystream.internal.VstConnection - Responsetime for Message 27 is 0
19:47:34.067 [pool-3-thread-1] DEBUG com.arangodb.internal.velocystream.internal.MessageStore - Received Message (id=27, head=[1,2,200,{}], body={"deduplicate":true,"fields":["uuid"],"id":"Books/3668210","isNewlyCreated":false,"name":"idx_1687950692959911936","selectivityEstimate":1.0,"sparse":false,"type":"persistent","unique":true,"error":false,"code":200})
19:47:34.072 [Test worker] DEBUG com.arangodb.internal.net.ConnectionPoolImpl - Return Connection connection_1609769854037_0.6942569164735315
19:47:34.072 [Test worker] DEBUG com.arangodb.internal.velocystream.VstCommunicationSync - Send Message (id=28, head=[1,1,"test",2,"/_api/transaction",{},{"content-type":"application/x-velocypack","accept":"application/x-velocypack"}], body={"action":"function(){\n var result = [];db = require(\"@arangodb\").db; \nresult[0]=db._query(\"LET doc = {\\\"_key\\\":\\\"3677685\\\",\\\"uuid\\\":\\\"bf2e9c76-21e1-4c80-80e0-a5692df8b19a\\\",\\\"title\\\":\\\"Little Wizard Stories of Oz\\\",\\\"subjects\\\":[\\\"Short stories\\\",\\\"Oz (Imaginary place) -- Juvenile fiction\\\",\\\"Children's stories, American\\\",\\\"Fantasy literature\\\",\\\"PZ\\\"],\\\"bookshelves\\\":[\\\"Children's Literature\\\"],\\\"formats\\\":[{\\\"url\\\":\\\"https:\\/\\/www.gutenberg.org\\/ebooks\\/25519.txt.utf-8\\\",\\\"format\\\":\\\"text\\/plain\\\",\\\"extent\\\":82387,\\\"modified\\\":\\\"2020-11-12T22:37:19.000Z\\\"},{\\\"url\\\":\\\"https:\\/\\/www.gutenberg.org\\/cache\\/epub\\/25519\\/pg25519.cover.medium.jpg\\\",\\\"format\\\":\\\"image\\/jpeg\\\",\\\"extent\\\":28541,\\\"modified\\\":\\\"2020-11-12T22:37:23.000Z\\\"},{\\\"url\\\":\\\"https:\\/\\/www.gutenberg.org\\/files\\/25519\\/25519-h\\/25519-h.htm\\\",\\\"format\\\":\\\"text\\/html; charset=iso-8859-1\\\",\\\"extent\\\":96891,\\\"modified\\\":\\\"2008-05-19T07:06:47.000Z\\\"},{\\\"url\\\":\\\"https:\\/\\/www.gutenberg.org\\/ebooks\\/25519.rdf\\\",\\\"format\\\":\\\"application\\/rdf+xml\\\",\\\"extent\\\":15353,\\\"modified\\\":\\\"2020-12-09T23:52:50.000Z\\\"},{\\\"url\\\":\\\"https:\\/\\/www.gutenberg.org\\/files\\/25519\\/25519.zip\\\",\\\"format\\\":\\\"application\\/zip\\\",\\\"extent\\\":31335,\\\"modified\\\":\\\"2008-05-19T06:53:53.000Z\\\"},{\\\"url\\\":\\\"https:\\/\\/www.gutenberg.org\\/files\\/25519\\/25519-h.zip\\\",\\\"format\\\":\\\"text\\/html; charset=iso-8859-1\\\",\\\"extent\\\":2432399,\\\"modified\\\":\\\"2008-05-19T07:10:43.000Z\\\"},{\\\"url\\\":\\\"https:\\/\\/www.gutenberg.org\\/ebooks\\/25519.epub.images\\\",\\\"format\\\":\\\"application\\/epub+zip\\\",\\\"extent\\\":2375216,\\\"modified\\\":\\\"2020-11-12T22:37:21.000Z\\\"},{\\\"url\\\":\\\"https:\\/\\/www.gutenberg.org\\/ebooks\\/25519.kindle.images\\\",\\\"format\\\":\\\"application\\/x-mobipocket-ebook\\\",\\\"extent\\\":4826772,\\\"modified\\\":\\\"2020-11-12T22:37:23.000Z\\\"},{\\\"url\\\":\\\"https:\\/\\/www.gutenberg.org\\/ebooks\\/25519.kindle.noimages\\\",\\\"format\\\":\\\"application\\/x-mobipocket-ebook\\\",\\\"extent\\\":294097,\\\"modified\\\":\\\"2020-11-12T22:37:23.000Z\\\"},{\\\"url\\\":\\\"https:\\/\\/www.gutenberg.org\\/cache\\/epub\\/25519\\/pg25519.cover.small.jpg\\\",\\\"format\\\":\\\"image\\/jpeg\\\",\\\"extent\\\":4408,\\\"modified\\\":\\\"2020-11-12T22:37:23.000Z\\\"},{\\\"url\\\":\\\"https:\\/\\/www.gutenberg.org\\/ebooks\\/25519.epub.noimages\\\",\\\"format\\\":\\\"application\\/epub+zip\\\",\\\"extent\\\":89149,\\\"modified\\\":\\\"2020-11-12T22:37:21.000Z\\\"},{\\\"url\\\":\\\"https:\\/\\/www.gutenberg.org\\/files\\/25519\\/25519.txt\\\",\\\"format\\\":\\\"text\\/plain; charset=us-ascii\\\",\\\"extent\\\":82386,\\\"modified\\\":\\\"2008-05-19T06:53:53.000Z\\\"}],\\\"creators\\\":[{\\\"name\\\":\\\"Baum, L. Frank (Lyman Frank)\\\",\\\"birthDate\\\":1856,\\\"deathDate\\\":1919,\\\"alias\\\":\\\"Metcalf, Suzanne\\\",\\\"webpage\\\":\\\"https:\\/\\/en.wikipedia.org\\/wiki\\/L._Frank_Baum\\\"}],\\\"downloads\\\":1000,\\\"_rev\\\":\\\"_bmNZa4C---\\\",\\\"_class\\\":\\\"com.talentica.arangodb.entity.Book\\\"} UPSERT { _key: doc._key } INSERT doc._key == null ? UNSET(doc, \\\"_key\\\") : doc REPLACE doc IN Books OPTIONS { ignoreRevs: false } RETURN NEW\")['_documents'][0];\nreturn result; \n }","collections":{"write":["Books"]},"waitForSync":true})
19:47:34.072 [Test worker] DEBUG com.arangodb.internal.velocystream.internal.VstConnection - Send chunk 1:1 from message 28
19:47:34.074 [pool-3-thread-1] DEBUG com.arangodb.internal.velocystream.internal.VstConnection - Received chunk 1:1 from message 28
19:47:34.074 [pool-3-thread-1] DEBUG com.arangodb.internal.velocystream.internal.VstConnection - Responsetime for Message 28 is 2
19:47:34.074 [pool-3-thread-1] DEBUG com.arangodb.internal.velocystream.internal.MessageStore - Received Message (id=28, head=[1,2,409,{}], body={"code":409,"error":true,"errorMessage":"AQL: conflict (while executing)","errorNum":1200})
Book(id=3677685, uuid=bf2e9c76-21e1-4c80-80e0-a5692df8b19a, title=Little Wizard Stories of Oz, subjects=[Short stories, Oz (Imaginary place) -- Juvenile fiction, Children's stories, American, Fantasy literature, PZ], bookshelves=[Children's Literature], formats=[Book.Format(url=https://www.gutenberg.org/ebooks/25519.txt.utf-8, format=text/plain, extent=82387, modified=Fri Nov 13 04:07:19 IST 2020), Book.Format(url=https://www.gutenberg.org/cache/epub/25519/pg25519.cover.medium.jpg, format=image/jpeg, extent=28541, modified=Fri Nov 13 04:07:23 IST 2020), Book.Format(url=https://www.gutenberg.org/files/25519/25519-h/25519-h.htm, format=text/html; charset=iso-8859-1, extent=96891, modified=Mon May 19 12:36:47 IST 2008), Book.Format(url=https://www.gutenberg.org/ebooks/25519.rdf, format=application/rdf+xml, extent=15353, modified=Thu Dec 10 05:22:50 IST 2020), Book.Format(url=https://www.gutenberg.org/files/25519/25519.zip, format=application/zip, extent=31335, modified=Mon May 19 12:23:53 IST 2008), Book.Format(url=https://www.gutenberg.org/files/25519/25519-h.zip, format=text/html; charset=iso-8859-1, extent=2432399, modified=Mon May 19 12:40:43 IST 2008), Book.Format(url=https://www.gutenberg.org/ebooks/25519.epub.images, format=application/epub+zip, extent=2375216, modified=Fri Nov 13 04:07:21 IST 2020), Book.Format(url=https://www.gutenberg.org/ebooks/25519.kindle.images, format=application/x-mobipocket-ebook, extent=4826772, modified=Fri Nov 13 04:07:23 IST 2020), Book.Format(url=https://www.gutenberg.org/ebooks/25519.kindle.noimages, format=application/x-mobipocket-ebook, extent=294097, modified=Fri Nov 13 04:07:23 IST 2020), Book.Format(url=https://www.gutenberg.org/cache/epub/25519/pg25519.cover.small.jpg, format=image/jpeg, extent=4408, modified=Fri Nov 13 04:07:23 IST 2020), Book.Format(url=https://www.gutenberg.org/ebooks/25519.epub.noimages, format=application/epub+zip, extent=89149, modified=Fri Nov 13 04:07:21 IST 2020), Book.Format(url=https://www.gutenberg.org/files/25519/25519.txt, format=text/plain; charset=us-ascii, extent=82386, modified=Mon May 19 12:23:53 IST 2008)], creators=[Book.Creator(name=Baum, L. Frank (Lyman Frank), birthDate=1856, deathDate=1919, alias=Metcalf, Suzanne, webpage=https://en.wikipedia.org/wiki/L._Frank_Baum)], downloads=1000, version=_bmNZa4C---)
19:47:34.144 [Test worker] DEBUG org.springframework.context.annotation.AnnotationConfigApplicationContext - Refreshing org.springframework.context.annotation.AnnotationConfigApplicationContext@721ecd3d
19:47:34.145 [Test worker] DEBUG org.springframework.beans.factory.support.DefaultListableBeanFactory - Creating shared instance of singleton bean 'org.springframework.context.annotation.internalConfigurationAnnotationProcessor'
19:47:34.150 [Test worker] DEBUG org.springframework.context.annotation.ClassPathBeanDefinitionScanner - Identified candidate component class: file [/media/debashishc/T7/work/arangodb/build/classes/java/test/com/talentica/arangodb/ArangoDBConfiguration.class]
19:47:34.152 [Test worker] DEBUG org.springframework.context.annotation.ClassPathBeanDefinitionScanner - Ignored because not a concrete top-level class: file [/media/debashishc/T7/work/arangodb/build/classes/java/test/com/talentica/arangodb/repository/BookRepository.class]
19:47:34.153 [Test worker] DEBUG org.springframework.context.annotation.ClassPathBeanDefinitionScanner - Identified candidate component class: file [/media/debashishc/T7/work/arangodb/build/classes/java/test/com/talentica/arangodb/service/BookLoaderService.class]
19:47:34.162 [Test worker] INFO org.springframework.data.repository.config.RepositoryConfigurationDelegate - Bootstrapping Spring Data ArangoDB repositories in DEFAULT mode.
19:47:34.163 [Test worker] DEBUG org.springframework.data.repository.config.RepositoryConfigurationDelegate - Scanning for ArangoDB repositories in packages com.talentica.arangodb.repository.
19:47:34.165 [Test worker] DEBUG org.springframework.data.repository.config.RepositoryComponentProvider - Identified candidate component class: file [/media/debashishc/T7/work/arangodb/build/classes/java/test/com/talentica/arangodb/repository/BookRepository.class]
19:47:34.168 [Test worker] DEBUG org.springframework.context.annotation.ClassPathScanningCandidateComponentProvider - Identified candidate component class: file [/media/debashishc/T7/work/arangodb/build/classes/java/main/com/talentica/arangodb/repository/ArangoTransactionalRepositoryImpl.class]
19:47:34.169 [Test worker] DEBUG org.springframework.data.repository.config.RepositoryBeanDefinitionBuilder - Registering repository fragment implementation: arangoTransactionalRepositoryImpl com.talentica.arangodb.repository.ArangoTransactionalRepositoryImpl
19:47:34.169 [Test worker] DEBUG org.springframework.data.repository.config.RepositoryBeanDefinitionBuilder - Registering repository fragment: arangoTransactionalRepositoryImplFragment
19:47:34.170 [Test worker] INFO org.springframework.data.repository.config.RepositoryConfigurationDelegate - Finished Spring Data repository scanning in 7ms. Found 1 ArangoDB repository interfaces.
19:47:34.174 [Test worker] DEBUG org.springframework.beans.factory.support.DefaultListableBeanFactory - Creating shared instance of singleton bean 'org.springframework.context.event.internalEventListenerProcessor'
19:47:34.174 [Test worker] DEBUG org.springframework.beans.factory.support.DefaultListableBeanFactory - Creating shared instance of singleton bean 'org.springframework.context.event.internalEventListenerFactory'
19:47:34.174 [Test worker] DEBUG org.springframework.beans.factory.support.DefaultListableBeanFactory - Creating shared instance of singleton bean 'org.springframework.transaction.config.internalTransactionalEventListenerFactory'
19:47:34.175 [Test worker] DEBUG org.springframework.beans.factory.support.DefaultListableBeanFactory - Creating shared instance of singleton bean 'org.springframework.context.annotation.internalAutowiredAnnotationProcessor'
19:47:34.176 [Test worker] DEBUG org.springframework.beans.factory.support.DefaultListableBeanFactory - Creating shared instance of singleton bean 'org.springframework.context.annotation.internalCommonAnnotationProcessor'
19:47:34.176 [Test worker] DEBUG org.springframework.beans.factory.support.DefaultListableBeanFactory - Creating shared instance of singleton bean 'org.springframework.aop.config.internalAutoProxyCreator'
19:47:34.177 [Test worker] DEBUG org.springframework.beans.factory.support.DefaultListableBeanFactory - Creating shared instance of singleton bean 'springDataTestApplication'
19:47:34.178 [Test worker] DEBUG org.springframework.beans.factory.support.DefaultListableBeanFactory - Creating shared instance of singleton bean 'org.springframework.transaction.config.internalTransactionAdvisor'
19:47:34.178 [Test worker] DEBUG org.springframework.beans.factory.support.DefaultListableBeanFactory - Creating shared instance of singleton bean 'org.springframework.transaction.annotation.ProxyTransactionManagementConfiguration'
19:47:34.182 [Test worker] DEBUG org.springframework.beans.factory.support.DefaultListableBeanFactory - Creating shared instance of singleton bean 'transactionAttributeSource'
19:47:34.182 [Test worker] DEBUG org.springframework.beans.factory.support.DefaultListableBeanFactory - Creating shared instance of singleton bean 'transactionInterceptor'
19:47:34.183 [Test worker] DEBUG org.springframework.beans.factory.support.DefaultListableBeanFactory - Autowiring by type from bean name 'transactionInterceptor' via factory method to bean named 'transactionAttributeSource'
19:47:34.183 [Test worker] DEBUG org.springframework.beans.factory.support.DefaultListableBeanFactory - Autowiring by type from bean name 'org.springframework.transaction.config.internalTransactionAdvisor' via factory method to bean named 'transactionAttributeSource'
19:47:34.183 [Test worker] DEBUG org.springframework.beans.factory.support.DefaultListableBeanFactory - Autowiring by type from bean name 'org.springframework.transaction.config.internalTransactionAdvisor' via factory method to bean named 'transactionInterceptor'
19:47:34.184 [Test worker] DEBUG org.springframework.beans.factory.support.DefaultListableBeanFactory - Creating shared instance of singleton bean 'arangoDBConfiguration'
19:47:34.185 [Test worker] DEBUG org.springframework.beans.factory.support.DefaultListableBeanFactory - Creating shared instance of singleton bean 'bookLoaderService'
19:47:34.186 [Test worker] DEBUG org.springframework.beans.factory.support.DefaultListableBeanFactory - Creating shared instance of singleton bean 'bookRepository'
19:47:34.187 [Test worker] DEBUG org.springframework.beans.factory.support.DefaultListableBeanFactory - Creating shared instance of singleton bean 'arangoTemplate'
19:47:34.188 [Test worker] DEBUG com.arangodb.internal.InternalArangoDBBuilder - Use SimpleHostResolver
19:47:34.188 [Test worker] DEBUG com.arangodb.internal.net.HostSet - Added Host HostImpl [connectionPool=ConnectionPoolImpl [host=host[addr=localhost,port=8529], maxConnections=1, connections=0, current=0, factory=VstConnectionFactorySync], description=host[addr=localhost,port=8529], markforDeletion=false] - now 1 Hosts in List
19:47:34.188 [Test worker] DEBUG com.arangodb.internal.InternalArangoDBBuilder - HostHandler is FallbackHostHandler
19:47:34.188 [Test worker] DEBUG com.arangodb.internal.net.HostSet - Added Host HostImpl [connectionPool=ConnectionPoolImpl [host=host[addr=localhost,port=8529], maxConnections=1, connections=0, current=0, factory=VstConnectionFactorySync], description=host[addr=localhost,port=8529], markforDeletion=false] - now 1 Hosts in List
19:47:34.188 [Test worker] DEBUG com.arangodb.internal.ArangoDBImpl - ArangoDB Client is ready to use
19:47:34.188 [Test worker] DEBUG org.springframework.beans.factory.support.DefaultListableBeanFactory - Creating shared instance of singleton bean 'arangoConverter'
19:47:34.188 [Test worker] DEBUG org.springframework.beans.factory.support.DefaultListableBeanFactory - Creating shared instance of singleton bean 'arangoMappingContext'
19:47:34.193 [Test worker] DEBUG org.springframework.context.annotation.ClassPathScanningCandidateComponentProvider - Identified candidate component class: file [/media/debashishc/T7/work/arangodb/build/classes/java/test/com/talentica/arangodb/entity/Book.class]
19:47:34.196 [Test worker] DEBUG org.springframework.data.convert.CustomConversions - Adding converter from class java.util.Date to class java.lang.String as writing converter.
19:47:34.196 [Test worker] DEBUG org.springframework.data.convert.CustomConversions - Adding converter from class java.time.Instant to class java.lang.String as writing converter.
19:47:34.196 [Test worker] DEBUG org.springframework.data.convert.CustomConversions - Adding converter from class java.time.LocalDate to class java.lang.String as writing converter.
19:47:34.196 [Test worker] DEBUG org.springframework.data.convert.CustomConversions - Adding converter from class java.time.LocalDateTime to class java.lang.String as writing converter.
19:47:34.196 [Test worker] DEBUG org.springframework.data.convert.CustomConversions - Adding converter from class java.time.OffsetDateTime to class java.lang.String as writing converter.
19:47:34.196 [Test worker] DEBUG org.springframework.data.convert.CustomConversions - Adding converter from class java.time.ZonedDateTime to class java.lang.String as writing converter.
19:47:34.196 [Test worker] DEBUG org.springframework.data.convert.CustomConversions - Adding converter from class java.lang.String to class java.util.Date as reading converter.
19:47:34.196 [Test worker] DEBUG org.springframework.data.convert.CustomConversions - Adding converter from class java.lang.String to class java.time.Instant as reading converter.
19:47:34.196 [Test worker] DEBUG org.springframework.data.convert.CustomConversions - Adding converter from class java.lang.String to class java.time.LocalDate as reading converter.
19:47:34.196 [Test worker] DEBUG org.springframework.data.convert.CustomConversions - Adding converter from class java.lang.String to class java.time.LocalDateTime as reading converter.
19:47:34.197 [Test worker] DEBUG org.springframework.data.convert.CustomConversions - Adding converter from class java.lang.String to class java.time.OffsetDateTime as reading converter.
19:47:34.197 [Test worker] DEBUG org.springframework.data.convert.CustomConversions - Adding converter from class java.lang.String to class java.time.ZonedDateTime as reading converter.
19:47:34.197 [Test worker] DEBUG org.springframework.data.convert.CustomConversions - Adding converter from class java.lang.String to class java.util.UUID as reading converter.
19:47:34.197 [Test worker] DEBUG org.springframework.data.convert.CustomConversions - Adding converter from class java.util.UUID to class java.lang.String as writing converter.
19:47:34.197 [Test worker] DEBUG org.springframework.data.convert.CustomConversions - Adding converter from class java.util.Date to class java.time.LocalDateTime as reading converter.
19:47:34.197 [Test worker] DEBUG org.springframework.data.convert.CustomConversions - Adding converter from class java.time.LocalDateTime to class java.util.Date as writing converter.
19:47:34.197 [Test worker] DEBUG org.springframework.data.convert.CustomConversions - Adding converter from class java.util.Date to class java.time.LocalDate as reading converter.
19:47:34.197 [Test worker] DEBUG org.springframework.data.convert.CustomConversions - Adding converter from class java.time.LocalDate to class java.util.Date as writing converter.
19:47:34.197 [Test worker] DEBUG org.springframework.data.convert.CustomConversions - Adding converter from class java.util.Date to class java.time.LocalTime as reading converter.
19:47:34.197 [Test worker] DEBUG org.springframework.data.convert.CustomConversions - Adding converter from class java.time.LocalTime to class java.util.Date as writing converter.
19:47:34.197 [Test worker] DEBUG org.springframework.data.convert.CustomConversions - Adding converter from class java.util.Date to class java.time.Instant as reading converter.
19:47:34.197 [Test worker] DEBUG org.springframework.data.convert.CustomConversions - Adding converter from class java.time.Instant to class java.util.Date as writing converter.
19:47:34.197 [Test worker] DEBUG org.springframework.data.convert.CustomConversions - Adding converter from class java.time.LocalDateTime to class java.time.Instant as reading converter.
19:47:34.197 [Test worker] DEBUG org.springframework.data.convert.CustomConversions - Adding converter from class java.time.Instant to class java.time.LocalDateTime as reading converter.
19:47:34.197 [Test worker] DEBUG org.springframework.data.convert.CustomConversions - Adding converter from class java.time.ZoneId to class java.lang.String as writing converter.
19:47:34.197 [Test worker] DEBUG org.springframework.data.convert.CustomConversions - Adding converter from class java.lang.String to class java.time.ZoneId as reading converter.
19:47:34.197 [Test worker] DEBUG org.springframework.data.convert.CustomConversions - Adding converter from class java.time.Duration to class java.lang.String as writing converter.
19:47:34.198 [Test worker] DEBUG org.springframework.data.convert.CustomConversions - Adding converter from class java.lang.String to class java.time.Duration as reading converter.
19:47:34.198 [Test worker] DEBUG org.springframework.data.convert.CustomConversions - Adding converter from class java.time.Period to class java.lang.String as writing converter.
19:47:34.198 [Test worker] DEBUG org.springframework.data.convert.CustomConversions - Adding converter from class java.lang.String to class java.time.Period as reading converter.
19:47:34.198 [Test worker] DEBUG org.springframework.data.convert.CustomConversions - Adding converter from class java.lang.String to class java.time.LocalDate as reading converter.
19:47:34.198 [Test worker] DEBUG org.springframework.data.convert.CustomConversions - Adding converter from class java.lang.String to class java.time.LocalDateTime as reading converter.
19:47:34.198 [Test worker] DEBUG org.springframework.data.convert.CustomConversions - Adding converter from class java.lang.String to class java.time.Instant as reading converter.
19:47:34.206 [Test worker] DEBUG org.springframework.data.convert.CustomConversions - Adding converter from class java.util.Date to class java.lang.String as writing converter.
19:47:34.207 [Test worker] DEBUG org.springframework.data.convert.CustomConversions - Adding converter from class java.time.Instant to class java.lang.String as writing converter.
19:47:34.207 [Test worker] DEBUG org.springframework.data.convert.CustomConversions - Adding converter from class java.time.LocalDate to class java.lang.String as writing converter.
19:47:34.207 [Test worker] DEBUG org.springframework.data.convert.CustomConversions - Adding converter from class java.time.LocalDateTime to class java.lang.String as writing converter.
19:47:34.207 [Test worker] DEBUG org.springframework.data.convert.CustomConversions - Adding converter from class java.time.OffsetDateTime to class java.lang.String as writing converter.
19:47:34.207 [Test worker] DEBUG org.springframework.data.convert.CustomConversions - Adding converter from class java.time.ZonedDateTime to class java.lang.String as writing converter.
19:47:34.207 [Test worker] DEBUG org.springframework.data.convert.CustomConversions - Adding converter from class java.lang.String to class java.util.Date as reading converter.
19:47:34.207 [Test worker] DEBUG org.springframework.data.convert.CustomConversions - Adding converter from class java.lang.String to class java.time.Instant as reading converter.
19:47:34.207 [Test worker] DEBUG org.springframework.data.convert.CustomConversions - Adding converter from class java.lang.String to class java.time.LocalDate as reading converter.
19:47:34.207 [Test worker] DEBUG org.springframework.data.convert.CustomConversions - Adding converter from class java.lang.String to class java.time.LocalDateTime as reading converter.
19:47:34.207 [Test worker] DEBUG org.springframework.data.convert.CustomConversions - Adding converter from class java.lang.String to class java.time.OffsetDateTime as reading converter.
19:47:34.207 [Test worker] DEBUG org.springframework.data.convert.CustomConversions - Adding converter from class java.lang.String to class java.time.ZonedDateTime as reading converter.
19:47:34.207 [Test worker] DEBUG org.springframework.data.convert.CustomConversions - Adding converter from class java.lang.String to class java.util.UUID as reading converter.
19:47:34.207 [Test worker] DEBUG org.springframework.data.convert.CustomConversions - Adding converter from class java.util.UUID to class java.lang.String as writing converter.
19:47:34.207 [Test worker] DEBUG org.springframework.data.convert.CustomConversions - Adding converter from class java.util.Date to class java.time.LocalDateTime as reading converter.
19:47:34.208 [Test worker] DEBUG org.springframework.data.convert.CustomConversions - Adding converter from class java.time.LocalDateTime to class java.util.Date as writing converter.
19:47:34.208 [Test worker] DEBUG org.springframework.data.convert.CustomConversions - Adding converter from class java.util.Date to class java.time.LocalDate as reading converter.
19:47:34.208 [Test worker] DEBUG org.springframework.data.convert.CustomConversions - Adding converter from class java.time.LocalDate to class java.util.Date as writing converter.
19:47:34.208 [Test worker] DEBUG org.springframework.data.convert.CustomConversions - Adding converter from class java.util.Date to class java.time.LocalTime as reading converter.
19:47:34.208 [Test worker] DEBUG org.springframework.data.convert.CustomConversions - Adding converter from class java.time.LocalTime to class java.util.Date as writing converter.
19:47:34.208 [Test worker] DEBUG org.springframework.data.convert.CustomConversions - Adding converter from class java.util.Date to class java.time.Instant as reading converter.
19:47:34.208 [Test worker] DEBUG org.springframework.data.convert.CustomConversions - Adding converter from class java.time.Instant to class java.util.Date as writing converter.
19:47:34.208 [Test worker] DEBUG org.springframework.data.convert.CustomConversions - Adding converter from class java.time.LocalDateTime to class java.time.Instant as reading converter.
19:47:34.208 [Test worker] DEBUG org.springframework.data.convert.CustomConversions - Adding converter from class java.time.Instant to class java.time.LocalDateTime as reading converter.
19:47:34.208 [Test worker] DEBUG org.springframework.data.convert.CustomConversions - Adding converter from class java.time.ZoneId to class java.lang.String as writing converter.
19:47:34.208 [Test worker] DEBUG org.springframework.data.convert.CustomConversions - Adding converter from class java.lang.String to class java.time.ZoneId as reading converter.
19:47:34.208 [Test worker] DEBUG org.springframework.data.convert.CustomConversions - Adding converter from class java.time.Duration to class java.lang.String as writing converter.
19:47:34.208 [Test worker] DEBUG org.springframework.data.convert.CustomConversions - Adding converter from class java.lang.String to class java.time.Duration as reading converter.
19:47:34.208 [Test worker] DEBUG org.springframework.data.convert.CustomConversions - Adding converter from class java.time.Period to class java.lang.String as writing converter.
19:47:34.208 [Test worker] DEBUG org.springframework.data.convert.CustomConversions - Adding converter from class java.lang.String to class java.time.Period as reading converter.
19:47:34.208 [Test worker] DEBUG org.springframework.data.convert.CustomConversions - Adding converter from class java.lang.String to class java.time.LocalDate as reading converter.
19:47:34.209 [Test worker] DEBUG org.springframework.data.convert.CustomConversions - Adding converter from class java.lang.String to class java.time.LocalDateTime as reading converter.
19:47:34.209 [Test worker] DEBUG org.springframework.data.convert.CustomConversions - Adding converter from class java.lang.String to class java.time.Instant as reading converter.
19:47:34.216 [Test worker] DEBUG org.springframework.beans.factory.support.DefaultListableBeanFactory - Creating shared instance of singleton bean 'arangoTransactionalRepositoryImplFragment'
19:47:34.216 [Test worker] DEBUG org.springframework.beans.factory.support.DefaultListableBeanFactory - Creating shared instance of singleton bean 'arangoTransactionalRepositoryImpl'
19:47:34.217 [Test worker] DEBUG org.springframework.beans.factory.support.DefaultListableBeanFactory - Creating shared instance of singleton bean 'getTransactionManager'
19:47:34.218 [Test worker] DEBUG org.springframework.beans.factory.support.DefaultListableBeanFactory - Autowiring by type from bean name 'getTransactionManager' via factory method to bean named 'arangoMappingContext'
19:47:34.218 [Test worker] DEBUG org.springframework.beans.factory.support.DefaultListableBeanFactory - Autowiring by type from bean name 'getTransactionManager' via factory method to bean named 'arangoTemplate'
19:47:34.218 [Test worker] DEBUG org.springframework.beans.factory.support.DefaultListableBeanFactory - Autowiring by type from bean name 'getTransactionManager' via factory method to bean named 'arangoConverter'
19:47:34.218 [Test worker] DEBUG org.springframework.beans.factory.support.DefaultListableBeanFactory - Autowiring by type from bean name 'getTransactionManager' via factory method to bean named 'arangoDBConfiguration'
19:47:34.220 [Test worker] DEBUG org.springframework.beans.factory.support.DefaultListableBeanFactory - Autowiring by type from bean name 'arangoTransactionalRepositoryImpl' via constructor to bean named 'getTransactionManager'
19:47:34.223 [Test worker] DEBUG org.springframework.data.repository.core.support.RepositoryFactorySupport - Initializing repository instance for com.talentica.arangodb.repository.BookRepository…
19:47:34.227 [Test worker] DEBUG org.springframework.data.repository.core.support.RepositoryFactorySupport - Finished creation of repository instance for com.talentica.arangodb.repository.BookRepository.
19:47:34.231 [Test worker] DEBUG com.arangodb.internal.velocystream.internal.VstConnection - Connection connection_1609769854231_0.8606407365348923 created
19:47:34.231 [Test worker] DEBUG com.arangodb.internal.net.ConnectionPoolImpl - Return Connection connection_1609769854231_0.8606407365348923
19:47:34.231 [Test worker] DEBUG com.arangodb.internal.velocystream.internal.VstConnection - Open connection to host[addr=localhost,port=8529]
19:47:34.231 [Test worker] DEBUG com.arangodb.internal.velocystream.internal.VstConnection - Connected to Socket[addr=localhost/127.0.0.1,port=8529,localport=45672]
19:47:34.231 [Test worker] DEBUG com.arangodb.internal.velocystream.internal.VstConnection - Send velocystream protocol header to Socket[addr=localhost/127.0.0.1,port=8529,localport=45672]
19:47:34.232 [pool-4-thread-1] DEBUG com.arangodb.internal.velocystream.internal.VstConnection - Start Callable for connection_1609769854231_0.8606407365348923
19:47:34.232 [Test worker] DEBUG com.arangodb.internal.velocystream.VstCommunicationSync - Send Message (id=29, head=[1,1000,"plain","root","password"], body={})
19:47:34.233 [Test worker] DEBUG com.arangodb.internal.velocystream.internal.VstConnection - Send chunk 1:1 from message 29
19:47:34.233 [pool-4-thread-1] DEBUG com.arangodb.internal.velocystream.internal.VstConnection - Received chunk 1:1 from message 29
19:47:34.233 [pool-4-thread-1] DEBUG com.arangodb.internal.velocystream.internal.VstConnection - Responsetime for Message 29 is 0
19:47:34.233 [pool-4-thread-1] DEBUG com.arangodb.internal.velocystream.internal.MessageStore - Received Message (id=29, head=[1,2,200,{}], body={"error":false,"errorNum":0,"code":200})
19:47:34.233 [Test worker] DEBUG com.arangodb.internal.net.HostSet - Added Host HostImpl [connectionPool=ConnectionPoolImpl [host=host[addr=localhost,port=8529], maxConnections=1, connections=1, current=1, factory=VstConnectionFactorySync], description=host[addr=localhost,port=8529], markforDeletion=false] - now 1 Hosts in List
19:47:34.233 [Test worker] DEBUG com.arangodb.internal.velocystream.VstCommunicationSync - Send Message (id=30, head=[1,1,"_system",1,"/_api/collection/Books",{},{"content-type":"application/x-velocypack","accept":"application/x-velocypack"}], body={})
19:47:34.233 [Test worker] DEBUG com.arangodb.internal.velocystream.internal.VstConnection - Send chunk 1:1 from message 30
19:47:34.234 [pool-4-thread-1] DEBUG com.arangodb.internal.velocystream.internal.VstConnection - Received chunk 1:1 from message 30
19:47:34.234 [pool-4-thread-1] DEBUG com.arangodb.internal.velocystream.internal.VstConnection - Responsetime for Message 30 is 1
19:47:34.234 [pool-4-thread-1] DEBUG com.arangodb.internal.velocystream.internal.MessageStore - Received Message (id=30, head=[1,2,200,{}], body={"error":false,"code":200,"type":2,"isSystem":false,"id":"2843677","globallyUniqueId":"h371E083F0103/2843677","name":"Books","status":3})
19:47:34.234 [Test worker] DEBUG com.arangodb.internal.net.ConnectionPoolImpl - Return Connection connection_1609769854231_0.8606407365348923
19:47:34.234 [Test worker] DEBUG com.arangodb.internal.velocystream.VstCommunicationSync - Send Message (id=31, head=[1,1,"test",1,"/_api/database/current",{},{"content-type":"application/x-velocypack","accept":"application/x-velocypack"}], body={})
19:47:34.234 [Test worker] DEBUG com.arangodb.internal.velocystream.internal.VstConnection - Send chunk 1:1 from message 31
19:47:34.235 [pool-4-thread-1] DEBUG com.arangodb.internal.velocystream.internal.VstConnection - Received chunk 1:1 from message 31
19:47:34.235 [pool-4-thread-1] DEBUG com.arangodb.internal.velocystream.internal.VstConnection - Responsetime for Message 31 is 1
19:47:34.235 [pool-4-thread-1] DEBUG com.arangodb.internal.velocystream.internal.MessageStore - Received Message (id=31, head=[1,2,200,{}], body={"error":false,"code":200,"result":{"id":"2846231","name":"test","isSystem":false,"path":"none"}})
19:47:34.235 [Test worker] DEBUG com.arangodb.internal.net.ConnectionPoolImpl - Return Connection connection_1609769854231_0.8606407365348923
19:47:34.235 [Test worker] DEBUG com.arangodb.internal.velocystream.VstCommunicationSync - Send Message (id=32, head=[1,1,"test",1,"/_api/collection/Books",{},{"content-type":"application/x-velocypack","accept":"application/x-velocypack"}], body={})
19:47:34.235 [Test worker] DEBUG com.arangodb.internal.velocystream.internal.VstConnection - Send chunk 1:1 from message 32
19:47:34.236 [pool-4-thread-1] DEBUG com.arangodb.internal.velocystream.internal.VstConnection - Received chunk 1:1 from message 32
19:47:34.236 [pool-4-thread-1] DEBUG com.arangodb.internal.velocystream.internal.VstConnection - Responsetime for Message 32 is 1
19:47:34.236 [pool-4-thread-1] DEBUG com.arangodb.internal.velocystream.internal.MessageStore - Received Message (id=32, head=[1,2,200,{}], body={"error":false,"code":200,"type":2,"isSystem":false,"id":"3668205","globallyUniqueId":"h371E083F0103/3668205","name":"Books","status":3})
19:47:34.238 [Test worker] DEBUG com.arangodb.internal.net.ConnectionPoolImpl - Return Connection connection_1609769854231_0.8606407365348923
19:47:34.238 [Test worker] DEBUG com.arangodb.internal.velocystream.VstCommunicationSync - Send Message (id=33, head=[1,1,"test",2,"/_api/index",{"collection":"Books"},{"content-type":"application/x-velocypack","accept":"application/x-velocypack"}], body={"fields":["uuid"],"sparse":false,"type":"persistent","unique":true})
19:47:34.238 [Test worker] DEBUG com.arangodb.internal.velocystream.internal.VstConnection - Send chunk 1:1 from message 33
19:47:34.238 [pool-4-thread-1] DEBUG com.arangodb.internal.velocystream.internal.VstConnection - Received chunk 1:1 from message 33
19:47:34.238 [pool-4-thread-1] DEBUG com.arangodb.internal.velocystream.internal.VstConnection - Responsetime for Message 33 is 0
19:47:34.238 [pool-4-thread-1] DEBUG com.arangodb.internal.velocystream.internal.MessageStore - Received Message (id=33, head=[1,2,200,{}], body={"deduplicate":true,"fields":["uuid"],"id":"Books/3668210","isNewlyCreated":false,"name":"idx_1687950692959911936","selectivityEstimate":1.0,"sparse":false,"type":"persistent","unique":true,"error":false,"code":200})
19:47:34.251 [Test worker] DEBUG com.arangodb.internal.net.ConnectionPoolImpl - Return Connection connection_1609769854231_0.8606407365348923
19:47:34.252 [Test worker] DEBUG com.arangodb.internal.velocystream.VstCommunicationSync - Send Message (id=34, head=[1,1,"test",2,"/_api/transaction",{},{"content-type":"application/x-velocypack","accept":"application/x-velocypack"}], body={"action":"function(){\n var result = [];db = require(\"@arangodb\").db; \nresult[0]=db._query(\"LET doc = {\\\"uuid\\\":\\\"842841a7-4f6b-4bac-9b5b-6456acb8ebd1\\\",\\\"title\\\":\\\"Little Wizard Stories of Oz\\\",\\\"subjects\\\":[\\\"Short stories\\\",\\\"Oz (Imaginary place) -- Juvenile fiction\\\",\\\"Children's stories, American\\\",\\\"Fantasy literature\\\",\\\"PZ\\\"],\\\"bookshelves\\\":[\\\"Children's Literature\\\"],\\\"formats\\\":[{\\\"url\\\":\\\"https:\\/\\/www.gutenberg.org\\/ebooks\\/25519.txt.utf-8\\\",\\\"format\\\":\\\"text\\/plain\\\",\\\"extent\\\":82387,\\\"modified\\\":\\\"2020-11-12T22:37:19.000Z\\\"},{\\\"url\\\":\\\"https:\\/\\/www.gutenberg.org\\/cache\\/epub\\/25519\\/pg25519.cover.medium.jpg\\\",\\\"format\\\":\\\"image\\/jpeg\\\",\\\"extent\\\":28541,\\\"modified\\\":\\\"2020-11-12T22:37:23.000Z\\\"},{\\\"url\\\":\\\"https:\\/\\/www.gutenberg.org\\/files\\/25519\\/25519-h\\/25519-h.htm\\\",\\\"format\\\":\\\"text\\/html; charset=iso-8859-1\\\",\\\"extent\\\":96891,\\\"modified\\\":\\\"2008-05-19T07:06:47.000Z\\\"},{\\\"url\\\":\\\"https:\\/\\/www.gutenberg.org\\/ebooks\\/25519.rdf\\\",\\\"format\\\":\\\"application\\/rdf+xml\\\",\\\"extent\\\":15353,\\\"modified\\\":\\\"2020-12-09T23:52:50.000Z\\\"},{\\\"url\\\":\\\"https:\\/\\/www.gutenberg.org\\/files\\/25519\\/25519.zip\\\",\\\"format\\\":\\\"application\\/zip\\\",\\\"extent\\\":31335,\\\"modified\\\":\\\"2008-05-19T06:53:53.000Z\\\"},{\\\"url\\\":\\\"https:\\/\\/www.gutenberg.org\\/files\\/25519\\/25519-h.zip\\\",\\\"format\\\":\\\"text\\/html; charset=iso-8859-1\\\",\\\"extent\\\":2432399,\\\"modified\\\":\\\"2008-05-19T07:10:43.000Z\\\"},{\\\"url\\\":\\\"https:\\/\\/www.gutenberg.org\\/ebooks\\/25519.epub.images\\\",\\\"format\\\":\\\"application\\/epub+zip\\\",\\\"extent\\\":2375216,\\\"modified\\\":\\\"2020-11-12T22:37:21.000Z\\\"},{\\\"url\\\":\\\"https:\\/\\/www.gutenberg.org\\/ebooks\\/25519.kindle.images\\\",\\\"format\\\":\\\"application\\/x-mobipocket-ebook\\\",\\\"extent\\\":4826772,\\\"modified\\\":\\\"2020-11-12T22:37:23.000Z\\\"},{\\\"url\\\":\\\"https:\\/\\/www.gutenberg.org\\/ebooks\\/25519.kindle.noimages\\\",\\\"format\\\":\\\"application\\/x-mobipocket-ebook\\\",\\\"extent\\\":294097,\\\"modified\\\":\\\"2020-11-12T22:37:23.000Z\\\"},{\\\"url\\\":\\\"https:\\/\\/www.gutenberg.org\\/cache\\/epub\\/25519\\/pg25519.cover.small.jpg\\\",\\\"format\\\":\\\"image\\/jpeg\\\",\\\"extent\\\":4408,\\\"modified\\\":\\\"2020-11-12T22:37:23.000Z\\\"},{\\\"url\\\":\\\"https:\\/\\/www.gutenberg.org\\/ebooks\\/25519.epub.noimages\\\",\\\"format\\\":\\\"application\\/epub+zip\\\",\\\"extent\\\":89149,\\\"modified\\\":\\\"2020-11-12T22:37:21.000Z\\\"},{\\\"url\\\":\\\"https:\\/\\/www.gutenberg.org\\/files\\/25519\\/25519.txt\\\",\\\"format\\\":\\\"text\\/plain; charset=us-ascii\\\",\\\"extent\\\":82386,\\\"modified\\\":\\\"2008-05-19T06:53:53.000Z\\\"}],\\\"creators\\\":[{\\\"name\\\":\\\"Baum, L. Frank (Lyman Frank)\\\",\\\"birthDate\\\":1856,\\\"deathDate\\\":1919,\\\"alias\\\":\\\"Metcalf, Suzanne\\\",\\\"webpage\\\":\\\"https:\\/\\/en.wikipedia.org\\/wiki\\/L._Frank_Baum\\\"}],\\\"downloads\\\":133,\\\"_class\\\":\\\"com.talentica.arangodb.entity.Book\\\"} UPSERT { _key: doc._key } INSERT doc._key == null ? UNSET(doc, \\\"_key\\\") : doc REPLACE doc IN Books OPTIONS { ignoreRevs: false } RETURN NEW\")['_documents'][0];\nreturn result; \n }","collections":{"write":["Books"]},"waitForSync":true})
19:47:34.252 [Test worker] DEBUG com.arangodb.internal.velocystream.internal.VstConnection - Send chunk 1:1 from message 34
19:47:34.257 [pool-4-thread-1] DEBUG com.arangodb.internal.velocystream.internal.VstConnection - Received chunk 1:1 from message 34
19:47:34.257 [pool-4-thread-1] DEBUG com.arangodb.internal.velocystream.internal.VstConnection - Responsetime for Message 34 is 5
19:47:34.258 [pool-4-thread-1] DEBUG com.arangodb.internal.velocystream.internal.MessageStore - Received Message (id=34, head=[1,2,200,{}], body={"error":false,"code":200,"result":[{"_key":"3677693","_id":"Books/3677693","_rev":"_bq1AnQy---","_class":"com.talentica.arangodb.entity.Book","bookshelves":["Children's Literature"],"creators":[{"name":"Baum, L. Frank (Lyman Frank)","birthDate":1856,"deathDate":1919,"alias":"Metcalf, Suzanne","webpage":"https://en.wikipedia.org/wiki/L._Frank_Baum"}],"downloads":133,"formats":[{"url":"https://www.gutenberg.org/ebooks/25519.txt.utf-8","format":"text/plain","extent":82387,"modified":"2020-11-12T22:37:19.000Z"},{"url":"https://www.gutenberg.org/cache/epub/25519/pg25519.cover.medium.jpg","format":"image/jpeg","extent":28541,"modified":"2020-11-12T22:37:23.000Z"},{"url":"https://www.gutenberg.org/files/25519/25519-h/25519-h.htm","format":"text/html; charset=iso-8859-1","extent":96891,"modified":"2008-05-19T07:06:47.000Z"},{"url":"https://www.gutenberg.org/ebooks/25519.rdf","format":"application/rdf+xml","extent":15353,"modified":"2020-12-09T23:52:50.000Z"},{"url":"https://www.gutenberg.org/files/25519/25519.zip","format":"application/zip","extent":31335,"modified":"2008-05-19T06:53:53.000Z"},{"url":"https://www.gutenberg.org/files/25519/25519-h.zip","format":"text/html; charset=iso-8859-1","extent":2432399,"modified":"2008-05-19T07:10:43.000Z"},{"url":"https://www.gutenberg.org/ebooks/25519.epub.images","format":"application/epub+zip","extent":2375216,"modified":"2020-11-12T22:37:21.000Z"},{"url":"https://www.gutenberg.org/ebooks/25519.kindle.images","format":"application/x-mobipocket-ebook","extent":4826772,"modified":"2020-11-12T22:37:23.000Z"},{"url":"https://www.gutenberg.org/ebooks/25519.kindle.noimages","format":"application/x-mobipocket-ebook","extent":294097,"modified":"2020-11-12T22:37:23.000Z"},{"url":"https://www.gutenberg.org/cache/epub/25519/pg25519.cover.small.jpg","format":"image/jpeg","extent":4408,"modified":"2020-11-12T22:37:23.000Z"},{"url":"https://www.gutenberg.org/ebooks/25519.epub.noimages","format":"application/epub+zip","extent":89149,"modified":"2020-11-12T22:37:21.000Z"},{"url":"https://www.gutenberg.org/files/25519/25519.txt","format":"text/plain; charset=us-ascii","extent":82386,"modified":"2008-05-19T06:53:53.000Z"}],"subjects":["Short stories","Oz (Imaginary place) -- Juvenile fiction","Children's stories, American","Fantasy literature","PZ"],"title":"Little Wizard Stories of Oz","uuid":"842841a7-4f6b-4bac-9b5b-6456acb8ebd1"}]})
19:47:34.267 [Test worker] DEBUG com.arangodb.internal.net.ConnectionPoolImpl - Return Connection connection_1609769854231_0.8606407365348923
19:47:34.268 [Test worker] DEBUG com.arangodb.internal.velocystream.VstCommunicationSync - Send Message (id=35, head=[1,1,"test",2,"/_api/cursor",{},{"content-type":"application/x-velocypack","accept":"application/x-velocypack"}], body={"bindVars":{"doc":{"_key":"3677693","uuid":"e7da7bfb-099c-4b88-bcbc-4bd576248b7f","title":"Little Wizard Stories of Oz","subjects":["Short stories","Oz (Imaginary place) -- Juvenile fiction","Children's stories, American","Fantasy literature","PZ"],"bookshelves":["Children's Literature"],"formats":[{"url":"https://www.gutenberg.org/ebooks/25519.txt.utf-8","format":"text/plain","extent":82387,"modified":"2020-11-12T22:37:19.000Z"},{"url":"https://www.gutenberg.org/cache/epub/25519/pg25519.cover.medium.jpg","format":"image/jpeg","extent":28541,"modified":"2020-11-12T22:37:23.000Z"},{"url":"https://www.gutenberg.org/files/25519/25519-h/25519-h.htm","format":"text/html; charset=iso-8859-1","extent":96891,"modified":"2008-05-19T07:06:47.000Z"},{"url":"https://www.gutenberg.org/ebooks/25519.rdf","format":"application/rdf+xml","extent":15353,"modified":"2020-12-09T23:52:50.000Z"},{"url":"https://www.gutenberg.org/files/25519/25519.zip","format":"application/zip","extent":31335,"modified":"2008-05-19T06:53:53.000Z"},{"url":"https://www.gutenberg.org/files/25519/25519-h.zip","format":"text/html; charset=iso-8859-1","extent":2432399,"modified":"2008-05-19T07:10:43.000Z"},{"url":"https://www.gutenberg.org/ebooks/25519.epub.images","format":"application/epub+zip","extent":2375216,"modified":"2020-11-12T22:37:21.000Z"},{"url":"https://www.gutenberg.org/ebooks/25519.kindle.images","format":"application/x-mobipocket-ebook","extent":4826772,"modified":"2020-11-12T22:37:23.000Z"},{"url":"https://www.gutenberg.org/ebooks/25519.kindle.noimages","format":"application/x-mobipocket-ebook","extent":294097,"modified":"2020-11-12T22:37:23.000Z"},{"url":"https://www.gutenberg.org/cache/epub/25519/pg25519.cover.small.jpg","format":"image/jpeg","extent":4408,"modified":"2020-11-12T22:37:23.000Z"},{"url":"https://www.gutenberg.org/ebooks/25519.epub.noimages","format":"application/epub+zip","extent":89149,"modified":"2020-11-12T22:37:21.000Z"},{"url":"https://www.gutenberg.org/files/25519/25519.txt","format":"text/plain; charset=us-ascii","extent":82386,"modified":"2008-05-19T06:53:53.000Z"}],"creators":[{"name":"Baum, L. Frank (Lyman Frank)","birthDate":1856,"deathDate":1919,"alias":"Metcalf, Suzanne","webpage":"https://en.wikipedia.org/wiki/L._Frank_Baum"}],"downloads":1000,"_rev":"_bq1AnQy---","_class":"com.talentica.arangodb.entity.Book"},"@col":"Books"},"query":"LET doc = @doc UPSERT { _key: doc._key } INSERT doc._key == null ? UNSET(doc, \"_key\") : doc REPLACE doc IN @@col OPTIONS { ignoreRevs: false } RETURN NEW"})
19:47:34.268 [Test worker] DEBUG com.arangodb.internal.velocystream.internal.VstConnection - Send chunk 1:1 from message 35
19:47:34.269 [pool-4-thread-1] DEBUG com.arangodb.internal.velocystream.internal.VstConnection - Received chunk 1:1 from message 35
19:47:34.270 [pool-4-thread-1] DEBUG com.arangodb.internal.velocystream.internal.VstConnection - Responsetime for Message 35 is 2
19:47:34.270 [pool-4-thread-1] DEBUG com.arangodb.internal.velocystream.internal.MessageStore - Received Message (id=35, head=[1,2,201,{}], body={"result":[{"_key":"3677693","_id":"Books/3677693","_rev":"_bq1AnRy---","_class":"com.talentica.arangodb.entity.Book","bookshelves":["Children's Literature"],"creators":[{"name":"Baum, L. Frank (Lyman Frank)","birthDate":1856,"deathDate":1919,"alias":"Metcalf, Suzanne","webpage":"https://en.wikipedia.org/wiki/L._Frank_Baum"}],"downloads":1000,"formats":[{"url":"https://www.gutenberg.org/ebooks/25519.txt.utf-8","format":"text/plain","extent":82387,"modified":"2020-11-12T22:37:19.000Z"},{"url":"https://www.gutenberg.org/cache/epub/25519/pg25519.cover.medium.jpg","format":"image/jpeg","extent":28541,"modified":"2020-11-12T22:37:23.000Z"},{"url":"https://www.gutenberg.org/files/25519/25519-h/25519-h.htm","format":"text/html; charset=iso-8859-1","extent":96891,"modified":"2008-05-19T07:06:47.000Z"},{"url":"https://www.gutenberg.org/ebooks/25519.rdf","format":"application/rdf+xml","extent":15353,"modified":"2020-12-09T23:52:50.000Z"},{"url":"https://www.gutenberg.org/files/25519/25519.zip","format":"application/zip","extent":31335,"modified":"2008-05-19T06:53:53.000Z"},{"url":"https://www.gutenberg.org/files/25519/25519-h.zip","format":"text/html; charset=iso-8859-1","extent":2432399,"modified":"2008-05-19T07:10:43.000Z"},{"url":"https://www.gutenberg.org/ebooks/25519.epub.images","format":"application/epub+zip","extent":2375216,"modified":"2020-11-12T22:37:21.000Z"},{"url":"https://www.gutenberg.org/ebooks/25519.kindle.images","format":"application/x-mobipocket-ebook","extent":4826772,"modified":"2020-11-12T22:37:23.000Z"},{"url":"https://www.gutenberg.org/ebooks/25519.kindle.noimages","format":"application/x-mobipocket-ebook","extent":294097,"modified":"2020-11-12T22:37:23.000Z"},{"url":"https://www.gutenberg.org/cache/epub/25519/pg25519.cover.small.jpg","format":"image/jpeg","extent":4408,"modified":"2020-11-12T22:37:23.000Z"},{"url":"https://www.gutenberg.org/ebooks/25519.epub.noimages","format":"application/epub+zip","extent":89149,"modified":"2020-11-12T22:37:21.000Z"},{"url":"https://www.gutenberg.org/files/25519/25519.txt","format":"text/plain; charset=us-ascii","extent":82386,"modified":"2008-05-19T06:53:53.000Z"}],"subjects":["Short stories","Oz (Imaginary place) -- Juvenile fiction","Children's stories, American","Fantasy literature","PZ"],"title":"Little Wizard Stories of Oz","uuid":"e7da7bfb-099c-4b88-bcbc-4bd576248b7f"}],"hasMore":false,"cached":false,"extra":{"stats":{"writesExecuted":1,"writesIgnored":0,"scannedFull":0,"scannedIndex":1,"filtered":0,"httpRequests":0,"executionTime":8.928609895519912E-4,"peakMemoryUsage":88903},"warnings":[]},"error":false,"code":201})
19:47:34.271 [Test worker] DEBUG com.arangodb.internal.ArangoExecutorSync - Response is MetaAware com.arangodb.entity.CursorEntity
19:47:34.274 [Test worker] DEBUG com.arangodb.internal.net.ConnectionPoolImpl - Return Connection connection_1609769854231_0.8606407365348923
19:47:34.275 [Test worker] DEBUG com.arangodb.internal.velocystream.VstCommunicationSync - Send Message (id=36, head=[1,1,"test",2,"/_api/transaction",{},{"content-type":"application/x-velocypack","accept":"application/x-velocypack"}], body={"action":"function(){\n var result = [];db = require(\"@arangodb\").db; \nreturn result; \n }","collections":{"write":[]},"waitForSync":true})
19:47:34.275 [Test worker] DEBUG com.arangodb.internal.velocystream.internal.VstConnection - Send chunk 1:1 from message 36
19:47:34.275 [pool-4-thread-1] DEBUG com.arangodb.internal.velocystream.internal.VstConnection - Received chunk 1:1 from message 36
19:47:34.275 [pool-4-thread-1] DEBUG com.arangodb.internal.velocystream.internal.VstConnection - Responsetime for Message 36 is 0
19:47:34.276 [pool-4-thread-1] DEBUG com.arangodb.internal.velocystream.internal.MessageStore - Received Message (id=36, head=[1,2,200,{}], body={"error":false,"code":200,"result":[]})
]]></system-out>
  <system-err><![CDATA[]]></system-err>
</testsuite>
