<?xml version="1.0" encoding="UTF-8"?>
<testsuite name="com.talentica.arangodb.TransactionManagerTest" tests="4" skipped="0" failures="0" errors="0" timestamp="2021-01-06T17:59:13" hostname="DebashishC-ublp" time="1.468">
  <properties/>
  <testcase name="testTransactionSuccess()" classname="com.talentica.arangodb.TransactionManagerTest" time="1.039"/>
  <testcase name="testTransactionFailure()" classname="com.talentica.arangodb.TransactionManagerTest" time="0.156"/>
  <testcase name="testOptimisticLocking()" classname="com.talentica.arangodb.TransactionManagerTest" time="0.162"/>
  <testcase name="testOptimisticLockingSuccess()" classname="com.talentica.arangodb.TransactionManagerTest" time="0.108"/>
  <system-out><![CDATA[23:29:13.800 [Test worker] DEBUG org.springframework.context.annotation.AnnotationConfigApplicationContext - Refreshing org.springframework.context.annotation.AnnotationConfigApplicationContext@774f02c5
23:29:13.814 [Test worker] DEBUG org.springframework.beans.factory.support.DefaultListableBeanFactory - Creating shared instance of singleton bean 'org.springframework.context.annotation.internalConfigurationAnnotationProcessor'
23:29:13.858 [Test worker] DEBUG org.springframework.context.annotation.ClassPathBeanDefinitionScanner - Identified candidate component class: file [/media/debashishc/T7/work/arangodb/build/classes/java/test/com/talentica/arangodb/ArangoDBConfiguration.class]
23:29:13.869 [Test worker] DEBUG org.springframework.context.annotation.ClassPathBeanDefinitionScanner - Ignored because not a concrete top-level class: file [/media/debashishc/T7/work/arangodb/build/classes/java/test/com/talentica/arangodb/repository/BookRepository.class]
23:29:13.872 [Test worker] DEBUG org.springframework.context.annotation.ClassPathBeanDefinitionScanner - Identified candidate component class: file [/media/debashishc/T7/work/arangodb/build/classes/java/test/com/talentica/arangodb/service/BookLoaderService.class]
23:29:13.923 [Test worker] INFO org.springframework.data.repository.config.RepositoryConfigurationDelegate - Bootstrapping Spring Data ArangoDB repositories in DEFAULT mode.
23:29:13.927 [Test worker] DEBUG org.springframework.data.repository.config.RepositoryConfigurationDelegate - Scanning for ArangoDB repositories in packages com.talentica.arangodb.repository.
23:29:13.933 [Test worker] DEBUG org.springframework.data.repository.config.RepositoryComponentProvider - Identified candidate component class: file [/media/debashishc/T7/work/arangodb/build/classes/java/test/com/talentica/arangodb/repository/BookRepository.class]
23:29:13.962 [Test worker] DEBUG org.springframework.context.annotation.ClassPathScanningCandidateComponentProvider - Identified candidate component class: file [/media/debashishc/T7/work/arangodb/build/classes/java/main/com/talentica/arangodb/repository/ArangoTransactionalRepositoryImpl.class]
23:29:13.974 [Test worker] DEBUG org.springframework.data.repository.config.RepositoryBeanDefinitionBuilder - Registering repository fragment implementation: arangoTransactionalRepositoryImpl com.talentica.arangodb.repository.ArangoTransactionalRepositoryImpl
23:29:13.974 [Test worker] DEBUG org.springframework.data.repository.config.RepositoryBeanDefinitionBuilder - Registering repository fragment: arangoTransactionalRepositoryImplFragment
23:29:13.979 [Test worker] INFO org.springframework.data.repository.config.RepositoryConfigurationDelegate - Finished Spring Data repository scanning in 51 ms. Found 1 ArangoDB repository interfaces.
23:29:14.051 [Test worker] DEBUG org.springframework.beans.factory.support.DefaultListableBeanFactory - Creating shared instance of singleton bean 'org.springframework.context.event.internalEventListenerProcessor'
23:29:14.052 [Test worker] DEBUG org.springframework.beans.factory.support.DefaultListableBeanFactory - Creating shared instance of singleton bean 'org.springframework.context.event.internalEventListenerFactory'
23:29:14.053 [Test worker] DEBUG org.springframework.beans.factory.support.DefaultListableBeanFactory - Creating shared instance of singleton bean 'org.springframework.transaction.config.internalTransactionalEventListenerFactory'
23:29:14.055 [Test worker] DEBUG org.springframework.beans.factory.support.DefaultListableBeanFactory - Creating shared instance of singleton bean 'org.springframework.context.annotation.internalAutowiredAnnotationProcessor'
23:29:14.056 [Test worker] DEBUG org.springframework.beans.factory.support.DefaultListableBeanFactory - Creating shared instance of singleton bean 'org.springframework.context.annotation.internalCommonAnnotationProcessor'
23:29:14.060 [Test worker] DEBUG org.springframework.beans.factory.support.DefaultListableBeanFactory - Creating shared instance of singleton bean 'org.springframework.aop.config.internalAutoProxyCreator'
23:29:14.106 [Test worker] DEBUG org.springframework.beans.factory.support.DefaultListableBeanFactory - Creating shared instance of singleton bean 'springDataTestApplication'
23:29:14.108 [Test worker] DEBUG org.springframework.beans.factory.support.DefaultListableBeanFactory - Creating shared instance of singleton bean 'org.springframework.transaction.config.internalTransactionAdvisor'
23:29:14.108 [Test worker] DEBUG org.springframework.beans.factory.support.DefaultListableBeanFactory - Creating shared instance of singleton bean 'org.springframework.transaction.annotation.ProxyTransactionManagementConfiguration'
23:29:14.126 [Test worker] DEBUG org.springframework.beans.factory.support.DefaultListableBeanFactory - Creating shared instance of singleton bean 'transactionAttributeSource'
23:29:14.130 [Test worker] DEBUG org.springframework.beans.factory.support.DefaultListableBeanFactory - Creating shared instance of singleton bean 'transactionInterceptor'
23:29:14.131 [Test worker] DEBUG org.springframework.beans.factory.support.DefaultListableBeanFactory - Autowiring by type from bean name 'transactionInterceptor' via factory method to bean named 'transactionAttributeSource'
23:29:14.135 [Test worker] DEBUG org.springframework.beans.factory.support.DefaultListableBeanFactory - Autowiring by type from bean name 'org.springframework.transaction.config.internalTransactionAdvisor' via factory method to bean named 'transactionAttributeSource'
23:29:14.135 [Test worker] DEBUG org.springframework.beans.factory.support.DefaultListableBeanFactory - Autowiring by type from bean name 'org.springframework.transaction.config.internalTransactionAdvisor' via factory method to bean named 'transactionInterceptor'
23:29:14.139 [Test worker] DEBUG org.springframework.beans.factory.support.DefaultListableBeanFactory - Creating shared instance of singleton bean 'arangoDBConfiguration'
23:29:14.142 [Test worker] DEBUG org.springframework.beans.factory.support.DefaultListableBeanFactory - Creating shared instance of singleton bean 'bookLoaderService'
23:29:14.144 [Test worker] DEBUG org.springframework.beans.factory.support.DefaultListableBeanFactory - Creating shared instance of singleton bean 'bookRepository'
23:29:14.153 [Test worker] DEBUG org.springframework.beans.factory.support.DefaultListableBeanFactory - Creating shared instance of singleton bean 'arangoTemplate'
23:29:14.194 [Test worker] DEBUG com.arangodb.internal.InternalArangoDBBuilder - Use SimpleHostResolver
23:29:14.195 [Test worker] DEBUG com.arangodb.internal.net.HostSet - Added Host HostImpl [connectionPool=ConnectionPoolImpl [host=host[addr=localhost,port=8529], maxConnections=1, connections=0, current=0, factory=VstConnectionFactorySync], description=host[addr=localhost,port=8529], markforDeletion=false] - now 1 Hosts in List
23:29:14.195 [Test worker] DEBUG com.arangodb.internal.InternalArangoDBBuilder - HostHandler is FallbackHostHandler
23:29:14.196 [Test worker] DEBUG com.arangodb.internal.net.HostSet - Added Host HostImpl [connectionPool=ConnectionPoolImpl [host=host[addr=localhost,port=8529], maxConnections=1, connections=0, current=0, factory=VstConnectionFactorySync], description=host[addr=localhost,port=8529], markforDeletion=false] - now 1 Hosts in List
23:29:14.200 [Test worker] DEBUG com.arangodb.internal.ArangoDBImpl - ArangoDB Client is ready to use
23:29:14.200 [Test worker] DEBUG org.springframework.beans.factory.support.DefaultListableBeanFactory - Creating shared instance of singleton bean 'arangoConverter'
23:29:14.203 [Test worker] DEBUG org.springframework.beans.factory.support.DefaultListableBeanFactory - Creating shared instance of singleton bean 'arangoMappingContext'
23:29:14.212 [Test worker] DEBUG org.springframework.context.annotation.ClassPathScanningCandidateComponentProvider - Identified candidate component class: file [/media/debashishc/T7/work/arangodb/build/classes/java/test/com/talentica/arangodb/entity/Book.class]
23:29:14.230 [Test worker] DEBUG org.springframework.data.convert.CustomConversions - Adding converter from class java.util.Date to class java.lang.String as writing converter.
23:29:14.231 [Test worker] DEBUG org.springframework.data.convert.CustomConversions - Adding converter from class java.time.Instant to class java.lang.String as writing converter.
23:29:14.231 [Test worker] DEBUG org.springframework.data.convert.CustomConversions - Adding converter from class java.time.LocalDate to class java.lang.String as writing converter.
23:29:14.231 [Test worker] DEBUG org.springframework.data.convert.CustomConversions - Adding converter from class java.time.LocalDateTime to class java.lang.String as writing converter.
23:29:14.231 [Test worker] DEBUG org.springframework.data.convert.CustomConversions - Adding converter from class java.time.OffsetDateTime to class java.lang.String as writing converter.
23:29:14.232 [Test worker] DEBUG org.springframework.data.convert.CustomConversions - Adding converter from class java.time.ZonedDateTime to class java.lang.String as writing converter.
23:29:14.232 [Test worker] DEBUG org.springframework.data.convert.CustomConversions - Adding converter from class java.lang.String to class java.util.Date as reading converter.
23:29:14.232 [Test worker] DEBUG org.springframework.data.convert.CustomConversions - Adding converter from class java.lang.String to class java.time.Instant as reading converter.
23:29:14.232 [Test worker] DEBUG org.springframework.data.convert.CustomConversions - Adding converter from class java.lang.String to class java.time.LocalDate as reading converter.
23:29:14.233 [Test worker] DEBUG org.springframework.data.convert.CustomConversions - Adding converter from class java.lang.String to class java.time.LocalDateTime as reading converter.
23:29:14.233 [Test worker] DEBUG org.springframework.data.convert.CustomConversions - Adding converter from class java.lang.String to class java.time.OffsetDateTime as reading converter.
23:29:14.233 [Test worker] DEBUG org.springframework.data.convert.CustomConversions - Adding converter from class java.lang.String to class java.time.ZonedDateTime as reading converter.
23:29:14.233 [Test worker] DEBUG org.springframework.data.convert.CustomConversions - Adding converter from class java.lang.String to class java.util.UUID as reading converter.
23:29:14.233 [Test worker] DEBUG org.springframework.data.convert.CustomConversions - Adding converter from class java.util.UUID to class java.lang.String as writing converter.
23:29:14.234 [Test worker] DEBUG org.springframework.data.convert.CustomConversions - Adding converter from class java.util.Date to class java.time.LocalDateTime as reading converter.
23:29:14.234 [Test worker] DEBUG org.springframework.data.convert.CustomConversions - Adding converter from class java.time.LocalDateTime to class java.util.Date as writing converter.
23:29:14.234 [Test worker] DEBUG org.springframework.data.convert.CustomConversions - Adding converter from class java.util.Date to class java.time.LocalDate as reading converter.
23:29:14.234 [Test worker] DEBUG org.springframework.data.convert.CustomConversions - Adding converter from class java.time.LocalDate to class java.util.Date as writing converter.
23:29:14.235 [Test worker] DEBUG org.springframework.data.convert.CustomConversions - Adding converter from class java.util.Date to class java.time.LocalTime as reading converter.
23:29:14.235 [Test worker] DEBUG org.springframework.data.convert.CustomConversions - Adding converter from class java.time.LocalTime to class java.util.Date as writing converter.
23:29:14.235 [Test worker] DEBUG org.springframework.data.convert.CustomConversions - Adding converter from class java.util.Date to class java.time.Instant as reading converter.
23:29:14.236 [Test worker] DEBUG org.springframework.data.convert.CustomConversions - Adding converter from class java.time.Instant to class java.util.Date as writing converter.
23:29:14.236 [Test worker] DEBUG org.springframework.data.convert.CustomConversions - Adding converter from class java.time.LocalDateTime to class java.time.Instant as reading converter.
23:29:14.236 [Test worker] DEBUG org.springframework.data.convert.CustomConversions - Adding converter from class java.time.Instant to class java.time.LocalDateTime as reading converter.
23:29:14.236 [Test worker] DEBUG org.springframework.data.convert.CustomConversions - Adding converter from class java.time.ZoneId to class java.lang.String as writing converter.
23:29:14.237 [Test worker] DEBUG org.springframework.data.convert.CustomConversions - Adding converter from class java.lang.String to class java.time.ZoneId as reading converter.
23:29:14.237 [Test worker] DEBUG org.springframework.data.convert.CustomConversions - Adding converter from class java.time.Duration to class java.lang.String as writing converter.
23:29:14.237 [Test worker] DEBUG org.springframework.data.convert.CustomConversions - Adding converter from class java.lang.String to class java.time.Duration as reading converter.
23:29:14.237 [Test worker] DEBUG org.springframework.data.convert.CustomConversions - Adding converter from class java.time.Period to class java.lang.String as writing converter.
23:29:14.238 [Test worker] DEBUG org.springframework.data.convert.CustomConversions - Adding converter from class java.lang.String to class java.time.Period as reading converter.
23:29:14.238 [Test worker] DEBUG org.springframework.data.convert.CustomConversions - Adding converter from class java.lang.String to class java.time.LocalDate as reading converter.
23:29:14.238 [Test worker] DEBUG org.springframework.data.convert.CustomConversions - Adding converter from class java.lang.String to class java.time.LocalDateTime as reading converter.
23:29:14.238 [Test worker] DEBUG org.springframework.data.convert.CustomConversions - Adding converter from class java.lang.String to class java.time.Instant as reading converter.
23:29:14.303 [Test worker] DEBUG org.springframework.data.convert.CustomConversions - Adding converter from class java.util.Date to class java.lang.String as writing converter.
23:29:14.303 [Test worker] DEBUG org.springframework.data.convert.CustomConversions - Adding converter from class java.time.Instant to class java.lang.String as writing converter.
23:29:14.304 [Test worker] DEBUG org.springframework.data.convert.CustomConversions - Adding converter from class java.time.LocalDate to class java.lang.String as writing converter.
23:29:14.304 [Test worker] DEBUG org.springframework.data.convert.CustomConversions - Adding converter from class java.time.LocalDateTime to class java.lang.String as writing converter.
23:29:14.304 [Test worker] DEBUG org.springframework.data.convert.CustomConversions - Adding converter from class java.time.OffsetDateTime to class java.lang.String as writing converter.
23:29:14.304 [Test worker] DEBUG org.springframework.data.convert.CustomConversions - Adding converter from class java.time.ZonedDateTime to class java.lang.String as writing converter.
23:29:14.305 [Test worker] DEBUG org.springframework.data.convert.CustomConversions - Adding converter from class java.lang.String to class java.util.Date as reading converter.
23:29:14.305 [Test worker] DEBUG org.springframework.data.convert.CustomConversions - Adding converter from class java.lang.String to class java.time.Instant as reading converter.
23:29:14.305 [Test worker] DEBUG org.springframework.data.convert.CustomConversions - Adding converter from class java.lang.String to class java.time.LocalDate as reading converter.
23:29:14.305 [Test worker] DEBUG org.springframework.data.convert.CustomConversions - Adding converter from class java.lang.String to class java.time.LocalDateTime as reading converter.
23:29:14.306 [Test worker] DEBUG org.springframework.data.convert.CustomConversions - Adding converter from class java.lang.String to class java.time.OffsetDateTime as reading converter.
23:29:14.306 [Test worker] DEBUG org.springframework.data.convert.CustomConversions - Adding converter from class java.lang.String to class java.time.ZonedDateTime as reading converter.
23:29:14.306 [Test worker] DEBUG org.springframework.data.convert.CustomConversions - Adding converter from class java.lang.String to class java.util.UUID as reading converter.
23:29:14.306 [Test worker] DEBUG org.springframework.data.convert.CustomConversions - Adding converter from class java.util.UUID to class java.lang.String as writing converter.
23:29:14.307 [Test worker] DEBUG org.springframework.data.convert.CustomConversions - Adding converter from class java.util.Date to class java.time.LocalDateTime as reading converter.
23:29:14.307 [Test worker] DEBUG org.springframework.data.convert.CustomConversions - Adding converter from class java.time.LocalDateTime to class java.util.Date as writing converter.
23:29:14.307 [Test worker] DEBUG org.springframework.data.convert.CustomConversions - Adding converter from class java.util.Date to class java.time.LocalDate as reading converter.
23:29:14.307 [Test worker] DEBUG org.springframework.data.convert.CustomConversions - Adding converter from class java.time.LocalDate to class java.util.Date as writing converter.
23:29:14.308 [Test worker] DEBUG org.springframework.data.convert.CustomConversions - Adding converter from class java.util.Date to class java.time.LocalTime as reading converter.
23:29:14.308 [Test worker] DEBUG org.springframework.data.convert.CustomConversions - Adding converter from class java.time.LocalTime to class java.util.Date as writing converter.
23:29:14.308 [Test worker] DEBUG org.springframework.data.convert.CustomConversions - Adding converter from class java.util.Date to class java.time.Instant as reading converter.
23:29:14.308 [Test worker] DEBUG org.springframework.data.convert.CustomConversions - Adding converter from class java.time.Instant to class java.util.Date as writing converter.
23:29:14.308 [Test worker] DEBUG org.springframework.data.convert.CustomConversions - Adding converter from class java.time.LocalDateTime to class java.time.Instant as reading converter.
23:29:14.309 [Test worker] DEBUG org.springframework.data.convert.CustomConversions - Adding converter from class java.time.Instant to class java.time.LocalDateTime as reading converter.
23:29:14.309 [Test worker] DEBUG org.springframework.data.convert.CustomConversions - Adding converter from class java.time.ZoneId to class java.lang.String as writing converter.
23:29:14.309 [Test worker] DEBUG org.springframework.data.convert.CustomConversions - Adding converter from class java.lang.String to class java.time.ZoneId as reading converter.
23:29:14.309 [Test worker] DEBUG org.springframework.data.convert.CustomConversions - Adding converter from class java.time.Duration to class java.lang.String as writing converter.
23:29:14.310 [Test worker] DEBUG org.springframework.data.convert.CustomConversions - Adding converter from class java.lang.String to class java.time.Duration as reading converter.
23:29:14.310 [Test worker] DEBUG org.springframework.data.convert.CustomConversions - Adding converter from class java.time.Period to class java.lang.String as writing converter.
23:29:14.310 [Test worker] DEBUG org.springframework.data.convert.CustomConversions - Adding converter from class java.lang.String to class java.time.Period as reading converter.
23:29:14.310 [Test worker] DEBUG org.springframework.data.convert.CustomConversions - Adding converter from class java.lang.String to class java.time.LocalDate as reading converter.
23:29:14.310 [Test worker] DEBUG org.springframework.data.convert.CustomConversions - Adding converter from class java.lang.String to class java.time.LocalDateTime as reading converter.
23:29:14.311 [Test worker] DEBUG org.springframework.data.convert.CustomConversions - Adding converter from class java.lang.String to class java.time.Instant as reading converter.
23:29:14.348 [Test worker] DEBUG org.springframework.beans.factory.support.DefaultListableBeanFactory - Creating shared instance of singleton bean 'arangoTransactionalRepositoryImplFragment'
23:29:14.349 [Test worker] DEBUG org.springframework.beans.factory.support.DefaultListableBeanFactory - Creating shared instance of singleton bean 'arangoTransactionalRepositoryImpl'
23:29:14.350 [Test worker] DEBUG org.springframework.beans.factory.support.DefaultListableBeanFactory - Creating shared instance of singleton bean 'getTransactionManager'
23:29:14.351 [Test worker] DEBUG org.springframework.beans.factory.support.DefaultListableBeanFactory - Autowiring by type from bean name 'getTransactionManager' via factory method to bean named 'arangoTemplate'
23:29:14.351 [Test worker] DEBUG org.springframework.beans.factory.support.DefaultListableBeanFactory - Autowiring by type from bean name 'getTransactionManager' via factory method to bean named 'arangoConverter'
23:29:14.351 [Test worker] DEBUG org.springframework.beans.factory.support.DefaultListableBeanFactory - Autowiring by type from bean name 'getTransactionManager' via factory method to bean named 'arangoDBConfiguration'
23:29:14.353 [Test worker] DEBUG org.springframework.beans.factory.support.DefaultListableBeanFactory - Autowiring by type from bean name 'arangoTransactionalRepositoryImpl' via constructor to bean named 'getTransactionManager'
23:29:14.369 [Test worker] DEBUG org.springframework.data.repository.core.support.RepositoryFactorySupport - Initializing repository instance for com.talentica.arangodb.repository.BookRepository…
23:29:14.414 [Test worker] DEBUG org.springframework.data.repository.core.support.RepositoryFactorySupport - Finished creation of repository instance for {}.
23:29:14.521 [Test worker] DEBUG com.arangodb.internal.velocystream.internal.VstConnection - Connection connection_1609955954520_0.9566782613279491 created
23:29:14.521 [Test worker] DEBUG com.arangodb.internal.net.ConnectionPoolImpl - Return Connection connection_1609955954520_0.9566782613279491
23:29:14.521 [Test worker] DEBUG com.arangodb.internal.velocystream.internal.VstConnection - Open connection to host[addr=localhost,port=8529]
23:29:14.525 [Test worker] DEBUG com.arangodb.internal.velocystream.internal.VstConnection - Connected to Socket[addr=localhost/127.0.0.1,port=8529,localport=52136]
23:29:14.525 [Test worker] DEBUG com.arangodb.internal.velocystream.internal.VstConnection - Send velocystream protocol header to Socket[addr=localhost/127.0.0.1,port=8529,localport=52136]
23:29:14.526 [pool-1-thread-1] DEBUG com.arangodb.internal.velocystream.internal.VstConnection - Start Callable for connection_1609955954520_0.9566782613279491
23:29:14.561 [Test worker] DEBUG com.arangodb.internal.velocystream.VstCommunicationSync - Send Message (id=1, head=[1,1000,"plain","root","password"], body={})
23:29:14.562 [Test worker] DEBUG com.arangodb.internal.velocystream.internal.VstConnection - Send chunk 1:1 from message 1
23:29:14.563 [pool-1-thread-1] DEBUG com.arangodb.internal.velocystream.internal.VstConnection - Received chunk 1:1 from message 1
23:29:14.563 [pool-1-thread-1] DEBUG com.arangodb.internal.velocystream.internal.VstConnection - Responsetime for Message 1 is 1
23:29:14.565 [pool-1-thread-1] DEBUG com.arangodb.internal.velocystream.internal.MessageStore - Received Message (id=1, head=[1,2,200,{}], body={"error":false,"errorNum":0,"code":200})
23:29:14.566 [Test worker] DEBUG com.arangodb.internal.net.HostSet - Added Host HostImpl [connectionPool=ConnectionPoolImpl [host=host[addr=localhost,port=8529], maxConnections=1, connections=1, current=1, factory=VstConnectionFactorySync], description=host[addr=localhost,port=8529], markforDeletion=false] - now 1 Hosts in List
23:29:14.566 [Test worker] DEBUG com.arangodb.internal.velocystream.VstCommunicationSync - Send Message (id=2, head=[1,1,"_system",1,"/_api/collection/Books",{},{"content-type":"application/x-velocypack","accept":"application/x-velocypack"}], body={})
23:29:14.566 [Test worker] DEBUG com.arangodb.internal.velocystream.internal.VstConnection - Send chunk 1:1 from message 2
23:29:14.567 [pool-1-thread-1] DEBUG com.arangodb.internal.velocystream.internal.VstConnection - Received chunk 1:1 from message 2
23:29:14.567 [pool-1-thread-1] DEBUG com.arangodb.internal.velocystream.internal.VstConnection - Responsetime for Message 2 is 1
23:29:14.567 [pool-1-thread-1] DEBUG com.arangodb.internal.velocystream.internal.MessageStore - Received Message (id=2, head=[1,2,200,{}], body={"error":false,"code":200,"type":2,"isSystem":false,"id":"2843677","globallyUniqueId":"h371E083F0103/2843677","name":"Books","status":3})
23:29:14.570 [Test worker] DEBUG com.arangodb.internal.net.ConnectionPoolImpl - Return Connection connection_1609955954520_0.9566782613279491
23:29:14.571 [Test worker] DEBUG com.arangodb.internal.velocystream.VstCommunicationSync - Send Message (id=3, head=[1,1,"test",1,"/_api/database/current",{},{"content-type":"application/x-velocypack","accept":"application/x-velocypack"}], body={})
23:29:14.571 [Test worker] DEBUG com.arangodb.internal.velocystream.internal.VstConnection - Send chunk 1:1 from message 3
23:29:14.571 [pool-1-thread-1] DEBUG com.arangodb.internal.velocystream.internal.VstConnection - Received chunk 1:1 from message 3
23:29:14.571 [pool-1-thread-1] DEBUG com.arangodb.internal.velocystream.internal.VstConnection - Responsetime for Message 3 is 0
23:29:14.572 [pool-1-thread-1] DEBUG com.arangodb.internal.velocystream.internal.MessageStore - Received Message (id=3, head=[1,2,200,{}], body={"error":false,"code":200,"result":{"id":"2846231","name":"test","isSystem":false,"path":"none"}})
23:29:14.573 [Test worker] DEBUG com.arangodb.internal.net.ConnectionPoolImpl - Return Connection connection_1609955954520_0.9566782613279491
23:29:14.573 [Test worker] DEBUG com.arangodb.internal.velocystream.VstCommunicationSync - Send Message (id=4, head=[1,1,"test",1,"/_api/collection/Books",{},{"content-type":"application/x-velocypack","accept":"application/x-velocypack"}], body={})
23:29:14.574 [Test worker] DEBUG com.arangodb.internal.velocystream.internal.VstConnection - Send chunk 1:1 from message 4
23:29:14.574 [pool-1-thread-1] DEBUG com.arangodb.internal.velocystream.internal.VstConnection - Received chunk 1:1 from message 4
23:29:14.574 [pool-1-thread-1] DEBUG com.arangodb.internal.velocystream.internal.VstConnection - Responsetime for Message 4 is 0
23:29:14.574 [pool-1-thread-1] DEBUG com.arangodb.internal.velocystream.internal.MessageStore - Received Message (id=4, head=[1,2,200,{}], body={"error":false,"code":200,"type":2,"isSystem":false,"id":"3668205","globallyUniqueId":"h371E083F0103/3668205","name":"Books","status":3})
23:29:14.583 [Test worker] DEBUG com.arangodb.internal.net.ConnectionPoolImpl - Return Connection connection_1609955954520_0.9566782613279491
23:29:14.584 [Test worker] DEBUG com.arangodb.internal.velocystream.VstCommunicationSync - Send Message (id=5, head=[1,1,"test",2,"/_api/index",{"collection":"Books"},{"content-type":"application/x-velocypack","accept":"application/x-velocypack"}], body={"fields":["uuid"],"sparse":false,"type":"persistent","unique":true})
23:29:14.584 [Test worker] DEBUG com.arangodb.internal.velocystream.internal.VstConnection - Send chunk 1:1 from message 5
23:29:14.584 [pool-1-thread-1] DEBUG com.arangodb.internal.velocystream.internal.VstConnection - Received chunk 1:1 from message 5
23:29:14.584 [pool-1-thread-1] DEBUG com.arangodb.internal.velocystream.internal.VstConnection - Responsetime for Message 5 is 0
23:29:14.585 [pool-1-thread-1] DEBUG com.arangodb.internal.velocystream.internal.MessageStore - Received Message (id=5, head=[1,2,200,{}], body={"deduplicate":true,"fields":["uuid"],"id":"Books/3668210","isNewlyCreated":false,"name":"idx_1687950692959911936","selectivityEstimate":1.0,"sparse":false,"type":"persistent","unique":true,"error":false,"code":200})
23:29:14.626 [Test worker] DEBUG com.arangodb.internal.net.ConnectionPoolImpl - Return Connection connection_1609955954520_0.9566782613279491
23:29:14.627 [Test worker] DEBUG com.arangodb.internal.velocystream.VstCommunicationSync - Send Message (id=6, head=[1,1,"test",2,"/_api/transaction",{},{"content-type":"application/x-velocypack","accept":"application/x-velocypack"}], body={"action":"function(){\n var result = [];db = require(\"@arangodb\").db; \nresult[0]=db._query(\"LET doc = {\\\"uuid\\\":\\\"f339cdff-fc47-449e-9de7-2617fb63d3f8\\\",\\\"title\\\":\\\"Little Wizard Stories of Oz\\\",\\\"subjects\\\":[\\\"Short stories\\\",\\\"Oz (Imaginary place) -- Juvenile fiction\\\",\\\"Children's stories, American\\\",\\\"Fantasy literature\\\",\\\"PZ\\\"],\\\"bookshelves\\\":[\\\"Children's Literature\\\"],\\\"formats\\\":[{\\\"url\\\":\\\"https:\\/\\/www.gutenberg.org\\/ebooks\\/25519.txt.utf-8\\\",\\\"format\\\":\\\"text\\/plain\\\",\\\"extent\\\":82387,\\\"modified\\\":\\\"2020-11-12T22:37:19.000Z\\\"},{\\\"url\\\":\\\"https:\\/\\/www.gutenberg.org\\/cache\\/epub\\/25519\\/pg25519.cover.medium.jpg\\\",\\\"format\\\":\\\"image\\/jpeg\\\",\\\"extent\\\":28541,\\\"modified\\\":\\\"2020-11-12T22:37:23.000Z\\\"},{\\\"url\\\":\\\"https:\\/\\/www.gutenberg.org\\/files\\/25519\\/25519-h\\/25519-h.htm\\\",\\\"format\\\":\\\"text\\/html; charset=iso-8859-1\\\",\\\"extent\\\":96891,\\\"modified\\\":\\\"2008-05-19T07:06:47.000Z\\\"},{\\\"url\\\":\\\"https:\\/\\/www.gutenberg.org\\/ebooks\\/25519.rdf\\\",\\\"format\\\":\\\"application\\/rdf+xml\\\",\\\"extent\\\":15353,\\\"modified\\\":\\\"2020-12-09T23:52:50.000Z\\\"},{\\\"url\\\":\\\"https:\\/\\/www.gutenberg.org\\/files\\/25519\\/25519.zip\\\",\\\"format\\\":\\\"application\\/zip\\\",\\\"extent\\\":31335,\\\"modified\\\":\\\"2008-05-19T06:53:53.000Z\\\"},{\\\"url\\\":\\\"https:\\/\\/www.gutenberg.org\\/files\\/25519\\/25519-h.zip\\\",\\\"format\\\":\\\"text\\/html; charset=iso-8859-1\\\",\\\"extent\\\":2432399,\\\"modified\\\":\\\"2008-05-19T07:10:43.000Z\\\"},{\\\"url\\\":\\\"https:\\/\\/www.gutenberg.org\\/ebooks\\/25519.epub.images\\\",\\\"format\\\":\\\"application\\/epub+zip\\\",\\\"extent\\\":2375216,\\\"modified\\\":\\\"2020-11-12T22:37:21.000Z\\\"},{\\\"url\\\":\\\"https:\\/\\/www.gutenberg.org\\/ebooks\\/25519.kindle.images\\\",\\\"format\\\":\\\"application\\/x-mobipocket-ebook\\\",\\\"extent\\\":4826772,\\\"modified\\\":\\\"2020-11-12T22:37:23.000Z\\\"},{\\\"url\\\":\\\"https:\\/\\/www.gutenberg.org\\/ebooks\\/25519.kindle.noimages\\\",\\\"format\\\":\\\"application\\/x-mobipocket-ebook\\\",\\\"extent\\\":294097,\\\"modified\\\":\\\"2020-11-12T22:37:23.000Z\\\"},{\\\"url\\\":\\\"https:\\/\\/www.gutenberg.org\\/cache\\/epub\\/25519\\/pg25519.cover.small.jpg\\\",\\\"format\\\":\\\"image\\/jpeg\\\",\\\"extent\\\":4408,\\\"modified\\\":\\\"2020-11-12T22:37:23.000Z\\\"},{\\\"url\\\":\\\"https:\\/\\/www.gutenberg.org\\/ebooks\\/25519.epub.noimages\\\",\\\"format\\\":\\\"application\\/epub+zip\\\",\\\"extent\\\":89149,\\\"modified\\\":\\\"2020-11-12T22:37:21.000Z\\\"},{\\\"url\\\":\\\"https:\\/\\/www.gutenberg.org\\/files\\/25519\\/25519.txt\\\",\\\"format\\\":\\\"text\\/plain; charset=us-ascii\\\",\\\"extent\\\":82386,\\\"modified\\\":\\\"2008-05-19T06:53:53.000Z\\\"}],\\\"creators\\\":[{\\\"name\\\":\\\"Baum, L. Frank (Lyman Frank)\\\",\\\"birthDate\\\":1856,\\\"deathDate\\\":1919,\\\"alias\\\":\\\"Metcalf, Suzanne\\\",\\\"webpage\\\":\\\"https:\\/\\/en.wikipedia.org\\/wiki\\/L._Frank_Baum\\\"}],\\\"downloads\\\":133,\\\"_class\\\":\\\"com.talentica.arangodb.entity.Book\\\"} UPSERT { _key: doc._key } INSERT doc._key == null ? UNSET(doc, \\\"_key\\\") : doc REPLACE doc IN Books OPTIONS { ignoreRevs: false } RETURN NEW\")['_documents'][0];\nreturn result; \n }","collections":{"write":["Books"]},"waitForSync":true})
23:29:14.627 [Test worker] DEBUG com.arangodb.internal.velocystream.internal.VstConnection - Send chunk 1:1 from message 6
23:29:14.633 [pool-1-thread-1] DEBUG com.arangodb.internal.velocystream.internal.VstConnection - Received chunk 1:1 from message 6
23:29:14.633 [pool-1-thread-1] DEBUG com.arangodb.internal.velocystream.internal.VstConnection - Responsetime for Message 6 is 6
23:29:14.636 [pool-1-thread-1] DEBUG com.arangodb.internal.velocystream.internal.MessageStore - Received Message (id=6, head=[1,2,200,{}], body={"error":false,"code":200,"result":[{"_key":"3792191","_id":"Books/3792191","_rev":"_brhYR6O---","_class":"com.talentica.arangodb.entity.Book","bookshelves":["Children's Literature"],"creators":[{"name":"Baum, L. Frank (Lyman Frank)","birthDate":1856,"deathDate":1919,"alias":"Metcalf, Suzanne","webpage":"https://en.wikipedia.org/wiki/L._Frank_Baum"}],"downloads":133,"formats":[{"url":"https://www.gutenberg.org/ebooks/25519.txt.utf-8","format":"text/plain","extent":82387,"modified":"2020-11-12T22:37:19.000Z"},{"url":"https://www.gutenberg.org/cache/epub/25519/pg25519.cover.medium.jpg","format":"image/jpeg","extent":28541,"modified":"2020-11-12T22:37:23.000Z"},{"url":"https://www.gutenberg.org/files/25519/25519-h/25519-h.htm","format":"text/html; charset=iso-8859-1","extent":96891,"modified":"2008-05-19T07:06:47.000Z"},{"url":"https://www.gutenberg.org/ebooks/25519.rdf","format":"application/rdf+xml","extent":15353,"modified":"2020-12-09T23:52:50.000Z"},{"url":"https://www.gutenberg.org/files/25519/25519.zip","format":"application/zip","extent":31335,"modified":"2008-05-19T06:53:53.000Z"},{"url":"https://www.gutenberg.org/files/25519/25519-h.zip","format":"text/html; charset=iso-8859-1","extent":2432399,"modified":"2008-05-19T07:10:43.000Z"},{"url":"https://www.gutenberg.org/ebooks/25519.epub.images","format":"application/epub+zip","extent":2375216,"modified":"2020-11-12T22:37:21.000Z"},{"url":"https://www.gutenberg.org/ebooks/25519.kindle.images","format":"application/x-mobipocket-ebook","extent":4826772,"modified":"2020-11-12T22:37:23.000Z"},{"url":"https://www.gutenberg.org/ebooks/25519.kindle.noimages","format":"application/x-mobipocket-ebook","extent":294097,"modified":"2020-11-12T22:37:23.000Z"},{"url":"https://www.gutenberg.org/cache/epub/25519/pg25519.cover.small.jpg","format":"image/jpeg","extent":4408,"modified":"2020-11-12T22:37:23.000Z"},{"url":"https://www.gutenberg.org/ebooks/25519.epub.noimages","format":"application/epub+zip","extent":89149,"modified":"2020-11-12T22:37:21.000Z"},{"url":"https://www.gutenberg.org/files/25519/25519.txt","format":"text/plain; charset=us-ascii","extent":82386,"modified":"2008-05-19T06:53:53.000Z"}],"subjects":["Short stories","Oz (Imaginary place) -- Juvenile fiction","Children's stories, American","Fantasy literature","PZ"],"title":"Little Wizard Stories of Oz","uuid":"f339cdff-fc47-449e-9de7-2617fb63d3f8"}]})
23:29:14.660 [Test worker] DEBUG com.arangodb.internal.net.ConnectionPoolImpl - Return Connection connection_1609955954520_0.9566782613279491
23:29:14.660 [Test worker] DEBUG com.arangodb.internal.velocystream.VstCommunicationSync - Send Message (id=7, head=[1,1,"test",2,"/_api/cursor",{},{"content-type":"application/x-velocypack","accept":"application/x-velocypack"}], body={"bindVars":{"0":"f339cdff-fc47-449e-9de7-2617fb63d3f8"},"query":"FOR e IN Books FILTER e.uuid == @0  RETURN e"})
23:29:14.660 [Test worker] DEBUG com.arangodb.internal.velocystream.internal.VstConnection - Send chunk 1:1 from message 7
23:29:14.661 [pool-1-thread-1] DEBUG com.arangodb.internal.velocystream.internal.VstConnection - Received chunk 1:1 from message 7
23:29:14.661 [pool-1-thread-1] DEBUG com.arangodb.internal.velocystream.internal.VstConnection - Responsetime for Message 7 is 1
23:29:14.663 [pool-1-thread-1] DEBUG com.arangodb.internal.velocystream.internal.MessageStore - Received Message (id=7, head=[1,2,201,{}], body={"result":[{"_key":"3792191","_id":"Books/3792191","_rev":"_brhYR6O---","_class":"com.talentica.arangodb.entity.Book","bookshelves":["Children's Literature"],"creators":[{"name":"Baum, L. Frank (Lyman Frank)","birthDate":1856,"deathDate":1919,"alias":"Metcalf, Suzanne","webpage":"https://en.wikipedia.org/wiki/L._Frank_Baum"}],"downloads":133,"formats":[{"url":"https://www.gutenberg.org/ebooks/25519.txt.utf-8","format":"text/plain","extent":82387,"modified":"2020-11-12T22:37:19.000Z"},{"url":"https://www.gutenberg.org/cache/epub/25519/pg25519.cover.medium.jpg","format":"image/jpeg","extent":28541,"modified":"2020-11-12T22:37:23.000Z"},{"url":"https://www.gutenberg.org/files/25519/25519-h/25519-h.htm","format":"text/html; charset=iso-8859-1","extent":96891,"modified":"2008-05-19T07:06:47.000Z"},{"url":"https://www.gutenberg.org/ebooks/25519.rdf","format":"application/rdf+xml","extent":15353,"modified":"2020-12-09T23:52:50.000Z"},{"url":"https://www.gutenberg.org/files/25519/25519.zip","format":"application/zip","extent":31335,"modified":"2008-05-19T06:53:53.000Z"},{"url":"https://www.gutenberg.org/files/25519/25519-h.zip","format":"text/html; charset=iso-8859-1","extent":2432399,"modified":"2008-05-19T07:10:43.000Z"},{"url":"https://www.gutenberg.org/ebooks/25519.epub.images","format":"application/epub+zip","extent":2375216,"modified":"2020-11-12T22:37:21.000Z"},{"url":"https://www.gutenberg.org/ebooks/25519.kindle.images","format":"application/x-mobipocket-ebook","extent":4826772,"modified":"2020-11-12T22:37:23.000Z"},{"url":"https://www.gutenberg.org/ebooks/25519.kindle.noimages","format":"application/x-mobipocket-ebook","extent":294097,"modified":"2020-11-12T22:37:23.000Z"},{"url":"https://www.gutenberg.org/cache/epub/25519/pg25519.cover.small.jpg","format":"image/jpeg","extent":4408,"modified":"2020-11-12T22:37:23.000Z"},{"url":"https://www.gutenberg.org/ebooks/25519.epub.noimages","format":"application/epub+zip","extent":89149,"modified":"2020-11-12T22:37:21.000Z"},{"url":"https://www.gutenberg.org/files/25519/25519.txt","format":"text/plain; charset=us-ascii","extent":82386,"modified":"2008-05-19T06:53:53.000Z"}],"subjects":["Short stories","Oz (Imaginary place) -- Juvenile fiction","Children's stories, American","Fantasy literature","PZ"],"title":"Little Wizard Stories of Oz","uuid":"f339cdff-fc47-449e-9de7-2617fb63d3f8"}],"hasMore":false,"cached":false,"extra":{"stats":{"writesExecuted":0,"writesIgnored":0,"scannedFull":0,"scannedIndex":1,"filtered":0,"httpRequests":0,"executionTime":1.9652396440505981E-4,"peakMemoryUsage":24005},"warnings":[]},"error":false,"code":201})
23:29:14.665 [Test worker] DEBUG com.arangodb.internal.ArangoExecutorSync - Response is MetaAware com.arangodb.entity.CursorEntity
23:29:14.683 [Test worker] DEBUG com.arangodb.internal.net.ConnectionPoolImpl - Return Connection connection_1609955954520_0.9566782613279491
23:29:14.684 [Test worker] DEBUG com.arangodb.internal.velocystream.VstCommunicationSync - Send Message (id=8, head=[1,1,"test",2,"/_api/transaction",{},{"content-type":"application/x-velocypack","accept":"application/x-velocypack"}], body={"action":"function(){\n var result = [];db = require(\"@arangodb\").db; \nresult[0]=db._query(\"LET doc = {\\\"_key\\\":\\\"3792191\\\",\\\"uuid\\\":\\\"f339cdff-fc47-449e-9de7-2617fb63d3f8\\\",\\\"title\\\":\\\"Little Wizard Stories of Oz\\\",\\\"subjects\\\":[\\\"Short stories\\\",\\\"Oz (Imaginary place) -- Juvenile fiction\\\",\\\"Children's stories, American\\\",\\\"Fantasy literature\\\",\\\"PZ\\\"],\\\"bookshelves\\\":[\\\"Children's Literature\\\"],\\\"formats\\\":[{\\\"url\\\":\\\"https:\\/\\/www.gutenberg.org\\/ebooks\\/25519.txt.utf-8\\\",\\\"format\\\":\\\"text\\/plain\\\",\\\"extent\\\":82387,\\\"modified\\\":\\\"2020-11-12T22:37:19.000Z\\\"},{\\\"url\\\":\\\"https:\\/\\/www.gutenberg.org\\/cache\\/epub\\/25519\\/pg25519.cover.medium.jpg\\\",\\\"format\\\":\\\"image\\/jpeg\\\",\\\"extent\\\":28541,\\\"modified\\\":\\\"2020-11-12T22:37:23.000Z\\\"},{\\\"url\\\":\\\"https:\\/\\/www.gutenberg.org\\/files\\/25519\\/25519-h\\/25519-h.htm\\\",\\\"format\\\":\\\"text\\/html; charset=iso-8859-1\\\",\\\"extent\\\":96891,\\\"modified\\\":\\\"2008-05-19T07:06:47.000Z\\\"},{\\\"url\\\":\\\"https:\\/\\/www.gutenberg.org\\/ebooks\\/25519.rdf\\\",\\\"format\\\":\\\"application\\/rdf+xml\\\",\\\"extent\\\":15353,\\\"modified\\\":\\\"2020-12-09T23:52:50.000Z\\\"},{\\\"url\\\":\\\"https:\\/\\/www.gutenberg.org\\/files\\/25519\\/25519.zip\\\",\\\"format\\\":\\\"application\\/zip\\\",\\\"extent\\\":31335,\\\"modified\\\":\\\"2008-05-19T06:53:53.000Z\\\"},{\\\"url\\\":\\\"https:\\/\\/www.gutenberg.org\\/files\\/25519\\/25519-h.zip\\\",\\\"format\\\":\\\"text\\/html; charset=iso-8859-1\\\",\\\"extent\\\":2432399,\\\"modified\\\":\\\"2008-05-19T07:10:43.000Z\\\"},{\\\"url\\\":\\\"https:\\/\\/www.gutenberg.org\\/ebooks\\/25519.epub.images\\\",\\\"format\\\":\\\"application\\/epub+zip\\\",\\\"extent\\\":2375216,\\\"modified\\\":\\\"2020-11-12T22:37:21.000Z\\\"},{\\\"url\\\":\\\"https:\\/\\/www.gutenberg.org\\/ebooks\\/25519.kindle.images\\\",\\\"format\\\":\\\"application\\/x-mobipocket-ebook\\\",\\\"extent\\\":4826772,\\\"modified\\\":\\\"2020-11-12T22:37:23.000Z\\\"},{\\\"url\\\":\\\"https:\\/\\/www.gutenberg.org\\/ebooks\\/25519.kindle.noimages\\\",\\\"format\\\":\\\"application\\/x-mobipocket-ebook\\\",\\\"extent\\\":294097,\\\"modified\\\":\\\"2020-11-12T22:37:23.000Z\\\"},{\\\"url\\\":\\\"https:\\/\\/www.gutenberg.org\\/cache\\/epub\\/25519\\/pg25519.cover.small.jpg\\\",\\\"format\\\":\\\"image\\/jpeg\\\",\\\"extent\\\":4408,\\\"modified\\\":\\\"2020-11-12T22:37:23.000Z\\\"},{\\\"url\\\":\\\"https:\\/\\/www.gutenberg.org\\/ebooks\\/25519.epub.noimages\\\",\\\"format\\\":\\\"application\\/epub+zip\\\",\\\"extent\\\":89149,\\\"modified\\\":\\\"2020-11-12T22:37:21.000Z\\\"},{\\\"url\\\":\\\"https:\\/\\/www.gutenberg.org\\/files\\/25519\\/25519.txt\\\",\\\"format\\\":\\\"text\\/plain; charset=us-ascii\\\",\\\"extent\\\":82386,\\\"modified\\\":\\\"2008-05-19T06:53:53.000Z\\\"}],\\\"creators\\\":[{\\\"name\\\":\\\"Baum, L. Frank (Lyman Frank)\\\",\\\"birthDate\\\":1856,\\\"deathDate\\\":1919,\\\"alias\\\":\\\"Metcalf, Suzanne\\\",\\\"webpage\\\":\\\"https:\\/\\/en.wikipedia.org\\/wiki\\/L._Frank_Baum\\\"}],\\\"downloads\\\":1,\\\"_rev\\\":\\\"_brhYR6O---\\\",\\\"_class\\\":\\\"com.talentica.arangodb.entity.Book\\\"} UPSERT { _key: doc._key } INSERT doc._key == null ? UNSET(doc, \\\"_key\\\") : doc REPLACE doc IN Books OPTIONS { ignoreRevs: false } RETURN NEW\")['_documents'][0];\nresult[1]=db._query(\"LET doc = {\\\"uuid\\\":\\\"979d41a9-58dc-4366-ba9b-44c0ea5810c3\\\",\\\"title\\\":\\\"Moby-Dick; or, The Whale\\\",\\\"subjects\\\":[\\\"Whaling ships -- Fiction\\\",\\\"Whaling -- Fiction\\\",\\\"Ship captains -- Fiction\\\",\\\"Sea stories\\\",\\\"Ahab, Captain (Fictitious character) -- Fiction\\\",\\\"PS\\\",\\\"Psychological fiction\\\",\\\"Mentally ill -- Fiction\\\",\\\"Adventure stories\\\",\\\"Whales -- Fiction\\\"],\\\"bookshelves\\\":[\\\"Best Books Ever Listings\\\",\\\"Adventure\\\"],\\\"formats\\\":[{\\\"url\\\":\\\"http:\\/\\/www.gutenberg.org\\/files\\/15\\/15-h\\/15-h.htm\\\",\\\"format\\\":\\\"text\\/html; charset=utf-8\\\",\\\"extent\\\":1364131,\\\"modified\\\":\\\"2020-11-26T15:41:18.000Z\\\"},{\\\"url\\\":\\\"http:\\/\\/www.gutenberg.org\\/files\\/15\\/15-0.zip\\\",\\\"format\\\":\\\"text\\/plain; charset=utf-8\\\",\\\"extent\\\":514184,\\\"modified\\\":\\\"2020-11-26T15:50:01.000Z\\\"},{\\\"url\\\":\\\"http:\\/\\/www.gutenberg.org\\/ebooks\\/15.kindle.noimages\\\",\\\"format\\\":\\\"application\\/x-mobipocket-ebook\\\",\\\"extent\\\":2558187,\\\"modified\\\":\\\"2020-11-30T22:01:23.000Z\\\"},{\\\"url\\\":\\\"http:\\/\\/www.gutenberg.org\\/files\\/15\\/15-0.txt\\\",\\\"format\\\":\\\"text\\/plain; charset=utf-8\\\",\\\"extent\\\":1276817,\\\"modified\\\":\\\"2020-11-26T15:50:01.000Z\\\"},{\\\"url\\\":\\\"http:\\/\\/www.gutenberg.org\\/cache\\/epub\\/15\\/pg15.cover.small.jpg\\\",\\\"format\\\":\\\"image\\/jpeg\\\",\\\"extent\\\":3889,\\\"modified\\\":\\\"2020-11-30T22:01:23.000Z\\\"},{\\\"url\\\":\\\"http:\\/\\/www.gutenberg.org\\/cache\\/epub\\/15\\/pg15.cover.medium.jpg\\\",\\\"format\\\":\\\"image\\/jpeg\\\",\\\"extent\\\":13524,\\\"modified\\\":\\\"2020-11-30T22:01:24.000Z\\\"},{\\\"url\\\":\\\"http:\\/\\/www.gutenberg.org\\/ebooks\\/15.epub.noimages\\\",\\\"format\\\":\\\"application\\/epub+zip\\\",\\\"extent\\\":725851,\\\"modified\\\":\\\"2020-11-30T22:01:17.000Z\\\"},{\\\"url\\\":\\\"http:\\/\\/www.gutenberg.org\\/files\\/15\\/15-h.zip\\\",\\\"format\\\":\\\"text\\/html; charset=utf-8\\\",\\\"extent\\\":524252,\\\"modified\\\":\\\"2020-11-26T15:42:23.000Z\\\"},{\\\"url\\\":\\\"http:\\/\\/www.gutenberg.org\\/ebooks\\/15.kindle.images\\\",\\\"format\\\":\\\"application\\/x-mobipocket-ebook\\\",\\\"extent\\\":2565436,\\\"modified\\\":\\\"2020-11-30T22:01:20.000Z\\\"},{\\\"url\\\":\\\"http:\\/\\/www.gutenberg.org\\/files\\/15\\/15.zip\\\",\\\"format\\\":\\\"text\\/html; charset=utf-8\\\",\\\"extent\\\":524252,\\\"modified\\\":\\\"2020-11-26T15:41:57.000Z\\\"},{\\\"url\\\":\\\"http:\\/\\/www.gutenberg.org\\/ebooks\\/15.epub.images\\\",\\\"format\\\":\\\"application\\/epub+zip\\\",\\\"extent\\\":731192,\\\"modified\\\":\\\"2020-11-30T22:01:16.000Z\\\"},{\\\"url\\\":\\\"http:\\/\\/www.gutenberg.org\\/ebooks\\/15.rdf\\\",\\\"format\\\":\\\"application\\/rdf+xml\\\",\\\"extent\\\":16008,\\\"modified\\\":\\\"2020-12-02T23:30:05.000Z\\\"}],\\\"creators\\\":[{\\\"name\\\":\\\"Melville, Herman\\\",\\\"birthDate\\\":1819,\\\"deathDate\\\":1891,\\\"alias\\\":\\\"Melville, Hermann\\\",\\\"webpage\\\":\\\"https:\\/\\/en.wikipedia.org\\/wiki\\/Herman_Melville\\\"}],\\\"downloads\\\":850,\\\"_class\\\":\\\"com.talentica.arangodb.entity.Book\\\"} UPSERT { _key: doc._key } INSERT doc._key == null ? UNSET(doc, \\\"_key\\\") : doc REPLACE doc IN Books OPTIONS { ignoreRevs: false } RETURN NEW\")['_documents'][0];\nreturn result; \n }","collections":{"write":["Books","Books"]},"waitForSync":true})
23:29:14.684 [Test worker] DEBUG com.arangodb.internal.velocystream.internal.VstConnection - Send chunk 1:1 from message 8
23:29:14.690 [pool-1-thread-1] DEBUG com.arangodb.internal.velocystream.internal.VstConnection - Received chunk 1:1 from message 8
23:29:14.690 [pool-1-thread-1] DEBUG com.arangodb.internal.velocystream.internal.VstConnection - Responsetime for Message 8 is 6
23:29:14.693 [pool-1-thread-1] DEBUG com.arangodb.internal.velocystream.internal.MessageStore - Received Message (id=8, head=[1,2,200,{}], body={"error":false,"code":200,"result":[{"_key":"3792191","_id":"Books/3792191","_rev":"_brhYR92---","_class":"com.talentica.arangodb.entity.Book","bookshelves":["Children's Literature"],"creators":[{"name":"Baum, L. Frank (Lyman Frank)","birthDate":1856,"deathDate":1919,"alias":"Metcalf, Suzanne","webpage":"https://en.wikipedia.org/wiki/L._Frank_Baum"}],"downloads":1,"formats":[{"url":"https://www.gutenberg.org/ebooks/25519.txt.utf-8","format":"text/plain","extent":82387,"modified":"2020-11-12T22:37:19.000Z"},{"url":"https://www.gutenberg.org/cache/epub/25519/pg25519.cover.medium.jpg","format":"image/jpeg","extent":28541,"modified":"2020-11-12T22:37:23.000Z"},{"url":"https://www.gutenberg.org/files/25519/25519-h/25519-h.htm","format":"text/html; charset=iso-8859-1","extent":96891,"modified":"2008-05-19T07:06:47.000Z"},{"url":"https://www.gutenberg.org/ebooks/25519.rdf","format":"application/rdf+xml","extent":15353,"modified":"2020-12-09T23:52:50.000Z"},{"url":"https://www.gutenberg.org/files/25519/25519.zip","format":"application/zip","extent":31335,"modified":"2008-05-19T06:53:53.000Z"},{"url":"https://www.gutenberg.org/files/25519/25519-h.zip","format":"text/html; charset=iso-8859-1","extent":2432399,"modified":"2008-05-19T07:10:43.000Z"},{"url":"https://www.gutenberg.org/ebooks/25519.epub.images","format":"application/epub+zip","extent":2375216,"modified":"2020-11-12T22:37:21.000Z"},{"url":"https://www.gutenberg.org/ebooks/25519.kindle.images","format":"application/x-mobipocket-ebook","extent":4826772,"modified":"2020-11-12T22:37:23.000Z"},{"url":"https://www.gutenberg.org/ebooks/25519.kindle.noimages","format":"application/x-mobipocket-ebook","extent":294097,"modified":"2020-11-12T22:37:23.000Z"},{"url":"https://www.gutenberg.org/cache/epub/25519/pg25519.cover.small.jpg","format":"image/jpeg","extent":4408,"modified":"2020-11-12T22:37:23.000Z"},{"url":"https://www.gutenberg.org/ebooks/25519.epub.noimages","format":"application/epub+zip","extent":89149,"modified":"2020-11-12T22:37:21.000Z"},{"url":"https://www.gutenberg.org/files/25519/25519.txt","format":"text/plain; charset=us-ascii","extent":82386,"modified":"2008-05-19T06:53:53.000Z"}],"subjects":["Short stories","Oz (Imaginary place) -- Juvenile fiction","Children's stories, American","Fantasy literature","PZ"],"title":"Little Wizard Stories of Oz","uuid":"f339cdff-fc47-449e-9de7-2617fb63d3f8"},{"_key":"3792197","_id":"Books/3792197","_rev":"_brhYR96---","_class":"com.talentica.arangodb.entity.Book","bookshelves":["Best Books Ever Listings","Adventure"],"creators":[{"name":"Melville, Herman","birthDate":1819,"deathDate":1891,"alias":"Melville, Hermann","webpage":"https://en.wikipedia.org/wiki/Herman_Melville"}],"downloads":850,"formats":[{"url":"http://www.gutenberg.org/files/15/15-h/15-h.htm","format":"text/html; charset=utf-8","extent":1364131,"modified":"2020-11-26T15:41:18.000Z"},{"url":"http://www.gutenberg.org/files/15/15-0.zip","format":"text/plain; charset=utf-8","extent":514184,"modified":"2020-11-26T15:50:01.000Z"},{"url":"http://www.gutenberg.org/ebooks/15.kindle.noimages","format":"application/x-mobipocket-ebook","extent":2558187,"modified":"2020-11-30T22:01:23.000Z"},{"url":"http://www.gutenberg.org/files/15/15-0.txt","format":"text/plain; charset=utf-8","extent":1276817,"modified":"2020-11-26T15:50:01.000Z"},{"url":"http://www.gutenberg.org/cache/epub/15/pg15.cover.small.jpg","format":"image/jpeg","extent":3889,"modified":"2020-11-30T22:01:23.000Z"},{"url":"http://www.gutenberg.org/cache/epub/15/pg15.cover.medium.jpg","format":"image/jpeg","extent":13524,"modified":"2020-11-30T22:01:24.000Z"},{"url":"http://www.gutenberg.org/ebooks/15.epub.noimages","format":"application/epub+zip","extent":725851,"modified":"2020-11-30T22:01:17.000Z"},{"url":"http://www.gutenberg.org/files/15/15-h.zip","format":"text/html; charset=utf-8","extent":524252,"modified":"2020-11-26T15:42:23.000Z"},{"url":"http://www.gutenberg.org/ebooks/15.kindle.images","format":"application/x-mobipocket-ebook","extent":2565436,"modified":"2020-11-30T22:01:20.000Z"},{"url":"http://www.gutenberg.org/files/15/15.zip","format":"text/html; charset=utf-8","extent":524252,"modified":"2020-11-26T15:41:57.000Z"},{"url":"http://www.gutenberg.org/ebooks/15.epub.images","format":"application/epub+zip","extent":731192,"modified":"2020-11-30T22:01:16.000Z"},{"url":"http://www.gutenberg.org/ebooks/15.rdf","format":"application/rdf+xml","extent":16008,"modified":"2020-12-02T23:30:05.000Z"}],"subjects":["Whaling ships -- Fiction","Whaling -- Fiction","Ship captains -- Fiction","Sea stories","Ahab, Captain (Fictitious character) -- Fiction","PS","Psychological fiction","Mentally ill -- Fiction","Adventure stories","Whales -- Fiction"],"title":"Moby-Dick; or, The Whale","uuid":"979d41a9-58dc-4366-ba9b-44c0ea5810c3"}]})
23:29:14.700 [Test worker] DEBUG com.arangodb.internal.net.ConnectionPoolImpl - Return Connection connection_1609955954520_0.9566782613279491
23:29:14.700 [Test worker] DEBUG com.arangodb.internal.velocystream.VstCommunicationSync - Send Message (id=9, head=[1,1,"test",2,"/_api/cursor",{},{"content-type":"application/x-velocypack","accept":"application/x-velocypack"}], body={"bindVars":{"0":"f339cdff-fc47-449e-9de7-2617fb63d3f8"},"query":"FOR e IN Books FILTER e.uuid == @0  RETURN e"})
23:29:14.701 [Test worker] DEBUG com.arangodb.internal.velocystream.internal.VstConnection - Send chunk 1:1 from message 9
23:29:14.701 [pool-1-thread-1] DEBUG com.arangodb.internal.velocystream.internal.VstConnection - Received chunk 1:1 from message 9
23:29:14.701 [pool-1-thread-1] DEBUG com.arangodb.internal.velocystream.internal.VstConnection - Responsetime for Message 9 is 0
23:29:14.702 [pool-1-thread-1] DEBUG com.arangodb.internal.velocystream.internal.MessageStore - Received Message (id=9, head=[1,2,201,{}], body={"result":[{"_key":"3792191","_id":"Books/3792191","_rev":"_brhYR92---","_class":"com.talentica.arangodb.entity.Book","bookshelves":["Children's Literature"],"creators":[{"name":"Baum, L. Frank (Lyman Frank)","birthDate":1856,"deathDate":1919,"alias":"Metcalf, Suzanne","webpage":"https://en.wikipedia.org/wiki/L._Frank_Baum"}],"downloads":1,"formats":[{"url":"https://www.gutenberg.org/ebooks/25519.txt.utf-8","format":"text/plain","extent":82387,"modified":"2020-11-12T22:37:19.000Z"},{"url":"https://www.gutenberg.org/cache/epub/25519/pg25519.cover.medium.jpg","format":"image/jpeg","extent":28541,"modified":"2020-11-12T22:37:23.000Z"},{"url":"https://www.gutenberg.org/files/25519/25519-h/25519-h.htm","format":"text/html; charset=iso-8859-1","extent":96891,"modified":"2008-05-19T07:06:47.000Z"},{"url":"https://www.gutenberg.org/ebooks/25519.rdf","format":"application/rdf+xml","extent":15353,"modified":"2020-12-09T23:52:50.000Z"},{"url":"https://www.gutenberg.org/files/25519/25519.zip","format":"application/zip","extent":31335,"modified":"2008-05-19T06:53:53.000Z"},{"url":"https://www.gutenberg.org/files/25519/25519-h.zip","format":"text/html; charset=iso-8859-1","extent":2432399,"modified":"2008-05-19T07:10:43.000Z"},{"url":"https://www.gutenberg.org/ebooks/25519.epub.images","format":"application/epub+zip","extent":2375216,"modified":"2020-11-12T22:37:21.000Z"},{"url":"https://www.gutenberg.org/ebooks/25519.kindle.images","format":"application/x-mobipocket-ebook","extent":4826772,"modified":"2020-11-12T22:37:23.000Z"},{"url":"https://www.gutenberg.org/ebooks/25519.kindle.noimages","format":"application/x-mobipocket-ebook","extent":294097,"modified":"2020-11-12T22:37:23.000Z"},{"url":"https://www.gutenberg.org/cache/epub/25519/pg25519.cover.small.jpg","format":"image/jpeg","extent":4408,"modified":"2020-11-12T22:37:23.000Z"},{"url":"https://www.gutenberg.org/ebooks/25519.epub.noimages","format":"application/epub+zip","extent":89149,"modified":"2020-11-12T22:37:21.000Z"},{"url":"https://www.gutenberg.org/files/25519/25519.txt","format":"text/plain; charset=us-ascii","extent":82386,"modified":"2008-05-19T06:53:53.000Z"}],"subjects":["Short stories","Oz (Imaginary place) -- Juvenile fiction","Children's stories, American","Fantasy literature","PZ"],"title":"Little Wizard Stories of Oz","uuid":"f339cdff-fc47-449e-9de7-2617fb63d3f8"}],"hasMore":false,"cached":false,"extra":{"stats":{"writesExecuted":0,"writesIgnored":0,"scannedFull":0,"scannedIndex":1,"filtered":0,"httpRequests":0,"executionTime":1.9615801284089684E-4,"peakMemoryUsage":24003},"warnings":[]},"error":false,"code":201})
23:29:14.703 [Test worker] DEBUG com.arangodb.internal.ArangoExecutorSync - Response is MetaAware com.arangodb.entity.CursorEntity
23:29:14.707 [Test worker] DEBUG com.arangodb.internal.net.ConnectionPoolImpl - Return Connection connection_1609955954520_0.9566782613279491
23:29:14.707 [Test worker] DEBUG com.arangodb.internal.velocystream.VstCommunicationSync - Send Message (id=10, head=[1,1,"test",2,"/_api/cursor",{},{"content-type":"application/x-velocypack","accept":"application/x-velocypack"}], body={"bindVars":{"0":"979d41a9-58dc-4366-ba9b-44c0ea5810c3"},"query":"FOR e IN Books FILTER e.uuid == @0  RETURN e"})
23:29:14.707 [Test worker] DEBUG com.arangodb.internal.velocystream.internal.VstConnection - Send chunk 1:1 from message 10
23:29:14.708 [pool-1-thread-1] DEBUG com.arangodb.internal.velocystream.internal.VstConnection - Received chunk 1:1 from message 10
23:29:14.708 [pool-1-thread-1] DEBUG com.arangodb.internal.velocystream.internal.VstConnection - Responsetime for Message 10 is 1
23:29:14.709 [pool-1-thread-1] DEBUG com.arangodb.internal.velocystream.internal.MessageStore - Received Message (id=10, head=[1,2,201,{}], body={"result":[{"_key":"3792197","_id":"Books/3792197","_rev":"_brhYR96---","_class":"com.talentica.arangodb.entity.Book","bookshelves":["Best Books Ever Listings","Adventure"],"creators":[{"name":"Melville, Herman","birthDate":1819,"deathDate":1891,"alias":"Melville, Hermann","webpage":"https://en.wikipedia.org/wiki/Herman_Melville"}],"downloads":850,"formats":[{"url":"http://www.gutenberg.org/files/15/15-h/15-h.htm","format":"text/html; charset=utf-8","extent":1364131,"modified":"2020-11-26T15:41:18.000Z"},{"url":"http://www.gutenberg.org/files/15/15-0.zip","format":"text/plain; charset=utf-8","extent":514184,"modified":"2020-11-26T15:50:01.000Z"},{"url":"http://www.gutenberg.org/ebooks/15.kindle.noimages","format":"application/x-mobipocket-ebook","extent":2558187,"modified":"2020-11-30T22:01:23.000Z"},{"url":"http://www.gutenberg.org/files/15/15-0.txt","format":"text/plain; charset=utf-8","extent":1276817,"modified":"2020-11-26T15:50:01.000Z"},{"url":"http://www.gutenberg.org/cache/epub/15/pg15.cover.small.jpg","format":"image/jpeg","extent":3889,"modified":"2020-11-30T22:01:23.000Z"},{"url":"http://www.gutenberg.org/cache/epub/15/pg15.cover.medium.jpg","format":"image/jpeg","extent":13524,"modified":"2020-11-30T22:01:24.000Z"},{"url":"http://www.gutenberg.org/ebooks/15.epub.noimages","format":"application/epub+zip","extent":725851,"modified":"2020-11-30T22:01:17.000Z"},{"url":"http://www.gutenberg.org/files/15/15-h.zip","format":"text/html; charset=utf-8","extent":524252,"modified":"2020-11-26T15:42:23.000Z"},{"url":"http://www.gutenberg.org/ebooks/15.kindle.images","format":"application/x-mobipocket-ebook","extent":2565436,"modified":"2020-11-30T22:01:20.000Z"},{"url":"http://www.gutenberg.org/files/15/15.zip","format":"text/html; charset=utf-8","extent":524252,"modified":"2020-11-26T15:41:57.000Z"},{"url":"http://www.gutenberg.org/ebooks/15.epub.images","format":"application/epub+zip","extent":731192,"modified":"2020-11-30T22:01:16.000Z"},{"url":"http://www.gutenberg.org/ebooks/15.rdf","format":"application/rdf+xml","extent":16008,"modified":"2020-12-02T23:30:05.000Z"}],"subjects":["Whaling ships -- Fiction","Whaling -- Fiction","Ship captains -- Fiction","Sea stories","Ahab, Captain (Fictitious character) -- Fiction","PS","Psychological fiction","Mentally ill -- Fiction","Adventure stories","Whales -- Fiction"],"title":"Moby-Dick; or, The Whale","uuid":"979d41a9-58dc-4366-ba9b-44c0ea5810c3"}],"hasMore":false,"cached":false,"extra":{"stats":{"writesExecuted":0,"writesIgnored":0,"scannedFull":0,"scannedIndex":1,"filtered":0,"httpRequests":0,"executionTime":1.8247903790324926E-4,"peakMemoryUsage":24065},"warnings":[]},"error":false,"code":201})
23:29:14.709 [Test worker] DEBUG com.arangodb.internal.ArangoExecutorSync - Response is MetaAware com.arangodb.entity.CursorEntity
23:29:14.719 [Test worker] DEBUG org.springframework.context.annotation.AnnotationConfigApplicationContext - Refreshing org.springframework.context.annotation.AnnotationConfigApplicationContext@13411f83
23:29:14.720 [Test worker] DEBUG org.springframework.beans.factory.support.DefaultListableBeanFactory - Creating shared instance of singleton bean 'org.springframework.context.annotation.internalConfigurationAnnotationProcessor'
23:29:14.724 [Test worker] DEBUG org.springframework.context.annotation.ClassPathBeanDefinitionScanner - Identified candidate component class: file [/media/debashishc/T7/work/arangodb/build/classes/java/test/com/talentica/arangodb/ArangoDBConfiguration.class]
23:29:14.726 [Test worker] DEBUG org.springframework.context.annotation.ClassPathBeanDefinitionScanner - Ignored because not a concrete top-level class: file [/media/debashishc/T7/work/arangodb/build/classes/java/test/com/talentica/arangodb/repository/BookRepository.class]
23:29:14.726 [Test worker] DEBUG org.springframework.context.annotation.ClassPathBeanDefinitionScanner - Identified candidate component class: file [/media/debashishc/T7/work/arangodb/build/classes/java/test/com/talentica/arangodb/service/BookLoaderService.class]
23:29:14.735 [Test worker] INFO org.springframework.data.repository.config.RepositoryConfigurationDelegate - Bootstrapping Spring Data ArangoDB repositories in DEFAULT mode.
23:29:14.736 [Test worker] DEBUG org.springframework.data.repository.config.RepositoryConfigurationDelegate - Scanning for ArangoDB repositories in packages com.talentica.arangodb.repository.
23:29:14.737 [Test worker] DEBUG org.springframework.data.repository.config.RepositoryComponentProvider - Identified candidate component class: file [/media/debashishc/T7/work/arangodb/build/classes/java/test/com/talentica/arangodb/repository/BookRepository.class]
23:29:14.739 [Test worker] DEBUG org.springframework.context.annotation.ClassPathScanningCandidateComponentProvider - Identified candidate component class: file [/media/debashishc/T7/work/arangodb/build/classes/java/main/com/talentica/arangodb/repository/ArangoTransactionalRepositoryImpl.class]
23:29:14.740 [Test worker] DEBUG org.springframework.data.repository.config.RepositoryBeanDefinitionBuilder - Registering repository fragment implementation: arangoTransactionalRepositoryImpl com.talentica.arangodb.repository.ArangoTransactionalRepositoryImpl
23:29:14.740 [Test worker] DEBUG org.springframework.data.repository.config.RepositoryBeanDefinitionBuilder - Registering repository fragment: arangoTransactionalRepositoryImplFragment
23:29:14.740 [Test worker] INFO org.springframework.data.repository.config.RepositoryConfigurationDelegate - Finished Spring Data repository scanning in 4 ms. Found 1 ArangoDB repository interfaces.
23:29:14.743 [Test worker] DEBUG org.springframework.beans.factory.support.DefaultListableBeanFactory - Creating shared instance of singleton bean 'org.springframework.context.event.internalEventListenerProcessor'
23:29:14.744 [Test worker] DEBUG org.springframework.beans.factory.support.DefaultListableBeanFactory - Creating shared instance of singleton bean 'org.springframework.context.event.internalEventListenerFactory'
23:29:14.744 [Test worker] DEBUG org.springframework.beans.factory.support.DefaultListableBeanFactory - Creating shared instance of singleton bean 'org.springframework.transaction.config.internalTransactionalEventListenerFactory'
23:29:14.744 [Test worker] DEBUG org.springframework.beans.factory.support.DefaultListableBeanFactory - Creating shared instance of singleton bean 'org.springframework.context.annotation.internalAutowiredAnnotationProcessor'
23:29:14.745 [Test worker] DEBUG org.springframework.beans.factory.support.DefaultListableBeanFactory - Creating shared instance of singleton bean 'org.springframework.context.annotation.internalCommonAnnotationProcessor'
23:29:14.745 [Test worker] DEBUG org.springframework.beans.factory.support.DefaultListableBeanFactory - Creating shared instance of singleton bean 'org.springframework.aop.config.internalAutoProxyCreator'
23:29:14.746 [Test worker] DEBUG org.springframework.beans.factory.support.DefaultListableBeanFactory - Creating shared instance of singleton bean 'springDataTestApplication'
23:29:14.746 [Test worker] DEBUG org.springframework.beans.factory.support.DefaultListableBeanFactory - Creating shared instance of singleton bean 'org.springframework.transaction.config.internalTransactionAdvisor'
23:29:14.747 [Test worker] DEBUG org.springframework.beans.factory.support.DefaultListableBeanFactory - Creating shared instance of singleton bean 'org.springframework.transaction.annotation.ProxyTransactionManagementConfiguration'
23:29:14.749 [Test worker] DEBUG org.springframework.beans.factory.support.DefaultListableBeanFactory - Creating shared instance of singleton bean 'transactionAttributeSource'
23:29:14.749 [Test worker] DEBUG org.springframework.beans.factory.support.DefaultListableBeanFactory - Creating shared instance of singleton bean 'transactionInterceptor'
23:29:14.750 [Test worker] DEBUG org.springframework.beans.factory.support.DefaultListableBeanFactory - Autowiring by type from bean name 'transactionInterceptor' via factory method to bean named 'transactionAttributeSource'
23:29:14.750 [Test worker] DEBUG org.springframework.beans.factory.support.DefaultListableBeanFactory - Autowiring by type from bean name 'org.springframework.transaction.config.internalTransactionAdvisor' via factory method to bean named 'transactionAttributeSource'
23:29:14.750 [Test worker] DEBUG org.springframework.beans.factory.support.DefaultListableBeanFactory - Autowiring by type from bean name 'org.springframework.transaction.config.internalTransactionAdvisor' via factory method to bean named 'transactionInterceptor'
23:29:14.750 [Test worker] DEBUG org.springframework.beans.factory.support.DefaultListableBeanFactory - Creating shared instance of singleton bean 'arangoDBConfiguration'
23:29:14.751 [Test worker] DEBUG org.springframework.beans.factory.support.DefaultListableBeanFactory - Creating shared instance of singleton bean 'bookLoaderService'
23:29:14.752 [Test worker] DEBUG org.springframework.beans.factory.support.DefaultListableBeanFactory - Creating shared instance of singleton bean 'bookRepository'
23:29:14.752 [Test worker] DEBUG org.springframework.beans.factory.support.DefaultListableBeanFactory - Creating shared instance of singleton bean 'arangoTemplate'
23:29:14.753 [Test worker] DEBUG com.arangodb.internal.InternalArangoDBBuilder - Use SimpleHostResolver
23:29:14.753 [Test worker] DEBUG com.arangodb.internal.net.HostSet - Added Host HostImpl [connectionPool=ConnectionPoolImpl [host=host[addr=localhost,port=8529], maxConnections=1, connections=0, current=0, factory=VstConnectionFactorySync], description=host[addr=localhost,port=8529], markforDeletion=false] - now 1 Hosts in List
23:29:14.753 [Test worker] DEBUG com.arangodb.internal.InternalArangoDBBuilder - HostHandler is FallbackHostHandler
23:29:14.753 [Test worker] DEBUG com.arangodb.internal.net.HostSet - Added Host HostImpl [connectionPool=ConnectionPoolImpl [host=host[addr=localhost,port=8529], maxConnections=1, connections=0, current=0, factory=VstConnectionFactorySync], description=host[addr=localhost,port=8529], markforDeletion=false] - now 1 Hosts in List
23:29:14.753 [Test worker] DEBUG com.arangodb.internal.ArangoDBImpl - ArangoDB Client is ready to use
23:29:14.753 [Test worker] DEBUG org.springframework.beans.factory.support.DefaultListableBeanFactory - Creating shared instance of singleton bean 'arangoConverter'
23:29:14.753 [Test worker] DEBUG org.springframework.beans.factory.support.DefaultListableBeanFactory - Creating shared instance of singleton bean 'arangoMappingContext'
23:29:14.756 [Test worker] DEBUG org.springframework.context.annotation.ClassPathScanningCandidateComponentProvider - Identified candidate component class: file [/media/debashishc/T7/work/arangodb/build/classes/java/test/com/talentica/arangodb/entity/Book.class]
23:29:14.758 [Test worker] DEBUG org.springframework.data.convert.CustomConversions - Adding converter from class java.util.Date to class java.lang.String as writing converter.
23:29:14.758 [Test worker] DEBUG org.springframework.data.convert.CustomConversions - Adding converter from class java.time.Instant to class java.lang.String as writing converter.
23:29:14.758 [Test worker] DEBUG org.springframework.data.convert.CustomConversions - Adding converter from class java.time.LocalDate to class java.lang.String as writing converter.
23:29:14.758 [Test worker] DEBUG org.springframework.data.convert.CustomConversions - Adding converter from class java.time.LocalDateTime to class java.lang.String as writing converter.
23:29:14.758 [Test worker] DEBUG org.springframework.data.convert.CustomConversions - Adding converter from class java.time.OffsetDateTime to class java.lang.String as writing converter.
23:29:14.758 [Test worker] DEBUG org.springframework.data.convert.CustomConversions - Adding converter from class java.time.ZonedDateTime to class java.lang.String as writing converter.
23:29:14.758 [Test worker] DEBUG org.springframework.data.convert.CustomConversions - Adding converter from class java.lang.String to class java.util.Date as reading converter.
23:29:14.758 [Test worker] DEBUG org.springframework.data.convert.CustomConversions - Adding converter from class java.lang.String to class java.time.Instant as reading converter.
23:29:14.758 [Test worker] DEBUG org.springframework.data.convert.CustomConversions - Adding converter from class java.lang.String to class java.time.LocalDate as reading converter.
23:29:14.758 [Test worker] DEBUG org.springframework.data.convert.CustomConversions - Adding converter from class java.lang.String to class java.time.LocalDateTime as reading converter.
23:29:14.758 [Test worker] DEBUG org.springframework.data.convert.CustomConversions - Adding converter from class java.lang.String to class java.time.OffsetDateTime as reading converter.
23:29:14.758 [Test worker] DEBUG org.springframework.data.convert.CustomConversions - Adding converter from class java.lang.String to class java.time.ZonedDateTime as reading converter.
23:29:14.759 [Test worker] DEBUG org.springframework.data.convert.CustomConversions - Adding converter from class java.lang.String to class java.util.UUID as reading converter.
23:29:14.759 [Test worker] DEBUG org.springframework.data.convert.CustomConversions - Adding converter from class java.util.UUID to class java.lang.String as writing converter.
23:29:14.759 [Test worker] DEBUG org.springframework.data.convert.CustomConversions - Adding converter from class java.util.Date to class java.time.LocalDateTime as reading converter.
23:29:14.759 [Test worker] DEBUG org.springframework.data.convert.CustomConversions - Adding converter from class java.time.LocalDateTime to class java.util.Date as writing converter.
23:29:14.759 [Test worker] DEBUG org.springframework.data.convert.CustomConversions - Adding converter from class java.util.Date to class java.time.LocalDate as reading converter.
23:29:14.759 [Test worker] DEBUG org.springframework.data.convert.CustomConversions - Adding converter from class java.time.LocalDate to class java.util.Date as writing converter.
23:29:14.759 [Test worker] DEBUG org.springframework.data.convert.CustomConversions - Adding converter from class java.util.Date to class java.time.LocalTime as reading converter.
23:29:14.759 [Test worker] DEBUG org.springframework.data.convert.CustomConversions - Adding converter from class java.time.LocalTime to class java.util.Date as writing converter.
23:29:14.759 [Test worker] DEBUG org.springframework.data.convert.CustomConversions - Adding converter from class java.util.Date to class java.time.Instant as reading converter.
23:29:14.759 [Test worker] DEBUG org.springframework.data.convert.CustomConversions - Adding converter from class java.time.Instant to class java.util.Date as writing converter.
23:29:14.759 [Test worker] DEBUG org.springframework.data.convert.CustomConversions - Adding converter from class java.time.LocalDateTime to class java.time.Instant as reading converter.
23:29:14.759 [Test worker] DEBUG org.springframework.data.convert.CustomConversions - Adding converter from class java.time.Instant to class java.time.LocalDateTime as reading converter.
23:29:14.759 [Test worker] DEBUG org.springframework.data.convert.CustomConversions - Adding converter from class java.time.ZoneId to class java.lang.String as writing converter.
23:29:14.759 [Test worker] DEBUG org.springframework.data.convert.CustomConversions - Adding converter from class java.lang.String to class java.time.ZoneId as reading converter.
23:29:14.760 [Test worker] DEBUG org.springframework.data.convert.CustomConversions - Adding converter from class java.time.Duration to class java.lang.String as writing converter.
23:29:14.760 [Test worker] DEBUG org.springframework.data.convert.CustomConversions - Adding converter from class java.lang.String to class java.time.Duration as reading converter.
23:29:14.760 [Test worker] DEBUG org.springframework.data.convert.CustomConversions - Adding converter from class java.time.Period to class java.lang.String as writing converter.
23:29:14.760 [Test worker] DEBUG org.springframework.data.convert.CustomConversions - Adding converter from class java.lang.String to class java.time.Period as reading converter.
23:29:14.760 [Test worker] DEBUG org.springframework.data.convert.CustomConversions - Adding converter from class java.lang.String to class java.time.LocalDate as reading converter.
23:29:14.760 [Test worker] DEBUG org.springframework.data.convert.CustomConversions - Adding converter from class java.lang.String to class java.time.LocalDateTime as reading converter.
23:29:14.760 [Test worker] DEBUG org.springframework.data.convert.CustomConversions - Adding converter from class java.lang.String to class java.time.Instant as reading converter.
23:29:14.767 [Test worker] DEBUG org.springframework.data.convert.CustomConversions - Adding converter from class java.util.Date to class java.lang.String as writing converter.
23:29:14.767 [Test worker] DEBUG org.springframework.data.convert.CustomConversions - Adding converter from class java.time.Instant to class java.lang.String as writing converter.
23:29:14.767 [Test worker] DEBUG org.springframework.data.convert.CustomConversions - Adding converter from class java.time.LocalDate to class java.lang.String as writing converter.
23:29:14.767 [Test worker] DEBUG org.springframework.data.convert.CustomConversions - Adding converter from class java.time.LocalDateTime to class java.lang.String as writing converter.
23:29:14.767 [Test worker] DEBUG org.springframework.data.convert.CustomConversions - Adding converter from class java.time.OffsetDateTime to class java.lang.String as writing converter.
23:29:14.767 [Test worker] DEBUG org.springframework.data.convert.CustomConversions - Adding converter from class java.time.ZonedDateTime to class java.lang.String as writing converter.
23:29:14.767 [Test worker] DEBUG org.springframework.data.convert.CustomConversions - Adding converter from class java.lang.String to class java.util.Date as reading converter.
23:29:14.767 [Test worker] DEBUG org.springframework.data.convert.CustomConversions - Adding converter from class java.lang.String to class java.time.Instant as reading converter.
23:29:14.768 [Test worker] DEBUG org.springframework.data.convert.CustomConversions - Adding converter from class java.lang.String to class java.time.LocalDate as reading converter.
23:29:14.768 [Test worker] DEBUG org.springframework.data.convert.CustomConversions - Adding converter from class java.lang.String to class java.time.LocalDateTime as reading converter.
23:29:14.768 [Test worker] DEBUG org.springframework.data.convert.CustomConversions - Adding converter from class java.lang.String to class java.time.OffsetDateTime as reading converter.
23:29:14.768 [Test worker] DEBUG org.springframework.data.convert.CustomConversions - Adding converter from class java.lang.String to class java.time.ZonedDateTime as reading converter.
23:29:14.768 [Test worker] DEBUG org.springframework.data.convert.CustomConversions - Adding converter from class java.lang.String to class java.util.UUID as reading converter.
23:29:14.768 [Test worker] DEBUG org.springframework.data.convert.CustomConversions - Adding converter from class java.util.UUID to class java.lang.String as writing converter.
23:29:14.768 [Test worker] DEBUG org.springframework.data.convert.CustomConversions - Adding converter from class java.util.Date to class java.time.LocalDateTime as reading converter.
23:29:14.768 [Test worker] DEBUG org.springframework.data.convert.CustomConversions - Adding converter from class java.time.LocalDateTime to class java.util.Date as writing converter.
23:29:14.768 [Test worker] DEBUG org.springframework.data.convert.CustomConversions - Adding converter from class java.util.Date to class java.time.LocalDate as reading converter.
23:29:14.768 [Test worker] DEBUG org.springframework.data.convert.CustomConversions - Adding converter from class java.time.LocalDate to class java.util.Date as writing converter.
23:29:14.768 [Test worker] DEBUG org.springframework.data.convert.CustomConversions - Adding converter from class java.util.Date to class java.time.LocalTime as reading converter.
23:29:14.768 [Test worker] DEBUG org.springframework.data.convert.CustomConversions - Adding converter from class java.time.LocalTime to class java.util.Date as writing converter.
23:29:14.768 [Test worker] DEBUG org.springframework.data.convert.CustomConversions - Adding converter from class java.util.Date to class java.time.Instant as reading converter.
23:29:14.768 [Test worker] DEBUG org.springframework.data.convert.CustomConversions - Adding converter from class java.time.Instant to class java.util.Date as writing converter.
23:29:14.769 [Test worker] DEBUG org.springframework.data.convert.CustomConversions - Adding converter from class java.time.LocalDateTime to class java.time.Instant as reading converter.
23:29:14.769 [Test worker] DEBUG org.springframework.data.convert.CustomConversions - Adding converter from class java.time.Instant to class java.time.LocalDateTime as reading converter.
23:29:14.769 [Test worker] DEBUG org.springframework.data.convert.CustomConversions - Adding converter from class java.time.ZoneId to class java.lang.String as writing converter.
23:29:14.769 [Test worker] DEBUG org.springframework.data.convert.CustomConversions - Adding converter from class java.lang.String to class java.time.ZoneId as reading converter.
23:29:14.769 [Test worker] DEBUG org.springframework.data.convert.CustomConversions - Adding converter from class java.time.Duration to class java.lang.String as writing converter.
23:29:14.769 [Test worker] DEBUG org.springframework.data.convert.CustomConversions - Adding converter from class java.lang.String to class java.time.Duration as reading converter.
23:29:14.769 [Test worker] DEBUG org.springframework.data.convert.CustomConversions - Adding converter from class java.time.Period to class java.lang.String as writing converter.
23:29:14.769 [Test worker] DEBUG org.springframework.data.convert.CustomConversions - Adding converter from class java.lang.String to class java.time.Period as reading converter.
23:29:14.769 [Test worker] DEBUG org.springframework.data.convert.CustomConversions - Adding converter from class java.lang.String to class java.time.LocalDate as reading converter.
23:29:14.769 [Test worker] DEBUG org.springframework.data.convert.CustomConversions - Adding converter from class java.lang.String to class java.time.LocalDateTime as reading converter.
23:29:14.769 [Test worker] DEBUG org.springframework.data.convert.CustomConversions - Adding converter from class java.lang.String to class java.time.Instant as reading converter.
23:29:14.783 [Test worker] DEBUG org.springframework.beans.factory.support.DefaultListableBeanFactory - Creating shared instance of singleton bean 'arangoTransactionalRepositoryImplFragment'
23:29:14.783 [Test worker] DEBUG org.springframework.beans.factory.support.DefaultListableBeanFactory - Creating shared instance of singleton bean 'arangoTransactionalRepositoryImpl'
23:29:14.784 [Test worker] DEBUG org.springframework.beans.factory.support.DefaultListableBeanFactory - Creating shared instance of singleton bean 'getTransactionManager'
23:29:14.785 [Test worker] DEBUG org.springframework.beans.factory.support.DefaultListableBeanFactory - Autowiring by type from bean name 'getTransactionManager' via factory method to bean named 'arangoTemplate'
23:29:14.785 [Test worker] DEBUG org.springframework.beans.factory.support.DefaultListableBeanFactory - Autowiring by type from bean name 'getTransactionManager' via factory method to bean named 'arangoConverter'
23:29:14.785 [Test worker] DEBUG org.springframework.beans.factory.support.DefaultListableBeanFactory - Autowiring by type from bean name 'getTransactionManager' via factory method to bean named 'arangoDBConfiguration'
23:29:14.785 [Test worker] DEBUG org.springframework.beans.factory.support.DefaultListableBeanFactory - Autowiring by type from bean name 'arangoTransactionalRepositoryImpl' via constructor to bean named 'getTransactionManager'
23:29:14.787 [Test worker] DEBUG org.springframework.data.repository.core.support.RepositoryFactorySupport - Initializing repository instance for com.talentica.arangodb.repository.BookRepository…
23:29:14.790 [Test worker] DEBUG org.springframework.data.repository.core.support.RepositoryFactorySupport - Finished creation of repository instance for {}.
23:29:14.807 [Test worker] DEBUG com.arangodb.internal.velocystream.internal.VstConnection - Connection connection_1609955954807_0.35006550226468847 created
23:29:14.807 [Test worker] DEBUG com.arangodb.internal.net.ConnectionPoolImpl - Return Connection connection_1609955954807_0.35006550226468847
23:29:14.808 [Test worker] DEBUG com.arangodb.internal.velocystream.internal.VstConnection - Open connection to host[addr=localhost,port=8529]
23:29:14.808 [Test worker] DEBUG com.arangodb.internal.velocystream.internal.VstConnection - Connected to Socket[addr=localhost/127.0.0.1,port=8529,localport=52138]
23:29:14.808 [Test worker] DEBUG com.arangodb.internal.velocystream.internal.VstConnection - Send velocystream protocol header to Socket[addr=localhost/127.0.0.1,port=8529,localport=52138]
23:29:14.809 [Test worker] DEBUG com.arangodb.internal.velocystream.VstCommunicationSync - Send Message (id=11, head=[1,1000,"plain","root","password"], body={})
23:29:14.809 [Test worker] DEBUG com.arangodb.internal.velocystream.internal.VstConnection - Send chunk 1:1 from message 11
23:29:14.809 [pool-2-thread-1] DEBUG com.arangodb.internal.velocystream.internal.VstConnection - Start Callable for connection_1609955954807_0.35006550226468847
23:29:14.810 [pool-2-thread-1] DEBUG com.arangodb.internal.velocystream.internal.VstConnection - Received chunk 1:1 from message 11
23:29:14.810 [pool-2-thread-1] DEBUG com.arangodb.internal.velocystream.internal.VstConnection - Responsetime for Message 11 is 1
23:29:14.810 [pool-2-thread-1] DEBUG com.arangodb.internal.velocystream.internal.MessageStore - Received Message (id=11, head=[1,2,200,{}], body={"error":false,"errorNum":0,"code":200})
23:29:14.810 [Test worker] DEBUG com.arangodb.internal.net.HostSet - Added Host HostImpl [connectionPool=ConnectionPoolImpl [host=host[addr=localhost,port=8529], maxConnections=1, connections=1, current=1, factory=VstConnectionFactorySync], description=host[addr=localhost,port=8529], markforDeletion=false] - now 1 Hosts in List
23:29:14.810 [Test worker] DEBUG com.arangodb.internal.velocystream.VstCommunicationSync - Send Message (id=12, head=[1,1,"_system",1,"/_api/collection/Books",{},{"content-type":"application/x-velocypack","accept":"application/x-velocypack"}], body={})
23:29:14.811 [Test worker] DEBUG com.arangodb.internal.velocystream.internal.VstConnection - Send chunk 1:1 from message 12
23:29:14.811 [pool-2-thread-1] DEBUG com.arangodb.internal.velocystream.internal.VstConnection - Received chunk 1:1 from message 12
23:29:14.811 [pool-2-thread-1] DEBUG com.arangodb.internal.velocystream.internal.VstConnection - Responsetime for Message 12 is 0
23:29:14.811 [pool-2-thread-1] DEBUG com.arangodb.internal.velocystream.internal.MessageStore - Received Message (id=12, head=[1,2,200,{}], body={"error":false,"code":200,"type":2,"isSystem":false,"id":"2843677","globallyUniqueId":"h371E083F0103/2843677","name":"Books","status":3})
23:29:14.812 [Test worker] DEBUG com.arangodb.internal.net.ConnectionPoolImpl - Return Connection connection_1609955954807_0.35006550226468847
23:29:14.812 [Test worker] DEBUG com.arangodb.internal.velocystream.VstCommunicationSync - Send Message (id=13, head=[1,1,"test",1,"/_api/database/current",{},{"content-type":"application/x-velocypack","accept":"application/x-velocypack"}], body={})
23:29:14.812 [Test worker] DEBUG com.arangodb.internal.velocystream.internal.VstConnection - Send chunk 1:1 from message 13
23:29:14.812 [pool-2-thread-1] DEBUG com.arangodb.internal.velocystream.internal.VstConnection - Received chunk 1:1 from message 13
23:29:14.812 [pool-2-thread-1] DEBUG com.arangodb.internal.velocystream.internal.VstConnection - Responsetime for Message 13 is 0
23:29:14.813 [pool-2-thread-1] DEBUG com.arangodb.internal.velocystream.internal.MessageStore - Received Message (id=13, head=[1,2,200,{}], body={"error":false,"code":200,"result":{"id":"2846231","name":"test","isSystem":false,"path":"none"}})
23:29:14.813 [Test worker] DEBUG com.arangodb.internal.net.ConnectionPoolImpl - Return Connection connection_1609955954807_0.35006550226468847
23:29:14.813 [Test worker] DEBUG com.arangodb.internal.velocystream.VstCommunicationSync - Send Message (id=14, head=[1,1,"test",1,"/_api/collection/Books",{},{"content-type":"application/x-velocypack","accept":"application/x-velocypack"}], body={})
23:29:14.813 [Test worker] DEBUG com.arangodb.internal.velocystream.internal.VstConnection - Send chunk 1:1 from message 14
23:29:14.814 [pool-2-thread-1] DEBUG com.arangodb.internal.velocystream.internal.VstConnection - Received chunk 1:1 from message 14
23:29:14.814 [pool-2-thread-1] DEBUG com.arangodb.internal.velocystream.internal.VstConnection - Responsetime for Message 14 is 0
23:29:14.814 [pool-2-thread-1] DEBUG com.arangodb.internal.velocystream.internal.MessageStore - Received Message (id=14, head=[1,2,200,{}], body={"error":false,"code":200,"type":2,"isSystem":false,"id":"3668205","globallyUniqueId":"h371E083F0103/3668205","name":"Books","status":3})
23:29:14.816 [Test worker] DEBUG com.arangodb.internal.net.ConnectionPoolImpl - Return Connection connection_1609955954807_0.35006550226468847
23:29:14.816 [Test worker] DEBUG com.arangodb.internal.velocystream.VstCommunicationSync - Send Message (id=15, head=[1,1,"test",2,"/_api/index",{"collection":"Books"},{"content-type":"application/x-velocypack","accept":"application/x-velocypack"}], body={"fields":["uuid"],"sparse":false,"type":"persistent","unique":true})
23:29:14.816 [Test worker] DEBUG com.arangodb.internal.velocystream.internal.VstConnection - Send chunk 1:1 from message 15
23:29:14.818 [pool-2-thread-1] DEBUG com.arangodb.internal.velocystream.internal.VstConnection - Received chunk 1:1 from message 15
23:29:14.818 [pool-2-thread-1] DEBUG com.arangodb.internal.velocystream.internal.VstConnection - Responsetime for Message 15 is 2
23:29:14.818 [pool-2-thread-1] DEBUG com.arangodb.internal.velocystream.internal.MessageStore - Received Message (id=15, head=[1,2,200,{}], body={"deduplicate":true,"fields":["uuid"],"id":"Books/3668210","isNewlyCreated":false,"name":"idx_1687950692959911936","selectivityEstimate":1.0,"sparse":false,"type":"persistent","unique":true,"error":false,"code":200})
23:29:14.833 [Test worker] DEBUG com.arangodb.internal.net.ConnectionPoolImpl - Return Connection connection_1609955954807_0.35006550226468847
23:29:14.833 [Test worker] DEBUG com.arangodb.internal.velocystream.VstCommunicationSync - Send Message (id=16, head=[1,1,"test",2,"/_api/transaction",{},{"content-type":"application/x-velocypack","accept":"application/x-velocypack"}], body={"action":"function(){\n var result = [];db = require(\"@arangodb\").db; \nresult[0]=db._query(\"LET doc = {\\\"uuid\\\":\\\"3628be89-b355-42f1-8725-3f59e646786a\\\",\\\"title\\\":\\\"Little Wizard Stories of Oz\\\",\\\"subjects\\\":[\\\"Short stories\\\",\\\"Oz (Imaginary place) -- Juvenile fiction\\\",\\\"Children's stories, American\\\",\\\"Fantasy literature\\\",\\\"PZ\\\"],\\\"bookshelves\\\":[\\\"Children's Literature\\\"],\\\"formats\\\":[{\\\"url\\\":\\\"https:\\/\\/www.gutenberg.org\\/ebooks\\/25519.txt.utf-8\\\",\\\"format\\\":\\\"text\\/plain\\\",\\\"extent\\\":82387,\\\"modified\\\":\\\"2020-11-12T22:37:19.000Z\\\"},{\\\"url\\\":\\\"https:\\/\\/www.gutenberg.org\\/cache\\/epub\\/25519\\/pg25519.cover.medium.jpg\\\",\\\"format\\\":\\\"image\\/jpeg\\\",\\\"extent\\\":28541,\\\"modified\\\":\\\"2020-11-12T22:37:23.000Z\\\"},{\\\"url\\\":\\\"https:\\/\\/www.gutenberg.org\\/files\\/25519\\/25519-h\\/25519-h.htm\\\",\\\"format\\\":\\\"text\\/html; charset=iso-8859-1\\\",\\\"extent\\\":96891,\\\"modified\\\":\\\"2008-05-19T07:06:47.000Z\\\"},{\\\"url\\\":\\\"https:\\/\\/www.gutenberg.org\\/ebooks\\/25519.rdf\\\",\\\"format\\\":\\\"application\\/rdf+xml\\\",\\\"extent\\\":15353,\\\"modified\\\":\\\"2020-12-09T23:52:50.000Z\\\"},{\\\"url\\\":\\\"https:\\/\\/www.gutenberg.org\\/files\\/25519\\/25519.zip\\\",\\\"format\\\":\\\"application\\/zip\\\",\\\"extent\\\":31335,\\\"modified\\\":\\\"2008-05-19T06:53:53.000Z\\\"},{\\\"url\\\":\\\"https:\\/\\/www.gutenberg.org\\/files\\/25519\\/25519-h.zip\\\",\\\"format\\\":\\\"text\\/html; charset=iso-8859-1\\\",\\\"extent\\\":2432399,\\\"modified\\\":\\\"2008-05-19T07:10:43.000Z\\\"},{\\\"url\\\":\\\"https:\\/\\/www.gutenberg.org\\/ebooks\\/25519.epub.images\\\",\\\"format\\\":\\\"application\\/epub+zip\\\",\\\"extent\\\":2375216,\\\"modified\\\":\\\"2020-11-12T22:37:21.000Z\\\"},{\\\"url\\\":\\\"https:\\/\\/www.gutenberg.org\\/ebooks\\/25519.kindle.images\\\",\\\"format\\\":\\\"application\\/x-mobipocket-ebook\\\",\\\"extent\\\":4826772,\\\"modified\\\":\\\"2020-11-12T22:37:23.000Z\\\"},{\\\"url\\\":\\\"https:\\/\\/www.gutenberg.org\\/ebooks\\/25519.kindle.noimages\\\",\\\"format\\\":\\\"application\\/x-mobipocket-ebook\\\",\\\"extent\\\":294097,\\\"modified\\\":\\\"2020-11-12T22:37:23.000Z\\\"},{\\\"url\\\":\\\"https:\\/\\/www.gutenberg.org\\/cache\\/epub\\/25519\\/pg25519.cover.small.jpg\\\",\\\"format\\\":\\\"image\\/jpeg\\\",\\\"extent\\\":4408,\\\"modified\\\":\\\"2020-11-12T22:37:23.000Z\\\"},{\\\"url\\\":\\\"https:\\/\\/www.gutenberg.org\\/ebooks\\/25519.epub.noimages\\\",\\\"format\\\":\\\"application\\/epub+zip\\\",\\\"extent\\\":89149,\\\"modified\\\":\\\"2020-11-12T22:37:21.000Z\\\"},{\\\"url\\\":\\\"https:\\/\\/www.gutenberg.org\\/files\\/25519\\/25519.txt\\\",\\\"format\\\":\\\"text\\/plain; charset=us-ascii\\\",\\\"extent\\\":82386,\\\"modified\\\":\\\"2008-05-19T06:53:53.000Z\\\"}],\\\"creators\\\":[{\\\"name\\\":\\\"Baum, L. Frank (Lyman Frank)\\\",\\\"birthDate\\\":1856,\\\"deathDate\\\":1919,\\\"alias\\\":\\\"Metcalf, Suzanne\\\",\\\"webpage\\\":\\\"https:\\/\\/en.wikipedia.org\\/wiki\\/L._Frank_Baum\\\"}],\\\"downloads\\\":133,\\\"_class\\\":\\\"com.talentica.arangodb.entity.Book\\\"} UPSERT { _key: doc._key } INSERT doc._key == null ? UNSET(doc, \\\"_key\\\") : doc REPLACE doc IN Books OPTIONS { ignoreRevs: false } RETURN NEW\")['_documents'][0];\nreturn result; \n }","collections":{"write":["Books"]},"waitForSync":true})
23:29:14.833 [Test worker] DEBUG com.arangodb.internal.velocystream.internal.VstConnection - Send chunk 1:1 from message 16
23:29:14.839 [pool-2-thread-1] DEBUG com.arangodb.internal.velocystream.internal.VstConnection - Received chunk 1:1 from message 16
23:29:14.839 [pool-2-thread-1] DEBUG com.arangodb.internal.velocystream.internal.VstConnection - Responsetime for Message 16 is 6
23:29:14.840 [pool-2-thread-1] DEBUG com.arangodb.internal.velocystream.internal.MessageStore - Received Message (id=16, head=[1,2,200,{}], body={"error":false,"code":200,"result":[{"_key":"3792205","_id":"Books/3792205","_rev":"_brhYSHK---","_class":"com.talentica.arangodb.entity.Book","bookshelves":["Children's Literature"],"creators":[{"name":"Baum, L. Frank (Lyman Frank)","birthDate":1856,"deathDate":1919,"alias":"Metcalf, Suzanne","webpage":"https://en.wikipedia.org/wiki/L._Frank_Baum"}],"downloads":133,"formats":[{"url":"https://www.gutenberg.org/ebooks/25519.txt.utf-8","format":"text/plain","extent":82387,"modified":"2020-11-12T22:37:19.000Z"},{"url":"https://www.gutenberg.org/cache/epub/25519/pg25519.cover.medium.jpg","format":"image/jpeg","extent":28541,"modified":"2020-11-12T22:37:23.000Z"},{"url":"https://www.gutenberg.org/files/25519/25519-h/25519-h.htm","format":"text/html; charset=iso-8859-1","extent":96891,"modified":"2008-05-19T07:06:47.000Z"},{"url":"https://www.gutenberg.org/ebooks/25519.rdf","format":"application/rdf+xml","extent":15353,"modified":"2020-12-09T23:52:50.000Z"},{"url":"https://www.gutenberg.org/files/25519/25519.zip","format":"application/zip","extent":31335,"modified":"2008-05-19T06:53:53.000Z"},{"url":"https://www.gutenberg.org/files/25519/25519-h.zip","format":"text/html; charset=iso-8859-1","extent":2432399,"modified":"2008-05-19T07:10:43.000Z"},{"url":"https://www.gutenberg.org/ebooks/25519.epub.images","format":"application/epub+zip","extent":2375216,"modified":"2020-11-12T22:37:21.000Z"},{"url":"https://www.gutenberg.org/ebooks/25519.kindle.images","format":"application/x-mobipocket-ebook","extent":4826772,"modified":"2020-11-12T22:37:23.000Z"},{"url":"https://www.gutenberg.org/ebooks/25519.kindle.noimages","format":"application/x-mobipocket-ebook","extent":294097,"modified":"2020-11-12T22:37:23.000Z"},{"url":"https://www.gutenberg.org/cache/epub/25519/pg25519.cover.small.jpg","format":"image/jpeg","extent":4408,"modified":"2020-11-12T22:37:23.000Z"},{"url":"https://www.gutenberg.org/ebooks/25519.epub.noimages","format":"application/epub+zip","extent":89149,"modified":"2020-11-12T22:37:21.000Z"},{"url":"https://www.gutenberg.org/files/25519/25519.txt","format":"text/plain; charset=us-ascii","extent":82386,"modified":"2008-05-19T06:53:53.000Z"}],"subjects":["Short stories","Oz (Imaginary place) -- Juvenile fiction","Children's stories, American","Fantasy literature","PZ"],"title":"Little Wizard Stories of Oz","uuid":"3628be89-b355-42f1-8725-3f59e646786a"}]})
23:29:14.846 [Test worker] DEBUG com.arangodb.internal.net.ConnectionPoolImpl - Return Connection connection_1609955954807_0.35006550226468847
23:29:14.846 [Test worker] DEBUG com.arangodb.internal.velocystream.VstCommunicationSync - Send Message (id=17, head=[1,1,"test",2,"/_api/cursor",{},{"content-type":"application/x-velocypack","accept":"application/x-velocypack"}], body={"bindVars":{"0":"3628be89-b355-42f1-8725-3f59e646786a"},"query":"FOR e IN Books FILTER e.uuid == @0  RETURN e"})
23:29:14.846 [Test worker] DEBUG com.arangodb.internal.velocystream.internal.VstConnection - Send chunk 1:1 from message 17
23:29:14.847 [pool-2-thread-1] DEBUG com.arangodb.internal.velocystream.internal.VstConnection - Received chunk 1:1 from message 17
23:29:14.847 [pool-2-thread-1] DEBUG com.arangodb.internal.velocystream.internal.VstConnection - Responsetime for Message 17 is 1
23:29:14.848 [pool-2-thread-1] DEBUG com.arangodb.internal.velocystream.internal.MessageStore - Received Message (id=17, head=[1,2,201,{}], body={"result":[{"_key":"3792205","_id":"Books/3792205","_rev":"_brhYSHK---","_class":"com.talentica.arangodb.entity.Book","bookshelves":["Children's Literature"],"creators":[{"name":"Baum, L. Frank (Lyman Frank)","birthDate":1856,"deathDate":1919,"alias":"Metcalf, Suzanne","webpage":"https://en.wikipedia.org/wiki/L._Frank_Baum"}],"downloads":133,"formats":[{"url":"https://www.gutenberg.org/ebooks/25519.txt.utf-8","format":"text/plain","extent":82387,"modified":"2020-11-12T22:37:19.000Z"},{"url":"https://www.gutenberg.org/cache/epub/25519/pg25519.cover.medium.jpg","format":"image/jpeg","extent":28541,"modified":"2020-11-12T22:37:23.000Z"},{"url":"https://www.gutenberg.org/files/25519/25519-h/25519-h.htm","format":"text/html; charset=iso-8859-1","extent":96891,"modified":"2008-05-19T07:06:47.000Z"},{"url":"https://www.gutenberg.org/ebooks/25519.rdf","format":"application/rdf+xml","extent":15353,"modified":"2020-12-09T23:52:50.000Z"},{"url":"https://www.gutenberg.org/files/25519/25519.zip","format":"application/zip","extent":31335,"modified":"2008-05-19T06:53:53.000Z"},{"url":"https://www.gutenberg.org/files/25519/25519-h.zip","format":"text/html; charset=iso-8859-1","extent":2432399,"modified":"2008-05-19T07:10:43.000Z"},{"url":"https://www.gutenberg.org/ebooks/25519.epub.images","format":"application/epub+zip","extent":2375216,"modified":"2020-11-12T22:37:21.000Z"},{"url":"https://www.gutenberg.org/ebooks/25519.kindle.images","format":"application/x-mobipocket-ebook","extent":4826772,"modified":"2020-11-12T22:37:23.000Z"},{"url":"https://www.gutenberg.org/ebooks/25519.kindle.noimages","format":"application/x-mobipocket-ebook","extent":294097,"modified":"2020-11-12T22:37:23.000Z"},{"url":"https://www.gutenberg.org/cache/epub/25519/pg25519.cover.small.jpg","format":"image/jpeg","extent":4408,"modified":"2020-11-12T22:37:23.000Z"},{"url":"https://www.gutenberg.org/ebooks/25519.epub.noimages","format":"application/epub+zip","extent":89149,"modified":"2020-11-12T22:37:21.000Z"},{"url":"https://www.gutenberg.org/files/25519/25519.txt","format":"text/plain; charset=us-ascii","extent":82386,"modified":"2008-05-19T06:53:53.000Z"}],"subjects":["Short stories","Oz (Imaginary place) -- Juvenile fiction","Children's stories, American","Fantasy literature","PZ"],"title":"Little Wizard Stories of Oz","uuid":"3628be89-b355-42f1-8725-3f59e646786a"}],"hasMore":false,"cached":false,"extra":{"stats":{"writesExecuted":0,"writesIgnored":0,"scannedFull":0,"scannedIndex":1,"filtered":0,"httpRequests":0,"executionTime":2.4789496092125773E-4,"peakMemoryUsage":24005},"warnings":[]},"error":false,"code":201})
23:29:14.849 [Test worker] DEBUG com.arangodb.internal.ArangoExecutorSync - Response is MetaAware com.arangodb.entity.CursorEntity
23:29:14.861 [Test worker] DEBUG com.arangodb.internal.net.ConnectionPoolImpl - Return Connection connection_1609955954807_0.35006550226468847
23:29:14.862 [Test worker] DEBUG com.arangodb.internal.velocystream.VstCommunicationSync - Send Message (id=18, head=[1,1,"test",2,"/_api/transaction",{},{"content-type":"application/x-velocypack","accept":"application/x-velocypack"}], body={"action":"function(){\n var result = [];db = require(\"@arangodb\").db; \nresult[0]=db._query(\"LET doc = {\\\"_key\\\":\\\"3792205\\\",\\\"uuid\\\":\\\"3628be89-b355-42f1-8725-3f59e646786a\\\",\\\"title\\\":\\\"Little Wizard Stories of Oz\\\",\\\"subjects\\\":[\\\"Short stories\\\",\\\"Oz (Imaginary place) -- Juvenile fiction\\\",\\\"Children's stories, American\\\",\\\"Fantasy literature\\\",\\\"PZ\\\"],\\\"bookshelves\\\":[\\\"Children's Literature\\\"],\\\"formats\\\":[{\\\"url\\\":\\\"https:\\/\\/www.gutenberg.org\\/ebooks\\/25519.txt.utf-8\\\",\\\"format\\\":\\\"text\\/plain\\\",\\\"extent\\\":82387,\\\"modified\\\":\\\"2020-11-12T22:37:19.000Z\\\"},{\\\"url\\\":\\\"https:\\/\\/www.gutenberg.org\\/cache\\/epub\\/25519\\/pg25519.cover.medium.jpg\\\",\\\"format\\\":\\\"image\\/jpeg\\\",\\\"extent\\\":28541,\\\"modified\\\":\\\"2020-11-12T22:37:23.000Z\\\"},{\\\"url\\\":\\\"https:\\/\\/www.gutenberg.org\\/files\\/25519\\/25519-h\\/25519-h.htm\\\",\\\"format\\\":\\\"text\\/html; charset=iso-8859-1\\\",\\\"extent\\\":96891,\\\"modified\\\":\\\"2008-05-19T07:06:47.000Z\\\"},{\\\"url\\\":\\\"https:\\/\\/www.gutenberg.org\\/ebooks\\/25519.rdf\\\",\\\"format\\\":\\\"application\\/rdf+xml\\\",\\\"extent\\\":15353,\\\"modified\\\":\\\"2020-12-09T23:52:50.000Z\\\"},{\\\"url\\\":\\\"https:\\/\\/www.gutenberg.org\\/files\\/25519\\/25519.zip\\\",\\\"format\\\":\\\"application\\/zip\\\",\\\"extent\\\":31335,\\\"modified\\\":\\\"2008-05-19T06:53:53.000Z\\\"},{\\\"url\\\":\\\"https:\\/\\/www.gutenberg.org\\/files\\/25519\\/25519-h.zip\\\",\\\"format\\\":\\\"text\\/html; charset=iso-8859-1\\\",\\\"extent\\\":2432399,\\\"modified\\\":\\\"2008-05-19T07:10:43.000Z\\\"},{\\\"url\\\":\\\"https:\\/\\/www.gutenberg.org\\/ebooks\\/25519.epub.images\\\",\\\"format\\\":\\\"application\\/epub+zip\\\",\\\"extent\\\":2375216,\\\"modified\\\":\\\"2020-11-12T22:37:21.000Z\\\"},{\\\"url\\\":\\\"https:\\/\\/www.gutenberg.org\\/ebooks\\/25519.kindle.images\\\",\\\"format\\\":\\\"application\\/x-mobipocket-ebook\\\",\\\"extent\\\":4826772,\\\"modified\\\":\\\"2020-11-12T22:37:23.000Z\\\"},{\\\"url\\\":\\\"https:\\/\\/www.gutenberg.org\\/ebooks\\/25519.kindle.noimages\\\",\\\"format\\\":\\\"application\\/x-mobipocket-ebook\\\",\\\"extent\\\":294097,\\\"modified\\\":\\\"2020-11-12T22:37:23.000Z\\\"},{\\\"url\\\":\\\"https:\\/\\/www.gutenberg.org\\/cache\\/epub\\/25519\\/pg25519.cover.small.jpg\\\",\\\"format\\\":\\\"image\\/jpeg\\\",\\\"extent\\\":4408,\\\"modified\\\":\\\"2020-11-12T22:37:23.000Z\\\"},{\\\"url\\\":\\\"https:\\/\\/www.gutenberg.org\\/ebooks\\/25519.epub.noimages\\\",\\\"format\\\":\\\"application\\/epub+zip\\\",\\\"extent\\\":89149,\\\"modified\\\":\\\"2020-11-12T22:37:21.000Z\\\"},{\\\"url\\\":\\\"https:\\/\\/www.gutenberg.org\\/files\\/25519\\/25519.txt\\\",\\\"format\\\":\\\"text\\/plain; charset=us-ascii\\\",\\\"extent\\\":82386,\\\"modified\\\":\\\"2008-05-19T06:53:53.000Z\\\"}],\\\"creators\\\":[{\\\"name\\\":\\\"Baum, L. Frank (Lyman Frank)\\\",\\\"birthDate\\\":1856,\\\"deathDate\\\":1919,\\\"alias\\\":\\\"Metcalf, Suzanne\\\",\\\"webpage\\\":\\\"https:\\/\\/en.wikipedia.org\\/wiki\\/L._Frank_Baum\\\"}],\\\"downloads\\\":1,\\\"_rev\\\":\\\"_bmNZa4C---\\\",\\\"_class\\\":\\\"com.talentica.arangodb.entity.Book\\\"} UPSERT { _key: doc._key } INSERT doc._key == null ? UNSET(doc, \\\"_key\\\") : doc REPLACE doc IN Books OPTIONS { ignoreRevs: false } RETURN NEW\")['_documents'][0];\nresult[1]=db._query(\"LET doc = {\\\"uuid\\\":\\\"bad2e376-6316-43aa-9b5d-6cbf6195c781\\\",\\\"title\\\":\\\"Moby-Dick; or, The Whale\\\",\\\"subjects\\\":[\\\"Whaling ships -- Fiction\\\",\\\"Whaling -- Fiction\\\",\\\"Ship captains -- Fiction\\\",\\\"Sea stories\\\",\\\"Ahab, Captain (Fictitious character) -- Fiction\\\",\\\"PS\\\",\\\"Psychological fiction\\\",\\\"Mentally ill -- Fiction\\\",\\\"Adventure stories\\\",\\\"Whales -- Fiction\\\"],\\\"bookshelves\\\":[\\\"Best Books Ever Listings\\\",\\\"Adventure\\\"],\\\"formats\\\":[{\\\"url\\\":\\\"http:\\/\\/www.gutenberg.org\\/files\\/15\\/15-h\\/15-h.htm\\\",\\\"format\\\":\\\"text\\/html; charset=utf-8\\\",\\\"extent\\\":1364131,\\\"modified\\\":\\\"2020-11-26T15:41:18.000Z\\\"},{\\\"url\\\":\\\"http:\\/\\/www.gutenberg.org\\/files\\/15\\/15-0.zip\\\",\\\"format\\\":\\\"text\\/plain; charset=utf-8\\\",\\\"extent\\\":514184,\\\"modified\\\":\\\"2020-11-26T15:50:01.000Z\\\"},{\\\"url\\\":\\\"http:\\/\\/www.gutenberg.org\\/ebooks\\/15.kindle.noimages\\\",\\\"format\\\":\\\"application\\/x-mobipocket-ebook\\\",\\\"extent\\\":2558187,\\\"modified\\\":\\\"2020-11-30T22:01:23.000Z\\\"},{\\\"url\\\":\\\"http:\\/\\/www.gutenberg.org\\/files\\/15\\/15-0.txt\\\",\\\"format\\\":\\\"text\\/plain; charset=utf-8\\\",\\\"extent\\\":1276817,\\\"modified\\\":\\\"2020-11-26T15:50:01.000Z\\\"},{\\\"url\\\":\\\"http:\\/\\/www.gutenberg.org\\/cache\\/epub\\/15\\/pg15.cover.small.jpg\\\",\\\"format\\\":\\\"image\\/jpeg\\\",\\\"extent\\\":3889,\\\"modified\\\":\\\"2020-11-30T22:01:23.000Z\\\"},{\\\"url\\\":\\\"http:\\/\\/www.gutenberg.org\\/cache\\/epub\\/15\\/pg15.cover.medium.jpg\\\",\\\"format\\\":\\\"image\\/jpeg\\\",\\\"extent\\\":13524,\\\"modified\\\":\\\"2020-11-30T22:01:24.000Z\\\"},{\\\"url\\\":\\\"http:\\/\\/www.gutenberg.org\\/ebooks\\/15.epub.noimages\\\",\\\"format\\\":\\\"application\\/epub+zip\\\",\\\"extent\\\":725851,\\\"modified\\\":\\\"2020-11-30T22:01:17.000Z\\\"},{\\\"url\\\":\\\"http:\\/\\/www.gutenberg.org\\/files\\/15\\/15-h.zip\\\",\\\"format\\\":\\\"text\\/html; charset=utf-8\\\",\\\"extent\\\":524252,\\\"modified\\\":\\\"2020-11-26T15:42:23.000Z\\\"},{\\\"url\\\":\\\"http:\\/\\/www.gutenberg.org\\/ebooks\\/15.kindle.images\\\",\\\"format\\\":\\\"application\\/x-mobipocket-ebook\\\",\\\"extent\\\":2565436,\\\"modified\\\":\\\"2020-11-30T22:01:20.000Z\\\"},{\\\"url\\\":\\\"http:\\/\\/www.gutenberg.org\\/files\\/15\\/15.zip\\\",\\\"format\\\":\\\"text\\/html; charset=utf-8\\\",\\\"extent\\\":524252,\\\"modified\\\":\\\"2020-11-26T15:41:57.000Z\\\"},{\\\"url\\\":\\\"http:\\/\\/www.gutenberg.org\\/ebooks\\/15.epub.images\\\",\\\"format\\\":\\\"application\\/epub+zip\\\",\\\"extent\\\":731192,\\\"modified\\\":\\\"2020-11-30T22:01:16.000Z\\\"},{\\\"url\\\":\\\"http:\\/\\/www.gutenberg.org\\/ebooks\\/15.rdf\\\",\\\"format\\\":\\\"application\\/rdf+xml\\\",\\\"extent\\\":16008,\\\"modified\\\":\\\"2020-12-02T23:30:05.000Z\\\"}],\\\"creators\\\":[{\\\"name\\\":\\\"Melville, Herman\\\",\\\"birthDate\\\":1819,\\\"deathDate\\\":1891,\\\"alias\\\":\\\"Melville, Hermann\\\",\\\"webpage\\\":\\\"https:\\/\\/en.wikipedia.org\\/wiki\\/Herman_Melville\\\"}],\\\"downloads\\\":850,\\\"_class\\\":\\\"com.talentica.arangodb.entity.Book\\\"} UPSERT { _key: doc._key } INSERT doc._key == null ? UNSET(doc, \\\"_key\\\") : doc REPLACE doc IN Books OPTIONS { ignoreRevs: false } RETURN NEW\")['_documents'][0];\nreturn result; \n }","collections":{"write":["Books","Books"]},"waitForSync":true})
23:29:14.862 [Test worker] DEBUG com.arangodb.internal.velocystream.internal.VstConnection - Send chunk 1:1 from message 18
23:29:14.864 [pool-2-thread-1] DEBUG com.arangodb.internal.velocystream.internal.VstConnection - Received chunk 1:1 from message 18
23:29:14.864 [pool-2-thread-1] DEBUG com.arangodb.internal.velocystream.internal.VstConnection - Responsetime for Message 18 is 2
23:29:14.864 [pool-2-thread-1] DEBUG com.arangodb.internal.velocystream.internal.MessageStore - Received Message (id=18, head=[1,2,409,{}], body={"code":409,"error":true,"errorMessage":"AQL: conflict (while executing)","errorNum":1200})
23:29:14.866 [Test worker] DEBUG com.arangodb.internal.net.ConnectionPoolImpl - Return Connection connection_1609955954807_0.35006550226468847
23:29:14.866 [Test worker] DEBUG com.arangodb.internal.velocystream.VstCommunicationSync - Send Message (id=19, head=[1,1,"test",2,"/_api/cursor",{},{"content-type":"application/x-velocypack","accept":"application/x-velocypack"}], body={"bindVars":{"0":"3628be89-b355-42f1-8725-3f59e646786a"},"query":"FOR e IN Books FILTER e.uuid == @0  RETURN e"})
23:29:14.867 [Test worker] DEBUG com.arangodb.internal.velocystream.internal.VstConnection - Send chunk 1:1 from message 19
23:29:14.867 [pool-2-thread-1] DEBUG com.arangodb.internal.velocystream.internal.VstConnection - Received chunk 1:1 from message 19
23:29:14.867 [pool-2-thread-1] DEBUG com.arangodb.internal.velocystream.internal.VstConnection - Responsetime for Message 19 is 0
23:29:14.868 [pool-2-thread-1] DEBUG com.arangodb.internal.velocystream.internal.MessageStore - Received Message (id=19, head=[1,2,201,{}], body={"result":[{"_key":"3792205","_id":"Books/3792205","_rev":"_brhYSHK---","_class":"com.talentica.arangodb.entity.Book","bookshelves":["Children's Literature"],"creators":[{"name":"Baum, L. Frank (Lyman Frank)","birthDate":1856,"deathDate":1919,"alias":"Metcalf, Suzanne","webpage":"https://en.wikipedia.org/wiki/L._Frank_Baum"}],"downloads":133,"formats":[{"url":"https://www.gutenberg.org/ebooks/25519.txt.utf-8","format":"text/plain","extent":82387,"modified":"2020-11-12T22:37:19.000Z"},{"url":"https://www.gutenberg.org/cache/epub/25519/pg25519.cover.medium.jpg","format":"image/jpeg","extent":28541,"modified":"2020-11-12T22:37:23.000Z"},{"url":"https://www.gutenberg.org/files/25519/25519-h/25519-h.htm","format":"text/html; charset=iso-8859-1","extent":96891,"modified":"2008-05-19T07:06:47.000Z"},{"url":"https://www.gutenberg.org/ebooks/25519.rdf","format":"application/rdf+xml","extent":15353,"modified":"2020-12-09T23:52:50.000Z"},{"url":"https://www.gutenberg.org/files/25519/25519.zip","format":"application/zip","extent":31335,"modified":"2008-05-19T06:53:53.000Z"},{"url":"https://www.gutenberg.org/files/25519/25519-h.zip","format":"text/html; charset=iso-8859-1","extent":2432399,"modified":"2008-05-19T07:10:43.000Z"},{"url":"https://www.gutenberg.org/ebooks/25519.epub.images","format":"application/epub+zip","extent":2375216,"modified":"2020-11-12T22:37:21.000Z"},{"url":"https://www.gutenberg.org/ebooks/25519.kindle.images","format":"application/x-mobipocket-ebook","extent":4826772,"modified":"2020-11-12T22:37:23.000Z"},{"url":"https://www.gutenberg.org/ebooks/25519.kindle.noimages","format":"application/x-mobipocket-ebook","extent":294097,"modified":"2020-11-12T22:37:23.000Z"},{"url":"https://www.gutenberg.org/cache/epub/25519/pg25519.cover.small.jpg","format":"image/jpeg","extent":4408,"modified":"2020-11-12T22:37:23.000Z"},{"url":"https://www.gutenberg.org/ebooks/25519.epub.noimages","format":"application/epub+zip","extent":89149,"modified":"2020-11-12T22:37:21.000Z"},{"url":"https://www.gutenberg.org/files/25519/25519.txt","format":"text/plain; charset=us-ascii","extent":82386,"modified":"2008-05-19T06:53:53.000Z"}],"subjects":["Short stories","Oz (Imaginary place) -- Juvenile fiction","Children's stories, American","Fantasy literature","PZ"],"title":"Little Wizard Stories of Oz","uuid":"3628be89-b355-42f1-8725-3f59e646786a"}],"hasMore":false,"cached":false,"extra":{"stats":{"writesExecuted":0,"writesIgnored":0,"scannedFull":0,"scannedIndex":1,"filtered":0,"httpRequests":0,"executionTime":2.457600203342736E-4,"peakMemoryUsage":24005},"warnings":[]},"error":false,"code":201})
23:29:14.868 [Test worker] DEBUG com.arangodb.internal.ArangoExecutorSync - Response is MetaAware com.arangodb.entity.CursorEntity
23:29:14.871 [Test worker] DEBUG com.arangodb.internal.net.ConnectionPoolImpl - Return Connection connection_1609955954807_0.35006550226468847
23:29:14.872 [Test worker] DEBUG com.arangodb.internal.velocystream.VstCommunicationSync - Send Message (id=20, head=[1,1,"test",2,"/_api/cursor",{},{"content-type":"application/x-velocypack","accept":"application/x-velocypack"}], body={"bindVars":{"0":"bad2e376-6316-43aa-9b5d-6cbf6195c781"},"query":"FOR e IN Books FILTER e.uuid == @0  RETURN e"})
23:29:14.872 [Test worker] DEBUG com.arangodb.internal.velocystream.internal.VstConnection - Send chunk 1:1 from message 20
23:29:14.872 [pool-2-thread-1] DEBUG com.arangodb.internal.velocystream.internal.VstConnection - Received chunk 1:1 from message 20
23:29:14.872 [pool-2-thread-1] DEBUG com.arangodb.internal.velocystream.internal.VstConnection - Responsetime for Message 20 is 0
23:29:14.873 [pool-2-thread-1] DEBUG com.arangodb.internal.velocystream.internal.MessageStore - Received Message (id=20, head=[1,2,201,{}], body={"result":[],"hasMore":false,"cached":false,"extra":{"stats":{"writesExecuted":0,"writesIgnored":0,"scannedFull":0,"scannedIndex":0,"filtered":0,"httpRequests":0,"executionTime":2.7389300521463156E-4,"peakMemoryUsage":21800},"warnings":[]},"error":false,"code":201})
23:29:14.873 [Test worker] DEBUG com.arangodb.internal.ArangoExecutorSync - Response is MetaAware com.arangodb.entity.CursorEntity
23:29:14.881 [Test worker] DEBUG org.springframework.context.annotation.AnnotationConfigApplicationContext - Refreshing org.springframework.context.annotation.AnnotationConfigApplicationContext@3bc30f2a
23:29:14.882 [Test worker] DEBUG org.springframework.beans.factory.support.DefaultListableBeanFactory - Creating shared instance of singleton bean 'org.springframework.context.annotation.internalConfigurationAnnotationProcessor'
23:29:14.885 [Test worker] DEBUG org.springframework.context.annotation.ClassPathBeanDefinitionScanner - Identified candidate component class: file [/media/debashishc/T7/work/arangodb/build/classes/java/test/com/talentica/arangodb/ArangoDBConfiguration.class]
23:29:14.887 [Test worker] DEBUG org.springframework.context.annotation.ClassPathBeanDefinitionScanner - Ignored because not a concrete top-level class: file [/media/debashishc/T7/work/arangodb/build/classes/java/test/com/talentica/arangodb/repository/BookRepository.class]
23:29:14.887 [Test worker] DEBUG org.springframework.context.annotation.ClassPathBeanDefinitionScanner - Identified candidate component class: file [/media/debashishc/T7/work/arangodb/build/classes/java/test/com/talentica/arangodb/service/BookLoaderService.class]
23:29:14.894 [Test worker] INFO org.springframework.data.repository.config.RepositoryConfigurationDelegate - Bootstrapping Spring Data ArangoDB repositories in DEFAULT mode.
23:29:14.895 [Test worker] DEBUG org.springframework.data.repository.config.RepositoryConfigurationDelegate - Scanning for ArangoDB repositories in packages com.talentica.arangodb.repository.
23:29:14.896 [Test worker] DEBUG org.springframework.data.repository.config.RepositoryComponentProvider - Identified candidate component class: file [/media/debashishc/T7/work/arangodb/build/classes/java/test/com/talentica/arangodb/repository/BookRepository.class]
23:29:14.898 [Test worker] DEBUG org.springframework.context.annotation.ClassPathScanningCandidateComponentProvider - Identified candidate component class: file [/media/debashishc/T7/work/arangodb/build/classes/java/main/com/talentica/arangodb/repository/ArangoTransactionalRepositoryImpl.class]
23:29:14.899 [Test worker] DEBUG org.springframework.data.repository.config.RepositoryBeanDefinitionBuilder - Registering repository fragment implementation: arangoTransactionalRepositoryImpl com.talentica.arangodb.repository.ArangoTransactionalRepositoryImpl
23:29:14.899 [Test worker] DEBUG org.springframework.data.repository.config.RepositoryBeanDefinitionBuilder - Registering repository fragment: arangoTransactionalRepositoryImplFragment
23:29:14.900 [Test worker] INFO org.springframework.data.repository.config.RepositoryConfigurationDelegate - Finished Spring Data repository scanning in 4 ms. Found 1 ArangoDB repository interfaces.
23:29:14.903 [Test worker] DEBUG org.springframework.beans.factory.support.DefaultListableBeanFactory - Creating shared instance of singleton bean 'org.springframework.context.event.internalEventListenerProcessor'
23:29:14.903 [Test worker] DEBUG org.springframework.beans.factory.support.DefaultListableBeanFactory - Creating shared instance of singleton bean 'org.springframework.context.event.internalEventListenerFactory'
23:29:14.903 [Test worker] DEBUG org.springframework.beans.factory.support.DefaultListableBeanFactory - Creating shared instance of singleton bean 'org.springframework.transaction.config.internalTransactionalEventListenerFactory'
23:29:14.904 [Test worker] DEBUG org.springframework.beans.factory.support.DefaultListableBeanFactory - Creating shared instance of singleton bean 'org.springframework.context.annotation.internalAutowiredAnnotationProcessor'
23:29:14.905 [Test worker] DEBUG org.springframework.beans.factory.support.DefaultListableBeanFactory - Creating shared instance of singleton bean 'org.springframework.context.annotation.internalCommonAnnotationProcessor'
23:29:14.905 [Test worker] DEBUG org.springframework.beans.factory.support.DefaultListableBeanFactory - Creating shared instance of singleton bean 'org.springframework.aop.config.internalAutoProxyCreator'
23:29:14.906 [Test worker] DEBUG org.springframework.beans.factory.support.DefaultListableBeanFactory - Creating shared instance of singleton bean 'springDataTestApplication'
23:29:14.907 [Test worker] DEBUG org.springframework.beans.factory.support.DefaultListableBeanFactory - Creating shared instance of singleton bean 'org.springframework.transaction.config.internalTransactionAdvisor'
23:29:14.907 [Test worker] DEBUG org.springframework.beans.factory.support.DefaultListableBeanFactory - Creating shared instance of singleton bean 'org.springframework.transaction.annotation.ProxyTransactionManagementConfiguration'
23:29:14.909 [Test worker] DEBUG org.springframework.beans.factory.support.DefaultListableBeanFactory - Creating shared instance of singleton bean 'transactionAttributeSource'
23:29:14.910 [Test worker] DEBUG org.springframework.beans.factory.support.DefaultListableBeanFactory - Creating shared instance of singleton bean 'transactionInterceptor'
23:29:14.910 [Test worker] DEBUG org.springframework.beans.factory.support.DefaultListableBeanFactory - Autowiring by type from bean name 'transactionInterceptor' via factory method to bean named 'transactionAttributeSource'
23:29:14.911 [Test worker] DEBUG org.springframework.beans.factory.support.DefaultListableBeanFactory - Autowiring by type from bean name 'org.springframework.transaction.config.internalTransactionAdvisor' via factory method to bean named 'transactionAttributeSource'
23:29:14.911 [Test worker] DEBUG org.springframework.beans.factory.support.DefaultListableBeanFactory - Autowiring by type from bean name 'org.springframework.transaction.config.internalTransactionAdvisor' via factory method to bean named 'transactionInterceptor'
23:29:14.911 [Test worker] DEBUG org.springframework.beans.factory.support.DefaultListableBeanFactory - Creating shared instance of singleton bean 'arangoDBConfiguration'
23:29:14.912 [Test worker] DEBUG org.springframework.beans.factory.support.DefaultListableBeanFactory - Creating shared instance of singleton bean 'bookLoaderService'
23:29:14.913 [Test worker] DEBUG org.springframework.beans.factory.support.DefaultListableBeanFactory - Creating shared instance of singleton bean 'bookRepository'
23:29:14.914 [Test worker] DEBUG org.springframework.beans.factory.support.DefaultListableBeanFactory - Creating shared instance of singleton bean 'arangoTemplate'
23:29:14.914 [Test worker] DEBUG com.arangodb.internal.InternalArangoDBBuilder - Use SimpleHostResolver
23:29:14.914 [Test worker] DEBUG com.arangodb.internal.net.HostSet - Added Host HostImpl [connectionPool=ConnectionPoolImpl [host=host[addr=localhost,port=8529], maxConnections=1, connections=0, current=0, factory=VstConnectionFactorySync], description=host[addr=localhost,port=8529], markforDeletion=false] - now 1 Hosts in List
23:29:14.915 [Test worker] DEBUG com.arangodb.internal.InternalArangoDBBuilder - HostHandler is FallbackHostHandler
23:29:14.915 [Test worker] DEBUG com.arangodb.internal.net.HostSet - Added Host HostImpl [connectionPool=ConnectionPoolImpl [host=host[addr=localhost,port=8529], maxConnections=1, connections=0, current=0, factory=VstConnectionFactorySync], description=host[addr=localhost,port=8529], markforDeletion=false] - now 1 Hosts in List
23:29:14.915 [Test worker] DEBUG com.arangodb.internal.ArangoDBImpl - ArangoDB Client is ready to use
23:29:14.915 [Test worker] DEBUG org.springframework.beans.factory.support.DefaultListableBeanFactory - Creating shared instance of singleton bean 'arangoConverter'
23:29:14.915 [Test worker] DEBUG org.springframework.beans.factory.support.DefaultListableBeanFactory - Creating shared instance of singleton bean 'arangoMappingContext'
23:29:14.918 [Test worker] DEBUG org.springframework.context.annotation.ClassPathScanningCandidateComponentProvider - Identified candidate component class: file [/media/debashishc/T7/work/arangodb/build/classes/java/test/com/talentica/arangodb/entity/Book.class]
23:29:14.920 [Test worker] DEBUG org.springframework.data.convert.CustomConversions - Adding converter from class java.util.Date to class java.lang.String as writing converter.
23:29:14.920 [Test worker] DEBUG org.springframework.data.convert.CustomConversions - Adding converter from class java.time.Instant to class java.lang.String as writing converter.
23:29:14.920 [Test worker] DEBUG org.springframework.data.convert.CustomConversions - Adding converter from class java.time.LocalDate to class java.lang.String as writing converter.
23:29:14.920 [Test worker] DEBUG org.springframework.data.convert.CustomConversions - Adding converter from class java.time.LocalDateTime to class java.lang.String as writing converter.
23:29:14.921 [Test worker] DEBUG org.springframework.data.convert.CustomConversions - Adding converter from class java.time.OffsetDateTime to class java.lang.String as writing converter.
23:29:14.921 [Test worker] DEBUG org.springframework.data.convert.CustomConversions - Adding converter from class java.time.ZonedDateTime to class java.lang.String as writing converter.
23:29:14.921 [Test worker] DEBUG org.springframework.data.convert.CustomConversions - Adding converter from class java.lang.String to class java.util.Date as reading converter.
23:29:14.921 [Test worker] DEBUG org.springframework.data.convert.CustomConversions - Adding converter from class java.lang.String to class java.time.Instant as reading converter.
23:29:14.921 [Test worker] DEBUG org.springframework.data.convert.CustomConversions - Adding converter from class java.lang.String to class java.time.LocalDate as reading converter.
23:29:14.921 [Test worker] DEBUG org.springframework.data.convert.CustomConversions - Adding converter from class java.lang.String to class java.time.LocalDateTime as reading converter.
23:29:14.921 [Test worker] DEBUG org.springframework.data.convert.CustomConversions - Adding converter from class java.lang.String to class java.time.OffsetDateTime as reading converter.
23:29:14.921 [Test worker] DEBUG org.springframework.data.convert.CustomConversions - Adding converter from class java.lang.String to class java.time.ZonedDateTime as reading converter.
23:29:14.921 [Test worker] DEBUG org.springframework.data.convert.CustomConversions - Adding converter from class java.lang.String to class java.util.UUID as reading converter.
23:29:14.921 [Test worker] DEBUG org.springframework.data.convert.CustomConversions - Adding converter from class java.util.UUID to class java.lang.String as writing converter.
23:29:14.921 [Test worker] DEBUG org.springframework.data.convert.CustomConversions - Adding converter from class java.util.Date to class java.time.LocalDateTime as reading converter.
23:29:14.921 [Test worker] DEBUG org.springframework.data.convert.CustomConversions - Adding converter from class java.time.LocalDateTime to class java.util.Date as writing converter.
23:29:14.921 [Test worker] DEBUG org.springframework.data.convert.CustomConversions - Adding converter from class java.util.Date to class java.time.LocalDate as reading converter.
23:29:14.921 [Test worker] DEBUG org.springframework.data.convert.CustomConversions - Adding converter from class java.time.LocalDate to class java.util.Date as writing converter.
23:29:14.921 [Test worker] DEBUG org.springframework.data.convert.CustomConversions - Adding converter from class java.util.Date to class java.time.LocalTime as reading converter.
23:29:14.922 [Test worker] DEBUG org.springframework.data.convert.CustomConversions - Adding converter from class java.time.LocalTime to class java.util.Date as writing converter.
23:29:14.922 [Test worker] DEBUG org.springframework.data.convert.CustomConversions - Adding converter from class java.util.Date to class java.time.Instant as reading converter.
23:29:14.922 [Test worker] DEBUG org.springframework.data.convert.CustomConversions - Adding converter from class java.time.Instant to class java.util.Date as writing converter.
23:29:14.922 [Test worker] DEBUG org.springframework.data.convert.CustomConversions - Adding converter from class java.time.LocalDateTime to class java.time.Instant as reading converter.
23:29:14.922 [Test worker] DEBUG org.springframework.data.convert.CustomConversions - Adding converter from class java.time.Instant to class java.time.LocalDateTime as reading converter.
23:29:14.922 [Test worker] DEBUG org.springframework.data.convert.CustomConversions - Adding converter from class java.time.ZoneId to class java.lang.String as writing converter.
23:29:14.922 [Test worker] DEBUG org.springframework.data.convert.CustomConversions - Adding converter from class java.lang.String to class java.time.ZoneId as reading converter.
23:29:14.922 [Test worker] DEBUG org.springframework.data.convert.CustomConversions - Adding converter from class java.time.Duration to class java.lang.String as writing converter.
23:29:14.922 [Test worker] DEBUG org.springframework.data.convert.CustomConversions - Adding converter from class java.lang.String to class java.time.Duration as reading converter.
23:29:14.922 [Test worker] DEBUG org.springframework.data.convert.CustomConversions - Adding converter from class java.time.Period to class java.lang.String as writing converter.
23:29:14.923 [Test worker] DEBUG org.springframework.data.convert.CustomConversions - Adding converter from class java.lang.String to class java.time.Period as reading converter.
23:29:14.923 [Test worker] DEBUG org.springframework.data.convert.CustomConversions - Adding converter from class java.lang.String to class java.time.LocalDate as reading converter.
23:29:14.923 [Test worker] DEBUG org.springframework.data.convert.CustomConversions - Adding converter from class java.lang.String to class java.time.LocalDateTime as reading converter.
23:29:14.923 [Test worker] DEBUG org.springframework.data.convert.CustomConversions - Adding converter from class java.lang.String to class java.time.Instant as reading converter.
23:29:14.932 [Test worker] DEBUG org.springframework.data.convert.CustomConversions - Adding converter from class java.util.Date to class java.lang.String as writing converter.
23:29:14.932 [Test worker] DEBUG org.springframework.data.convert.CustomConversions - Adding converter from class java.time.Instant to class java.lang.String as writing converter.
23:29:14.933 [Test worker] DEBUG org.springframework.data.convert.CustomConversions - Adding converter from class java.time.LocalDate to class java.lang.String as writing converter.
23:29:14.933 [Test worker] DEBUG org.springframework.data.convert.CustomConversions - Adding converter from class java.time.LocalDateTime to class java.lang.String as writing converter.
23:29:14.933 [Test worker] DEBUG org.springframework.data.convert.CustomConversions - Adding converter from class java.time.OffsetDateTime to class java.lang.String as writing converter.
23:29:14.933 [Test worker] DEBUG org.springframework.data.convert.CustomConversions - Adding converter from class java.time.ZonedDateTime to class java.lang.String as writing converter.
23:29:14.933 [Test worker] DEBUG org.springframework.data.convert.CustomConversions - Adding converter from class java.lang.String to class java.util.Date as reading converter.
23:29:14.933 [Test worker] DEBUG org.springframework.data.convert.CustomConversions - Adding converter from class java.lang.String to class java.time.Instant as reading converter.
23:29:14.933 [Test worker] DEBUG org.springframework.data.convert.CustomConversions - Adding converter from class java.lang.String to class java.time.LocalDate as reading converter.
23:29:14.933 [Test worker] DEBUG org.springframework.data.convert.CustomConversions - Adding converter from class java.lang.String to class java.time.LocalDateTime as reading converter.
23:29:14.933 [Test worker] DEBUG org.springframework.data.convert.CustomConversions - Adding converter from class java.lang.String to class java.time.OffsetDateTime as reading converter.
23:29:14.933 [Test worker] DEBUG org.springframework.data.convert.CustomConversions - Adding converter from class java.lang.String to class java.time.ZonedDateTime as reading converter.
23:29:14.933 [Test worker] DEBUG org.springframework.data.convert.CustomConversions - Adding converter from class java.lang.String to class java.util.UUID as reading converter.
23:29:14.933 [Test worker] DEBUG org.springframework.data.convert.CustomConversions - Adding converter from class java.util.UUID to class java.lang.String as writing converter.
23:29:14.933 [Test worker] DEBUG org.springframework.data.convert.CustomConversions - Adding converter from class java.util.Date to class java.time.LocalDateTime as reading converter.
23:29:14.933 [Test worker] DEBUG org.springframework.data.convert.CustomConversions - Adding converter from class java.time.LocalDateTime to class java.util.Date as writing converter.
23:29:14.933 [Test worker] DEBUG org.springframework.data.convert.CustomConversions - Adding converter from class java.util.Date to class java.time.LocalDate as reading converter.
23:29:14.934 [Test worker] DEBUG org.springframework.data.convert.CustomConversions - Adding converter from class java.time.LocalDate to class java.util.Date as writing converter.
23:29:14.934 [Test worker] DEBUG org.springframework.data.convert.CustomConversions - Adding converter from class java.util.Date to class java.time.LocalTime as reading converter.
23:29:14.934 [Test worker] DEBUG org.springframework.data.convert.CustomConversions - Adding converter from class java.time.LocalTime to class java.util.Date as writing converter.
23:29:14.934 [Test worker] DEBUG org.springframework.data.convert.CustomConversions - Adding converter from class java.util.Date to class java.time.Instant as reading converter.
23:29:14.934 [Test worker] DEBUG org.springframework.data.convert.CustomConversions - Adding converter from class java.time.Instant to class java.util.Date as writing converter.
23:29:14.934 [Test worker] DEBUG org.springframework.data.convert.CustomConversions - Adding converter from class java.time.LocalDateTime to class java.time.Instant as reading converter.
23:29:14.934 [Test worker] DEBUG org.springframework.data.convert.CustomConversions - Adding converter from class java.time.Instant to class java.time.LocalDateTime as reading converter.
23:29:14.934 [Test worker] DEBUG org.springframework.data.convert.CustomConversions - Adding converter from class java.time.ZoneId to class java.lang.String as writing converter.
23:29:14.934 [Test worker] DEBUG org.springframework.data.convert.CustomConversions - Adding converter from class java.lang.String to class java.time.ZoneId as reading converter.
23:29:14.934 [Test worker] DEBUG org.springframework.data.convert.CustomConversions - Adding converter from class java.time.Duration to class java.lang.String as writing converter.
23:29:14.934 [Test worker] DEBUG org.springframework.data.convert.CustomConversions - Adding converter from class java.lang.String to class java.time.Duration as reading converter.
23:29:14.934 [Test worker] DEBUG org.springframework.data.convert.CustomConversions - Adding converter from class java.time.Period to class java.lang.String as writing converter.
23:29:14.935 [Test worker] DEBUG org.springframework.data.convert.CustomConversions - Adding converter from class java.lang.String to class java.time.Period as reading converter.
23:29:14.935 [Test worker] DEBUG org.springframework.data.convert.CustomConversions - Adding converter from class java.lang.String to class java.time.LocalDate as reading converter.
23:29:14.935 [Test worker] DEBUG org.springframework.data.convert.CustomConversions - Adding converter from class java.lang.String to class java.time.LocalDateTime as reading converter.
23:29:14.935 [Test worker] DEBUG org.springframework.data.convert.CustomConversions - Adding converter from class java.lang.String to class java.time.Instant as reading converter.
23:29:14.941 [Test worker] DEBUG org.springframework.beans.factory.support.DefaultListableBeanFactory - Creating shared instance of singleton bean 'arangoTransactionalRepositoryImplFragment'
23:29:14.941 [Test worker] DEBUG org.springframework.beans.factory.support.DefaultListableBeanFactory - Creating shared instance of singleton bean 'arangoTransactionalRepositoryImpl'
23:29:14.941 [Test worker] DEBUG org.springframework.beans.factory.support.DefaultListableBeanFactory - Creating shared instance of singleton bean 'getTransactionManager'
23:29:14.942 [Test worker] DEBUG org.springframework.beans.factory.support.DefaultListableBeanFactory - Autowiring by type from bean name 'getTransactionManager' via factory method to bean named 'arangoTemplate'
23:29:14.942 [Test worker] DEBUG org.springframework.beans.factory.support.DefaultListableBeanFactory - Autowiring by type from bean name 'getTransactionManager' via factory method to bean named 'arangoConverter'
23:29:14.942 [Test worker] DEBUG org.springframework.beans.factory.support.DefaultListableBeanFactory - Autowiring by type from bean name 'getTransactionManager' via factory method to bean named 'arangoDBConfiguration'
23:29:14.943 [Test worker] DEBUG org.springframework.beans.factory.support.DefaultListableBeanFactory - Autowiring by type from bean name 'arangoTransactionalRepositoryImpl' via constructor to bean named 'getTransactionManager'
23:29:14.944 [Test worker] DEBUG org.springframework.data.repository.core.support.RepositoryFactorySupport - Initializing repository instance for com.talentica.arangodb.repository.BookRepository…
23:29:14.947 [Test worker] DEBUG org.springframework.data.repository.core.support.RepositoryFactorySupport - Finished creation of repository instance for {}.
23:29:14.951 [Test worker] DEBUG com.arangodb.internal.velocystream.internal.VstConnection - Connection connection_1609955954951_0.5831409628562418 created
23:29:14.951 [Test worker] DEBUG com.arangodb.internal.net.ConnectionPoolImpl - Return Connection connection_1609955954951_0.5831409628562418
23:29:14.951 [Test worker] DEBUG com.arangodb.internal.velocystream.internal.VstConnection - Open connection to host[addr=localhost,port=8529]
23:29:14.951 [Test worker] DEBUG com.arangodb.internal.velocystream.internal.VstConnection - Connected to Socket[addr=localhost/127.0.0.1,port=8529,localport=52140]
23:29:14.951 [Test worker] DEBUG com.arangodb.internal.velocystream.internal.VstConnection - Send velocystream protocol header to Socket[addr=localhost/127.0.0.1,port=8529,localport=52140]
23:29:14.952 [pool-3-thread-1] DEBUG com.arangodb.internal.velocystream.internal.VstConnection - Start Callable for connection_1609955954951_0.5831409628562418
23:29:14.952 [Test worker] DEBUG com.arangodb.internal.velocystream.VstCommunicationSync - Send Message (id=21, head=[1,1000,"plain","root","password"], body={})
23:29:14.952 [Test worker] DEBUG com.arangodb.internal.velocystream.internal.VstConnection - Send chunk 1:1 from message 21
23:29:14.953 [pool-3-thread-1] DEBUG com.arangodb.internal.velocystream.internal.VstConnection - Received chunk 1:1 from message 21
23:29:14.953 [pool-3-thread-1] DEBUG com.arangodb.internal.velocystream.internal.VstConnection - Responsetime for Message 21 is 1
23:29:14.953 [pool-3-thread-1] DEBUG com.arangodb.internal.velocystream.internal.MessageStore - Received Message (id=21, head=[1,2,200,{}], body={"error":false,"errorNum":0,"code":200})
23:29:14.953 [Test worker] DEBUG com.arangodb.internal.net.HostSet - Added Host HostImpl [connectionPool=ConnectionPoolImpl [host=host[addr=localhost,port=8529], maxConnections=1, connections=1, current=1, factory=VstConnectionFactorySync], description=host[addr=localhost,port=8529], markforDeletion=false] - now 1 Hosts in List
23:29:14.953 [Test worker] DEBUG com.arangodb.internal.velocystream.VstCommunicationSync - Send Message (id=22, head=[1,1,"test",1,"/_api/database/current",{},{"content-type":"application/x-velocypack","accept":"application/x-velocypack"}], body={})
23:29:14.954 [Test worker] DEBUG com.arangodb.internal.velocystream.internal.VstConnection - Send chunk 1:1 from message 22
23:29:14.954 [pool-3-thread-1] DEBUG com.arangodb.internal.velocystream.internal.VstConnection - Received chunk 1:1 from message 22
23:29:14.954 [pool-3-thread-1] DEBUG com.arangodb.internal.velocystream.internal.VstConnection - Responsetime for Message 22 is 0
23:29:14.954 [pool-3-thread-1] DEBUG com.arangodb.internal.velocystream.internal.MessageStore - Received Message (id=22, head=[1,2,200,{}], body={"error":false,"code":200,"result":{"id":"2846231","name":"test","isSystem":false,"path":"none"}})
23:29:14.955 [Test worker] DEBUG com.arangodb.internal.net.ConnectionPoolImpl - Return Connection connection_1609955954951_0.5831409628562418
23:29:14.955 [Test worker] DEBUG com.arangodb.internal.velocystream.VstCommunicationSync - Send Message (id=23, head=[1,1,"test",1,"/_api/collection/Books",{},{"content-type":"application/x-velocypack","accept":"application/x-velocypack"}], body={})
23:29:14.955 [Test worker] DEBUG com.arangodb.internal.velocystream.internal.VstConnection - Send chunk 1:1 from message 23
23:29:14.955 [pool-3-thread-1] DEBUG com.arangodb.internal.velocystream.internal.VstConnection - Received chunk 1:1 from message 23
23:29:14.955 [pool-3-thread-1] DEBUG com.arangodb.internal.velocystream.internal.VstConnection - Responsetime for Message 23 is 0
23:29:14.955 [pool-3-thread-1] DEBUG com.arangodb.internal.velocystream.internal.MessageStore - Received Message (id=23, head=[1,2,200,{}], body={"error":false,"code":200,"type":2,"isSystem":false,"id":"3668205","globallyUniqueId":"h371E083F0103/3668205","name":"Books","status":3})
23:29:14.969 [Test worker] DEBUG com.arangodb.internal.net.ConnectionPoolImpl - Return Connection connection_1609955954951_0.5831409628562418
23:29:14.970 [Test worker] DEBUG com.arangodb.internal.velocystream.VstCommunicationSync - Send Message (id=24, head=[1,1,"test",2,"/_api/cursor",{},{"content-type":"application/x-velocypack","accept":"application/x-velocypack"}], body={"bindVars":{"doc":{"uuid":"74b8277b-f821-4cf8-b733-992084ad702c","title":"Little Wizard Stories of Oz","subjects":["Short stories","Oz (Imaginary place) -- Juvenile fiction","Children's stories, American","Fantasy literature","PZ"],"bookshelves":["Children's Literature"],"formats":[{"url":"https://www.gutenberg.org/ebooks/25519.txt.utf-8","format":"text/plain","extent":82387,"modified":"2020-11-12T22:37:19.000Z"},{"url":"https://www.gutenberg.org/cache/epub/25519/pg25519.cover.medium.jpg","format":"image/jpeg","extent":28541,"modified":"2020-11-12T22:37:23.000Z"},{"url":"https://www.gutenberg.org/files/25519/25519-h/25519-h.htm","format":"text/html; charset=iso-8859-1","extent":96891,"modified":"2008-05-19T07:06:47.000Z"},{"url":"https://www.gutenberg.org/ebooks/25519.rdf","format":"application/rdf+xml","extent":15353,"modified":"2020-12-09T23:52:50.000Z"},{"url":"https://www.gutenberg.org/files/25519/25519.zip","format":"application/zip","extent":31335,"modified":"2008-05-19T06:53:53.000Z"},{"url":"https://www.gutenberg.org/files/25519/25519-h.zip","format":"text/html; charset=iso-8859-1","extent":2432399,"modified":"2008-05-19T07:10:43.000Z"},{"url":"https://www.gutenberg.org/ebooks/25519.epub.images","format":"application/epub+zip","extent":2375216,"modified":"2020-11-12T22:37:21.000Z"},{"url":"https://www.gutenberg.org/ebooks/25519.kindle.images","format":"application/x-mobipocket-ebook","extent":4826772,"modified":"2020-11-12T22:37:23.000Z"},{"url":"https://www.gutenberg.org/ebooks/25519.kindle.noimages","format":"application/x-mobipocket-ebook","extent":294097,"modified":"2020-11-12T22:37:23.000Z"},{"url":"https://www.gutenberg.org/cache/epub/25519/pg25519.cover.small.jpg","format":"image/jpeg","extent":4408,"modified":"2020-11-12T22:37:23.000Z"},{"url":"https://www.gutenberg.org/ebooks/25519.epub.noimages","format":"application/epub+zip","extent":89149,"modified":"2020-11-12T22:37:21.000Z"},{"url":"https://www.gutenberg.org/files/25519/25519.txt","format":"text/plain; charset=us-ascii","extent":82386,"modified":"2008-05-19T06:53:53.000Z"}],"creators":[{"name":"Baum, L. Frank (Lyman Frank)","birthDate":1856,"deathDate":1919,"alias":"Metcalf, Suzanne","webpage":"https://en.wikipedia.org/wiki/L._Frank_Baum"}],"downloads":133,"_class":"com.talentica.arangodb.entity.Book"},"@col":"Books"},"query":"LET doc = @doc UPSERT { _key: doc._key } INSERT doc._key == null ? UNSET(doc, \"_key\") : doc REPLACE doc IN @@col OPTIONS { ignoreRevs: false } RETURN NEW"})
23:29:14.970 [Test worker] DEBUG com.arangodb.internal.velocystream.internal.VstConnection - Send chunk 1:1 from message 24
23:29:14.971 [pool-3-thread-1] DEBUG com.arangodb.internal.velocystream.internal.VstConnection - Received chunk 1:1 from message 24
23:29:14.971 [pool-3-thread-1] DEBUG com.arangodb.internal.velocystream.internal.VstConnection - Responsetime for Message 24 is 1
23:29:14.972 [pool-3-thread-1] DEBUG com.arangodb.internal.velocystream.internal.MessageStore - Received Message (id=24, head=[1,2,201,{}], body={"result":[{"_key":"3792216","_id":"Books/3792216","_rev":"_brhYSPq---","_class":"com.talentica.arangodb.entity.Book","bookshelves":["Children's Literature"],"creators":[{"name":"Baum, L. Frank (Lyman Frank)","birthDate":1856,"deathDate":1919,"alias":"Metcalf, Suzanne","webpage":"https://en.wikipedia.org/wiki/L._Frank_Baum"}],"downloads":133,"formats":[{"url":"https://www.gutenberg.org/ebooks/25519.txt.utf-8","format":"text/plain","extent":82387,"modified":"2020-11-12T22:37:19.000Z"},{"url":"https://www.gutenberg.org/cache/epub/25519/pg25519.cover.medium.jpg","format":"image/jpeg","extent":28541,"modified":"2020-11-12T22:37:23.000Z"},{"url":"https://www.gutenberg.org/files/25519/25519-h/25519-h.htm","format":"text/html; charset=iso-8859-1","extent":96891,"modified":"2008-05-19T07:06:47.000Z"},{"url":"https://www.gutenberg.org/ebooks/25519.rdf","format":"application/rdf+xml","extent":15353,"modified":"2020-12-09T23:52:50.000Z"},{"url":"https://www.gutenberg.org/files/25519/25519.zip","format":"application/zip","extent":31335,"modified":"2008-05-19T06:53:53.000Z"},{"url":"https://www.gutenberg.org/files/25519/25519-h.zip","format":"text/html; charset=iso-8859-1","extent":2432399,"modified":"2008-05-19T07:10:43.000Z"},{"url":"https://www.gutenberg.org/ebooks/25519.epub.images","format":"application/epub+zip","extent":2375216,"modified":"2020-11-12T22:37:21.000Z"},{"url":"https://www.gutenberg.org/ebooks/25519.kindle.images","format":"application/x-mobipocket-ebook","extent":4826772,"modified":"2020-11-12T22:37:23.000Z"},{"url":"https://www.gutenberg.org/ebooks/25519.kindle.noimages","format":"application/x-mobipocket-ebook","extent":294097,"modified":"2020-11-12T22:37:23.000Z"},{"url":"https://www.gutenberg.org/cache/epub/25519/pg25519.cover.small.jpg","format":"image/jpeg","extent":4408,"modified":"2020-11-12T22:37:23.000Z"},{"url":"https://www.gutenberg.org/ebooks/25519.epub.noimages","format":"application/epub+zip","extent":89149,"modified":"2020-11-12T22:37:21.000Z"},{"url":"https://www.gutenberg.org/files/25519/25519.txt","format":"text/plain; charset=us-ascii","extent":82386,"modified":"2008-05-19T06:53:53.000Z"}],"subjects":["Short stories","Oz (Imaginary place) -- Juvenile fiction","Children's stories, American","Fantasy literature","PZ"],"title":"Little Wizard Stories of Oz","uuid":"74b8277b-f821-4cf8-b733-992084ad702c"}],"hasMore":false,"cached":false,"extra":{"stats":{"writesExecuted":1,"writesIgnored":0,"scannedFull":0,"scannedIndex":0,"filtered":0,"httpRequests":0,"executionTime":9.1118598356843E-4,"peakMemoryUsage":100157},"warnings":[]},"error":false,"code":201})
23:29:14.973 [Test worker] DEBUG com.arangodb.internal.ArangoExecutorSync - Response is MetaAware com.arangodb.entity.CursorEntity
23:29:14.978 [Test worker] DEBUG com.arangodb.internal.net.ConnectionPoolImpl - Return Connection connection_1609955954951_0.5831409628562418
23:29:14.978 [Test worker] DEBUG com.arangodb.internal.velocystream.VstCommunicationSync - Send Message (id=25, head=[1,1,"test",2,"/_api/transaction",{},{"content-type":"application/x-velocypack","accept":"application/x-velocypack"}], body={"action":"function(){\n var result = [];db = require(\"@arangodb\").db; \nreturn result; \n }","collections":{"write":[]},"waitForSync":true})
23:29:14.978 [Test worker] DEBUG com.arangodb.internal.velocystream.internal.VstConnection - Send chunk 1:1 from message 25
23:29:14.979 [pool-3-thread-1] DEBUG com.arangodb.internal.velocystream.internal.VstConnection - Received chunk 1:1 from message 25
23:29:14.979 [pool-3-thread-1] DEBUG com.arangodb.internal.velocystream.internal.VstConnection - Responsetime for Message 25 is 1
23:29:14.979 [pool-3-thread-1] DEBUG com.arangodb.internal.velocystream.internal.MessageStore - Received Message (id=25, head=[1,2,200,{}], body={"error":false,"code":200,"result":[]})
23:29:14.980 [Test worker] DEBUG com.arangodb.internal.net.ConnectionPoolImpl - Return Connection connection_1609955954951_0.5831409628562418
23:29:14.980 [Test worker] DEBUG com.arangodb.internal.velocystream.VstCommunicationSync - Send Message (id=26, head=[1,1,"_system",1,"/_api/collection/Books",{},{"content-type":"application/x-velocypack","accept":"application/x-velocypack"}], body={})
23:29:14.980 [Test worker] DEBUG com.arangodb.internal.velocystream.internal.VstConnection - Send chunk 1:1 from message 26
23:29:14.981 [pool-3-thread-1] DEBUG com.arangodb.internal.velocystream.internal.VstConnection - Received chunk 1:1 from message 26
23:29:14.981 [pool-3-thread-1] DEBUG com.arangodb.internal.velocystream.internal.VstConnection - Responsetime for Message 26 is 1
23:29:14.981 [pool-3-thread-1] DEBUG com.arangodb.internal.velocystream.internal.MessageStore - Received Message (id=26, head=[1,2,200,{}], body={"error":false,"code":200,"type":2,"isSystem":false,"id":"2843677","globallyUniqueId":"h371E083F0103/2843677","name":"Books","status":3})
23:29:14.982 [Test worker] DEBUG com.arangodb.internal.net.ConnectionPoolImpl - Return Connection connection_1609955954951_0.5831409628562418
23:29:14.983 [Test worker] DEBUG com.arangodb.internal.velocystream.VstCommunicationSync - Send Message (id=27, head=[1,1,"test",2,"/_api/index",{"collection":"Books"},{"content-type":"application/x-velocypack","accept":"application/x-velocypack"}], body={"fields":["uuid"],"sparse":false,"type":"persistent","unique":true})
23:29:14.983 [Test worker] DEBUG com.arangodb.internal.velocystream.internal.VstConnection - Send chunk 1:1 from message 27
23:29:14.983 [pool-3-thread-1] DEBUG com.arangodb.internal.velocystream.internal.VstConnection - Received chunk 1:1 from message 27
23:29:14.983 [pool-3-thread-1] DEBUG com.arangodb.internal.velocystream.internal.VstConnection - Responsetime for Message 27 is 0
23:29:14.984 [pool-3-thread-1] DEBUG com.arangodb.internal.velocystream.internal.MessageStore - Received Message (id=27, head=[1,2,200,{}], body={"deduplicate":true,"fields":["uuid"],"id":"Books/3668210","isNewlyCreated":false,"name":"idx_1687950692959911936","selectivityEstimate":1.0,"sparse":false,"type":"persistent","unique":true,"error":false,"code":200})
23:29:14.987 [Test worker] DEBUG com.arangodb.internal.net.ConnectionPoolImpl - Return Connection connection_1609955954951_0.5831409628562418
23:29:14.987 [Test worker] DEBUG com.arangodb.internal.velocystream.VstCommunicationSync - Send Message (id=28, head=[1,1,"test",2,"/_api/transaction",{},{"content-type":"application/x-velocypack","accept":"application/x-velocypack"}], body={"action":"function(){\n var result = [];db = require(\"@arangodb\").db; \nresult[0]=db._query(\"LET doc = {\\\"_key\\\":\\\"3792216\\\",\\\"uuid\\\":\\\"74b8277b-f821-4cf8-b733-992084ad702c\\\",\\\"title\\\":\\\"Little Wizard Stories of Oz\\\",\\\"subjects\\\":[\\\"Short stories\\\",\\\"Oz (Imaginary place) -- Juvenile fiction\\\",\\\"Children's stories, American\\\",\\\"Fantasy literature\\\",\\\"PZ\\\"],\\\"bookshelves\\\":[\\\"Children's Literature\\\"],\\\"formats\\\":[{\\\"url\\\":\\\"https:\\/\\/www.gutenberg.org\\/ebooks\\/25519.txt.utf-8\\\",\\\"format\\\":\\\"text\\/plain\\\",\\\"extent\\\":82387,\\\"modified\\\":\\\"2020-11-12T22:37:19.000Z\\\"},{\\\"url\\\":\\\"https:\\/\\/www.gutenberg.org\\/cache\\/epub\\/25519\\/pg25519.cover.medium.jpg\\\",\\\"format\\\":\\\"image\\/jpeg\\\",\\\"extent\\\":28541,\\\"modified\\\":\\\"2020-11-12T22:37:23.000Z\\\"},{\\\"url\\\":\\\"https:\\/\\/www.gutenberg.org\\/files\\/25519\\/25519-h\\/25519-h.htm\\\",\\\"format\\\":\\\"text\\/html; charset=iso-8859-1\\\",\\\"extent\\\":96891,\\\"modified\\\":\\\"2008-05-19T07:06:47.000Z\\\"},{\\\"url\\\":\\\"https:\\/\\/www.gutenberg.org\\/ebooks\\/25519.rdf\\\",\\\"format\\\":\\\"application\\/rdf+xml\\\",\\\"extent\\\":15353,\\\"modified\\\":\\\"2020-12-09T23:52:50.000Z\\\"},{\\\"url\\\":\\\"https:\\/\\/www.gutenberg.org\\/files\\/25519\\/25519.zip\\\",\\\"format\\\":\\\"application\\/zip\\\",\\\"extent\\\":31335,\\\"modified\\\":\\\"2008-05-19T06:53:53.000Z\\\"},{\\\"url\\\":\\\"https:\\/\\/www.gutenberg.org\\/files\\/25519\\/25519-h.zip\\\",\\\"format\\\":\\\"text\\/html; charset=iso-8859-1\\\",\\\"extent\\\":2432399,\\\"modified\\\":\\\"2008-05-19T07:10:43.000Z\\\"},{\\\"url\\\":\\\"https:\\/\\/www.gutenberg.org\\/ebooks\\/25519.epub.images\\\",\\\"format\\\":\\\"application\\/epub+zip\\\",\\\"extent\\\":2375216,\\\"modified\\\":\\\"2020-11-12T22:37:21.000Z\\\"},{\\\"url\\\":\\\"https:\\/\\/www.gutenberg.org\\/ebooks\\/25519.kindle.images\\\",\\\"format\\\":\\\"application\\/x-mobipocket-ebook\\\",\\\"extent\\\":4826772,\\\"modified\\\":\\\"2020-11-12T22:37:23.000Z\\\"},{\\\"url\\\":\\\"https:\\/\\/www.gutenberg.org\\/ebooks\\/25519.kindle.noimages\\\",\\\"format\\\":\\\"application\\/x-mobipocket-ebook\\\",\\\"extent\\\":294097,\\\"modified\\\":\\\"2020-11-12T22:37:23.000Z\\\"},{\\\"url\\\":\\\"https:\\/\\/www.gutenberg.org\\/cache\\/epub\\/25519\\/pg25519.cover.small.jpg\\\",\\\"format\\\":\\\"image\\/jpeg\\\",\\\"extent\\\":4408,\\\"modified\\\":\\\"2020-11-12T22:37:23.000Z\\\"},{\\\"url\\\":\\\"https:\\/\\/www.gutenberg.org\\/ebooks\\/25519.epub.noimages\\\",\\\"format\\\":\\\"application\\/epub+zip\\\",\\\"extent\\\":89149,\\\"modified\\\":\\\"2020-11-12T22:37:21.000Z\\\"},{\\\"url\\\":\\\"https:\\/\\/www.gutenberg.org\\/files\\/25519\\/25519.txt\\\",\\\"format\\\":\\\"text\\/plain; charset=us-ascii\\\",\\\"extent\\\":82386,\\\"modified\\\":\\\"2008-05-19T06:53:53.000Z\\\"}],\\\"creators\\\":[{\\\"name\\\":\\\"Baum, L. Frank (Lyman Frank)\\\",\\\"birthDate\\\":1856,\\\"deathDate\\\":1919,\\\"alias\\\":\\\"Metcalf, Suzanne\\\",\\\"webpage\\\":\\\"https:\\/\\/en.wikipedia.org\\/wiki\\/L._Frank_Baum\\\"}],\\\"downloads\\\":1000,\\\"_rev\\\":\\\"_bmNZa4C---\\\",\\\"_class\\\":\\\"com.talentica.arangodb.entity.Book\\\"} UPSERT { _key: doc._key } INSERT doc._key == null ? UNSET(doc, \\\"_key\\\") : doc REPLACE doc IN Books OPTIONS { ignoreRevs: false } RETURN NEW\")['_documents'][0];\nreturn result; \n }","collections":{"write":["Books"]},"waitForSync":true})
23:29:14.987 [Test worker] DEBUG com.arangodb.internal.velocystream.internal.VstConnection - Send chunk 1:1 from message 28
23:29:14.989 [pool-3-thread-1] DEBUG com.arangodb.internal.velocystream.internal.VstConnection - Received chunk 1:1 from message 28
23:29:14.989 [pool-3-thread-1] DEBUG com.arangodb.internal.velocystream.internal.VstConnection - Responsetime for Message 28 is 2
23:29:14.989 [pool-3-thread-1] DEBUG com.arangodb.internal.velocystream.internal.MessageStore - Received Message (id=28, head=[1,2,409,{}], body={"code":409,"error":true,"errorMessage":"AQL: conflict (while executing)","errorNum":1200})
Book(id=3792216, uuid=74b8277b-f821-4cf8-b733-992084ad702c, title=Little Wizard Stories of Oz, subjects=[Short stories, Oz (Imaginary place) -- Juvenile fiction, Children's stories, American, Fantasy literature, PZ], bookshelves=[Children's Literature], formats=[Book.Format(url=https://www.gutenberg.org/ebooks/25519.txt.utf-8, format=text/plain, extent=82387, modified=Fri Nov 13 04:07:19 IST 2020), Book.Format(url=https://www.gutenberg.org/cache/epub/25519/pg25519.cover.medium.jpg, format=image/jpeg, extent=28541, modified=Fri Nov 13 04:07:23 IST 2020), Book.Format(url=https://www.gutenberg.org/files/25519/25519-h/25519-h.htm, format=text/html; charset=iso-8859-1, extent=96891, modified=Mon May 19 12:36:47 IST 2008), Book.Format(url=https://www.gutenberg.org/ebooks/25519.rdf, format=application/rdf+xml, extent=15353, modified=Thu Dec 10 05:22:50 IST 2020), Book.Format(url=https://www.gutenberg.org/files/25519/25519.zip, format=application/zip, extent=31335, modified=Mon May 19 12:23:53 IST 2008), Book.Format(url=https://www.gutenberg.org/files/25519/25519-h.zip, format=text/html; charset=iso-8859-1, extent=2432399, modified=Mon May 19 12:40:43 IST 2008), Book.Format(url=https://www.gutenberg.org/ebooks/25519.epub.images, format=application/epub+zip, extent=2375216, modified=Fri Nov 13 04:07:21 IST 2020), Book.Format(url=https://www.gutenberg.org/ebooks/25519.kindle.images, format=application/x-mobipocket-ebook, extent=4826772, modified=Fri Nov 13 04:07:23 IST 2020), Book.Format(url=https://www.gutenberg.org/ebooks/25519.kindle.noimages, format=application/x-mobipocket-ebook, extent=294097, modified=Fri Nov 13 04:07:23 IST 2020), Book.Format(url=https://www.gutenberg.org/cache/epub/25519/pg25519.cover.small.jpg, format=image/jpeg, extent=4408, modified=Fri Nov 13 04:07:23 IST 2020), Book.Format(url=https://www.gutenberg.org/ebooks/25519.epub.noimages, format=application/epub+zip, extent=89149, modified=Fri Nov 13 04:07:21 IST 2020), Book.Format(url=https://www.gutenberg.org/files/25519/25519.txt, format=text/plain; charset=us-ascii, extent=82386, modified=Mon May 19 12:23:53 IST 2008)], creators=[Book.Creator(name=Baum, L. Frank (Lyman Frank), birthDate=1856, deathDate=1919, alias=Metcalf, Suzanne, webpage=https://en.wikipedia.org/wiki/L._Frank_Baum)], downloads=1000, version=_bmNZa4C---)
23:29:15.044 [Test worker] DEBUG org.springframework.context.annotation.AnnotationConfigApplicationContext - Refreshing org.springframework.context.annotation.AnnotationConfigApplicationContext@5653a24e
23:29:15.044 [Test worker] DEBUG org.springframework.beans.factory.support.DefaultListableBeanFactory - Creating shared instance of singleton bean 'org.springframework.context.annotation.internalConfigurationAnnotationProcessor'
23:29:15.048 [Test worker] DEBUG org.springframework.context.annotation.ClassPathBeanDefinitionScanner - Identified candidate component class: file [/media/debashishc/T7/work/arangodb/build/classes/java/test/com/talentica/arangodb/ArangoDBConfiguration.class]
23:29:15.051 [Test worker] DEBUG org.springframework.context.annotation.ClassPathBeanDefinitionScanner - Ignored because not a concrete top-level class: file [/media/debashishc/T7/work/arangodb/build/classes/java/test/com/talentica/arangodb/repository/BookRepository.class]
23:29:15.051 [Test worker] DEBUG org.springframework.context.annotation.ClassPathBeanDefinitionScanner - Identified candidate component class: file [/media/debashishc/T7/work/arangodb/build/classes/java/test/com/talentica/arangodb/service/BookLoaderService.class]
23:29:15.061 [Test worker] INFO org.springframework.data.repository.config.RepositoryConfigurationDelegate - Bootstrapping Spring Data ArangoDB repositories in DEFAULT mode.
23:29:15.061 [Test worker] DEBUG org.springframework.data.repository.config.RepositoryConfigurationDelegate - Scanning for ArangoDB repositories in packages com.talentica.arangodb.repository.
23:29:15.063 [Test worker] DEBUG org.springframework.data.repository.config.RepositoryComponentProvider - Identified candidate component class: file [/media/debashishc/T7/work/arangodb/build/classes/java/test/com/talentica/arangodb/repository/BookRepository.class]
23:29:15.064 [Test worker] DEBUG org.springframework.context.annotation.ClassPathScanningCandidateComponentProvider - Identified candidate component class: file [/media/debashishc/T7/work/arangodb/build/classes/java/main/com/talentica/arangodb/repository/ArangoTransactionalRepositoryImpl.class]
23:29:15.065 [Test worker] DEBUG org.springframework.data.repository.config.RepositoryBeanDefinitionBuilder - Registering repository fragment implementation: arangoTransactionalRepositoryImpl com.talentica.arangodb.repository.ArangoTransactionalRepositoryImpl
23:29:15.065 [Test worker] DEBUG org.springframework.data.repository.config.RepositoryBeanDefinitionBuilder - Registering repository fragment: arangoTransactionalRepositoryImplFragment
23:29:15.065 [Test worker] INFO org.springframework.data.repository.config.RepositoryConfigurationDelegate - Finished Spring Data repository scanning in 4 ms. Found 1 ArangoDB repository interfaces.
23:29:15.068 [Test worker] DEBUG org.springframework.beans.factory.support.DefaultListableBeanFactory - Creating shared instance of singleton bean 'org.springframework.context.event.internalEventListenerProcessor'
23:29:15.068 [Test worker] DEBUG org.springframework.beans.factory.support.DefaultListableBeanFactory - Creating shared instance of singleton bean 'org.springframework.context.event.internalEventListenerFactory'
23:29:15.069 [Test worker] DEBUG org.springframework.beans.factory.support.DefaultListableBeanFactory - Creating shared instance of singleton bean 'org.springframework.transaction.config.internalTransactionalEventListenerFactory'
23:29:15.069 [Test worker] DEBUG org.springframework.beans.factory.support.DefaultListableBeanFactory - Creating shared instance of singleton bean 'org.springframework.context.annotation.internalAutowiredAnnotationProcessor'
23:29:15.069 [Test worker] DEBUG org.springframework.beans.factory.support.DefaultListableBeanFactory - Creating shared instance of singleton bean 'org.springframework.context.annotation.internalCommonAnnotationProcessor'
23:29:15.070 [Test worker] DEBUG org.springframework.beans.factory.support.DefaultListableBeanFactory - Creating shared instance of singleton bean 'org.springframework.aop.config.internalAutoProxyCreator'
23:29:15.071 [Test worker] DEBUG org.springframework.beans.factory.support.DefaultListableBeanFactory - Creating shared instance of singleton bean 'springDataTestApplication'
23:29:15.071 [Test worker] DEBUG org.springframework.beans.factory.support.DefaultListableBeanFactory - Creating shared instance of singleton bean 'org.springframework.transaction.config.internalTransactionAdvisor'
23:29:15.071 [Test worker] DEBUG org.springframework.beans.factory.support.DefaultListableBeanFactory - Creating shared instance of singleton bean 'org.springframework.transaction.annotation.ProxyTransactionManagementConfiguration'
23:29:15.074 [Test worker] DEBUG org.springframework.beans.factory.support.DefaultListableBeanFactory - Creating shared instance of singleton bean 'transactionAttributeSource'
23:29:15.075 [Test worker] DEBUG org.springframework.beans.factory.support.DefaultListableBeanFactory - Creating shared instance of singleton bean 'transactionInterceptor'
23:29:15.075 [Test worker] DEBUG org.springframework.beans.factory.support.DefaultListableBeanFactory - Autowiring by type from bean name 'transactionInterceptor' via factory method to bean named 'transactionAttributeSource'
23:29:15.075 [Test worker] DEBUG org.springframework.beans.factory.support.DefaultListableBeanFactory - Autowiring by type from bean name 'org.springframework.transaction.config.internalTransactionAdvisor' via factory method to bean named 'transactionAttributeSource'
23:29:15.075 [Test worker] DEBUG org.springframework.beans.factory.support.DefaultListableBeanFactory - Autowiring by type from bean name 'org.springframework.transaction.config.internalTransactionAdvisor' via factory method to bean named 'transactionInterceptor'
23:29:15.076 [Test worker] DEBUG org.springframework.beans.factory.support.DefaultListableBeanFactory - Creating shared instance of singleton bean 'arangoDBConfiguration'
23:29:15.077 [Test worker] DEBUG org.springframework.beans.factory.support.DefaultListableBeanFactory - Creating shared instance of singleton bean 'bookLoaderService'
23:29:15.077 [Test worker] DEBUG org.springframework.beans.factory.support.DefaultListableBeanFactory - Creating shared instance of singleton bean 'bookRepository'
23:29:15.078 [Test worker] DEBUG org.springframework.beans.factory.support.DefaultListableBeanFactory - Creating shared instance of singleton bean 'arangoTemplate'
23:29:15.079 [Test worker] DEBUG com.arangodb.internal.InternalArangoDBBuilder - Use SimpleHostResolver
23:29:15.079 [Test worker] DEBUG com.arangodb.internal.net.HostSet - Added Host HostImpl [connectionPool=ConnectionPoolImpl [host=host[addr=localhost,port=8529], maxConnections=1, connections=0, current=0, factory=VstConnectionFactorySync], description=host[addr=localhost,port=8529], markforDeletion=false] - now 1 Hosts in List
23:29:15.079 [Test worker] DEBUG com.arangodb.internal.InternalArangoDBBuilder - HostHandler is FallbackHostHandler
23:29:15.079 [Test worker] DEBUG com.arangodb.internal.net.HostSet - Added Host HostImpl [connectionPool=ConnectionPoolImpl [host=host[addr=localhost,port=8529], maxConnections=1, connections=0, current=0, factory=VstConnectionFactorySync], description=host[addr=localhost,port=8529], markforDeletion=false] - now 1 Hosts in List
23:29:15.079 [Test worker] DEBUG com.arangodb.internal.ArangoDBImpl - ArangoDB Client is ready to use
23:29:15.079 [Test worker] DEBUG org.springframework.beans.factory.support.DefaultListableBeanFactory - Creating shared instance of singleton bean 'arangoConverter'
23:29:15.079 [Test worker] DEBUG org.springframework.beans.factory.support.DefaultListableBeanFactory - Creating shared instance of singleton bean 'arangoMappingContext'
23:29:15.082 [Test worker] DEBUG org.springframework.context.annotation.ClassPathScanningCandidateComponentProvider - Identified candidate component class: file [/media/debashishc/T7/work/arangodb/build/classes/java/test/com/talentica/arangodb/entity/Book.class]
23:29:15.084 [Test worker] DEBUG org.springframework.data.convert.CustomConversions - Adding converter from class java.util.Date to class java.lang.String as writing converter.
23:29:15.084 [Test worker] DEBUG org.springframework.data.convert.CustomConversions - Adding converter from class java.time.Instant to class java.lang.String as writing converter.
23:29:15.084 [Test worker] DEBUG org.springframework.data.convert.CustomConversions - Adding converter from class java.time.LocalDate to class java.lang.String as writing converter.
23:29:15.084 [Test worker] DEBUG org.springframework.data.convert.CustomConversions - Adding converter from class java.time.LocalDateTime to class java.lang.String as writing converter.
23:29:15.084 [Test worker] DEBUG org.springframework.data.convert.CustomConversions - Adding converter from class java.time.OffsetDateTime to class java.lang.String as writing converter.
23:29:15.084 [Test worker] DEBUG org.springframework.data.convert.CustomConversions - Adding converter from class java.time.ZonedDateTime to class java.lang.String as writing converter.
23:29:15.084 [Test worker] DEBUG org.springframework.data.convert.CustomConversions - Adding converter from class java.lang.String to class java.util.Date as reading converter.
23:29:15.084 [Test worker] DEBUG org.springframework.data.convert.CustomConversions - Adding converter from class java.lang.String to class java.time.Instant as reading converter.
23:29:15.084 [Test worker] DEBUG org.springframework.data.convert.CustomConversions - Adding converter from class java.lang.String to class java.time.LocalDate as reading converter.
23:29:15.084 [Test worker] DEBUG org.springframework.data.convert.CustomConversions - Adding converter from class java.lang.String to class java.time.LocalDateTime as reading converter.
23:29:15.084 [Test worker] DEBUG org.springframework.data.convert.CustomConversions - Adding converter from class java.lang.String to class java.time.OffsetDateTime as reading converter.
23:29:15.085 [Test worker] DEBUG org.springframework.data.convert.CustomConversions - Adding converter from class java.lang.String to class java.time.ZonedDateTime as reading converter.
23:29:15.085 [Test worker] DEBUG org.springframework.data.convert.CustomConversions - Adding converter from class java.lang.String to class java.util.UUID as reading converter.
23:29:15.085 [Test worker] DEBUG org.springframework.data.convert.CustomConversions - Adding converter from class java.util.UUID to class java.lang.String as writing converter.
23:29:15.085 [Test worker] DEBUG org.springframework.data.convert.CustomConversions - Adding converter from class java.util.Date to class java.time.LocalDateTime as reading converter.
23:29:15.085 [Test worker] DEBUG org.springframework.data.convert.CustomConversions - Adding converter from class java.time.LocalDateTime to class java.util.Date as writing converter.
23:29:15.085 [Test worker] DEBUG org.springframework.data.convert.CustomConversions - Adding converter from class java.util.Date to class java.time.LocalDate as reading converter.
23:29:15.085 [Test worker] DEBUG org.springframework.data.convert.CustomConversions - Adding converter from class java.time.LocalDate to class java.util.Date as writing converter.
23:29:15.085 [Test worker] DEBUG org.springframework.data.convert.CustomConversions - Adding converter from class java.util.Date to class java.time.LocalTime as reading converter.
23:29:15.085 [Test worker] DEBUG org.springframework.data.convert.CustomConversions - Adding converter from class java.time.LocalTime to class java.util.Date as writing converter.
23:29:15.085 [Test worker] DEBUG org.springframework.data.convert.CustomConversions - Adding converter from class java.util.Date to class java.time.Instant as reading converter.
23:29:15.085 [Test worker] DEBUG org.springframework.data.convert.CustomConversions - Adding converter from class java.time.Instant to class java.util.Date as writing converter.
23:29:15.085 [Test worker] DEBUG org.springframework.data.convert.CustomConversions - Adding converter from class java.time.LocalDateTime to class java.time.Instant as reading converter.
23:29:15.085 [Test worker] DEBUG org.springframework.data.convert.CustomConversions - Adding converter from class java.time.Instant to class java.time.LocalDateTime as reading converter.
23:29:15.085 [Test worker] DEBUG org.springframework.data.convert.CustomConversions - Adding converter from class java.time.ZoneId to class java.lang.String as writing converter.
23:29:15.085 [Test worker] DEBUG org.springframework.data.convert.CustomConversions - Adding converter from class java.lang.String to class java.time.ZoneId as reading converter.
23:29:15.085 [Test worker] DEBUG org.springframework.data.convert.CustomConversions - Adding converter from class java.time.Duration to class java.lang.String as writing converter.
23:29:15.086 [Test worker] DEBUG org.springframework.data.convert.CustomConversions - Adding converter from class java.lang.String to class java.time.Duration as reading converter.
23:29:15.086 [Test worker] DEBUG org.springframework.data.convert.CustomConversions - Adding converter from class java.time.Period to class java.lang.String as writing converter.
23:29:15.086 [Test worker] DEBUG org.springframework.data.convert.CustomConversions - Adding converter from class java.lang.String to class java.time.Period as reading converter.
23:29:15.086 [Test worker] DEBUG org.springframework.data.convert.CustomConversions - Adding converter from class java.lang.String to class java.time.LocalDate as reading converter.
23:29:15.086 [Test worker] DEBUG org.springframework.data.convert.CustomConversions - Adding converter from class java.lang.String to class java.time.LocalDateTime as reading converter.
23:29:15.086 [Test worker] DEBUG org.springframework.data.convert.CustomConversions - Adding converter from class java.lang.String to class java.time.Instant as reading converter.
23:29:15.092 [Test worker] DEBUG org.springframework.data.convert.CustomConversions - Adding converter from class java.util.Date to class java.lang.String as writing converter.
23:29:15.093 [Test worker] DEBUG org.springframework.data.convert.CustomConversions - Adding converter from class java.time.Instant to class java.lang.String as writing converter.
23:29:15.093 [Test worker] DEBUG org.springframework.data.convert.CustomConversions - Adding converter from class java.time.LocalDate to class java.lang.String as writing converter.
23:29:15.093 [Test worker] DEBUG org.springframework.data.convert.CustomConversions - Adding converter from class java.time.LocalDateTime to class java.lang.String as writing converter.
23:29:15.093 [Test worker] DEBUG org.springframework.data.convert.CustomConversions - Adding converter from class java.time.OffsetDateTime to class java.lang.String as writing converter.
23:29:15.093 [Test worker] DEBUG org.springframework.data.convert.CustomConversions - Adding converter from class java.time.ZonedDateTime to class java.lang.String as writing converter.
23:29:15.093 [Test worker] DEBUG org.springframework.data.convert.CustomConversions - Adding converter from class java.lang.String to class java.util.Date as reading converter.
23:29:15.093 [Test worker] DEBUG org.springframework.data.convert.CustomConversions - Adding converter from class java.lang.String to class java.time.Instant as reading converter.
23:29:15.093 [Test worker] DEBUG org.springframework.data.convert.CustomConversions - Adding converter from class java.lang.String to class java.time.LocalDate as reading converter.
23:29:15.093 [Test worker] DEBUG org.springframework.data.convert.CustomConversions - Adding converter from class java.lang.String to class java.time.LocalDateTime as reading converter.
23:29:15.093 [Test worker] DEBUG org.springframework.data.convert.CustomConversions - Adding converter from class java.lang.String to class java.time.OffsetDateTime as reading converter.
23:29:15.093 [Test worker] DEBUG org.springframework.data.convert.CustomConversions - Adding converter from class java.lang.String to class java.time.ZonedDateTime as reading converter.
23:29:15.093 [Test worker] DEBUG org.springframework.data.convert.CustomConversions - Adding converter from class java.lang.String to class java.util.UUID as reading converter.
23:29:15.093 [Test worker] DEBUG org.springframework.data.convert.CustomConversions - Adding converter from class java.util.UUID to class java.lang.String as writing converter.
23:29:15.093 [Test worker] DEBUG org.springframework.data.convert.CustomConversions - Adding converter from class java.util.Date to class java.time.LocalDateTime as reading converter.
23:29:15.093 [Test worker] DEBUG org.springframework.data.convert.CustomConversions - Adding converter from class java.time.LocalDateTime to class java.util.Date as writing converter.
23:29:15.094 [Test worker] DEBUG org.springframework.data.convert.CustomConversions - Adding converter from class java.util.Date to class java.time.LocalDate as reading converter.
23:29:15.094 [Test worker] DEBUG org.springframework.data.convert.CustomConversions - Adding converter from class java.time.LocalDate to class java.util.Date as writing converter.
23:29:15.094 [Test worker] DEBUG org.springframework.data.convert.CustomConversions - Adding converter from class java.util.Date to class java.time.LocalTime as reading converter.
23:29:15.094 [Test worker] DEBUG org.springframework.data.convert.CustomConversions - Adding converter from class java.time.LocalTime to class java.util.Date as writing converter.
23:29:15.094 [Test worker] DEBUG org.springframework.data.convert.CustomConversions - Adding converter from class java.util.Date to class java.time.Instant as reading converter.
23:29:15.095 [Test worker] DEBUG org.springframework.data.convert.CustomConversions - Adding converter from class java.time.Instant to class java.util.Date as writing converter.
23:29:15.095 [Test worker] DEBUG org.springframework.data.convert.CustomConversions - Adding converter from class java.time.LocalDateTime to class java.time.Instant as reading converter.
23:29:15.095 [Test worker] DEBUG org.springframework.data.convert.CustomConversions - Adding converter from class java.time.Instant to class java.time.LocalDateTime as reading converter.
23:29:15.095 [Test worker] DEBUG org.springframework.data.convert.CustomConversions - Adding converter from class java.time.ZoneId to class java.lang.String as writing converter.
23:29:15.095 [Test worker] DEBUG org.springframework.data.convert.CustomConversions - Adding converter from class java.lang.String to class java.time.ZoneId as reading converter.
23:29:15.095 [Test worker] DEBUG org.springframework.data.convert.CustomConversions - Adding converter from class java.time.Duration to class java.lang.String as writing converter.
23:29:15.095 [Test worker] DEBUG org.springframework.data.convert.CustomConversions - Adding converter from class java.lang.String to class java.time.Duration as reading converter.
23:29:15.095 [Test worker] DEBUG org.springframework.data.convert.CustomConversions - Adding converter from class java.time.Period to class java.lang.String as writing converter.
23:29:15.095 [Test worker] DEBUG org.springframework.data.convert.CustomConversions - Adding converter from class java.lang.String to class java.time.Period as reading converter.
23:29:15.095 [Test worker] DEBUG org.springframework.data.convert.CustomConversions - Adding converter from class java.lang.String to class java.time.LocalDate as reading converter.
23:29:15.095 [Test worker] DEBUG org.springframework.data.convert.CustomConversions - Adding converter from class java.lang.String to class java.time.LocalDateTime as reading converter.
23:29:15.095 [Test worker] DEBUG org.springframework.data.convert.CustomConversions - Adding converter from class java.lang.String to class java.time.Instant as reading converter.
23:29:15.100 [Test worker] DEBUG org.springframework.beans.factory.support.DefaultListableBeanFactory - Creating shared instance of singleton bean 'arangoTransactionalRepositoryImplFragment'
23:29:15.100 [Test worker] DEBUG org.springframework.beans.factory.support.DefaultListableBeanFactory - Creating shared instance of singleton bean 'arangoTransactionalRepositoryImpl'
23:29:15.101 [Test worker] DEBUG org.springframework.beans.factory.support.DefaultListableBeanFactory - Creating shared instance of singleton bean 'getTransactionManager'
23:29:15.101 [Test worker] DEBUG org.springframework.beans.factory.support.DefaultListableBeanFactory - Autowiring by type from bean name 'getTransactionManager' via factory method to bean named 'arangoTemplate'
23:29:15.101 [Test worker] DEBUG org.springframework.beans.factory.support.DefaultListableBeanFactory - Autowiring by type from bean name 'getTransactionManager' via factory method to bean named 'arangoConverter'
23:29:15.101 [Test worker] DEBUG org.springframework.beans.factory.support.DefaultListableBeanFactory - Autowiring by type from bean name 'getTransactionManager' via factory method to bean named 'arangoDBConfiguration'
23:29:15.102 [Test worker] DEBUG org.springframework.beans.factory.support.DefaultListableBeanFactory - Autowiring by type from bean name 'arangoTransactionalRepositoryImpl' via constructor to bean named 'getTransactionManager'
23:29:15.103 [Test worker] DEBUG org.springframework.data.repository.core.support.RepositoryFactorySupport - Initializing repository instance for com.talentica.arangodb.repository.BookRepository…
23:29:15.106 [Test worker] DEBUG org.springframework.data.repository.core.support.RepositoryFactorySupport - Finished creation of repository instance for {}.
23:29:15.108 [Test worker] DEBUG com.arangodb.internal.velocystream.internal.VstConnection - Connection connection_1609955955108_0.6793142803594492 created
23:29:15.108 [Test worker] DEBUG com.arangodb.internal.net.ConnectionPoolImpl - Return Connection connection_1609955955108_0.6793142803594492
23:29:15.108 [Test worker] DEBUG com.arangodb.internal.velocystream.internal.VstConnection - Open connection to host[addr=localhost,port=8529]
23:29:15.109 [Test worker] DEBUG com.arangodb.internal.velocystream.internal.VstConnection - Connected to Socket[addr=localhost/127.0.0.1,port=8529,localport=52142]
23:29:15.109 [Test worker] DEBUG com.arangodb.internal.velocystream.internal.VstConnection - Send velocystream protocol header to Socket[addr=localhost/127.0.0.1,port=8529,localport=52142]
23:29:15.109 [pool-4-thread-1] DEBUG com.arangodb.internal.velocystream.internal.VstConnection - Start Callable for connection_1609955955108_0.6793142803594492
23:29:15.109 [Test worker] DEBUG com.arangodb.internal.velocystream.VstCommunicationSync - Send Message (id=29, head=[1,1000,"plain","root","password"], body={})
23:29:15.110 [Test worker] DEBUG com.arangodb.internal.velocystream.internal.VstConnection - Send chunk 1:1 from message 29
23:29:15.110 [pool-4-thread-1] DEBUG com.arangodb.internal.velocystream.internal.VstConnection - Received chunk 1:1 from message 29
23:29:15.110 [pool-4-thread-1] DEBUG com.arangodb.internal.velocystream.internal.VstConnection - Responsetime for Message 29 is 0
23:29:15.110 [pool-4-thread-1] DEBUG com.arangodb.internal.velocystream.internal.MessageStore - Received Message (id=29, head=[1,2,200,{}], body={"error":false,"errorNum":0,"code":200})
23:29:15.110 [Test worker] DEBUG com.arangodb.internal.net.HostSet - Added Host HostImpl [connectionPool=ConnectionPoolImpl [host=host[addr=localhost,port=8529], maxConnections=1, connections=1, current=1, factory=VstConnectionFactorySync], description=host[addr=localhost,port=8529], markforDeletion=false] - now 1 Hosts in List
23:29:15.111 [Test worker] DEBUG com.arangodb.internal.velocystream.VstCommunicationSync - Send Message (id=30, head=[1,1,"_system",1,"/_api/collection/Books",{},{"content-type":"application/x-velocypack","accept":"application/x-velocypack"}], body={})
23:29:15.111 [Test worker] DEBUG com.arangodb.internal.velocystream.internal.VstConnection - Send chunk 1:1 from message 30
23:29:15.111 [pool-4-thread-1] DEBUG com.arangodb.internal.velocystream.internal.VstConnection - Received chunk 1:1 from message 30
23:29:15.111 [pool-4-thread-1] DEBUG com.arangodb.internal.velocystream.internal.VstConnection - Responsetime for Message 30 is 0
23:29:15.111 [pool-4-thread-1] DEBUG com.arangodb.internal.velocystream.internal.MessageStore - Received Message (id=30, head=[1,2,200,{}], body={"error":false,"code":200,"type":2,"isSystem":false,"id":"2843677","globallyUniqueId":"h371E083F0103/2843677","name":"Books","status":3})
23:29:15.112 [Test worker] DEBUG com.arangodb.internal.net.ConnectionPoolImpl - Return Connection connection_1609955955108_0.6793142803594492
23:29:15.112 [Test worker] DEBUG com.arangodb.internal.velocystream.VstCommunicationSync - Send Message (id=31, head=[1,1,"test",1,"/_api/database/current",{},{"content-type":"application/x-velocypack","accept":"application/x-velocypack"}], body={})
23:29:15.112 [Test worker] DEBUG com.arangodb.internal.velocystream.internal.VstConnection - Send chunk 1:1 from message 31
23:29:15.112 [pool-4-thread-1] DEBUG com.arangodb.internal.velocystream.internal.VstConnection - Received chunk 1:1 from message 31
23:29:15.112 [pool-4-thread-1] DEBUG com.arangodb.internal.velocystream.internal.VstConnection - Responsetime for Message 31 is 0
23:29:15.112 [pool-4-thread-1] DEBUG com.arangodb.internal.velocystream.internal.MessageStore - Received Message (id=31, head=[1,2,200,{}], body={"error":false,"code":200,"result":{"id":"2846231","name":"test","isSystem":false,"path":"none"}})
23:29:15.113 [Test worker] DEBUG com.arangodb.internal.net.ConnectionPoolImpl - Return Connection connection_1609955955108_0.6793142803594492
23:29:15.113 [Test worker] DEBUG com.arangodb.internal.velocystream.VstCommunicationSync - Send Message (id=32, head=[1,1,"test",1,"/_api/collection/Books",{},{"content-type":"application/x-velocypack","accept":"application/x-velocypack"}], body={})
23:29:15.113 [Test worker] DEBUG com.arangodb.internal.velocystream.internal.VstConnection - Send chunk 1:1 from message 32
23:29:15.113 [pool-4-thread-1] DEBUG com.arangodb.internal.velocystream.internal.VstConnection - Received chunk 1:1 from message 32
23:29:15.113 [pool-4-thread-1] DEBUG com.arangodb.internal.velocystream.internal.VstConnection - Responsetime for Message 32 is 0
23:29:15.113 [pool-4-thread-1] DEBUG com.arangodb.internal.velocystream.internal.MessageStore - Received Message (id=32, head=[1,2,200,{}], body={"error":false,"code":200,"type":2,"isSystem":false,"id":"3668205","globallyUniqueId":"h371E083F0103/3668205","name":"Books","status":3})
23:29:15.115 [Test worker] DEBUG com.arangodb.internal.net.ConnectionPoolImpl - Return Connection connection_1609955955108_0.6793142803594492
23:29:15.115 [Test worker] DEBUG com.arangodb.internal.velocystream.VstCommunicationSync - Send Message (id=33, head=[1,1,"test",2,"/_api/index",{"collection":"Books"},{"content-type":"application/x-velocypack","accept":"application/x-velocypack"}], body={"fields":["uuid"],"sparse":false,"type":"persistent","unique":true})
23:29:15.115 [Test worker] DEBUG com.arangodb.internal.velocystream.internal.VstConnection - Send chunk 1:1 from message 33
23:29:15.115 [pool-4-thread-1] DEBUG com.arangodb.internal.velocystream.internal.VstConnection - Received chunk 1:1 from message 33
23:29:15.115 [pool-4-thread-1] DEBUG com.arangodb.internal.velocystream.internal.VstConnection - Responsetime for Message 33 is 0
23:29:15.116 [pool-4-thread-1] DEBUG com.arangodb.internal.velocystream.internal.MessageStore - Received Message (id=33, head=[1,2,200,{}], body={"deduplicate":true,"fields":["uuid"],"id":"Books/3668210","isNewlyCreated":false,"name":"idx_1687950692959911936","selectivityEstimate":1.0,"sparse":false,"type":"persistent","unique":true,"error":false,"code":200})
23:29:15.126 [Test worker] DEBUG com.arangodb.internal.net.ConnectionPoolImpl - Return Connection connection_1609955955108_0.6793142803594492
23:29:15.126 [Test worker] DEBUG com.arangodb.internal.velocystream.VstCommunicationSync - Send Message (id=34, head=[1,1,"test",2,"/_api/transaction",{},{"content-type":"application/x-velocypack","accept":"application/x-velocypack"}], body={"action":"function(){\n var result = [];db = require(\"@arangodb\").db; \nresult[0]=db._query(\"LET doc = {\\\"uuid\\\":\\\"e86d68eb-7ea6-49bc-bc24-34454a7bb985\\\",\\\"title\\\":\\\"Little Wizard Stories of Oz\\\",\\\"subjects\\\":[\\\"Short stories\\\",\\\"Oz (Imaginary place) -- Juvenile fiction\\\",\\\"Children's stories, American\\\",\\\"Fantasy literature\\\",\\\"PZ\\\"],\\\"bookshelves\\\":[\\\"Children's Literature\\\"],\\\"formats\\\":[{\\\"url\\\":\\\"https:\\/\\/www.gutenberg.org\\/ebooks\\/25519.txt.utf-8\\\",\\\"format\\\":\\\"text\\/plain\\\",\\\"extent\\\":82387,\\\"modified\\\":\\\"2020-11-12T22:37:19.000Z\\\"},{\\\"url\\\":\\\"https:\\/\\/www.gutenberg.org\\/cache\\/epub\\/25519\\/pg25519.cover.medium.jpg\\\",\\\"format\\\":\\\"image\\/jpeg\\\",\\\"extent\\\":28541,\\\"modified\\\":\\\"2020-11-12T22:37:23.000Z\\\"},{\\\"url\\\":\\\"https:\\/\\/www.gutenberg.org\\/files\\/25519\\/25519-h\\/25519-h.htm\\\",\\\"format\\\":\\\"text\\/html; charset=iso-8859-1\\\",\\\"extent\\\":96891,\\\"modified\\\":\\\"2008-05-19T07:06:47.000Z\\\"},{\\\"url\\\":\\\"https:\\/\\/www.gutenberg.org\\/ebooks\\/25519.rdf\\\",\\\"format\\\":\\\"application\\/rdf+xml\\\",\\\"extent\\\":15353,\\\"modified\\\":\\\"2020-12-09T23:52:50.000Z\\\"},{\\\"url\\\":\\\"https:\\/\\/www.gutenberg.org\\/files\\/25519\\/25519.zip\\\",\\\"format\\\":\\\"application\\/zip\\\",\\\"extent\\\":31335,\\\"modified\\\":\\\"2008-05-19T06:53:53.000Z\\\"},{\\\"url\\\":\\\"https:\\/\\/www.gutenberg.org\\/files\\/25519\\/25519-h.zip\\\",\\\"format\\\":\\\"text\\/html; charset=iso-8859-1\\\",\\\"extent\\\":2432399,\\\"modified\\\":\\\"2008-05-19T07:10:43.000Z\\\"},{\\\"url\\\":\\\"https:\\/\\/www.gutenberg.org\\/ebooks\\/25519.epub.images\\\",\\\"format\\\":\\\"application\\/epub+zip\\\",\\\"extent\\\":2375216,\\\"modified\\\":\\\"2020-11-12T22:37:21.000Z\\\"},{\\\"url\\\":\\\"https:\\/\\/www.gutenberg.org\\/ebooks\\/25519.kindle.images\\\",\\\"format\\\":\\\"application\\/x-mobipocket-ebook\\\",\\\"extent\\\":4826772,\\\"modified\\\":\\\"2020-11-12T22:37:23.000Z\\\"},{\\\"url\\\":\\\"https:\\/\\/www.gutenberg.org\\/ebooks\\/25519.kindle.noimages\\\",\\\"format\\\":\\\"application\\/x-mobipocket-ebook\\\",\\\"extent\\\":294097,\\\"modified\\\":\\\"2020-11-12T22:37:23.000Z\\\"},{\\\"url\\\":\\\"https:\\/\\/www.gutenberg.org\\/cache\\/epub\\/25519\\/pg25519.cover.small.jpg\\\",\\\"format\\\":\\\"image\\/jpeg\\\",\\\"extent\\\":4408,\\\"modified\\\":\\\"2020-11-12T22:37:23.000Z\\\"},{\\\"url\\\":\\\"https:\\/\\/www.gutenberg.org\\/ebooks\\/25519.epub.noimages\\\",\\\"format\\\":\\\"application\\/epub+zip\\\",\\\"extent\\\":89149,\\\"modified\\\":\\\"2020-11-12T22:37:21.000Z\\\"},{\\\"url\\\":\\\"https:\\/\\/www.gutenberg.org\\/files\\/25519\\/25519.txt\\\",\\\"format\\\":\\\"text\\/plain; charset=us-ascii\\\",\\\"extent\\\":82386,\\\"modified\\\":\\\"2008-05-19T06:53:53.000Z\\\"}],\\\"creators\\\":[{\\\"name\\\":\\\"Baum, L. Frank (Lyman Frank)\\\",\\\"birthDate\\\":1856,\\\"deathDate\\\":1919,\\\"alias\\\":\\\"Metcalf, Suzanne\\\",\\\"webpage\\\":\\\"https:\\/\\/en.wikipedia.org\\/wiki\\/L._Frank_Baum\\\"}],\\\"downloads\\\":133,\\\"_class\\\":\\\"com.talentica.arangodb.entity.Book\\\"} UPSERT { _key: doc._key } INSERT doc._key == null ? UNSET(doc, \\\"_key\\\") : doc REPLACE doc IN Books OPTIONS { ignoreRevs: false } RETURN NEW\")['_documents'][0];\nreturn result; \n }","collections":{"write":["Books"]},"waitForSync":true})
23:29:15.126 [Test worker] DEBUG com.arangodb.internal.velocystream.internal.VstConnection - Send chunk 1:1 from message 34
23:29:15.132 [pool-4-thread-1] DEBUG com.arangodb.internal.velocystream.internal.VstConnection - Received chunk 1:1 from message 34
23:29:15.132 [pool-4-thread-1] DEBUG com.arangodb.internal.velocystream.internal.VstConnection - Responsetime for Message 34 is 6
23:29:15.132 [pool-4-thread-1] DEBUG com.arangodb.internal.velocystream.internal.MessageStore - Received Message (id=34, head=[1,2,200,{}], body={"error":false,"code":200,"result":[{"_key":"3792224","_id":"Books/3792224","_rev":"_brhYSZe---","_class":"com.talentica.arangodb.entity.Book","bookshelves":["Children's Literature"],"creators":[{"name":"Baum, L. Frank (Lyman Frank)","birthDate":1856,"deathDate":1919,"alias":"Metcalf, Suzanne","webpage":"https://en.wikipedia.org/wiki/L._Frank_Baum"}],"downloads":133,"formats":[{"url":"https://www.gutenberg.org/ebooks/25519.txt.utf-8","format":"text/plain","extent":82387,"modified":"2020-11-12T22:37:19.000Z"},{"url":"https://www.gutenberg.org/cache/epub/25519/pg25519.cover.medium.jpg","format":"image/jpeg","extent":28541,"modified":"2020-11-12T22:37:23.000Z"},{"url":"https://www.gutenberg.org/files/25519/25519-h/25519-h.htm","format":"text/html; charset=iso-8859-1","extent":96891,"modified":"2008-05-19T07:06:47.000Z"},{"url":"https://www.gutenberg.org/ebooks/25519.rdf","format":"application/rdf+xml","extent":15353,"modified":"2020-12-09T23:52:50.000Z"},{"url":"https://www.gutenberg.org/files/25519/25519.zip","format":"application/zip","extent":31335,"modified":"2008-05-19T06:53:53.000Z"},{"url":"https://www.gutenberg.org/files/25519/25519-h.zip","format":"text/html; charset=iso-8859-1","extent":2432399,"modified":"2008-05-19T07:10:43.000Z"},{"url":"https://www.gutenberg.org/ebooks/25519.epub.images","format":"application/epub+zip","extent":2375216,"modified":"2020-11-12T22:37:21.000Z"},{"url":"https://www.gutenberg.org/ebooks/25519.kindle.images","format":"application/x-mobipocket-ebook","extent":4826772,"modified":"2020-11-12T22:37:23.000Z"},{"url":"https://www.gutenberg.org/ebooks/25519.kindle.noimages","format":"application/x-mobipocket-ebook","extent":294097,"modified":"2020-11-12T22:37:23.000Z"},{"url":"https://www.gutenberg.org/cache/epub/25519/pg25519.cover.small.jpg","format":"image/jpeg","extent":4408,"modified":"2020-11-12T22:37:23.000Z"},{"url":"https://www.gutenberg.org/ebooks/25519.epub.noimages","format":"application/epub+zip","extent":89149,"modified":"2020-11-12T22:37:21.000Z"},{"url":"https://www.gutenberg.org/files/25519/25519.txt","format":"text/plain; charset=us-ascii","extent":82386,"modified":"2008-05-19T06:53:53.000Z"}],"subjects":["Short stories","Oz (Imaginary place) -- Juvenile fiction","Children's stories, American","Fantasy literature","PZ"],"title":"Little Wizard Stories of Oz","uuid":"e86d68eb-7ea6-49bc-bc24-34454a7bb985"}]})
23:29:15.138 [Test worker] DEBUG com.arangodb.internal.net.ConnectionPoolImpl - Return Connection connection_1609955955108_0.6793142803594492
23:29:15.139 [Test worker] DEBUG com.arangodb.internal.velocystream.VstCommunicationSync - Send Message (id=35, head=[1,1,"test",2,"/_api/cursor",{},{"content-type":"application/x-velocypack","accept":"application/x-velocypack"}], body={"bindVars":{"doc":{"_key":"3792224","uuid":"047f6cae-f4f1-48c4-8e6a-51bdc4e6b62f","title":"Little Wizard Stories of Oz","subjects":["Short stories","Oz (Imaginary place) -- Juvenile fiction","Children's stories, American","Fantasy literature","PZ"],"bookshelves":["Children's Literature"],"formats":[{"url":"https://www.gutenberg.org/ebooks/25519.txt.utf-8","format":"text/plain","extent":82387,"modified":"2020-11-12T22:37:19.000Z"},{"url":"https://www.gutenberg.org/cache/epub/25519/pg25519.cover.medium.jpg","format":"image/jpeg","extent":28541,"modified":"2020-11-12T22:37:23.000Z"},{"url":"https://www.gutenberg.org/files/25519/25519-h/25519-h.htm","format":"text/html; charset=iso-8859-1","extent":96891,"modified":"2008-05-19T07:06:47.000Z"},{"url":"https://www.gutenberg.org/ebooks/25519.rdf","format":"application/rdf+xml","extent":15353,"modified":"2020-12-09T23:52:50.000Z"},{"url":"https://www.gutenberg.org/files/25519/25519.zip","format":"application/zip","extent":31335,"modified":"2008-05-19T06:53:53.000Z"},{"url":"https://www.gutenberg.org/files/25519/25519-h.zip","format":"text/html; charset=iso-8859-1","extent":2432399,"modified":"2008-05-19T07:10:43.000Z"},{"url":"https://www.gutenberg.org/ebooks/25519.epub.images","format":"application/epub+zip","extent":2375216,"modified":"2020-11-12T22:37:21.000Z"},{"url":"https://www.gutenberg.org/ebooks/25519.kindle.images","format":"application/x-mobipocket-ebook","extent":4826772,"modified":"2020-11-12T22:37:23.000Z"},{"url":"https://www.gutenberg.org/ebooks/25519.kindle.noimages","format":"application/x-mobipocket-ebook","extent":294097,"modified":"2020-11-12T22:37:23.000Z"},{"url":"https://www.gutenberg.org/cache/epub/25519/pg25519.cover.small.jpg","format":"image/jpeg","extent":4408,"modified":"2020-11-12T22:37:23.000Z"},{"url":"https://www.gutenberg.org/ebooks/25519.epub.noimages","format":"application/epub+zip","extent":89149,"modified":"2020-11-12T22:37:21.000Z"},{"url":"https://www.gutenberg.org/files/25519/25519.txt","format":"text/plain; charset=us-ascii","extent":82386,"modified":"2008-05-19T06:53:53.000Z"}],"creators":[{"name":"Baum, L. Frank (Lyman Frank)","birthDate":1856,"deathDate":1919,"alias":"Metcalf, Suzanne","webpage":"https://en.wikipedia.org/wiki/L._Frank_Baum"}],"downloads":1000,"_rev":"_brhYSZe---","_class":"com.talentica.arangodb.entity.Book"},"@col":"Books"},"query":"LET doc = @doc UPSERT { _key: doc._key } INSERT doc._key == null ? UNSET(doc, \"_key\") : doc REPLACE doc IN @@col OPTIONS { ignoreRevs: false } RETURN NEW"})
23:29:15.139 [Test worker] DEBUG com.arangodb.internal.velocystream.internal.VstConnection - Send chunk 1:1 from message 35
23:29:15.140 [pool-4-thread-1] DEBUG com.arangodb.internal.velocystream.internal.VstConnection - Received chunk 1:1 from message 35
23:29:15.141 [pool-4-thread-1] DEBUG com.arangodb.internal.velocystream.internal.VstConnection - Responsetime for Message 35 is 1
23:29:15.141 [pool-4-thread-1] DEBUG com.arangodb.internal.velocystream.internal.MessageStore - Received Message (id=35, head=[1,2,201,{}], body={"result":[{"_key":"3792224","_id":"Books/3792224","_rev":"_brhYSaO---","_class":"com.talentica.arangodb.entity.Book","bookshelves":["Children's Literature"],"creators":[{"name":"Baum, L. Frank (Lyman Frank)","birthDate":1856,"deathDate":1919,"alias":"Metcalf, Suzanne","webpage":"https://en.wikipedia.org/wiki/L._Frank_Baum"}],"downloads":1000,"formats":[{"url":"https://www.gutenberg.org/ebooks/25519.txt.utf-8","format":"text/plain","extent":82387,"modified":"2020-11-12T22:37:19.000Z"},{"url":"https://www.gutenberg.org/cache/epub/25519/pg25519.cover.medium.jpg","format":"image/jpeg","extent":28541,"modified":"2020-11-12T22:37:23.000Z"},{"url":"https://www.gutenberg.org/files/25519/25519-h/25519-h.htm","format":"text/html; charset=iso-8859-1","extent":96891,"modified":"2008-05-19T07:06:47.000Z"},{"url":"https://www.gutenberg.org/ebooks/25519.rdf","format":"application/rdf+xml","extent":15353,"modified":"2020-12-09T23:52:50.000Z"},{"url":"https://www.gutenberg.org/files/25519/25519.zip","format":"application/zip","extent":31335,"modified":"2008-05-19T06:53:53.000Z"},{"url":"https://www.gutenberg.org/files/25519/25519-h.zip","format":"text/html; charset=iso-8859-1","extent":2432399,"modified":"2008-05-19T07:10:43.000Z"},{"url":"https://www.gutenberg.org/ebooks/25519.epub.images","format":"application/epub+zip","extent":2375216,"modified":"2020-11-12T22:37:21.000Z"},{"url":"https://www.gutenberg.org/ebooks/25519.kindle.images","format":"application/x-mobipocket-ebook","extent":4826772,"modified":"2020-11-12T22:37:23.000Z"},{"url":"https://www.gutenberg.org/ebooks/25519.kindle.noimages","format":"application/x-mobipocket-ebook","extent":294097,"modified":"2020-11-12T22:37:23.000Z"},{"url":"https://www.gutenberg.org/cache/epub/25519/pg25519.cover.small.jpg","format":"image/jpeg","extent":4408,"modified":"2020-11-12T22:37:23.000Z"},{"url":"https://www.gutenberg.org/ebooks/25519.epub.noimages","format":"application/epub+zip","extent":89149,"modified":"2020-11-12T22:37:21.000Z"},{"url":"https://www.gutenberg.org/files/25519/25519.txt","format":"text/plain; charset=us-ascii","extent":82386,"modified":"2008-05-19T06:53:53.000Z"}],"subjects":["Short stories","Oz (Imaginary place) -- Juvenile fiction","Children's stories, American","Fantasy literature","PZ"],"title":"Little Wizard Stories of Oz","uuid":"047f6cae-f4f1-48c4-8e6a-51bdc4e6b62f"}],"hasMore":false,"cached":false,"extra":{"stats":{"writesExecuted":1,"writesIgnored":0,"scannedFull":0,"scannedIndex":1,"filtered":0,"httpRequests":0,"executionTime":9.026700281538069E-4,"peakMemoryUsage":88903},"warnings":[]},"error":false,"code":201})
23:29:15.142 [Test worker] DEBUG com.arangodb.internal.ArangoExecutorSync - Response is MetaAware com.arangodb.entity.CursorEntity
23:29:15.144 [Test worker] DEBUG com.arangodb.internal.net.ConnectionPoolImpl - Return Connection connection_1609955955108_0.6793142803594492
23:29:15.145 [Test worker] DEBUG com.arangodb.internal.velocystream.VstCommunicationSync - Send Message (id=36, head=[1,1,"test",2,"/_api/transaction",{},{"content-type":"application/x-velocypack","accept":"application/x-velocypack"}], body={"action":"function(){\n var result = [];db = require(\"@arangodb\").db; \nreturn result; \n }","collections":{"write":[]},"waitForSync":true})
23:29:15.145 [Test worker] DEBUG com.arangodb.internal.velocystream.internal.VstConnection - Send chunk 1:1 from message 36
23:29:15.145 [pool-4-thread-1] DEBUG com.arangodb.internal.velocystream.internal.VstConnection - Received chunk 1:1 from message 36
23:29:15.145 [pool-4-thread-1] DEBUG com.arangodb.internal.velocystream.internal.VstConnection - Responsetime for Message 36 is 0
23:29:15.145 [pool-4-thread-1] DEBUG com.arangodb.internal.velocystream.internal.MessageStore - Received Message (id=36, head=[1,2,200,{}], body={"error":false,"code":200,"result":[]})
]]></system-out>
  <system-err><![CDATA[]]></system-err>
</testsuite>
