<?xml version="1.0" encoding="UTF-8"?>
<testsuite name="com.talentica.arangodb.TransactionManagerTest" tests="4" skipped="0" failures="0" errors="0" timestamp="2021-01-04T14:25:17" hostname="DebashishC-ublp" time="1.47">
  <properties/>
  <testcase name="testTransactionSuccess()" classname="com.talentica.arangodb.TransactionManagerTest" time="1.029"/>
  <testcase name="testTransactionFailure()" classname="com.talentica.arangodb.TransactionManagerTest" time="0.176"/>
  <testcase name="testOptimisticLocking()" classname="com.talentica.arangodb.TransactionManagerTest" time="0.156"/>
  <testcase name="testOptimisticLockingSuccess()" classname="com.talentica.arangodb.TransactionManagerTest" time="0.107"/>
  <system-out><![CDATA[19:55:17.322 [Test worker] DEBUG org.springframework.context.annotation.AnnotationConfigApplicationContext - Refreshing org.springframework.context.annotation.AnnotationConfigApplicationContext@3cd24ced
19:55:17.334 [Test worker] DEBUG org.springframework.beans.factory.support.DefaultListableBeanFactory - Creating shared instance of singleton bean 'org.springframework.context.annotation.internalConfigurationAnnotationProcessor'
19:55:17.385 [Test worker] DEBUG org.springframework.context.annotation.ClassPathBeanDefinitionScanner - Identified candidate component class: file [/media/debashishc/T7/work/arangodb/build/classes/java/test/com/talentica/arangodb/ArangoDBConfiguration.class]
19:55:17.393 [Test worker] DEBUG org.springframework.context.annotation.ClassPathBeanDefinitionScanner - Ignored because not a concrete top-level class: file [/media/debashishc/T7/work/arangodb/build/classes/java/test/com/talentica/arangodb/repository/BookRepository.class]
19:55:17.395 [Test worker] DEBUG org.springframework.context.annotation.ClassPathBeanDefinitionScanner - Identified candidate component class: file [/media/debashishc/T7/work/arangodb/build/classes/java/test/com/talentica/arangodb/service/BookLoaderService.class]
19:55:17.434 [Test worker] INFO org.springframework.data.repository.config.RepositoryConfigurationDelegate - Bootstrapping Spring Data ArangoDB repositories in DEFAULT mode.
19:55:17.439 [Test worker] DEBUG org.springframework.data.repository.config.RepositoryConfigurationDelegate - Scanning for ArangoDB repositories in packages com.talentica.arangodb.repository.
19:55:17.444 [Test worker] DEBUG org.springframework.data.repository.config.RepositoryComponentProvider - Identified candidate component class: file [/media/debashishc/T7/work/arangodb/build/classes/java/test/com/talentica/arangodb/repository/BookRepository.class]
19:55:17.467 [Test worker] DEBUG org.springframework.context.annotation.ClassPathScanningCandidateComponentProvider - Identified candidate component class: file [/media/debashishc/T7/work/arangodb/build/classes/java/main/com/talentica/arangodb/repository/ArangoTransactionalRepositoryImpl.class]
19:55:17.475 [Test worker] DEBUG org.springframework.data.repository.config.RepositoryBeanDefinitionBuilder - Registering repository fragment implementation: arangoTransactionalRepositoryImpl com.talentica.arangodb.repository.ArangoTransactionalRepositoryImpl
19:55:17.475 [Test worker] DEBUG org.springframework.data.repository.config.RepositoryBeanDefinitionBuilder - Registering repository fragment: arangoTransactionalRepositoryImplFragment
19:55:17.478 [Test worker] INFO org.springframework.data.repository.config.RepositoryConfigurationDelegate - Finished Spring Data repository scanning in 39ms. Found 1 ArangoDB repository interfaces.
19:55:17.540 [Test worker] DEBUG org.springframework.beans.factory.support.DefaultListableBeanFactory - Creating shared instance of singleton bean 'org.springframework.context.event.internalEventListenerProcessor'
19:55:17.541 [Test worker] DEBUG org.springframework.beans.factory.support.DefaultListableBeanFactory - Creating shared instance of singleton bean 'org.springframework.context.event.internalEventListenerFactory'
19:55:17.541 [Test worker] DEBUG org.springframework.beans.factory.support.DefaultListableBeanFactory - Creating shared instance of singleton bean 'org.springframework.transaction.config.internalTransactionalEventListenerFactory'
19:55:17.544 [Test worker] DEBUG org.springframework.beans.factory.support.DefaultListableBeanFactory - Creating shared instance of singleton bean 'org.springframework.context.annotation.internalAutowiredAnnotationProcessor'
19:55:17.545 [Test worker] DEBUG org.springframework.beans.factory.support.DefaultListableBeanFactory - Creating shared instance of singleton bean 'org.springframework.context.annotation.internalCommonAnnotationProcessor'
19:55:17.547 [Test worker] DEBUG org.springframework.beans.factory.support.DefaultListableBeanFactory - Creating shared instance of singleton bean 'org.springframework.aop.config.internalAutoProxyCreator'
19:55:17.588 [Test worker] DEBUG org.springframework.beans.factory.support.DefaultListableBeanFactory - Creating shared instance of singleton bean 'springDataTestApplication'
19:55:17.589 [Test worker] DEBUG org.springframework.beans.factory.support.DefaultListableBeanFactory - Creating shared instance of singleton bean 'org.springframework.transaction.config.internalTransactionAdvisor'
19:55:17.589 [Test worker] DEBUG org.springframework.beans.factory.support.DefaultListableBeanFactory - Creating shared instance of singleton bean 'org.springframework.transaction.annotation.ProxyTransactionManagementConfiguration'
19:55:17.608 [Test worker] DEBUG org.springframework.beans.factory.support.DefaultListableBeanFactory - Creating shared instance of singleton bean 'transactionAttributeSource'
19:55:17.612 [Test worker] DEBUG org.springframework.beans.factory.support.DefaultListableBeanFactory - Creating shared instance of singleton bean 'transactionInterceptor'
19:55:17.612 [Test worker] DEBUG org.springframework.beans.factory.support.DefaultListableBeanFactory - Autowiring by type from bean name 'transactionInterceptor' via factory method to bean named 'transactionAttributeSource'
19:55:17.616 [Test worker] DEBUG org.springframework.beans.factory.support.DefaultListableBeanFactory - Autowiring by type from bean name 'org.springframework.transaction.config.internalTransactionAdvisor' via factory method to bean named 'transactionAttributeSource'
19:55:17.616 [Test worker] DEBUG org.springframework.beans.factory.support.DefaultListableBeanFactory - Autowiring by type from bean name 'org.springframework.transaction.config.internalTransactionAdvisor' via factory method to bean named 'transactionInterceptor'
19:55:17.620 [Test worker] DEBUG org.springframework.beans.factory.support.DefaultListableBeanFactory - Creating shared instance of singleton bean 'arangoDBConfiguration'
19:55:17.623 [Test worker] DEBUG org.springframework.beans.factory.support.DefaultListableBeanFactory - Creating shared instance of singleton bean 'bookLoaderService'
19:55:17.625 [Test worker] DEBUG org.springframework.beans.factory.support.DefaultListableBeanFactory - Creating shared instance of singleton bean 'bookRepository'
19:55:17.633 [Test worker] DEBUG org.springframework.beans.factory.support.DefaultListableBeanFactory - Creating shared instance of singleton bean 'arangoTemplate'
19:55:17.679 [Test worker] DEBUG com.arangodb.internal.InternalArangoDBBuilder - Use SimpleHostResolver
19:55:17.680 [Test worker] DEBUG com.arangodb.internal.net.HostSet - Added Host HostImpl [connectionPool=ConnectionPoolImpl [host=host[addr=localhost,port=8529], maxConnections=1, connections=0, current=0, factory=VstConnectionFactorySync], description=host[addr=localhost,port=8529], markforDeletion=false] - now 1 Hosts in List
19:55:17.680 [Test worker] DEBUG com.arangodb.internal.InternalArangoDBBuilder - HostHandler is FallbackHostHandler
19:55:17.681 [Test worker] DEBUG com.arangodb.internal.net.HostSet - Added Host HostImpl [connectionPool=ConnectionPoolImpl [host=host[addr=localhost,port=8529], maxConnections=1, connections=0, current=0, factory=VstConnectionFactorySync], description=host[addr=localhost,port=8529], markforDeletion=false] - now 1 Hosts in List
19:55:17.684 [Test worker] DEBUG com.arangodb.internal.ArangoDBImpl - ArangoDB Client is ready to use
19:55:17.684 [Test worker] DEBUG org.springframework.beans.factory.support.DefaultListableBeanFactory - Creating shared instance of singleton bean 'arangoConverter'
19:55:17.687 [Test worker] DEBUG org.springframework.beans.factory.support.DefaultListableBeanFactory - Creating shared instance of singleton bean 'arangoMappingContext'
19:55:17.698 [Test worker] DEBUG org.springframework.context.annotation.ClassPathScanningCandidateComponentProvider - Identified candidate component class: file [/media/debashishc/T7/work/arangodb/build/classes/java/test/com/talentica/arangodb/entity/Book.class]
19:55:17.716 [Test worker] DEBUG org.springframework.data.convert.CustomConversions - Adding converter from class java.util.Date to class java.lang.String as writing converter.
19:55:17.717 [Test worker] DEBUG org.springframework.data.convert.CustomConversions - Adding converter from class java.time.Instant to class java.lang.String as writing converter.
19:55:17.717 [Test worker] DEBUG org.springframework.data.convert.CustomConversions - Adding converter from class java.time.LocalDate to class java.lang.String as writing converter.
19:55:17.717 [Test worker] DEBUG org.springframework.data.convert.CustomConversions - Adding converter from class java.time.LocalDateTime to class java.lang.String as writing converter.
19:55:17.717 [Test worker] DEBUG org.springframework.data.convert.CustomConversions - Adding converter from class java.time.OffsetDateTime to class java.lang.String as writing converter.
19:55:17.717 [Test worker] DEBUG org.springframework.data.convert.CustomConversions - Adding converter from class java.time.ZonedDateTime to class java.lang.String as writing converter.
19:55:17.718 [Test worker] DEBUG org.springframework.data.convert.CustomConversions - Adding converter from class java.lang.String to class java.util.Date as reading converter.
19:55:17.718 [Test worker] DEBUG org.springframework.data.convert.CustomConversions - Adding converter from class java.lang.String to class java.time.Instant as reading converter.
19:55:17.718 [Test worker] DEBUG org.springframework.data.convert.CustomConversions - Adding converter from class java.lang.String to class java.time.LocalDate as reading converter.
19:55:17.718 [Test worker] DEBUG org.springframework.data.convert.CustomConversions - Adding converter from class java.lang.String to class java.time.LocalDateTime as reading converter.
19:55:17.718 [Test worker] DEBUG org.springframework.data.convert.CustomConversions - Adding converter from class java.lang.String to class java.time.OffsetDateTime as reading converter.
19:55:17.718 [Test worker] DEBUG org.springframework.data.convert.CustomConversions - Adding converter from class java.lang.String to class java.time.ZonedDateTime as reading converter.
19:55:17.718 [Test worker] DEBUG org.springframework.data.convert.CustomConversions - Adding converter from class java.lang.String to class java.util.UUID as reading converter.
19:55:17.719 [Test worker] DEBUG org.springframework.data.convert.CustomConversions - Adding converter from class java.util.UUID to class java.lang.String as writing converter.
19:55:17.719 [Test worker] DEBUG org.springframework.data.convert.CustomConversions - Adding converter from class java.util.Date to class java.time.LocalDateTime as reading converter.
19:55:17.719 [Test worker] DEBUG org.springframework.data.convert.CustomConversions - Adding converter from class java.time.LocalDateTime to class java.util.Date as writing converter.
19:55:17.719 [Test worker] DEBUG org.springframework.data.convert.CustomConversions - Adding converter from class java.util.Date to class java.time.LocalDate as reading converter.
19:55:17.719 [Test worker] DEBUG org.springframework.data.convert.CustomConversions - Adding converter from class java.time.LocalDate to class java.util.Date as writing converter.
19:55:17.720 [Test worker] DEBUG org.springframework.data.convert.CustomConversions - Adding converter from class java.util.Date to class java.time.LocalTime as reading converter.
19:55:17.720 [Test worker] DEBUG org.springframework.data.convert.CustomConversions - Adding converter from class java.time.LocalTime to class java.util.Date as writing converter.
19:55:17.720 [Test worker] DEBUG org.springframework.data.convert.CustomConversions - Adding converter from class java.util.Date to class java.time.Instant as reading converter.
19:55:17.720 [Test worker] DEBUG org.springframework.data.convert.CustomConversions - Adding converter from class java.time.Instant to class java.util.Date as writing converter.
19:55:17.720 [Test worker] DEBUG org.springframework.data.convert.CustomConversions - Adding converter from class java.time.LocalDateTime to class java.time.Instant as reading converter.
19:55:17.721 [Test worker] DEBUG org.springframework.data.convert.CustomConversions - Adding converter from class java.time.Instant to class java.time.LocalDateTime as reading converter.
19:55:17.721 [Test worker] DEBUG org.springframework.data.convert.CustomConversions - Adding converter from class java.time.ZoneId to class java.lang.String as writing converter.
19:55:17.721 [Test worker] DEBUG org.springframework.data.convert.CustomConversions - Adding converter from class java.lang.String to class java.time.ZoneId as reading converter.
19:55:17.721 [Test worker] DEBUG org.springframework.data.convert.CustomConversions - Adding converter from class java.time.Duration to class java.lang.String as writing converter.
19:55:17.721 [Test worker] DEBUG org.springframework.data.convert.CustomConversions - Adding converter from class java.lang.String to class java.time.Duration as reading converter.
19:55:17.721 [Test worker] DEBUG org.springframework.data.convert.CustomConversions - Adding converter from class java.time.Period to class java.lang.String as writing converter.
19:55:17.721 [Test worker] DEBUG org.springframework.data.convert.CustomConversions - Adding converter from class java.lang.String to class java.time.Period as reading converter.
19:55:17.722 [Test worker] DEBUG org.springframework.data.convert.CustomConversions - Adding converter from class java.lang.String to class java.time.LocalDate as reading converter.
19:55:17.722 [Test worker] DEBUG org.springframework.data.convert.CustomConversions - Adding converter from class java.lang.String to class java.time.LocalDateTime as reading converter.
19:55:17.722 [Test worker] DEBUG org.springframework.data.convert.CustomConversions - Adding converter from class java.lang.String to class java.time.Instant as reading converter.
19:55:17.777 [Test worker] DEBUG org.springframework.data.convert.CustomConversions - Adding converter from class java.util.Date to class java.lang.String as writing converter.
19:55:17.777 [Test worker] DEBUG org.springframework.data.convert.CustomConversions - Adding converter from class java.time.Instant to class java.lang.String as writing converter.
19:55:17.778 [Test worker] DEBUG org.springframework.data.convert.CustomConversions - Adding converter from class java.time.LocalDate to class java.lang.String as writing converter.
19:55:17.778 [Test worker] DEBUG org.springframework.data.convert.CustomConversions - Adding converter from class java.time.LocalDateTime to class java.lang.String as writing converter.
19:55:17.778 [Test worker] DEBUG org.springframework.data.convert.CustomConversions - Adding converter from class java.time.OffsetDateTime to class java.lang.String as writing converter.
19:55:17.778 [Test worker] DEBUG org.springframework.data.convert.CustomConversions - Adding converter from class java.time.ZonedDateTime to class java.lang.String as writing converter.
19:55:17.778 [Test worker] DEBUG org.springframework.data.convert.CustomConversions - Adding converter from class java.lang.String to class java.util.Date as reading converter.
19:55:17.778 [Test worker] DEBUG org.springframework.data.convert.CustomConversions - Adding converter from class java.lang.String to class java.time.Instant as reading converter.
19:55:17.779 [Test worker] DEBUG org.springframework.data.convert.CustomConversions - Adding converter from class java.lang.String to class java.time.LocalDate as reading converter.
19:55:17.779 [Test worker] DEBUG org.springframework.data.convert.CustomConversions - Adding converter from class java.lang.String to class java.time.LocalDateTime as reading converter.
19:55:17.779 [Test worker] DEBUG org.springframework.data.convert.CustomConversions - Adding converter from class java.lang.String to class java.time.OffsetDateTime as reading converter.
19:55:17.779 [Test worker] DEBUG org.springframework.data.convert.CustomConversions - Adding converter from class java.lang.String to class java.time.ZonedDateTime as reading converter.
19:55:17.779 [Test worker] DEBUG org.springframework.data.convert.CustomConversions - Adding converter from class java.lang.String to class java.util.UUID as reading converter.
19:55:17.779 [Test worker] DEBUG org.springframework.data.convert.CustomConversions - Adding converter from class java.util.UUID to class java.lang.String as writing converter.
19:55:17.780 [Test worker] DEBUG org.springframework.data.convert.CustomConversions - Adding converter from class java.util.Date to class java.time.LocalDateTime as reading converter.
19:55:17.780 [Test worker] DEBUG org.springframework.data.convert.CustomConversions - Adding converter from class java.time.LocalDateTime to class java.util.Date as writing converter.
19:55:17.780 [Test worker] DEBUG org.springframework.data.convert.CustomConversions - Adding converter from class java.util.Date to class java.time.LocalDate as reading converter.
19:55:17.780 [Test worker] DEBUG org.springframework.data.convert.CustomConversions - Adding converter from class java.time.LocalDate to class java.util.Date as writing converter.
19:55:17.780 [Test worker] DEBUG org.springframework.data.convert.CustomConversions - Adding converter from class java.util.Date to class java.time.LocalTime as reading converter.
19:55:17.781 [Test worker] DEBUG org.springframework.data.convert.CustomConversions - Adding converter from class java.time.LocalTime to class java.util.Date as writing converter.
19:55:17.781 [Test worker] DEBUG org.springframework.data.convert.CustomConversions - Adding converter from class java.util.Date to class java.time.Instant as reading converter.
19:55:17.781 [Test worker] DEBUG org.springframework.data.convert.CustomConversions - Adding converter from class java.time.Instant to class java.util.Date as writing converter.
19:55:17.781 [Test worker] DEBUG org.springframework.data.convert.CustomConversions - Adding converter from class java.time.LocalDateTime to class java.time.Instant as reading converter.
19:55:17.781 [Test worker] DEBUG org.springframework.data.convert.CustomConversions - Adding converter from class java.time.Instant to class java.time.LocalDateTime as reading converter.
19:55:17.781 [Test worker] DEBUG org.springframework.data.convert.CustomConversions - Adding converter from class java.time.ZoneId to class java.lang.String as writing converter.
19:55:17.782 [Test worker] DEBUG org.springframework.data.convert.CustomConversions - Adding converter from class java.lang.String to class java.time.ZoneId as reading converter.
19:55:17.782 [Test worker] DEBUG org.springframework.data.convert.CustomConversions - Adding converter from class java.time.Duration to class java.lang.String as writing converter.
19:55:17.782 [Test worker] DEBUG org.springframework.data.convert.CustomConversions - Adding converter from class java.lang.String to class java.time.Duration as reading converter.
19:55:17.782 [Test worker] DEBUG org.springframework.data.convert.CustomConversions - Adding converter from class java.time.Period to class java.lang.String as writing converter.
19:55:17.782 [Test worker] DEBUG org.springframework.data.convert.CustomConversions - Adding converter from class java.lang.String to class java.time.Period as reading converter.
19:55:17.782 [Test worker] DEBUG org.springframework.data.convert.CustomConversions - Adding converter from class java.lang.String to class java.time.LocalDate as reading converter.
19:55:17.783 [Test worker] DEBUG org.springframework.data.convert.CustomConversions - Adding converter from class java.lang.String to class java.time.LocalDateTime as reading converter.
19:55:17.783 [Test worker] DEBUG org.springframework.data.convert.CustomConversions - Adding converter from class java.lang.String to class java.time.Instant as reading converter.
19:55:17.828 [Test worker] DEBUG org.springframework.beans.factory.support.DefaultListableBeanFactory - Creating shared instance of singleton bean 'arangoTransactionalRepositoryImplFragment'
19:55:17.828 [Test worker] DEBUG org.springframework.beans.factory.support.DefaultListableBeanFactory - Creating shared instance of singleton bean 'arangoTransactionalRepositoryImpl'
19:55:17.829 [Test worker] DEBUG org.springframework.beans.factory.support.DefaultListableBeanFactory - Creating shared instance of singleton bean 'getTransactionManager'
19:55:17.830 [Test worker] DEBUG org.springframework.beans.factory.support.DefaultListableBeanFactory - Autowiring by type from bean name 'getTransactionManager' via factory method to bean named 'arangoTemplate'
19:55:17.830 [Test worker] DEBUG org.springframework.beans.factory.support.DefaultListableBeanFactory - Autowiring by type from bean name 'getTransactionManager' via factory method to bean named 'arangoConverter'
19:55:17.830 [Test worker] DEBUG org.springframework.beans.factory.support.DefaultListableBeanFactory - Autowiring by type from bean name 'getTransactionManager' via factory method to bean named 'arangoDBConfiguration'
19:55:17.832 [Test worker] DEBUG org.springframework.beans.factory.support.DefaultListableBeanFactory - Autowiring by type from bean name 'arangoTransactionalRepositoryImpl' via constructor to bean named 'getTransactionManager'
19:55:17.847 [Test worker] DEBUG org.springframework.data.repository.core.support.RepositoryFactorySupport - Initializing repository instance for com.talentica.arangodb.repository.BookRepository…
19:55:17.894 [Test worker] DEBUG org.springframework.data.repository.core.support.RepositoryFactorySupport - Finished creation of repository instance for com.talentica.arangodb.repository.BookRepository.
19:55:18.008 [Test worker] DEBUG com.arangodb.internal.velocystream.internal.VstConnection - Connection connection_1609770318007_0.7560209520904904 created
19:55:18.008 [Test worker] DEBUG com.arangodb.internal.net.ConnectionPoolImpl - Return Connection connection_1609770318007_0.7560209520904904
19:55:18.009 [Test worker] DEBUG com.arangodb.internal.velocystream.internal.VstConnection - Open connection to host[addr=localhost,port=8529]
19:55:18.013 [Test worker] DEBUG com.arangodb.internal.velocystream.internal.VstConnection - Connected to Socket[addr=localhost/127.0.0.1,port=8529,localport=45800]
19:55:18.013 [Test worker] DEBUG com.arangodb.internal.velocystream.internal.VstConnection - Send velocystream protocol header to Socket[addr=localhost/127.0.0.1,port=8529,localport=45800]
19:55:18.014 [pool-1-thread-1] DEBUG com.arangodb.internal.velocystream.internal.VstConnection - Start Callable for connection_1609770318007_0.7560209520904904
19:55:18.070 [Test worker] DEBUG com.arangodb.internal.velocystream.VstCommunicationSync - Send Message (id=1, head=[1,1000,"plain","root","password"], body={})
19:55:18.071 [Test worker] DEBUG com.arangodb.internal.velocystream.internal.VstConnection - Send chunk 1:1 from message 1
19:55:18.071 [pool-1-thread-1] DEBUG com.arangodb.internal.velocystream.internal.VstConnection - Received chunk 1:1 from message 1
19:55:18.071 [pool-1-thread-1] DEBUG com.arangodb.internal.velocystream.internal.VstConnection - Responsetime for Message 1 is 0
19:55:18.073 [pool-1-thread-1] DEBUG com.arangodb.internal.velocystream.internal.MessageStore - Received Message (id=1, head=[1,2,200,{}], body={"error":false,"errorNum":0,"code":200})
19:55:18.074 [Test worker] DEBUG com.arangodb.internal.net.HostSet - Added Host HostImpl [connectionPool=ConnectionPoolImpl [host=host[addr=localhost,port=8529], maxConnections=1, connections=1, current=1, factory=VstConnectionFactorySync], description=host[addr=localhost,port=8529], markforDeletion=false] - now 1 Hosts in List
19:55:18.075 [Test worker] DEBUG com.arangodb.internal.velocystream.VstCommunicationSync - Send Message (id=2, head=[1,1,"_system",1,"/_api/collection/Books",{},{"content-type":"application/x-velocypack","accept":"application/x-velocypack"}], body={})
19:55:18.075 [Test worker] DEBUG com.arangodb.internal.velocystream.internal.VstConnection - Send chunk 1:1 from message 2
19:55:18.076 [pool-1-thread-1] DEBUG com.arangodb.internal.velocystream.internal.VstConnection - Received chunk 1:1 from message 2
19:55:18.076 [pool-1-thread-1] DEBUG com.arangodb.internal.velocystream.internal.VstConnection - Responsetime for Message 2 is 1
19:55:18.076 [pool-1-thread-1] DEBUG com.arangodb.internal.velocystream.internal.MessageStore - Received Message (id=2, head=[1,2,200,{}], body={"error":false,"code":200,"type":2,"isSystem":false,"id":"2843677","globallyUniqueId":"h371E083F0103/2843677","name":"Books","status":3})
19:55:18.079 [Test worker] DEBUG com.arangodb.internal.net.ConnectionPoolImpl - Return Connection connection_1609770318007_0.7560209520904904
19:55:18.080 [Test worker] DEBUG com.arangodb.internal.velocystream.VstCommunicationSync - Send Message (id=3, head=[1,1,"test",1,"/_api/database/current",{},{"content-type":"application/x-velocypack","accept":"application/x-velocypack"}], body={})
19:55:18.080 [Test worker] DEBUG com.arangodb.internal.velocystream.internal.VstConnection - Send chunk 1:1 from message 3
19:55:18.080 [pool-1-thread-1] DEBUG com.arangodb.internal.velocystream.internal.VstConnection - Received chunk 1:1 from message 3
19:55:18.080 [pool-1-thread-1] DEBUG com.arangodb.internal.velocystream.internal.VstConnection - Responsetime for Message 3 is 0
19:55:18.081 [pool-1-thread-1] DEBUG com.arangodb.internal.velocystream.internal.MessageStore - Received Message (id=3, head=[1,2,200,{}], body={"error":false,"code":200,"result":{"id":"2846231","name":"test","isSystem":false,"path":"none"}})
19:55:18.082 [Test worker] DEBUG com.arangodb.internal.net.ConnectionPoolImpl - Return Connection connection_1609770318007_0.7560209520904904
19:55:18.082 [Test worker] DEBUG com.arangodb.internal.velocystream.VstCommunicationSync - Send Message (id=4, head=[1,1,"test",1,"/_api/collection/Books",{},{"content-type":"application/x-velocypack","accept":"application/x-velocypack"}], body={})
19:55:18.082 [Test worker] DEBUG com.arangodb.internal.velocystream.internal.VstConnection - Send chunk 1:1 from message 4
19:55:18.083 [pool-1-thread-1] DEBUG com.arangodb.internal.velocystream.internal.VstConnection - Received chunk 1:1 from message 4
19:55:18.083 [pool-1-thread-1] DEBUG com.arangodb.internal.velocystream.internal.VstConnection - Responsetime for Message 4 is 1
19:55:18.084 [pool-1-thread-1] DEBUG com.arangodb.internal.velocystream.internal.MessageStore - Received Message (id=4, head=[1,2,200,{}], body={"error":false,"code":200,"type":2,"isSystem":false,"id":"3668205","globallyUniqueId":"h371E083F0103/3668205","name":"Books","status":3})
19:55:18.094 [Test worker] DEBUG com.arangodb.internal.net.ConnectionPoolImpl - Return Connection connection_1609770318007_0.7560209520904904
19:55:18.095 [Test worker] DEBUG com.arangodb.internal.velocystream.VstCommunicationSync - Send Message (id=5, head=[1,1,"test",2,"/_api/index",{"collection":"Books"},{"content-type":"application/x-velocypack","accept":"application/x-velocypack"}], body={"fields":["uuid"],"sparse":false,"type":"persistent","unique":true})
19:55:18.095 [Test worker] DEBUG com.arangodb.internal.velocystream.internal.VstConnection - Send chunk 1:1 from message 5
19:55:18.096 [pool-1-thread-1] DEBUG com.arangodb.internal.velocystream.internal.VstConnection - Received chunk 1:1 from message 5
19:55:18.096 [pool-1-thread-1] DEBUG com.arangodb.internal.velocystream.internal.VstConnection - Responsetime for Message 5 is 1
19:55:18.097 [pool-1-thread-1] DEBUG com.arangodb.internal.velocystream.internal.MessageStore - Received Message (id=5, head=[1,2,200,{}], body={"deduplicate":true,"fields":["uuid"],"id":"Books/3668210","isNewlyCreated":false,"name":"idx_1687950692959911936","selectivityEstimate":1.0,"sparse":false,"type":"persistent","unique":true,"error":false,"code":200})
19:55:18.148 [Test worker] DEBUG com.arangodb.internal.net.ConnectionPoolImpl - Return Connection connection_1609770318007_0.7560209520904904
19:55:18.149 [Test worker] DEBUG com.arangodb.internal.velocystream.VstCommunicationSync - Send Message (id=6, head=[1,1,"test",2,"/_api/transaction",{},{"content-type":"application/x-velocypack","accept":"application/x-velocypack"}], body={"action":"function(){\n var result = [];db = require(\"@arangodb\").db; \nresult[0]=db._query(\"LET doc = {\\\"uuid\\\":\\\"86cc3100-4a1e-411d-8283-425e62163db6\\\",\\\"title\\\":\\\"Little Wizard Stories of Oz\\\",\\\"subjects\\\":[\\\"Short stories\\\",\\\"Oz (Imaginary place) -- Juvenile fiction\\\",\\\"Children's stories, American\\\",\\\"Fantasy literature\\\",\\\"PZ\\\"],\\\"bookshelves\\\":[\\\"Children's Literature\\\"],\\\"formats\\\":[{\\\"url\\\":\\\"https:\\/\\/www.gutenberg.org\\/ebooks\\/25519.txt.utf-8\\\",\\\"format\\\":\\\"text\\/plain\\\",\\\"extent\\\":82387,\\\"modified\\\":\\\"2020-11-12T22:37:19.000Z\\\"},{\\\"url\\\":\\\"https:\\/\\/www.gutenberg.org\\/cache\\/epub\\/25519\\/pg25519.cover.medium.jpg\\\",\\\"format\\\":\\\"image\\/jpeg\\\",\\\"extent\\\":28541,\\\"modified\\\":\\\"2020-11-12T22:37:23.000Z\\\"},{\\\"url\\\":\\\"https:\\/\\/www.gutenberg.org\\/files\\/25519\\/25519-h\\/25519-h.htm\\\",\\\"format\\\":\\\"text\\/html; charset=iso-8859-1\\\",\\\"extent\\\":96891,\\\"modified\\\":\\\"2008-05-19T07:06:47.000Z\\\"},{\\\"url\\\":\\\"https:\\/\\/www.gutenberg.org\\/ebooks\\/25519.rdf\\\",\\\"format\\\":\\\"application\\/rdf+xml\\\",\\\"extent\\\":15353,\\\"modified\\\":\\\"2020-12-09T23:52:50.000Z\\\"},{\\\"url\\\":\\\"https:\\/\\/www.gutenberg.org\\/files\\/25519\\/25519.zip\\\",\\\"format\\\":\\\"application\\/zip\\\",\\\"extent\\\":31335,\\\"modified\\\":\\\"2008-05-19T06:53:53.000Z\\\"},{\\\"url\\\":\\\"https:\\/\\/www.gutenberg.org\\/files\\/25519\\/25519-h.zip\\\",\\\"format\\\":\\\"text\\/html; charset=iso-8859-1\\\",\\\"extent\\\":2432399,\\\"modified\\\":\\\"2008-05-19T07:10:43.000Z\\\"},{\\\"url\\\":\\\"https:\\/\\/www.gutenberg.org\\/ebooks\\/25519.epub.images\\\",\\\"format\\\":\\\"application\\/epub+zip\\\",\\\"extent\\\":2375216,\\\"modified\\\":\\\"2020-11-12T22:37:21.000Z\\\"},{\\\"url\\\":\\\"https:\\/\\/www.gutenberg.org\\/ebooks\\/25519.kindle.images\\\",\\\"format\\\":\\\"application\\/x-mobipocket-ebook\\\",\\\"extent\\\":4826772,\\\"modified\\\":\\\"2020-11-12T22:37:23.000Z\\\"},{\\\"url\\\":\\\"https:\\/\\/www.gutenberg.org\\/ebooks\\/25519.kindle.noimages\\\",\\\"format\\\":\\\"application\\/x-mobipocket-ebook\\\",\\\"extent\\\":294097,\\\"modified\\\":\\\"2020-11-12T22:37:23.000Z\\\"},{\\\"url\\\":\\\"https:\\/\\/www.gutenberg.org\\/cache\\/epub\\/25519\\/pg25519.cover.small.jpg\\\",\\\"format\\\":\\\"image\\/jpeg\\\",\\\"extent\\\":4408,\\\"modified\\\":\\\"2020-11-12T22:37:23.000Z\\\"},{\\\"url\\\":\\\"https:\\/\\/www.gutenberg.org\\/ebooks\\/25519.epub.noimages\\\",\\\"format\\\":\\\"application\\/epub+zip\\\",\\\"extent\\\":89149,\\\"modified\\\":\\\"2020-11-12T22:37:21.000Z\\\"},{\\\"url\\\":\\\"https:\\/\\/www.gutenberg.org\\/files\\/25519\\/25519.txt\\\",\\\"format\\\":\\\"text\\/plain; charset=us-ascii\\\",\\\"extent\\\":82386,\\\"modified\\\":\\\"2008-05-19T06:53:53.000Z\\\"}],\\\"creators\\\":[{\\\"name\\\":\\\"Baum, L. Frank (Lyman Frank)\\\",\\\"birthDate\\\":1856,\\\"deathDate\\\":1919,\\\"alias\\\":\\\"Metcalf, Suzanne\\\",\\\"webpage\\\":\\\"https:\\/\\/en.wikipedia.org\\/wiki\\/L._Frank_Baum\\\"}],\\\"downloads\\\":133,\\\"_class\\\":\\\"com.talentica.arangodb.entity.Book\\\"} UPSERT { _key: doc._key } INSERT doc._key == null ? UNSET(doc, \\\"_key\\\") : doc REPLACE doc IN Books OPTIONS { ignoreRevs: false } RETURN NEW\")['_documents'][0];\nreturn result; \n }","collections":{"write":["Books"]},"waitForSync":true})
19:55:18.149 [Test worker] DEBUG com.arangodb.internal.velocystream.internal.VstConnection - Send chunk 1:1 from message 6
19:55:18.155 [pool-1-thread-1] DEBUG com.arangodb.internal.velocystream.internal.VstConnection - Received chunk 1:1 from message 6
19:55:18.155 [pool-1-thread-1] DEBUG com.arangodb.internal.velocystream.internal.VstConnection - Responsetime for Message 6 is 6
19:55:18.157 [pool-1-thread-1] DEBUG com.arangodb.internal.velocystream.internal.MessageStore - Received Message (id=6, head=[1,2,200,{}], body={"error":false,"code":200,"result":[{"_key":"3678025","_id":"Books/3678025","_rev":"_bq1HsSW---","_class":"com.talentica.arangodb.entity.Book","bookshelves":["Children's Literature"],"creators":[{"name":"Baum, L. Frank (Lyman Frank)","birthDate":1856,"deathDate":1919,"alias":"Metcalf, Suzanne","webpage":"https://en.wikipedia.org/wiki/L._Frank_Baum"}],"downloads":133,"formats":[{"url":"https://www.gutenberg.org/ebooks/25519.txt.utf-8","format":"text/plain","extent":82387,"modified":"2020-11-12T22:37:19.000Z"},{"url":"https://www.gutenberg.org/cache/epub/25519/pg25519.cover.medium.jpg","format":"image/jpeg","extent":28541,"modified":"2020-11-12T22:37:23.000Z"},{"url":"https://www.gutenberg.org/files/25519/25519-h/25519-h.htm","format":"text/html; charset=iso-8859-1","extent":96891,"modified":"2008-05-19T07:06:47.000Z"},{"url":"https://www.gutenberg.org/ebooks/25519.rdf","format":"application/rdf+xml","extent":15353,"modified":"2020-12-09T23:52:50.000Z"},{"url":"https://www.gutenberg.org/files/25519/25519.zip","format":"application/zip","extent":31335,"modified":"2008-05-19T06:53:53.000Z"},{"url":"https://www.gutenberg.org/files/25519/25519-h.zip","format":"text/html; charset=iso-8859-1","extent":2432399,"modified":"2008-05-19T07:10:43.000Z"},{"url":"https://www.gutenberg.org/ebooks/25519.epub.images","format":"application/epub+zip","extent":2375216,"modified":"2020-11-12T22:37:21.000Z"},{"url":"https://www.gutenberg.org/ebooks/25519.kindle.images","format":"application/x-mobipocket-ebook","extent":4826772,"modified":"2020-11-12T22:37:23.000Z"},{"url":"https://www.gutenberg.org/ebooks/25519.kindle.noimages","format":"application/x-mobipocket-ebook","extent":294097,"modified":"2020-11-12T22:37:23.000Z"},{"url":"https://www.gutenberg.org/cache/epub/25519/pg25519.cover.small.jpg","format":"image/jpeg","extent":4408,"modified":"2020-11-12T22:37:23.000Z"},{"url":"https://www.gutenberg.org/ebooks/25519.epub.noimages","format":"application/epub+zip","extent":89149,"modified":"2020-11-12T22:37:21.000Z"},{"url":"https://www.gutenberg.org/files/25519/25519.txt","format":"text/plain; charset=us-ascii","extent":82386,"modified":"2008-05-19T06:53:53.000Z"}],"subjects":["Short stories","Oz (Imaginary place) -- Juvenile fiction","Children's stories, American","Fantasy literature","PZ"],"title":"Little Wizard Stories of Oz","uuid":"86cc3100-4a1e-411d-8283-425e62163db6"}]})
19:55:18.177 [Test worker] DEBUG com.arangodb.internal.net.ConnectionPoolImpl - Return Connection connection_1609770318007_0.7560209520904904
19:55:18.178 [Test worker] DEBUG com.arangodb.internal.velocystream.VstCommunicationSync - Send Message (id=7, head=[1,1,"test",2,"/_api/cursor",{},{"content-type":"application/x-velocypack","accept":"application/x-velocypack"}], body={"bindVars":{"0":"86cc3100-4a1e-411d-8283-425e62163db6"},"query":"FOR e IN Books FILTER e.uuid == @0  RETURN e"})
19:55:18.178 [Test worker] DEBUG com.arangodb.internal.velocystream.internal.VstConnection - Send chunk 1:1 from message 7
19:55:18.178 [pool-1-thread-1] DEBUG com.arangodb.internal.velocystream.internal.VstConnection - Received chunk 1:1 from message 7
19:55:18.178 [pool-1-thread-1] DEBUG com.arangodb.internal.velocystream.internal.VstConnection - Responsetime for Message 7 is 0
19:55:18.181 [pool-1-thread-1] DEBUG com.arangodb.internal.velocystream.internal.MessageStore - Received Message (id=7, head=[1,2,201,{}], body={"result":[{"_key":"3678025","_id":"Books/3678025","_rev":"_bq1HsSW---","_class":"com.talentica.arangodb.entity.Book","bookshelves":["Children's Literature"],"creators":[{"name":"Baum, L. Frank (Lyman Frank)","birthDate":1856,"deathDate":1919,"alias":"Metcalf, Suzanne","webpage":"https://en.wikipedia.org/wiki/L._Frank_Baum"}],"downloads":133,"formats":[{"url":"https://www.gutenberg.org/ebooks/25519.txt.utf-8","format":"text/plain","extent":82387,"modified":"2020-11-12T22:37:19.000Z"},{"url":"https://www.gutenberg.org/cache/epub/25519/pg25519.cover.medium.jpg","format":"image/jpeg","extent":28541,"modified":"2020-11-12T22:37:23.000Z"},{"url":"https://www.gutenberg.org/files/25519/25519-h/25519-h.htm","format":"text/html; charset=iso-8859-1","extent":96891,"modified":"2008-05-19T07:06:47.000Z"},{"url":"https://www.gutenberg.org/ebooks/25519.rdf","format":"application/rdf+xml","extent":15353,"modified":"2020-12-09T23:52:50.000Z"},{"url":"https://www.gutenberg.org/files/25519/25519.zip","format":"application/zip","extent":31335,"modified":"2008-05-19T06:53:53.000Z"},{"url":"https://www.gutenberg.org/files/25519/25519-h.zip","format":"text/html; charset=iso-8859-1","extent":2432399,"modified":"2008-05-19T07:10:43.000Z"},{"url":"https://www.gutenberg.org/ebooks/25519.epub.images","format":"application/epub+zip","extent":2375216,"modified":"2020-11-12T22:37:21.000Z"},{"url":"https://www.gutenberg.org/ebooks/25519.kindle.images","format":"application/x-mobipocket-ebook","extent":4826772,"modified":"2020-11-12T22:37:23.000Z"},{"url":"https://www.gutenberg.org/ebooks/25519.kindle.noimages","format":"application/x-mobipocket-ebook","extent":294097,"modified":"2020-11-12T22:37:23.000Z"},{"url":"https://www.gutenberg.org/cache/epub/25519/pg25519.cover.small.jpg","format":"image/jpeg","extent":4408,"modified":"2020-11-12T22:37:23.000Z"},{"url":"https://www.gutenberg.org/ebooks/25519.epub.noimages","format":"application/epub+zip","extent":89149,"modified":"2020-11-12T22:37:21.000Z"},{"url":"https://www.gutenberg.org/files/25519/25519.txt","format":"text/plain; charset=us-ascii","extent":82386,"modified":"2008-05-19T06:53:53.000Z"}],"subjects":["Short stories","Oz (Imaginary place) -- Juvenile fiction","Children's stories, American","Fantasy literature","PZ"],"title":"Little Wizard Stories of Oz","uuid":"86cc3100-4a1e-411d-8283-425e62163db6"}],"hasMore":false,"cached":false,"extra":{"stats":{"writesExecuted":0,"writesIgnored":0,"scannedFull":0,"scannedIndex":1,"filtered":0,"httpRequests":0,"executionTime":2.1524699695874006E-4,"peakMemoryUsage":24005},"warnings":[]},"error":false,"code":201})
19:55:18.182 [Test worker] DEBUG com.arangodb.internal.ArangoExecutorSync - Response is MetaAware com.arangodb.entity.CursorEntity
19:55:18.199 [Test worker] DEBUG com.arangodb.internal.net.ConnectionPoolImpl - Return Connection connection_1609770318007_0.7560209520904904
19:55:18.200 [Test worker] DEBUG com.arangodb.internal.velocystream.VstCommunicationSync - Send Message (id=8, head=[1,1,"test",2,"/_api/transaction",{},{"content-type":"application/x-velocypack","accept":"application/x-velocypack"}], body={"action":"function(){\n var result = [];db = require(\"@arangodb\").db; \nresult[0]=db._query(\"LET doc = {\\\"_key\\\":\\\"3678025\\\",\\\"uuid\\\":\\\"86cc3100-4a1e-411d-8283-425e62163db6\\\",\\\"title\\\":\\\"Little Wizard Stories of Oz\\\",\\\"subjects\\\":[\\\"Short stories\\\",\\\"Oz (Imaginary place) -- Juvenile fiction\\\",\\\"Children's stories, American\\\",\\\"Fantasy literature\\\",\\\"PZ\\\"],\\\"bookshelves\\\":[\\\"Children's Literature\\\"],\\\"formats\\\":[{\\\"url\\\":\\\"https:\\/\\/www.gutenberg.org\\/ebooks\\/25519.txt.utf-8\\\",\\\"format\\\":\\\"text\\/plain\\\",\\\"extent\\\":82387,\\\"modified\\\":\\\"2020-11-12T22:37:19.000Z\\\"},{\\\"url\\\":\\\"https:\\/\\/www.gutenberg.org\\/cache\\/epub\\/25519\\/pg25519.cover.medium.jpg\\\",\\\"format\\\":\\\"image\\/jpeg\\\",\\\"extent\\\":28541,\\\"modified\\\":\\\"2020-11-12T22:37:23.000Z\\\"},{\\\"url\\\":\\\"https:\\/\\/www.gutenberg.org\\/files\\/25519\\/25519-h\\/25519-h.htm\\\",\\\"format\\\":\\\"text\\/html; charset=iso-8859-1\\\",\\\"extent\\\":96891,\\\"modified\\\":\\\"2008-05-19T07:06:47.000Z\\\"},{\\\"url\\\":\\\"https:\\/\\/www.gutenberg.org\\/ebooks\\/25519.rdf\\\",\\\"format\\\":\\\"application\\/rdf+xml\\\",\\\"extent\\\":15353,\\\"modified\\\":\\\"2020-12-09T23:52:50.000Z\\\"},{\\\"url\\\":\\\"https:\\/\\/www.gutenberg.org\\/files\\/25519\\/25519.zip\\\",\\\"format\\\":\\\"application\\/zip\\\",\\\"extent\\\":31335,\\\"modified\\\":\\\"2008-05-19T06:53:53.000Z\\\"},{\\\"url\\\":\\\"https:\\/\\/www.gutenberg.org\\/files\\/25519\\/25519-h.zip\\\",\\\"format\\\":\\\"text\\/html; charset=iso-8859-1\\\",\\\"extent\\\":2432399,\\\"modified\\\":\\\"2008-05-19T07:10:43.000Z\\\"},{\\\"url\\\":\\\"https:\\/\\/www.gutenberg.org\\/ebooks\\/25519.epub.images\\\",\\\"format\\\":\\\"application\\/epub+zip\\\",\\\"extent\\\":2375216,\\\"modified\\\":\\\"2020-11-12T22:37:21.000Z\\\"},{\\\"url\\\":\\\"https:\\/\\/www.gutenberg.org\\/ebooks\\/25519.kindle.images\\\",\\\"format\\\":\\\"application\\/x-mobipocket-ebook\\\",\\\"extent\\\":4826772,\\\"modified\\\":\\\"2020-11-12T22:37:23.000Z\\\"},{\\\"url\\\":\\\"https:\\/\\/www.gutenberg.org\\/ebooks\\/25519.kindle.noimages\\\",\\\"format\\\":\\\"application\\/x-mobipocket-ebook\\\",\\\"extent\\\":294097,\\\"modified\\\":\\\"2020-11-12T22:37:23.000Z\\\"},{\\\"url\\\":\\\"https:\\/\\/www.gutenberg.org\\/cache\\/epub\\/25519\\/pg25519.cover.small.jpg\\\",\\\"format\\\":\\\"image\\/jpeg\\\",\\\"extent\\\":4408,\\\"modified\\\":\\\"2020-11-12T22:37:23.000Z\\\"},{\\\"url\\\":\\\"https:\\/\\/www.gutenberg.org\\/ebooks\\/25519.epub.noimages\\\",\\\"format\\\":\\\"application\\/epub+zip\\\",\\\"extent\\\":89149,\\\"modified\\\":\\\"2020-11-12T22:37:21.000Z\\\"},{\\\"url\\\":\\\"https:\\/\\/www.gutenberg.org\\/files\\/25519\\/25519.txt\\\",\\\"format\\\":\\\"text\\/plain; charset=us-ascii\\\",\\\"extent\\\":82386,\\\"modified\\\":\\\"2008-05-19T06:53:53.000Z\\\"}],\\\"creators\\\":[{\\\"name\\\":\\\"Baum, L. Frank (Lyman Frank)\\\",\\\"birthDate\\\":1856,\\\"deathDate\\\":1919,\\\"alias\\\":\\\"Metcalf, Suzanne\\\",\\\"webpage\\\":\\\"https:\\/\\/en.wikipedia.org\\/wiki\\/L._Frank_Baum\\\"}],\\\"downloads\\\":1,\\\"_rev\\\":\\\"_bq1HsSW---\\\",\\\"_class\\\":\\\"com.talentica.arangodb.entity.Book\\\"} UPSERT { _key: doc._key } INSERT doc._key == null ? UNSET(doc, \\\"_key\\\") : doc REPLACE doc IN Books OPTIONS { ignoreRevs: false } RETURN NEW\")['_documents'][0];\nresult[1]=db._query(\"LET doc = {\\\"uuid\\\":\\\"fb63af13-ec7b-4c78-b5dc-a6a9be202af6\\\",\\\"title\\\":\\\"Moby-Dick; or, The Whale\\\",\\\"subjects\\\":[\\\"Whaling ships -- Fiction\\\",\\\"Whaling -- Fiction\\\",\\\"Ship captains -- Fiction\\\",\\\"Sea stories\\\",\\\"Ahab, Captain (Fictitious character) -- Fiction\\\",\\\"PS\\\",\\\"Psychological fiction\\\",\\\"Mentally ill -- Fiction\\\",\\\"Adventure stories\\\",\\\"Whales -- Fiction\\\"],\\\"bookshelves\\\":[\\\"Best Books Ever Listings\\\",\\\"Adventure\\\"],\\\"formats\\\":[{\\\"url\\\":\\\"http:\\/\\/www.gutenberg.org\\/files\\/15\\/15-h\\/15-h.htm\\\",\\\"format\\\":\\\"text\\/html; charset=utf-8\\\",\\\"extent\\\":1364131,\\\"modified\\\":\\\"2020-11-26T15:41:18.000Z\\\"},{\\\"url\\\":\\\"http:\\/\\/www.gutenberg.org\\/files\\/15\\/15-0.zip\\\",\\\"format\\\":\\\"text\\/plain; charset=utf-8\\\",\\\"extent\\\":514184,\\\"modified\\\":\\\"2020-11-26T15:50:01.000Z\\\"},{\\\"url\\\":\\\"http:\\/\\/www.gutenberg.org\\/ebooks\\/15.kindle.noimages\\\",\\\"format\\\":\\\"application\\/x-mobipocket-ebook\\\",\\\"extent\\\":2558187,\\\"modified\\\":\\\"2020-11-30T22:01:23.000Z\\\"},{\\\"url\\\":\\\"http:\\/\\/www.gutenberg.org\\/files\\/15\\/15-0.txt\\\",\\\"format\\\":\\\"text\\/plain; charset=utf-8\\\",\\\"extent\\\":1276817,\\\"modified\\\":\\\"2020-11-26T15:50:01.000Z\\\"},{\\\"url\\\":\\\"http:\\/\\/www.gutenberg.org\\/cache\\/epub\\/15\\/pg15.cover.small.jpg\\\",\\\"format\\\":\\\"image\\/jpeg\\\",\\\"extent\\\":3889,\\\"modified\\\":\\\"2020-11-30T22:01:23.000Z\\\"},{\\\"url\\\":\\\"http:\\/\\/www.gutenberg.org\\/cache\\/epub\\/15\\/pg15.cover.medium.jpg\\\",\\\"format\\\":\\\"image\\/jpeg\\\",\\\"extent\\\":13524,\\\"modified\\\":\\\"2020-11-30T22:01:24.000Z\\\"},{\\\"url\\\":\\\"http:\\/\\/www.gutenberg.org\\/ebooks\\/15.epub.noimages\\\",\\\"format\\\":\\\"application\\/epub+zip\\\",\\\"extent\\\":725851,\\\"modified\\\":\\\"2020-11-30T22:01:17.000Z\\\"},{\\\"url\\\":\\\"http:\\/\\/www.gutenberg.org\\/files\\/15\\/15-h.zip\\\",\\\"format\\\":\\\"text\\/html; charset=utf-8\\\",\\\"extent\\\":524252,\\\"modified\\\":\\\"2020-11-26T15:42:23.000Z\\\"},{\\\"url\\\":\\\"http:\\/\\/www.gutenberg.org\\/ebooks\\/15.kindle.images\\\",\\\"format\\\":\\\"application\\/x-mobipocket-ebook\\\",\\\"extent\\\":2565436,\\\"modified\\\":\\\"2020-11-30T22:01:20.000Z\\\"},{\\\"url\\\":\\\"http:\\/\\/www.gutenberg.org\\/files\\/15\\/15.zip\\\",\\\"format\\\":\\\"text\\/html; charset=utf-8\\\",\\\"extent\\\":524252,\\\"modified\\\":\\\"2020-11-26T15:41:57.000Z\\\"},{\\\"url\\\":\\\"http:\\/\\/www.gutenberg.org\\/ebooks\\/15.epub.images\\\",\\\"format\\\":\\\"application\\/epub+zip\\\",\\\"extent\\\":731192,\\\"modified\\\":\\\"2020-11-30T22:01:16.000Z\\\"},{\\\"url\\\":\\\"http:\\/\\/www.gutenberg.org\\/ebooks\\/15.rdf\\\",\\\"format\\\":\\\"application\\/rdf+xml\\\",\\\"extent\\\":16008,\\\"modified\\\":\\\"2020-12-02T23:30:05.000Z\\\"}],\\\"creators\\\":[{\\\"name\\\":\\\"Melville, Herman\\\",\\\"birthDate\\\":1819,\\\"deathDate\\\":1891,\\\"alias\\\":\\\"Melville, Hermann\\\",\\\"webpage\\\":\\\"https:\\/\\/en.wikipedia.org\\/wiki\\/Herman_Melville\\\"}],\\\"downloads\\\":850,\\\"_class\\\":\\\"com.talentica.arangodb.entity.Book\\\"} UPSERT { _key: doc._key } INSERT doc._key == null ? UNSET(doc, \\\"_key\\\") : doc REPLACE doc IN Books OPTIONS { ignoreRevs: false } RETURN NEW\")['_documents'][0];\nreturn result; \n }","collections":{"write":["Books","Books"]},"waitForSync":true})
19:55:18.200 [Test worker] DEBUG com.arangodb.internal.velocystream.internal.VstConnection - Send chunk 1:1 from message 8
19:55:18.206 [pool-1-thread-1] DEBUG com.arangodb.internal.velocystream.internal.VstConnection - Received chunk 1:1 from message 8
19:55:18.206 [pool-1-thread-1] DEBUG com.arangodb.internal.velocystream.internal.VstConnection - Responsetime for Message 8 is 5
19:55:18.208 [pool-1-thread-1] DEBUG com.arangodb.internal.velocystream.internal.MessageStore - Received Message (id=8, head=[1,2,200,{}], body={"error":false,"code":200,"result":[{"_key":"3678025","_id":"Books/3678025","_rev":"_bq1HsVm---","_class":"com.talentica.arangodb.entity.Book","bookshelves":["Children's Literature"],"creators":[{"name":"Baum, L. Frank (Lyman Frank)","birthDate":1856,"deathDate":1919,"alias":"Metcalf, Suzanne","webpage":"https://en.wikipedia.org/wiki/L._Frank_Baum"}],"downloads":1,"formats":[{"url":"https://www.gutenberg.org/ebooks/25519.txt.utf-8","format":"text/plain","extent":82387,"modified":"2020-11-12T22:37:19.000Z"},{"url":"https://www.gutenberg.org/cache/epub/25519/pg25519.cover.medium.jpg","format":"image/jpeg","extent":28541,"modified":"2020-11-12T22:37:23.000Z"},{"url":"https://www.gutenberg.org/files/25519/25519-h/25519-h.htm","format":"text/html; charset=iso-8859-1","extent":96891,"modified":"2008-05-19T07:06:47.000Z"},{"url":"https://www.gutenberg.org/ebooks/25519.rdf","format":"application/rdf+xml","extent":15353,"modified":"2020-12-09T23:52:50.000Z"},{"url":"https://www.gutenberg.org/files/25519/25519.zip","format":"application/zip","extent":31335,"modified":"2008-05-19T06:53:53.000Z"},{"url":"https://www.gutenberg.org/files/25519/25519-h.zip","format":"text/html; charset=iso-8859-1","extent":2432399,"modified":"2008-05-19T07:10:43.000Z"},{"url":"https://www.gutenberg.org/ebooks/25519.epub.images","format":"application/epub+zip","extent":2375216,"modified":"2020-11-12T22:37:21.000Z"},{"url":"https://www.gutenberg.org/ebooks/25519.kindle.images","format":"application/x-mobipocket-ebook","extent":4826772,"modified":"2020-11-12T22:37:23.000Z"},{"url":"https://www.gutenberg.org/ebooks/25519.kindle.noimages","format":"application/x-mobipocket-ebook","extent":294097,"modified":"2020-11-12T22:37:23.000Z"},{"url":"https://www.gutenberg.org/cache/epub/25519/pg25519.cover.small.jpg","format":"image/jpeg","extent":4408,"modified":"2020-11-12T22:37:23.000Z"},{"url":"https://www.gutenberg.org/ebooks/25519.epub.noimages","format":"application/epub+zip","extent":89149,"modified":"2020-11-12T22:37:21.000Z"},{"url":"https://www.gutenberg.org/files/25519/25519.txt","format":"text/plain; charset=us-ascii","extent":82386,"modified":"2008-05-19T06:53:53.000Z"}],"subjects":["Short stories","Oz (Imaginary place) -- Juvenile fiction","Children's stories, American","Fantasy literature","PZ"],"title":"Little Wizard Stories of Oz","uuid":"86cc3100-4a1e-411d-8283-425e62163db6"},{"_key":"3678031","_id":"Books/3678031","_rev":"_bq1HsVq---","_class":"com.talentica.arangodb.entity.Book","bookshelves":["Best Books Ever Listings","Adventure"],"creators":[{"name":"Melville, Herman","birthDate":1819,"deathDate":1891,"alias":"Melville, Hermann","webpage":"https://en.wikipedia.org/wiki/Herman_Melville"}],"downloads":850,"formats":[{"url":"http://www.gutenberg.org/files/15/15-h/15-h.htm","format":"text/html; charset=utf-8","extent":1364131,"modified":"2020-11-26T15:41:18.000Z"},{"url":"http://www.gutenberg.org/files/15/15-0.zip","format":"text/plain; charset=utf-8","extent":514184,"modified":"2020-11-26T15:50:01.000Z"},{"url":"http://www.gutenberg.org/ebooks/15.kindle.noimages","format":"application/x-mobipocket-ebook","extent":2558187,"modified":"2020-11-30T22:01:23.000Z"},{"url":"http://www.gutenberg.org/files/15/15-0.txt","format":"text/plain; charset=utf-8","extent":1276817,"modified":"2020-11-26T15:50:01.000Z"},{"url":"http://www.gutenberg.org/cache/epub/15/pg15.cover.small.jpg","format":"image/jpeg","extent":3889,"modified":"2020-11-30T22:01:23.000Z"},{"url":"http://www.gutenberg.org/cache/epub/15/pg15.cover.medium.jpg","format":"image/jpeg","extent":13524,"modified":"2020-11-30T22:01:24.000Z"},{"url":"http://www.gutenberg.org/ebooks/15.epub.noimages","format":"application/epub+zip","extent":725851,"modified":"2020-11-30T22:01:17.000Z"},{"url":"http://www.gutenberg.org/files/15/15-h.zip","format":"text/html; charset=utf-8","extent":524252,"modified":"2020-11-26T15:42:23.000Z"},{"url":"http://www.gutenberg.org/ebooks/15.kindle.images","format":"application/x-mobipocket-ebook","extent":2565436,"modified":"2020-11-30T22:01:20.000Z"},{"url":"http://www.gutenberg.org/files/15/15.zip","format":"text/html; charset=utf-8","extent":524252,"modified":"2020-11-26T15:41:57.000Z"},{"url":"http://www.gutenberg.org/ebooks/15.epub.images","format":"application/epub+zip","extent":731192,"modified":"2020-11-30T22:01:16.000Z"},{"url":"http://www.gutenberg.org/ebooks/15.rdf","format":"application/rdf+xml","extent":16008,"modified":"2020-12-02T23:30:05.000Z"}],"subjects":["Whaling ships -- Fiction","Whaling -- Fiction","Ship captains -- Fiction","Sea stories","Ahab, Captain (Fictitious character) -- Fiction","PS","Psychological fiction","Mentally ill -- Fiction","Adventure stories","Whales -- Fiction"],"title":"Moby-Dick; or, The Whale","uuid":"fb63af13-ec7b-4c78-b5dc-a6a9be202af6"}]})
19:55:18.217 [Test worker] DEBUG com.arangodb.internal.net.ConnectionPoolImpl - Return Connection connection_1609770318007_0.7560209520904904
19:55:18.217 [Test worker] DEBUG com.arangodb.internal.velocystream.VstCommunicationSync - Send Message (id=9, head=[1,1,"test",2,"/_api/cursor",{},{"content-type":"application/x-velocypack","accept":"application/x-velocypack"}], body={"bindVars":{"0":"86cc3100-4a1e-411d-8283-425e62163db6"},"query":"FOR e IN Books FILTER e.uuid == @0  RETURN e"})
19:55:18.217 [Test worker] DEBUG com.arangodb.internal.velocystream.internal.VstConnection - Send chunk 1:1 from message 9
19:55:18.218 [pool-1-thread-1] DEBUG com.arangodb.internal.velocystream.internal.VstConnection - Received chunk 1:1 from message 9
19:55:18.218 [pool-1-thread-1] DEBUG com.arangodb.internal.velocystream.internal.VstConnection - Responsetime for Message 9 is 0
19:55:18.218 [pool-1-thread-1] DEBUG com.arangodb.internal.velocystream.internal.MessageStore - Received Message (id=9, head=[1,2,201,{}], body={"result":[{"_key":"3678025","_id":"Books/3678025","_rev":"_bq1HsVm---","_class":"com.talentica.arangodb.entity.Book","bookshelves":["Children's Literature"],"creators":[{"name":"Baum, L. Frank (Lyman Frank)","birthDate":1856,"deathDate":1919,"alias":"Metcalf, Suzanne","webpage":"https://en.wikipedia.org/wiki/L._Frank_Baum"}],"downloads":1,"formats":[{"url":"https://www.gutenberg.org/ebooks/25519.txt.utf-8","format":"text/plain","extent":82387,"modified":"2020-11-12T22:37:19.000Z"},{"url":"https://www.gutenberg.org/cache/epub/25519/pg25519.cover.medium.jpg","format":"image/jpeg","extent":28541,"modified":"2020-11-12T22:37:23.000Z"},{"url":"https://www.gutenberg.org/files/25519/25519-h/25519-h.htm","format":"text/html; charset=iso-8859-1","extent":96891,"modified":"2008-05-19T07:06:47.000Z"},{"url":"https://www.gutenberg.org/ebooks/25519.rdf","format":"application/rdf+xml","extent":15353,"modified":"2020-12-09T23:52:50.000Z"},{"url":"https://www.gutenberg.org/files/25519/25519.zip","format":"application/zip","extent":31335,"modified":"2008-05-19T06:53:53.000Z"},{"url":"https://www.gutenberg.org/files/25519/25519-h.zip","format":"text/html; charset=iso-8859-1","extent":2432399,"modified":"2008-05-19T07:10:43.000Z"},{"url":"https://www.gutenberg.org/ebooks/25519.epub.images","format":"application/epub+zip","extent":2375216,"modified":"2020-11-12T22:37:21.000Z"},{"url":"https://www.gutenberg.org/ebooks/25519.kindle.images","format":"application/x-mobipocket-ebook","extent":4826772,"modified":"2020-11-12T22:37:23.000Z"},{"url":"https://www.gutenberg.org/ebooks/25519.kindle.noimages","format":"application/x-mobipocket-ebook","extent":294097,"modified":"2020-11-12T22:37:23.000Z"},{"url":"https://www.gutenberg.org/cache/epub/25519/pg25519.cover.small.jpg","format":"image/jpeg","extent":4408,"modified":"2020-11-12T22:37:23.000Z"},{"url":"https://www.gutenberg.org/ebooks/25519.epub.noimages","format":"application/epub+zip","extent":89149,"modified":"2020-11-12T22:37:21.000Z"},{"url":"https://www.gutenberg.org/files/25519/25519.txt","format":"text/plain; charset=us-ascii","extent":82386,"modified":"2008-05-19T06:53:53.000Z"}],"subjects":["Short stories","Oz (Imaginary place) -- Juvenile fiction","Children's stories, American","Fantasy literature","PZ"],"title":"Little Wizard Stories of Oz","uuid":"86cc3100-4a1e-411d-8283-425e62163db6"}],"hasMore":false,"cached":false,"extra":{"stats":{"writesExecuted":0,"writesIgnored":0,"scannedFull":0,"scannedIndex":1,"filtered":0,"httpRequests":0,"executionTime":1.678769913269207E-4,"peakMemoryUsage":24003},"warnings":[]},"error":false,"code":201})
19:55:18.219 [Test worker] DEBUG com.arangodb.internal.ArangoExecutorSync - Response is MetaAware com.arangodb.entity.CursorEntity
19:55:18.224 [Test worker] DEBUG com.arangodb.internal.net.ConnectionPoolImpl - Return Connection connection_1609770318007_0.7560209520904904
19:55:18.224 [Test worker] DEBUG com.arangodb.internal.velocystream.VstCommunicationSync - Send Message (id=10, head=[1,1,"test",2,"/_api/cursor",{},{"content-type":"application/x-velocypack","accept":"application/x-velocypack"}], body={"bindVars":{"0":"fb63af13-ec7b-4c78-b5dc-a6a9be202af6"},"query":"FOR e IN Books FILTER e.uuid == @0  RETURN e"})
19:55:18.225 [Test worker] DEBUG com.arangodb.internal.velocystream.internal.VstConnection - Send chunk 1:1 from message 10
19:55:18.225 [pool-1-thread-1] DEBUG com.arangodb.internal.velocystream.internal.VstConnection - Received chunk 1:1 from message 10
19:55:18.225 [pool-1-thread-1] DEBUG com.arangodb.internal.velocystream.internal.VstConnection - Responsetime for Message 10 is 0
19:55:18.226 [pool-1-thread-1] DEBUG com.arangodb.internal.velocystream.internal.MessageStore - Received Message (id=10, head=[1,2,201,{}], body={"result":[{"_key":"3678031","_id":"Books/3678031","_rev":"_bq1HsVq---","_class":"com.talentica.arangodb.entity.Book","bookshelves":["Best Books Ever Listings","Adventure"],"creators":[{"name":"Melville, Herman","birthDate":1819,"deathDate":1891,"alias":"Melville, Hermann","webpage":"https://en.wikipedia.org/wiki/Herman_Melville"}],"downloads":850,"formats":[{"url":"http://www.gutenberg.org/files/15/15-h/15-h.htm","format":"text/html; charset=utf-8","extent":1364131,"modified":"2020-11-26T15:41:18.000Z"},{"url":"http://www.gutenberg.org/files/15/15-0.zip","format":"text/plain; charset=utf-8","extent":514184,"modified":"2020-11-26T15:50:01.000Z"},{"url":"http://www.gutenberg.org/ebooks/15.kindle.noimages","format":"application/x-mobipocket-ebook","extent":2558187,"modified":"2020-11-30T22:01:23.000Z"},{"url":"http://www.gutenberg.org/files/15/15-0.txt","format":"text/plain; charset=utf-8","extent":1276817,"modified":"2020-11-26T15:50:01.000Z"},{"url":"http://www.gutenberg.org/cache/epub/15/pg15.cover.small.jpg","format":"image/jpeg","extent":3889,"modified":"2020-11-30T22:01:23.000Z"},{"url":"http://www.gutenberg.org/cache/epub/15/pg15.cover.medium.jpg","format":"image/jpeg","extent":13524,"modified":"2020-11-30T22:01:24.000Z"},{"url":"http://www.gutenberg.org/ebooks/15.epub.noimages","format":"application/epub+zip","extent":725851,"modified":"2020-11-30T22:01:17.000Z"},{"url":"http://www.gutenberg.org/files/15/15-h.zip","format":"text/html; charset=utf-8","extent":524252,"modified":"2020-11-26T15:42:23.000Z"},{"url":"http://www.gutenberg.org/ebooks/15.kindle.images","format":"application/x-mobipocket-ebook","extent":2565436,"modified":"2020-11-30T22:01:20.000Z"},{"url":"http://www.gutenberg.org/files/15/15.zip","format":"text/html; charset=utf-8","extent":524252,"modified":"2020-11-26T15:41:57.000Z"},{"url":"http://www.gutenberg.org/ebooks/15.epub.images","format":"application/epub+zip","extent":731192,"modified":"2020-11-30T22:01:16.000Z"},{"url":"http://www.gutenberg.org/ebooks/15.rdf","format":"application/rdf+xml","extent":16008,"modified":"2020-12-02T23:30:05.000Z"}],"subjects":["Whaling ships -- Fiction","Whaling -- Fiction","Ship captains -- Fiction","Sea stories","Ahab, Captain (Fictitious character) -- Fiction","PS","Psychological fiction","Mentally ill -- Fiction","Adventure stories","Whales -- Fiction"],"title":"Moby-Dick; or, The Whale","uuid":"fb63af13-ec7b-4c78-b5dc-a6a9be202af6"}],"hasMore":false,"cached":false,"extra":{"stats":{"writesExecuted":0,"writesIgnored":0,"scannedFull":0,"scannedIndex":1,"filtered":0,"httpRequests":0,"executionTime":1.7582699365448207E-4,"peakMemoryUsage":24065},"warnings":[]},"error":false,"code":201})
19:55:18.227 [Test worker] DEBUG com.arangodb.internal.ArangoExecutorSync - Response is MetaAware com.arangodb.entity.CursorEntity
19:55:18.239 [Test worker] DEBUG org.springframework.context.annotation.AnnotationConfigApplicationContext - Refreshing org.springframework.context.annotation.AnnotationConfigApplicationContext@55c9875c
19:55:18.240 [Test worker] DEBUG org.springframework.beans.factory.support.DefaultListableBeanFactory - Creating shared instance of singleton bean 'org.springframework.context.annotation.internalConfigurationAnnotationProcessor'
19:55:18.243 [Test worker] DEBUG org.springframework.context.annotation.ClassPathBeanDefinitionScanner - Identified candidate component class: file [/media/debashishc/T7/work/arangodb/build/classes/java/test/com/talentica/arangodb/ArangoDBConfiguration.class]
19:55:18.246 [Test worker] DEBUG org.springframework.context.annotation.ClassPathBeanDefinitionScanner - Ignored because not a concrete top-level class: file [/media/debashishc/T7/work/arangodb/build/classes/java/test/com/talentica/arangodb/repository/BookRepository.class]
19:55:18.247 [Test worker] DEBUG org.springframework.context.annotation.ClassPathBeanDefinitionScanner - Identified candidate component class: file [/media/debashishc/T7/work/arangodb/build/classes/java/test/com/talentica/arangodb/service/BookLoaderService.class]
19:55:18.258 [Test worker] INFO org.springframework.data.repository.config.RepositoryConfigurationDelegate - Bootstrapping Spring Data ArangoDB repositories in DEFAULT mode.
19:55:18.258 [Test worker] DEBUG org.springframework.data.repository.config.RepositoryConfigurationDelegate - Scanning for ArangoDB repositories in packages com.talentica.arangodb.repository.
19:55:18.260 [Test worker] DEBUG org.springframework.data.repository.config.RepositoryComponentProvider - Identified candidate component class: file [/media/debashishc/T7/work/arangodb/build/classes/java/test/com/talentica/arangodb/repository/BookRepository.class]
19:55:18.262 [Test worker] DEBUG org.springframework.context.annotation.ClassPathScanningCandidateComponentProvider - Identified candidate component class: file [/media/debashishc/T7/work/arangodb/build/classes/java/main/com/talentica/arangodb/repository/ArangoTransactionalRepositoryImpl.class]
19:55:18.263 [Test worker] DEBUG org.springframework.data.repository.config.RepositoryBeanDefinitionBuilder - Registering repository fragment implementation: arangoTransactionalRepositoryImpl com.talentica.arangodb.repository.ArangoTransactionalRepositoryImpl
19:55:18.263 [Test worker] DEBUG org.springframework.data.repository.config.RepositoryBeanDefinitionBuilder - Registering repository fragment: arangoTransactionalRepositoryImplFragment
19:55:18.264 [Test worker] INFO org.springframework.data.repository.config.RepositoryConfigurationDelegate - Finished Spring Data repository scanning in 5ms. Found 1 ArangoDB repository interfaces.
19:55:18.268 [Test worker] DEBUG org.springframework.beans.factory.support.DefaultListableBeanFactory - Creating shared instance of singleton bean 'org.springframework.context.event.internalEventListenerProcessor'
19:55:18.269 [Test worker] DEBUG org.springframework.beans.factory.support.DefaultListableBeanFactory - Creating shared instance of singleton bean 'org.springframework.context.event.internalEventListenerFactory'
19:55:18.269 [Test worker] DEBUG org.springframework.beans.factory.support.DefaultListableBeanFactory - Creating shared instance of singleton bean 'org.springframework.transaction.config.internalTransactionalEventListenerFactory'
19:55:18.270 [Test worker] DEBUG org.springframework.beans.factory.support.DefaultListableBeanFactory - Creating shared instance of singleton bean 'org.springframework.context.annotation.internalAutowiredAnnotationProcessor'
19:55:18.271 [Test worker] DEBUG org.springframework.beans.factory.support.DefaultListableBeanFactory - Creating shared instance of singleton bean 'org.springframework.context.annotation.internalCommonAnnotationProcessor'
19:55:18.271 [Test worker] DEBUG org.springframework.beans.factory.support.DefaultListableBeanFactory - Creating shared instance of singleton bean 'org.springframework.aop.config.internalAutoProxyCreator'
19:55:18.273 [Test worker] DEBUG org.springframework.beans.factory.support.DefaultListableBeanFactory - Creating shared instance of singleton bean 'springDataTestApplication'
19:55:18.273 [Test worker] DEBUG org.springframework.beans.factory.support.DefaultListableBeanFactory - Creating shared instance of singleton bean 'org.springframework.transaction.config.internalTransactionAdvisor'
19:55:18.274 [Test worker] DEBUG org.springframework.beans.factory.support.DefaultListableBeanFactory - Creating shared instance of singleton bean 'org.springframework.transaction.annotation.ProxyTransactionManagementConfiguration'
19:55:18.277 [Test worker] DEBUG org.springframework.beans.factory.support.DefaultListableBeanFactory - Creating shared instance of singleton bean 'transactionAttributeSource'
19:55:18.278 [Test worker] DEBUG org.springframework.beans.factory.support.DefaultListableBeanFactory - Creating shared instance of singleton bean 'transactionInterceptor'
19:55:18.278 [Test worker] DEBUG org.springframework.beans.factory.support.DefaultListableBeanFactory - Autowiring by type from bean name 'transactionInterceptor' via factory method to bean named 'transactionAttributeSource'
19:55:18.279 [Test worker] DEBUG org.springframework.beans.factory.support.DefaultListableBeanFactory - Autowiring by type from bean name 'org.springframework.transaction.config.internalTransactionAdvisor' via factory method to bean named 'transactionAttributeSource'
19:55:18.279 [Test worker] DEBUG org.springframework.beans.factory.support.DefaultListableBeanFactory - Autowiring by type from bean name 'org.springframework.transaction.config.internalTransactionAdvisor' via factory method to bean named 'transactionInterceptor'
19:55:18.279 [Test worker] DEBUG org.springframework.beans.factory.support.DefaultListableBeanFactory - Creating shared instance of singleton bean 'arangoDBConfiguration'
19:55:18.281 [Test worker] DEBUG org.springframework.beans.factory.support.DefaultListableBeanFactory - Creating shared instance of singleton bean 'bookLoaderService'
19:55:18.281 [Test worker] DEBUG org.springframework.beans.factory.support.DefaultListableBeanFactory - Creating shared instance of singleton bean 'bookRepository'
19:55:18.283 [Test worker] DEBUG org.springframework.beans.factory.support.DefaultListableBeanFactory - Creating shared instance of singleton bean 'arangoTemplate'
19:55:18.283 [Test worker] DEBUG com.arangodb.internal.InternalArangoDBBuilder - Use SimpleHostResolver
19:55:18.283 [Test worker] DEBUG com.arangodb.internal.net.HostSet - Added Host HostImpl [connectionPool=ConnectionPoolImpl [host=host[addr=localhost,port=8529], maxConnections=1, connections=0, current=0, factory=VstConnectionFactorySync], description=host[addr=localhost,port=8529], markforDeletion=false] - now 1 Hosts in List
19:55:18.284 [Test worker] DEBUG com.arangodb.internal.InternalArangoDBBuilder - HostHandler is FallbackHostHandler
19:55:18.284 [Test worker] DEBUG com.arangodb.internal.net.HostSet - Added Host HostImpl [connectionPool=ConnectionPoolImpl [host=host[addr=localhost,port=8529], maxConnections=1, connections=0, current=0, factory=VstConnectionFactorySync], description=host[addr=localhost,port=8529], markforDeletion=false] - now 1 Hosts in List
19:55:18.284 [Test worker] DEBUG com.arangodb.internal.ArangoDBImpl - ArangoDB Client is ready to use
19:55:18.284 [Test worker] DEBUG org.springframework.beans.factory.support.DefaultListableBeanFactory - Creating shared instance of singleton bean 'arangoConverter'
19:55:18.284 [Test worker] DEBUG org.springframework.beans.factory.support.DefaultListableBeanFactory - Creating shared instance of singleton bean 'arangoMappingContext'
19:55:18.290 [Test worker] DEBUG org.springframework.context.annotation.ClassPathScanningCandidateComponentProvider - Identified candidate component class: file [/media/debashishc/T7/work/arangodb/build/classes/java/test/com/talentica/arangodb/entity/Book.class]
19:55:18.292 [Test worker] DEBUG org.springframework.data.convert.CustomConversions - Adding converter from class java.util.Date to class java.lang.String as writing converter.
19:55:18.292 [Test worker] DEBUG org.springframework.data.convert.CustomConversions - Adding converter from class java.time.Instant to class java.lang.String as writing converter.
19:55:18.293 [Test worker] DEBUG org.springframework.data.convert.CustomConversions - Adding converter from class java.time.LocalDate to class java.lang.String as writing converter.
19:55:18.293 [Test worker] DEBUG org.springframework.data.convert.CustomConversions - Adding converter from class java.time.LocalDateTime to class java.lang.String as writing converter.
19:55:18.293 [Test worker] DEBUG org.springframework.data.convert.CustomConversions - Adding converter from class java.time.OffsetDateTime to class java.lang.String as writing converter.
19:55:18.293 [Test worker] DEBUG org.springframework.data.convert.CustomConversions - Adding converter from class java.time.ZonedDateTime to class java.lang.String as writing converter.
19:55:18.293 [Test worker] DEBUG org.springframework.data.convert.CustomConversions - Adding converter from class java.lang.String to class java.util.Date as reading converter.
19:55:18.293 [Test worker] DEBUG org.springframework.data.convert.CustomConversions - Adding converter from class java.lang.String to class java.time.Instant as reading converter.
19:55:18.293 [Test worker] DEBUG org.springframework.data.convert.CustomConversions - Adding converter from class java.lang.String to class java.time.LocalDate as reading converter.
19:55:18.293 [Test worker] DEBUG org.springframework.data.convert.CustomConversions - Adding converter from class java.lang.String to class java.time.LocalDateTime as reading converter.
19:55:18.293 [Test worker] DEBUG org.springframework.data.convert.CustomConversions - Adding converter from class java.lang.String to class java.time.OffsetDateTime as reading converter.
19:55:18.293 [Test worker] DEBUG org.springframework.data.convert.CustomConversions - Adding converter from class java.lang.String to class java.time.ZonedDateTime as reading converter.
19:55:18.293 [Test worker] DEBUG org.springframework.data.convert.CustomConversions - Adding converter from class java.lang.String to class java.util.UUID as reading converter.
19:55:18.293 [Test worker] DEBUG org.springframework.data.convert.CustomConversions - Adding converter from class java.util.UUID to class java.lang.String as writing converter.
19:55:18.294 [Test worker] DEBUG org.springframework.data.convert.CustomConversions - Adding converter from class java.util.Date to class java.time.LocalDateTime as reading converter.
19:55:18.294 [Test worker] DEBUG org.springframework.data.convert.CustomConversions - Adding converter from class java.time.LocalDateTime to class java.util.Date as writing converter.
19:55:18.294 [Test worker] DEBUG org.springframework.data.convert.CustomConversions - Adding converter from class java.util.Date to class java.time.LocalDate as reading converter.
19:55:18.294 [Test worker] DEBUG org.springframework.data.convert.CustomConversions - Adding converter from class java.time.LocalDate to class java.util.Date as writing converter.
19:55:18.294 [Test worker] DEBUG org.springframework.data.convert.CustomConversions - Adding converter from class java.util.Date to class java.time.LocalTime as reading converter.
19:55:18.294 [Test worker] DEBUG org.springframework.data.convert.CustomConversions - Adding converter from class java.time.LocalTime to class java.util.Date as writing converter.
19:55:18.294 [Test worker] DEBUG org.springframework.data.convert.CustomConversions - Adding converter from class java.util.Date to class java.time.Instant as reading converter.
19:55:18.294 [Test worker] DEBUG org.springframework.data.convert.CustomConversions - Adding converter from class java.time.Instant to class java.util.Date as writing converter.
19:55:18.295 [Test worker] DEBUG org.springframework.data.convert.CustomConversions - Adding converter from class java.time.LocalDateTime to class java.time.Instant as reading converter.
19:55:18.295 [Test worker] DEBUG org.springframework.data.convert.CustomConversions - Adding converter from class java.time.Instant to class java.time.LocalDateTime as reading converter.
19:55:18.295 [Test worker] DEBUG org.springframework.data.convert.CustomConversions - Adding converter from class java.time.ZoneId to class java.lang.String as writing converter.
19:55:18.295 [Test worker] DEBUG org.springframework.data.convert.CustomConversions - Adding converter from class java.lang.String to class java.time.ZoneId as reading converter.
19:55:18.295 [Test worker] DEBUG org.springframework.data.convert.CustomConversions - Adding converter from class java.time.Duration to class java.lang.String as writing converter.
19:55:18.295 [Test worker] DEBUG org.springframework.data.convert.CustomConversions - Adding converter from class java.lang.String to class java.time.Duration as reading converter.
19:55:18.295 [Test worker] DEBUG org.springframework.data.convert.CustomConversions - Adding converter from class java.time.Period to class java.lang.String as writing converter.
19:55:18.296 [Test worker] DEBUG org.springframework.data.convert.CustomConversions - Adding converter from class java.lang.String to class java.time.Period as reading converter.
19:55:18.296 [Test worker] DEBUG org.springframework.data.convert.CustomConversions - Adding converter from class java.lang.String to class java.time.LocalDate as reading converter.
19:55:18.296 [Test worker] DEBUG org.springframework.data.convert.CustomConversions - Adding converter from class java.lang.String to class java.time.LocalDateTime as reading converter.
19:55:18.296 [Test worker] DEBUG org.springframework.data.convert.CustomConversions - Adding converter from class java.lang.String to class java.time.Instant as reading converter.
19:55:18.307 [Test worker] DEBUG org.springframework.data.convert.CustomConversions - Adding converter from class java.util.Date to class java.lang.String as writing converter.
19:55:18.308 [Test worker] DEBUG org.springframework.data.convert.CustomConversions - Adding converter from class java.time.Instant to class java.lang.String as writing converter.
19:55:18.308 [Test worker] DEBUG org.springframework.data.convert.CustomConversions - Adding converter from class java.time.LocalDate to class java.lang.String as writing converter.
19:55:18.308 [Test worker] DEBUG org.springframework.data.convert.CustomConversions - Adding converter from class java.time.LocalDateTime to class java.lang.String as writing converter.
19:55:18.308 [Test worker] DEBUG org.springframework.data.convert.CustomConversions - Adding converter from class java.time.OffsetDateTime to class java.lang.String as writing converter.
19:55:18.308 [Test worker] DEBUG org.springframework.data.convert.CustomConversions - Adding converter from class java.time.ZonedDateTime to class java.lang.String as writing converter.
19:55:18.308 [Test worker] DEBUG org.springframework.data.convert.CustomConversions - Adding converter from class java.lang.String to class java.util.Date as reading converter.
19:55:18.308 [Test worker] DEBUG org.springframework.data.convert.CustomConversions - Adding converter from class java.lang.String to class java.time.Instant as reading converter.
19:55:18.308 [Test worker] DEBUG org.springframework.data.convert.CustomConversions - Adding converter from class java.lang.String to class java.time.LocalDate as reading converter.
19:55:18.308 [Test worker] DEBUG org.springframework.data.convert.CustomConversions - Adding converter from class java.lang.String to class java.time.LocalDateTime as reading converter.
19:55:18.308 [Test worker] DEBUG org.springframework.data.convert.CustomConversions - Adding converter from class java.lang.String to class java.time.OffsetDateTime as reading converter.
19:55:18.309 [Test worker] DEBUG org.springframework.data.convert.CustomConversions - Adding converter from class java.lang.String to class java.time.ZonedDateTime as reading converter.
19:55:18.309 [Test worker] DEBUG org.springframework.data.convert.CustomConversions - Adding converter from class java.lang.String to class java.util.UUID as reading converter.
19:55:18.309 [Test worker] DEBUG org.springframework.data.convert.CustomConversions - Adding converter from class java.util.UUID to class java.lang.String as writing converter.
19:55:18.309 [Test worker] DEBUG org.springframework.data.convert.CustomConversions - Adding converter from class java.util.Date to class java.time.LocalDateTime as reading converter.
19:55:18.309 [Test worker] DEBUG org.springframework.data.convert.CustomConversions - Adding converter from class java.time.LocalDateTime to class java.util.Date as writing converter.
19:55:18.309 [Test worker] DEBUG org.springframework.data.convert.CustomConversions - Adding converter from class java.util.Date to class java.time.LocalDate as reading converter.
19:55:18.309 [Test worker] DEBUG org.springframework.data.convert.CustomConversions - Adding converter from class java.time.LocalDate to class java.util.Date as writing converter.
19:55:18.309 [Test worker] DEBUG org.springframework.data.convert.CustomConversions - Adding converter from class java.util.Date to class java.time.LocalTime as reading converter.
19:55:18.309 [Test worker] DEBUG org.springframework.data.convert.CustomConversions - Adding converter from class java.time.LocalTime to class java.util.Date as writing converter.
19:55:18.309 [Test worker] DEBUG org.springframework.data.convert.CustomConversions - Adding converter from class java.util.Date to class java.time.Instant as reading converter.
19:55:18.310 [Test worker] DEBUG org.springframework.data.convert.CustomConversions - Adding converter from class java.time.Instant to class java.util.Date as writing converter.
19:55:18.310 [Test worker] DEBUG org.springframework.data.convert.CustomConversions - Adding converter from class java.time.LocalDateTime to class java.time.Instant as reading converter.
19:55:18.310 [Test worker] DEBUG org.springframework.data.convert.CustomConversions - Adding converter from class java.time.Instant to class java.time.LocalDateTime as reading converter.
19:55:18.310 [Test worker] DEBUG org.springframework.data.convert.CustomConversions - Adding converter from class java.time.ZoneId to class java.lang.String as writing converter.
19:55:18.310 [Test worker] DEBUG org.springframework.data.convert.CustomConversions - Adding converter from class java.lang.String to class java.time.ZoneId as reading converter.
19:55:18.310 [Test worker] DEBUG org.springframework.data.convert.CustomConversions - Adding converter from class java.time.Duration to class java.lang.String as writing converter.
19:55:18.310 [Test worker] DEBUG org.springframework.data.convert.CustomConversions - Adding converter from class java.lang.String to class java.time.Duration as reading converter.
19:55:18.310 [Test worker] DEBUG org.springframework.data.convert.CustomConversions - Adding converter from class java.time.Period to class java.lang.String as writing converter.
19:55:18.310 [Test worker] DEBUG org.springframework.data.convert.CustomConversions - Adding converter from class java.lang.String to class java.time.Period as reading converter.
19:55:18.311 [Test worker] DEBUG org.springframework.data.convert.CustomConversions - Adding converter from class java.lang.String to class java.time.LocalDate as reading converter.
19:55:18.311 [Test worker] DEBUG org.springframework.data.convert.CustomConversions - Adding converter from class java.lang.String to class java.time.LocalDateTime as reading converter.
19:55:18.311 [Test worker] DEBUG org.springframework.data.convert.CustomConversions - Adding converter from class java.lang.String to class java.time.Instant as reading converter.
19:55:18.318 [Test worker] DEBUG org.springframework.beans.factory.support.DefaultListableBeanFactory - Creating shared instance of singleton bean 'arangoTransactionalRepositoryImplFragment'
19:55:18.318 [Test worker] DEBUG org.springframework.beans.factory.support.DefaultListableBeanFactory - Creating shared instance of singleton bean 'arangoTransactionalRepositoryImpl'
19:55:18.319 [Test worker] DEBUG org.springframework.beans.factory.support.DefaultListableBeanFactory - Creating shared instance of singleton bean 'getTransactionManager'
19:55:18.320 [Test worker] DEBUG org.springframework.beans.factory.support.DefaultListableBeanFactory - Autowiring by type from bean name 'getTransactionManager' via factory method to bean named 'arangoTemplate'
19:55:18.320 [Test worker] DEBUG org.springframework.beans.factory.support.DefaultListableBeanFactory - Autowiring by type from bean name 'getTransactionManager' via factory method to bean named 'arangoConverter'
19:55:18.320 [Test worker] DEBUG org.springframework.beans.factory.support.DefaultListableBeanFactory - Autowiring by type from bean name 'getTransactionManager' via factory method to bean named 'arangoDBConfiguration'
19:55:18.320 [Test worker] DEBUG org.springframework.beans.factory.support.DefaultListableBeanFactory - Autowiring by type from bean name 'arangoTransactionalRepositoryImpl' via constructor to bean named 'getTransactionManager'
19:55:18.323 [Test worker] DEBUG org.springframework.data.repository.core.support.RepositoryFactorySupport - Initializing repository instance for com.talentica.arangodb.repository.BookRepository…
19:55:18.327 [Test worker] DEBUG org.springframework.data.repository.core.support.RepositoryFactorySupport - Finished creation of repository instance for com.talentica.arangodb.repository.BookRepository.
19:55:18.350 [Test worker] DEBUG com.arangodb.internal.velocystream.internal.VstConnection - Connection connection_1609770318350_0.7075564632636764 created
19:55:18.351 [Test worker] DEBUG com.arangodb.internal.net.ConnectionPoolImpl - Return Connection connection_1609770318350_0.7075564632636764
19:55:18.351 [Test worker] DEBUG com.arangodb.internal.velocystream.internal.VstConnection - Open connection to host[addr=localhost,port=8529]
19:55:18.351 [Test worker] DEBUG com.arangodb.internal.velocystream.internal.VstConnection - Connected to Socket[addr=localhost/127.0.0.1,port=8529,localport=45802]
19:55:18.351 [Test worker] DEBUG com.arangodb.internal.velocystream.internal.VstConnection - Send velocystream protocol header to Socket[addr=localhost/127.0.0.1,port=8529,localport=45802]
19:55:18.352 [pool-2-thread-1] DEBUG com.arangodb.internal.velocystream.internal.VstConnection - Start Callable for connection_1609770318350_0.7075564632636764
19:55:18.352 [Test worker] DEBUG com.arangodb.internal.velocystream.VstCommunicationSync - Send Message (id=11, head=[1,1000,"plain","root","password"], body={})
19:55:18.352 [Test worker] DEBUG com.arangodb.internal.velocystream.internal.VstConnection - Send chunk 1:1 from message 11
19:55:18.353 [pool-2-thread-1] DEBUG com.arangodb.internal.velocystream.internal.VstConnection - Received chunk 1:1 from message 11
19:55:18.353 [pool-2-thread-1] DEBUG com.arangodb.internal.velocystream.internal.VstConnection - Responsetime for Message 11 is 1
19:55:18.353 [pool-2-thread-1] DEBUG com.arangodb.internal.velocystream.internal.MessageStore - Received Message (id=11, head=[1,2,200,{}], body={"error":false,"errorNum":0,"code":200})
19:55:18.353 [Test worker] DEBUG com.arangodb.internal.net.HostSet - Added Host HostImpl [connectionPool=ConnectionPoolImpl [host=host[addr=localhost,port=8529], maxConnections=1, connections=1, current=1, factory=VstConnectionFactorySync], description=host[addr=localhost,port=8529], markforDeletion=false] - now 1 Hosts in List
19:55:18.353 [Test worker] DEBUG com.arangodb.internal.velocystream.VstCommunicationSync - Send Message (id=12, head=[1,1,"_system",1,"/_api/collection/Books",{},{"content-type":"application/x-velocypack","accept":"application/x-velocypack"}], body={})
19:55:18.353 [Test worker] DEBUG com.arangodb.internal.velocystream.internal.VstConnection - Send chunk 1:1 from message 12
19:55:18.354 [pool-2-thread-1] DEBUG com.arangodb.internal.velocystream.internal.VstConnection - Received chunk 1:1 from message 12
19:55:18.354 [pool-2-thread-1] DEBUG com.arangodb.internal.velocystream.internal.VstConnection - Responsetime for Message 12 is 1
19:55:18.354 [pool-2-thread-1] DEBUG com.arangodb.internal.velocystream.internal.MessageStore - Received Message (id=12, head=[1,2,200,{}], body={"error":false,"code":200,"type":2,"isSystem":false,"id":"2843677","globallyUniqueId":"h371E083F0103/2843677","name":"Books","status":3})
19:55:18.355 [Test worker] DEBUG com.arangodb.internal.net.ConnectionPoolImpl - Return Connection connection_1609770318350_0.7075564632636764
19:55:18.355 [Test worker] DEBUG com.arangodb.internal.velocystream.VstCommunicationSync - Send Message (id=13, head=[1,1,"test",1,"/_api/database/current",{},{"content-type":"application/x-velocypack","accept":"application/x-velocypack"}], body={})
19:55:18.355 [Test worker] DEBUG com.arangodb.internal.velocystream.internal.VstConnection - Send chunk 1:1 from message 13
19:55:18.355 [pool-2-thread-1] DEBUG com.arangodb.internal.velocystream.internal.VstConnection - Received chunk 1:1 from message 13
19:55:18.355 [pool-2-thread-1] DEBUG com.arangodb.internal.velocystream.internal.VstConnection - Responsetime for Message 13 is 0
19:55:18.355 [pool-2-thread-1] DEBUG com.arangodb.internal.velocystream.internal.MessageStore - Received Message (id=13, head=[1,2,200,{}], body={"error":false,"code":200,"result":{"id":"2846231","name":"test","isSystem":false,"path":"none"}})
19:55:18.356 [Test worker] DEBUG com.arangodb.internal.net.ConnectionPoolImpl - Return Connection connection_1609770318350_0.7075564632636764
19:55:18.357 [Test worker] DEBUG com.arangodb.internal.velocystream.VstCommunicationSync - Send Message (id=14, head=[1,1,"test",1,"/_api/collection/Books",{},{"content-type":"application/x-velocypack","accept":"application/x-velocypack"}], body={})
19:55:18.357 [Test worker] DEBUG com.arangodb.internal.velocystream.internal.VstConnection - Send chunk 1:1 from message 14
19:55:18.357 [pool-2-thread-1] DEBUG com.arangodb.internal.velocystream.internal.VstConnection - Received chunk 1:1 from message 14
19:55:18.357 [pool-2-thread-1] DEBUG com.arangodb.internal.velocystream.internal.VstConnection - Responsetime for Message 14 is 0
19:55:18.357 [pool-2-thread-1] DEBUG com.arangodb.internal.velocystream.internal.MessageStore - Received Message (id=14, head=[1,2,200,{}], body={"error":false,"code":200,"type":2,"isSystem":false,"id":"3668205","globallyUniqueId":"h371E083F0103/3668205","name":"Books","status":3})
19:55:18.359 [Test worker] DEBUG com.arangodb.internal.net.ConnectionPoolImpl - Return Connection connection_1609770318350_0.7075564632636764
19:55:18.360 [Test worker] DEBUG com.arangodb.internal.velocystream.VstCommunicationSync - Send Message (id=15, head=[1,1,"test",2,"/_api/index",{"collection":"Books"},{"content-type":"application/x-velocypack","accept":"application/x-velocypack"}], body={"fields":["uuid"],"sparse":false,"type":"persistent","unique":true})
19:55:18.360 [Test worker] DEBUG com.arangodb.internal.velocystream.internal.VstConnection - Send chunk 1:1 from message 15
19:55:18.360 [pool-2-thread-1] DEBUG com.arangodb.internal.velocystream.internal.VstConnection - Received chunk 1:1 from message 15
19:55:18.360 [pool-2-thread-1] DEBUG com.arangodb.internal.velocystream.internal.VstConnection - Responsetime for Message 15 is 0
19:55:18.360 [pool-2-thread-1] DEBUG com.arangodb.internal.velocystream.internal.MessageStore - Received Message (id=15, head=[1,2,200,{}], body={"deduplicate":true,"fields":["uuid"],"id":"Books/3668210","isNewlyCreated":false,"name":"idx_1687950692959911936","selectivityEstimate":1.0,"sparse":false,"type":"persistent","unique":true,"error":false,"code":200})
19:55:18.373 [Test worker] DEBUG com.arangodb.internal.net.ConnectionPoolImpl - Return Connection connection_1609770318350_0.7075564632636764
19:55:18.374 [Test worker] DEBUG com.arangodb.internal.velocystream.VstCommunicationSync - Send Message (id=16, head=[1,1,"test",2,"/_api/transaction",{},{"content-type":"application/x-velocypack","accept":"application/x-velocypack"}], body={"action":"function(){\n var result = [];db = require(\"@arangodb\").db; \nresult[0]=db._query(\"LET doc = {\\\"uuid\\\":\\\"0357628f-9968-434a-a724-79d98493dd60\\\",\\\"title\\\":\\\"Little Wizard Stories of Oz\\\",\\\"subjects\\\":[\\\"Short stories\\\",\\\"Oz (Imaginary place) -- Juvenile fiction\\\",\\\"Children's stories, American\\\",\\\"Fantasy literature\\\",\\\"PZ\\\"],\\\"bookshelves\\\":[\\\"Children's Literature\\\"],\\\"formats\\\":[{\\\"url\\\":\\\"https:\\/\\/www.gutenberg.org\\/ebooks\\/25519.txt.utf-8\\\",\\\"format\\\":\\\"text\\/plain\\\",\\\"extent\\\":82387,\\\"modified\\\":\\\"2020-11-12T22:37:19.000Z\\\"},{\\\"url\\\":\\\"https:\\/\\/www.gutenberg.org\\/cache\\/epub\\/25519\\/pg25519.cover.medium.jpg\\\",\\\"format\\\":\\\"image\\/jpeg\\\",\\\"extent\\\":28541,\\\"modified\\\":\\\"2020-11-12T22:37:23.000Z\\\"},{\\\"url\\\":\\\"https:\\/\\/www.gutenberg.org\\/files\\/25519\\/25519-h\\/25519-h.htm\\\",\\\"format\\\":\\\"text\\/html; charset=iso-8859-1\\\",\\\"extent\\\":96891,\\\"modified\\\":\\\"2008-05-19T07:06:47.000Z\\\"},{\\\"url\\\":\\\"https:\\/\\/www.gutenberg.org\\/ebooks\\/25519.rdf\\\",\\\"format\\\":\\\"application\\/rdf+xml\\\",\\\"extent\\\":15353,\\\"modified\\\":\\\"2020-12-09T23:52:50.000Z\\\"},{\\\"url\\\":\\\"https:\\/\\/www.gutenberg.org\\/files\\/25519\\/25519.zip\\\",\\\"format\\\":\\\"application\\/zip\\\",\\\"extent\\\":31335,\\\"modified\\\":\\\"2008-05-19T06:53:53.000Z\\\"},{\\\"url\\\":\\\"https:\\/\\/www.gutenberg.org\\/files\\/25519\\/25519-h.zip\\\",\\\"format\\\":\\\"text\\/html; charset=iso-8859-1\\\",\\\"extent\\\":2432399,\\\"modified\\\":\\\"2008-05-19T07:10:43.000Z\\\"},{\\\"url\\\":\\\"https:\\/\\/www.gutenberg.org\\/ebooks\\/25519.epub.images\\\",\\\"format\\\":\\\"application\\/epub+zip\\\",\\\"extent\\\":2375216,\\\"modified\\\":\\\"2020-11-12T22:37:21.000Z\\\"},{\\\"url\\\":\\\"https:\\/\\/www.gutenberg.org\\/ebooks\\/25519.kindle.images\\\",\\\"format\\\":\\\"application\\/x-mobipocket-ebook\\\",\\\"extent\\\":4826772,\\\"modified\\\":\\\"2020-11-12T22:37:23.000Z\\\"},{\\\"url\\\":\\\"https:\\/\\/www.gutenberg.org\\/ebooks\\/25519.kindle.noimages\\\",\\\"format\\\":\\\"application\\/x-mobipocket-ebook\\\",\\\"extent\\\":294097,\\\"modified\\\":\\\"2020-11-12T22:37:23.000Z\\\"},{\\\"url\\\":\\\"https:\\/\\/www.gutenberg.org\\/cache\\/epub\\/25519\\/pg25519.cover.small.jpg\\\",\\\"format\\\":\\\"image\\/jpeg\\\",\\\"extent\\\":4408,\\\"modified\\\":\\\"2020-11-12T22:37:23.000Z\\\"},{\\\"url\\\":\\\"https:\\/\\/www.gutenberg.org\\/ebooks\\/25519.epub.noimages\\\",\\\"format\\\":\\\"application\\/epub+zip\\\",\\\"extent\\\":89149,\\\"modified\\\":\\\"2020-11-12T22:37:21.000Z\\\"},{\\\"url\\\":\\\"https:\\/\\/www.gutenberg.org\\/files\\/25519\\/25519.txt\\\",\\\"format\\\":\\\"text\\/plain; charset=us-ascii\\\",\\\"extent\\\":82386,\\\"modified\\\":\\\"2008-05-19T06:53:53.000Z\\\"}],\\\"creators\\\":[{\\\"name\\\":\\\"Baum, L. Frank (Lyman Frank)\\\",\\\"birthDate\\\":1856,\\\"deathDate\\\":1919,\\\"alias\\\":\\\"Metcalf, Suzanne\\\",\\\"webpage\\\":\\\"https:\\/\\/en.wikipedia.org\\/wiki\\/L._Frank_Baum\\\"}],\\\"downloads\\\":133,\\\"_class\\\":\\\"com.talentica.arangodb.entity.Book\\\"} UPSERT { _key: doc._key } INSERT doc._key == null ? UNSET(doc, \\\"_key\\\") : doc REPLACE doc IN Books OPTIONS { ignoreRevs: false } RETURN NEW\")['_documents'][0];\nreturn result; \n }","collections":{"write":["Books"]},"waitForSync":true})
19:55:18.374 [Test worker] DEBUG com.arangodb.internal.velocystream.internal.VstConnection - Send chunk 1:1 from message 16
19:55:18.380 [pool-2-thread-1] DEBUG com.arangodb.internal.velocystream.internal.VstConnection - Received chunk 1:1 from message 16
19:55:18.380 [pool-2-thread-1] DEBUG com.arangodb.internal.velocystream.internal.VstConnection - Responsetime for Message 16 is 6
19:55:18.381 [pool-2-thread-1] DEBUG com.arangodb.internal.velocystream.internal.MessageStore - Received Message (id=16, head=[1,2,200,{}], body={"error":false,"code":200,"result":[{"_key":"3678039","_id":"Books/3678039","_rev":"_bq1Hsge---","_class":"com.talentica.arangodb.entity.Book","bookshelves":["Children's Literature"],"creators":[{"name":"Baum, L. Frank (Lyman Frank)","birthDate":1856,"deathDate":1919,"alias":"Metcalf, Suzanne","webpage":"https://en.wikipedia.org/wiki/L._Frank_Baum"}],"downloads":133,"formats":[{"url":"https://www.gutenberg.org/ebooks/25519.txt.utf-8","format":"text/plain","extent":82387,"modified":"2020-11-12T22:37:19.000Z"},{"url":"https://www.gutenberg.org/cache/epub/25519/pg25519.cover.medium.jpg","format":"image/jpeg","extent":28541,"modified":"2020-11-12T22:37:23.000Z"},{"url":"https://www.gutenberg.org/files/25519/25519-h/25519-h.htm","format":"text/html; charset=iso-8859-1","extent":96891,"modified":"2008-05-19T07:06:47.000Z"},{"url":"https://www.gutenberg.org/ebooks/25519.rdf","format":"application/rdf+xml","extent":15353,"modified":"2020-12-09T23:52:50.000Z"},{"url":"https://www.gutenberg.org/files/25519/25519.zip","format":"application/zip","extent":31335,"modified":"2008-05-19T06:53:53.000Z"},{"url":"https://www.gutenberg.org/files/25519/25519-h.zip","format":"text/html; charset=iso-8859-1","extent":2432399,"modified":"2008-05-19T07:10:43.000Z"},{"url":"https://www.gutenberg.org/ebooks/25519.epub.images","format":"application/epub+zip","extent":2375216,"modified":"2020-11-12T22:37:21.000Z"},{"url":"https://www.gutenberg.org/ebooks/25519.kindle.images","format":"application/x-mobipocket-ebook","extent":4826772,"modified":"2020-11-12T22:37:23.000Z"},{"url":"https://www.gutenberg.org/ebooks/25519.kindle.noimages","format":"application/x-mobipocket-ebook","extent":294097,"modified":"2020-11-12T22:37:23.000Z"},{"url":"https://www.gutenberg.org/cache/epub/25519/pg25519.cover.small.jpg","format":"image/jpeg","extent":4408,"modified":"2020-11-12T22:37:23.000Z"},{"url":"https://www.gutenberg.org/ebooks/25519.epub.noimages","format":"application/epub+zip","extent":89149,"modified":"2020-11-12T22:37:21.000Z"},{"url":"https://www.gutenberg.org/files/25519/25519.txt","format":"text/plain; charset=us-ascii","extent":82386,"modified":"2008-05-19T06:53:53.000Z"}],"subjects":["Short stories","Oz (Imaginary place) -- Juvenile fiction","Children's stories, American","Fantasy literature","PZ"],"title":"Little Wizard Stories of Oz","uuid":"0357628f-9968-434a-a724-79d98493dd60"}]})
19:55:18.387 [Test worker] DEBUG com.arangodb.internal.net.ConnectionPoolImpl - Return Connection connection_1609770318350_0.7075564632636764
19:55:18.387 [Test worker] DEBUG com.arangodb.internal.velocystream.VstCommunicationSync - Send Message (id=17, head=[1,1,"test",2,"/_api/cursor",{},{"content-type":"application/x-velocypack","accept":"application/x-velocypack"}], body={"bindVars":{"0":"0357628f-9968-434a-a724-79d98493dd60"},"query":"FOR e IN Books FILTER e.uuid == @0  RETURN e"})
19:55:18.387 [Test worker] DEBUG com.arangodb.internal.velocystream.internal.VstConnection - Send chunk 1:1 from message 17
19:55:18.388 [pool-2-thread-1] DEBUG com.arangodb.internal.velocystream.internal.VstConnection - Received chunk 1:1 from message 17
19:55:18.388 [pool-2-thread-1] DEBUG com.arangodb.internal.velocystream.internal.VstConnection - Responsetime for Message 17 is 1
19:55:18.389 [pool-2-thread-1] DEBUG com.arangodb.internal.velocystream.internal.MessageStore - Received Message (id=17, head=[1,2,201,{}], body={"result":[{"_key":"3678039","_id":"Books/3678039","_rev":"_bq1Hsge---","_class":"com.talentica.arangodb.entity.Book","bookshelves":["Children's Literature"],"creators":[{"name":"Baum, L. Frank (Lyman Frank)","birthDate":1856,"deathDate":1919,"alias":"Metcalf, Suzanne","webpage":"https://en.wikipedia.org/wiki/L._Frank_Baum"}],"downloads":133,"formats":[{"url":"https://www.gutenberg.org/ebooks/25519.txt.utf-8","format":"text/plain","extent":82387,"modified":"2020-11-12T22:37:19.000Z"},{"url":"https://www.gutenberg.org/cache/epub/25519/pg25519.cover.medium.jpg","format":"image/jpeg","extent":28541,"modified":"2020-11-12T22:37:23.000Z"},{"url":"https://www.gutenberg.org/files/25519/25519-h/25519-h.htm","format":"text/html; charset=iso-8859-1","extent":96891,"modified":"2008-05-19T07:06:47.000Z"},{"url":"https://www.gutenberg.org/ebooks/25519.rdf","format":"application/rdf+xml","extent":15353,"modified":"2020-12-09T23:52:50.000Z"},{"url":"https://www.gutenberg.org/files/25519/25519.zip","format":"application/zip","extent":31335,"modified":"2008-05-19T06:53:53.000Z"},{"url":"https://www.gutenberg.org/files/25519/25519-h.zip","format":"text/html; charset=iso-8859-1","extent":2432399,"modified":"2008-05-19T07:10:43.000Z"},{"url":"https://www.gutenberg.org/ebooks/25519.epub.images","format":"application/epub+zip","extent":2375216,"modified":"2020-11-12T22:37:21.000Z"},{"url":"https://www.gutenberg.org/ebooks/25519.kindle.images","format":"application/x-mobipocket-ebook","extent":4826772,"modified":"2020-11-12T22:37:23.000Z"},{"url":"https://www.gutenberg.org/ebooks/25519.kindle.noimages","format":"application/x-mobipocket-ebook","extent":294097,"modified":"2020-11-12T22:37:23.000Z"},{"url":"https://www.gutenberg.org/cache/epub/25519/pg25519.cover.small.jpg","format":"image/jpeg","extent":4408,"modified":"2020-11-12T22:37:23.000Z"},{"url":"https://www.gutenberg.org/ebooks/25519.epub.noimages","format":"application/epub+zip","extent":89149,"modified":"2020-11-12T22:37:21.000Z"},{"url":"https://www.gutenberg.org/files/25519/25519.txt","format":"text/plain; charset=us-ascii","extent":82386,"modified":"2008-05-19T06:53:53.000Z"}],"subjects":["Short stories","Oz (Imaginary place) -- Juvenile fiction","Children's stories, American","Fantasy literature","PZ"],"title":"Little Wizard Stories of Oz","uuid":"0357628f-9968-434a-a724-79d98493dd60"}],"hasMore":false,"cached":false,"extra":{"stats":{"writesExecuted":0,"writesIgnored":0,"scannedFull":0,"scannedIndex":1,"filtered":0,"httpRequests":0,"executionTime":2.0513500203378499E-4,"peakMemoryUsage":24005},"warnings":[]},"error":false,"code":201})
19:55:18.389 [Test worker] DEBUG com.arangodb.internal.ArangoExecutorSync - Response is MetaAware com.arangodb.entity.CursorEntity
19:55:18.402 [Test worker] DEBUG com.arangodb.internal.net.ConnectionPoolImpl - Return Connection connection_1609770318350_0.7075564632636764
19:55:18.403 [Test worker] DEBUG com.arangodb.internal.velocystream.VstCommunicationSync - Send Message (id=18, head=[1,1,"test",2,"/_api/transaction",{},{"content-type":"application/x-velocypack","accept":"application/x-velocypack"}], body={"action":"function(){\n var result = [];db = require(\"@arangodb\").db; \nresult[0]=db._query(\"LET doc = {\\\"_key\\\":\\\"3678039\\\",\\\"uuid\\\":\\\"0357628f-9968-434a-a724-79d98493dd60\\\",\\\"title\\\":\\\"Little Wizard Stories of Oz\\\",\\\"subjects\\\":[\\\"Short stories\\\",\\\"Oz (Imaginary place) -- Juvenile fiction\\\",\\\"Children's stories, American\\\",\\\"Fantasy literature\\\",\\\"PZ\\\"],\\\"bookshelves\\\":[\\\"Children's Literature\\\"],\\\"formats\\\":[{\\\"url\\\":\\\"https:\\/\\/www.gutenberg.org\\/ebooks\\/25519.txt.utf-8\\\",\\\"format\\\":\\\"text\\/plain\\\",\\\"extent\\\":82387,\\\"modified\\\":\\\"2020-11-12T22:37:19.000Z\\\"},{\\\"url\\\":\\\"https:\\/\\/www.gutenberg.org\\/cache\\/epub\\/25519\\/pg25519.cover.medium.jpg\\\",\\\"format\\\":\\\"image\\/jpeg\\\",\\\"extent\\\":28541,\\\"modified\\\":\\\"2020-11-12T22:37:23.000Z\\\"},{\\\"url\\\":\\\"https:\\/\\/www.gutenberg.org\\/files\\/25519\\/25519-h\\/25519-h.htm\\\",\\\"format\\\":\\\"text\\/html; charset=iso-8859-1\\\",\\\"extent\\\":96891,\\\"modified\\\":\\\"2008-05-19T07:06:47.000Z\\\"},{\\\"url\\\":\\\"https:\\/\\/www.gutenberg.org\\/ebooks\\/25519.rdf\\\",\\\"format\\\":\\\"application\\/rdf+xml\\\",\\\"extent\\\":15353,\\\"modified\\\":\\\"2020-12-09T23:52:50.000Z\\\"},{\\\"url\\\":\\\"https:\\/\\/www.gutenberg.org\\/files\\/25519\\/25519.zip\\\",\\\"format\\\":\\\"application\\/zip\\\",\\\"extent\\\":31335,\\\"modified\\\":\\\"2008-05-19T06:53:53.000Z\\\"},{\\\"url\\\":\\\"https:\\/\\/www.gutenberg.org\\/files\\/25519\\/25519-h.zip\\\",\\\"format\\\":\\\"text\\/html; charset=iso-8859-1\\\",\\\"extent\\\":2432399,\\\"modified\\\":\\\"2008-05-19T07:10:43.000Z\\\"},{\\\"url\\\":\\\"https:\\/\\/www.gutenberg.org\\/ebooks\\/25519.epub.images\\\",\\\"format\\\":\\\"application\\/epub+zip\\\",\\\"extent\\\":2375216,\\\"modified\\\":\\\"2020-11-12T22:37:21.000Z\\\"},{\\\"url\\\":\\\"https:\\/\\/www.gutenberg.org\\/ebooks\\/25519.kindle.images\\\",\\\"format\\\":\\\"application\\/x-mobipocket-ebook\\\",\\\"extent\\\":4826772,\\\"modified\\\":\\\"2020-11-12T22:37:23.000Z\\\"},{\\\"url\\\":\\\"https:\\/\\/www.gutenberg.org\\/ebooks\\/25519.kindle.noimages\\\",\\\"format\\\":\\\"application\\/x-mobipocket-ebook\\\",\\\"extent\\\":294097,\\\"modified\\\":\\\"2020-11-12T22:37:23.000Z\\\"},{\\\"url\\\":\\\"https:\\/\\/www.gutenberg.org\\/cache\\/epub\\/25519\\/pg25519.cover.small.jpg\\\",\\\"format\\\":\\\"image\\/jpeg\\\",\\\"extent\\\":4408,\\\"modified\\\":\\\"2020-11-12T22:37:23.000Z\\\"},{\\\"url\\\":\\\"https:\\/\\/www.gutenberg.org\\/ebooks\\/25519.epub.noimages\\\",\\\"format\\\":\\\"application\\/epub+zip\\\",\\\"extent\\\":89149,\\\"modified\\\":\\\"2020-11-12T22:37:21.000Z\\\"},{\\\"url\\\":\\\"https:\\/\\/www.gutenberg.org\\/files\\/25519\\/25519.txt\\\",\\\"format\\\":\\\"text\\/plain; charset=us-ascii\\\",\\\"extent\\\":82386,\\\"modified\\\":\\\"2008-05-19T06:53:53.000Z\\\"}],\\\"creators\\\":[{\\\"name\\\":\\\"Baum, L. Frank (Lyman Frank)\\\",\\\"birthDate\\\":1856,\\\"deathDate\\\":1919,\\\"alias\\\":\\\"Metcalf, Suzanne\\\",\\\"webpage\\\":\\\"https:\\/\\/en.wikipedia.org\\/wiki\\/L._Frank_Baum\\\"}],\\\"downloads\\\":1,\\\"_rev\\\":\\\"_bmNZa4C---\\\",\\\"_class\\\":\\\"com.talentica.arangodb.entity.Book\\\"} UPSERT { _key: doc._key } INSERT doc._key == null ? UNSET(doc, \\\"_key\\\") : doc REPLACE doc IN Books OPTIONS { ignoreRevs: false } RETURN NEW\")['_documents'][0];\nresult[1]=db._query(\"LET doc = {\\\"uuid\\\":\\\"d6a51a07-12aa-4d57-b010-c02d9ad7e789\\\",\\\"title\\\":\\\"Moby-Dick; or, The Whale\\\",\\\"subjects\\\":[\\\"Whaling ships -- Fiction\\\",\\\"Whaling -- Fiction\\\",\\\"Ship captains -- Fiction\\\",\\\"Sea stories\\\",\\\"Ahab, Captain (Fictitious character) -- Fiction\\\",\\\"PS\\\",\\\"Psychological fiction\\\",\\\"Mentally ill -- Fiction\\\",\\\"Adventure stories\\\",\\\"Whales -- Fiction\\\"],\\\"bookshelves\\\":[\\\"Best Books Ever Listings\\\",\\\"Adventure\\\"],\\\"formats\\\":[{\\\"url\\\":\\\"http:\\/\\/www.gutenberg.org\\/files\\/15\\/15-h\\/15-h.htm\\\",\\\"format\\\":\\\"text\\/html; charset=utf-8\\\",\\\"extent\\\":1364131,\\\"modified\\\":\\\"2020-11-26T15:41:18.000Z\\\"},{\\\"url\\\":\\\"http:\\/\\/www.gutenberg.org\\/files\\/15\\/15-0.zip\\\",\\\"format\\\":\\\"text\\/plain; charset=utf-8\\\",\\\"extent\\\":514184,\\\"modified\\\":\\\"2020-11-26T15:50:01.000Z\\\"},{\\\"url\\\":\\\"http:\\/\\/www.gutenberg.org\\/ebooks\\/15.kindle.noimages\\\",\\\"format\\\":\\\"application\\/x-mobipocket-ebook\\\",\\\"extent\\\":2558187,\\\"modified\\\":\\\"2020-11-30T22:01:23.000Z\\\"},{\\\"url\\\":\\\"http:\\/\\/www.gutenberg.org\\/files\\/15\\/15-0.txt\\\",\\\"format\\\":\\\"text\\/plain; charset=utf-8\\\",\\\"extent\\\":1276817,\\\"modified\\\":\\\"2020-11-26T15:50:01.000Z\\\"},{\\\"url\\\":\\\"http:\\/\\/www.gutenberg.org\\/cache\\/epub\\/15\\/pg15.cover.small.jpg\\\",\\\"format\\\":\\\"image\\/jpeg\\\",\\\"extent\\\":3889,\\\"modified\\\":\\\"2020-11-30T22:01:23.000Z\\\"},{\\\"url\\\":\\\"http:\\/\\/www.gutenberg.org\\/cache\\/epub\\/15\\/pg15.cover.medium.jpg\\\",\\\"format\\\":\\\"image\\/jpeg\\\",\\\"extent\\\":13524,\\\"modified\\\":\\\"2020-11-30T22:01:24.000Z\\\"},{\\\"url\\\":\\\"http:\\/\\/www.gutenberg.org\\/ebooks\\/15.epub.noimages\\\",\\\"format\\\":\\\"application\\/epub+zip\\\",\\\"extent\\\":725851,\\\"modified\\\":\\\"2020-11-30T22:01:17.000Z\\\"},{\\\"url\\\":\\\"http:\\/\\/www.gutenberg.org\\/files\\/15\\/15-h.zip\\\",\\\"format\\\":\\\"text\\/html; charset=utf-8\\\",\\\"extent\\\":524252,\\\"modified\\\":\\\"2020-11-26T15:42:23.000Z\\\"},{\\\"url\\\":\\\"http:\\/\\/www.gutenberg.org\\/ebooks\\/15.kindle.images\\\",\\\"format\\\":\\\"application\\/x-mobipocket-ebook\\\",\\\"extent\\\":2565436,\\\"modified\\\":\\\"2020-11-30T22:01:20.000Z\\\"},{\\\"url\\\":\\\"http:\\/\\/www.gutenberg.org\\/files\\/15\\/15.zip\\\",\\\"format\\\":\\\"text\\/html; charset=utf-8\\\",\\\"extent\\\":524252,\\\"modified\\\":\\\"2020-11-26T15:41:57.000Z\\\"},{\\\"url\\\":\\\"http:\\/\\/www.gutenberg.org\\/ebooks\\/15.epub.images\\\",\\\"format\\\":\\\"application\\/epub+zip\\\",\\\"extent\\\":731192,\\\"modified\\\":\\\"2020-11-30T22:01:16.000Z\\\"},{\\\"url\\\":\\\"http:\\/\\/www.gutenberg.org\\/ebooks\\/15.rdf\\\",\\\"format\\\":\\\"application\\/rdf+xml\\\",\\\"extent\\\":16008,\\\"modified\\\":\\\"2020-12-02T23:30:05.000Z\\\"}],\\\"creators\\\":[{\\\"name\\\":\\\"Melville, Herman\\\",\\\"birthDate\\\":1819,\\\"deathDate\\\":1891,\\\"alias\\\":\\\"Melville, Hermann\\\",\\\"webpage\\\":\\\"https:\\/\\/en.wikipedia.org\\/wiki\\/Herman_Melville\\\"}],\\\"downloads\\\":850,\\\"_class\\\":\\\"com.talentica.arangodb.entity.Book\\\"} UPSERT { _key: doc._key } INSERT doc._key == null ? UNSET(doc, \\\"_key\\\") : doc REPLACE doc IN Books OPTIONS { ignoreRevs: false } RETURN NEW\")['_documents'][0];\nreturn result; \n }","collections":{"write":["Books","Books"]},"waitForSync":true})
19:55:18.403 [Test worker] DEBUG com.arangodb.internal.velocystream.internal.VstConnection - Send chunk 1:1 from message 18
19:55:18.404 [pool-2-thread-1] DEBUG com.arangodb.internal.velocystream.internal.VstConnection - Received chunk 1:1 from message 18
19:55:18.405 [pool-2-thread-1] DEBUG com.arangodb.internal.velocystream.internal.VstConnection - Responsetime for Message 18 is 2
19:55:18.405 [pool-2-thread-1] DEBUG com.arangodb.internal.velocystream.internal.MessageStore - Received Message (id=18, head=[1,2,409,{}], body={"code":409,"error":true,"errorMessage":"AQL: conflict (while executing)","errorNum":1200})
19:55:18.407 [Test worker] DEBUG com.arangodb.internal.net.ConnectionPoolImpl - Return Connection connection_1609770318350_0.7075564632636764
19:55:18.407 [Test worker] DEBUG com.arangodb.internal.velocystream.VstCommunicationSync - Send Message (id=19, head=[1,1,"test",2,"/_api/cursor",{},{"content-type":"application/x-velocypack","accept":"application/x-velocypack"}], body={"bindVars":{"0":"0357628f-9968-434a-a724-79d98493dd60"},"query":"FOR e IN Books FILTER e.uuid == @0  RETURN e"})
19:55:18.407 [Test worker] DEBUG com.arangodb.internal.velocystream.internal.VstConnection - Send chunk 1:1 from message 19
19:55:18.408 [pool-2-thread-1] DEBUG com.arangodb.internal.velocystream.internal.VstConnection - Received chunk 1:1 from message 19
19:55:18.408 [pool-2-thread-1] DEBUG com.arangodb.internal.velocystream.internal.VstConnection - Responsetime for Message 19 is 1
19:55:18.408 [pool-2-thread-1] DEBUG com.arangodb.internal.velocystream.internal.MessageStore - Received Message (id=19, head=[1,2,201,{}], body={"result":[{"_key":"3678039","_id":"Books/3678039","_rev":"_bq1Hsge---","_class":"com.talentica.arangodb.entity.Book","bookshelves":["Children's Literature"],"creators":[{"name":"Baum, L. Frank (Lyman Frank)","birthDate":1856,"deathDate":1919,"alias":"Metcalf, Suzanne","webpage":"https://en.wikipedia.org/wiki/L._Frank_Baum"}],"downloads":133,"formats":[{"url":"https://www.gutenberg.org/ebooks/25519.txt.utf-8","format":"text/plain","extent":82387,"modified":"2020-11-12T22:37:19.000Z"},{"url":"https://www.gutenberg.org/cache/epub/25519/pg25519.cover.medium.jpg","format":"image/jpeg","extent":28541,"modified":"2020-11-12T22:37:23.000Z"},{"url":"https://www.gutenberg.org/files/25519/25519-h/25519-h.htm","format":"text/html; charset=iso-8859-1","extent":96891,"modified":"2008-05-19T07:06:47.000Z"},{"url":"https://www.gutenberg.org/ebooks/25519.rdf","format":"application/rdf+xml","extent":15353,"modified":"2020-12-09T23:52:50.000Z"},{"url":"https://www.gutenberg.org/files/25519/25519.zip","format":"application/zip","extent":31335,"modified":"2008-05-19T06:53:53.000Z"},{"url":"https://www.gutenberg.org/files/25519/25519-h.zip","format":"text/html; charset=iso-8859-1","extent":2432399,"modified":"2008-05-19T07:10:43.000Z"},{"url":"https://www.gutenberg.org/ebooks/25519.epub.images","format":"application/epub+zip","extent":2375216,"modified":"2020-11-12T22:37:21.000Z"},{"url":"https://www.gutenberg.org/ebooks/25519.kindle.images","format":"application/x-mobipocket-ebook","extent":4826772,"modified":"2020-11-12T22:37:23.000Z"},{"url":"https://www.gutenberg.org/ebooks/25519.kindle.noimages","format":"application/x-mobipocket-ebook","extent":294097,"modified":"2020-11-12T22:37:23.000Z"},{"url":"https://www.gutenberg.org/cache/epub/25519/pg25519.cover.small.jpg","format":"image/jpeg","extent":4408,"modified":"2020-11-12T22:37:23.000Z"},{"url":"https://www.gutenberg.org/ebooks/25519.epub.noimages","format":"application/epub+zip","extent":89149,"modified":"2020-11-12T22:37:21.000Z"},{"url":"https://www.gutenberg.org/files/25519/25519.txt","format":"text/plain; charset=us-ascii","extent":82386,"modified":"2008-05-19T06:53:53.000Z"}],"subjects":["Short stories","Oz (Imaginary place) -- Juvenile fiction","Children's stories, American","Fantasy literature","PZ"],"title":"Little Wizard Stories of Oz","uuid":"0357628f-9968-434a-a724-79d98493dd60"}],"hasMore":false,"cached":false,"extra":{"stats":{"writesExecuted":0,"writesIgnored":0,"scannedFull":0,"scannedIndex":1,"filtered":0,"httpRequests":0,"executionTime":2.1519399888347834E-4,"peakMemoryUsage":24005},"warnings":[]},"error":false,"code":201})
19:55:18.409 [Test worker] DEBUG com.arangodb.internal.ArangoExecutorSync - Response is MetaAware com.arangodb.entity.CursorEntity
19:55:18.412 [Test worker] DEBUG com.arangodb.internal.net.ConnectionPoolImpl - Return Connection connection_1609770318350_0.7075564632636764
19:55:18.412 [Test worker] DEBUG com.arangodb.internal.velocystream.VstCommunicationSync - Send Message (id=20, head=[1,1,"test",2,"/_api/cursor",{},{"content-type":"application/x-velocypack","accept":"application/x-velocypack"}], body={"bindVars":{"0":"d6a51a07-12aa-4d57-b010-c02d9ad7e789"},"query":"FOR e IN Books FILTER e.uuid == @0  RETURN e"})
19:55:18.412 [Test worker] DEBUG com.arangodb.internal.velocystream.internal.VstConnection - Send chunk 1:1 from message 20
19:55:18.413 [pool-2-thread-1] DEBUG com.arangodb.internal.velocystream.internal.VstConnection - Received chunk 1:1 from message 20
19:55:18.413 [pool-2-thread-1] DEBUG com.arangodb.internal.velocystream.internal.VstConnection - Responsetime for Message 20 is 1
19:55:18.413 [pool-2-thread-1] DEBUG com.arangodb.internal.velocystream.internal.MessageStore - Received Message (id=20, head=[1,2,201,{}], body={"result":[],"hasMore":false,"cached":false,"extra":{"stats":{"writesExecuted":0,"writesIgnored":0,"scannedFull":0,"scannedIndex":0,"filtered":0,"httpRequests":0,"executionTime":2.398530050413683E-4,"peakMemoryUsage":21800},"warnings":[]},"error":false,"code":201})
19:55:18.413 [Test worker] DEBUG com.arangodb.internal.ArangoExecutorSync - Response is MetaAware com.arangodb.entity.CursorEntity
19:55:18.421 [Test worker] DEBUG org.springframework.context.annotation.AnnotationConfigApplicationContext - Refreshing org.springframework.context.annotation.AnnotationConfigApplicationContext@34f0a853
19:55:18.421 [Test worker] DEBUG org.springframework.beans.factory.support.DefaultListableBeanFactory - Creating shared instance of singleton bean 'org.springframework.context.annotation.internalConfigurationAnnotationProcessor'
19:55:18.425 [Test worker] DEBUG org.springframework.context.annotation.ClassPathBeanDefinitionScanner - Identified candidate component class: file [/media/debashishc/T7/work/arangodb/build/classes/java/test/com/talentica/arangodb/ArangoDBConfiguration.class]
19:55:18.426 [Test worker] DEBUG org.springframework.context.annotation.ClassPathBeanDefinitionScanner - Ignored because not a concrete top-level class: file [/media/debashishc/T7/work/arangodb/build/classes/java/test/com/talentica/arangodb/repository/BookRepository.class]
19:55:18.427 [Test worker] DEBUG org.springframework.context.annotation.ClassPathBeanDefinitionScanner - Identified candidate component class: file [/media/debashishc/T7/work/arangodb/build/classes/java/test/com/talentica/arangodb/service/BookLoaderService.class]
19:55:18.433 [Test worker] INFO org.springframework.data.repository.config.RepositoryConfigurationDelegate - Bootstrapping Spring Data ArangoDB repositories in DEFAULT mode.
19:55:18.433 [Test worker] DEBUG org.springframework.data.repository.config.RepositoryConfigurationDelegate - Scanning for ArangoDB repositories in packages com.talentica.arangodb.repository.
19:55:18.435 [Test worker] DEBUG org.springframework.data.repository.config.RepositoryComponentProvider - Identified candidate component class: file [/media/debashishc/T7/work/arangodb/build/classes/java/test/com/talentica/arangodb/repository/BookRepository.class]
19:55:18.436 [Test worker] DEBUG org.springframework.context.annotation.ClassPathScanningCandidateComponentProvider - Identified candidate component class: file [/media/debashishc/T7/work/arangodb/build/classes/java/main/com/talentica/arangodb/repository/ArangoTransactionalRepositoryImpl.class]
19:55:18.437 [Test worker] DEBUG org.springframework.data.repository.config.RepositoryBeanDefinitionBuilder - Registering repository fragment implementation: arangoTransactionalRepositoryImpl com.talentica.arangodb.repository.ArangoTransactionalRepositoryImpl
19:55:18.437 [Test worker] DEBUG org.springframework.data.repository.config.RepositoryBeanDefinitionBuilder - Registering repository fragment: arangoTransactionalRepositoryImplFragment
19:55:18.437 [Test worker] INFO org.springframework.data.repository.config.RepositoryConfigurationDelegate - Finished Spring Data repository scanning in 3ms. Found 1 ArangoDB repository interfaces.
19:55:18.440 [Test worker] DEBUG org.springframework.beans.factory.support.DefaultListableBeanFactory - Creating shared instance of singleton bean 'org.springframework.context.event.internalEventListenerProcessor'
19:55:18.441 [Test worker] DEBUG org.springframework.beans.factory.support.DefaultListableBeanFactory - Creating shared instance of singleton bean 'org.springframework.context.event.internalEventListenerFactory'
19:55:18.441 [Test worker] DEBUG org.springframework.beans.factory.support.DefaultListableBeanFactory - Creating shared instance of singleton bean 'org.springframework.transaction.config.internalTransactionalEventListenerFactory'
19:55:18.441 [Test worker] DEBUG org.springframework.beans.factory.support.DefaultListableBeanFactory - Creating shared instance of singleton bean 'org.springframework.context.annotation.internalAutowiredAnnotationProcessor'
19:55:18.442 [Test worker] DEBUG org.springframework.beans.factory.support.DefaultListableBeanFactory - Creating shared instance of singleton bean 'org.springframework.context.annotation.internalCommonAnnotationProcessor'
19:55:18.442 [Test worker] DEBUG org.springframework.beans.factory.support.DefaultListableBeanFactory - Creating shared instance of singleton bean 'org.springframework.aop.config.internalAutoProxyCreator'
19:55:18.443 [Test worker] DEBUG org.springframework.beans.factory.support.DefaultListableBeanFactory - Creating shared instance of singleton bean 'springDataTestApplication'
19:55:18.443 [Test worker] DEBUG org.springframework.beans.factory.support.DefaultListableBeanFactory - Creating shared instance of singleton bean 'org.springframework.transaction.config.internalTransactionAdvisor'
19:55:18.443 [Test worker] DEBUG org.springframework.beans.factory.support.DefaultListableBeanFactory - Creating shared instance of singleton bean 'org.springframework.transaction.annotation.ProxyTransactionManagementConfiguration'
19:55:18.446 [Test worker] DEBUG org.springframework.beans.factory.support.DefaultListableBeanFactory - Creating shared instance of singleton bean 'transactionAttributeSource'
19:55:18.447 [Test worker] DEBUG org.springframework.beans.factory.support.DefaultListableBeanFactory - Creating shared instance of singleton bean 'transactionInterceptor'
19:55:18.448 [Test worker] DEBUG org.springframework.beans.factory.support.DefaultListableBeanFactory - Autowiring by type from bean name 'transactionInterceptor' via factory method to bean named 'transactionAttributeSource'
19:55:18.448 [Test worker] DEBUG org.springframework.beans.factory.support.DefaultListableBeanFactory - Autowiring by type from bean name 'org.springframework.transaction.config.internalTransactionAdvisor' via factory method to bean named 'transactionAttributeSource'
19:55:18.448 [Test worker] DEBUG org.springframework.beans.factory.support.DefaultListableBeanFactory - Autowiring by type from bean name 'org.springframework.transaction.config.internalTransactionAdvisor' via factory method to bean named 'transactionInterceptor'
19:55:18.449 [Test worker] DEBUG org.springframework.beans.factory.support.DefaultListableBeanFactory - Creating shared instance of singleton bean 'arangoDBConfiguration'
19:55:18.449 [Test worker] DEBUG org.springframework.beans.factory.support.DefaultListableBeanFactory - Creating shared instance of singleton bean 'bookLoaderService'
19:55:18.450 [Test worker] DEBUG org.springframework.beans.factory.support.DefaultListableBeanFactory - Creating shared instance of singleton bean 'bookRepository'
19:55:18.451 [Test worker] DEBUG org.springframework.beans.factory.support.DefaultListableBeanFactory - Creating shared instance of singleton bean 'arangoTemplate'
19:55:18.452 [Test worker] DEBUG com.arangodb.internal.InternalArangoDBBuilder - Use SimpleHostResolver
19:55:18.452 [Test worker] DEBUG com.arangodb.internal.net.HostSet - Added Host HostImpl [connectionPool=ConnectionPoolImpl [host=host[addr=localhost,port=8529], maxConnections=1, connections=0, current=0, factory=VstConnectionFactorySync], description=host[addr=localhost,port=8529], markforDeletion=false] - now 1 Hosts in List
19:55:18.452 [Test worker] DEBUG com.arangodb.internal.InternalArangoDBBuilder - HostHandler is FallbackHostHandler
19:55:18.452 [Test worker] DEBUG com.arangodb.internal.net.HostSet - Added Host HostImpl [connectionPool=ConnectionPoolImpl [host=host[addr=localhost,port=8529], maxConnections=1, connections=0, current=0, factory=VstConnectionFactorySync], description=host[addr=localhost,port=8529], markforDeletion=false] - now 1 Hosts in List
19:55:18.452 [Test worker] DEBUG com.arangodb.internal.ArangoDBImpl - ArangoDB Client is ready to use
19:55:18.452 [Test worker] DEBUG org.springframework.beans.factory.support.DefaultListableBeanFactory - Creating shared instance of singleton bean 'arangoConverter'
19:55:18.452 [Test worker] DEBUG org.springframework.beans.factory.support.DefaultListableBeanFactory - Creating shared instance of singleton bean 'arangoMappingContext'
19:55:18.456 [Test worker] DEBUG org.springframework.context.annotation.ClassPathScanningCandidateComponentProvider - Identified candidate component class: file [/media/debashishc/T7/work/arangodb/build/classes/java/test/com/talentica/arangodb/entity/Book.class]
19:55:18.457 [Test worker] DEBUG org.springframework.data.convert.CustomConversions - Adding converter from class java.util.Date to class java.lang.String as writing converter.
19:55:18.457 [Test worker] DEBUG org.springframework.data.convert.CustomConversions - Adding converter from class java.time.Instant to class java.lang.String as writing converter.
19:55:18.457 [Test worker] DEBUG org.springframework.data.convert.CustomConversions - Adding converter from class java.time.LocalDate to class java.lang.String as writing converter.
19:55:18.457 [Test worker] DEBUG org.springframework.data.convert.CustomConversions - Adding converter from class java.time.LocalDateTime to class java.lang.String as writing converter.
19:55:18.457 [Test worker] DEBUG org.springframework.data.convert.CustomConversions - Adding converter from class java.time.OffsetDateTime to class java.lang.String as writing converter.
19:55:18.457 [Test worker] DEBUG org.springframework.data.convert.CustomConversions - Adding converter from class java.time.ZonedDateTime to class java.lang.String as writing converter.
19:55:18.457 [Test worker] DEBUG org.springframework.data.convert.CustomConversions - Adding converter from class java.lang.String to class java.util.Date as reading converter.
19:55:18.458 [Test worker] DEBUG org.springframework.data.convert.CustomConversions - Adding converter from class java.lang.String to class java.time.Instant as reading converter.
19:55:18.458 [Test worker] DEBUG org.springframework.data.convert.CustomConversions - Adding converter from class java.lang.String to class java.time.LocalDate as reading converter.
19:55:18.458 [Test worker] DEBUG org.springframework.data.convert.CustomConversions - Adding converter from class java.lang.String to class java.time.LocalDateTime as reading converter.
19:55:18.458 [Test worker] DEBUG org.springframework.data.convert.CustomConversions - Adding converter from class java.lang.String to class java.time.OffsetDateTime as reading converter.
19:55:18.458 [Test worker] DEBUG org.springframework.data.convert.CustomConversions - Adding converter from class java.lang.String to class java.time.ZonedDateTime as reading converter.
19:55:18.458 [Test worker] DEBUG org.springframework.data.convert.CustomConversions - Adding converter from class java.lang.String to class java.util.UUID as reading converter.
19:55:18.458 [Test worker] DEBUG org.springframework.data.convert.CustomConversions - Adding converter from class java.util.UUID to class java.lang.String as writing converter.
19:55:18.458 [Test worker] DEBUG org.springframework.data.convert.CustomConversions - Adding converter from class java.util.Date to class java.time.LocalDateTime as reading converter.
19:55:18.458 [Test worker] DEBUG org.springframework.data.convert.CustomConversions - Adding converter from class java.time.LocalDateTime to class java.util.Date as writing converter.
19:55:18.458 [Test worker] DEBUG org.springframework.data.convert.CustomConversions - Adding converter from class java.util.Date to class java.time.LocalDate as reading converter.
19:55:18.458 [Test worker] DEBUG org.springframework.data.convert.CustomConversions - Adding converter from class java.time.LocalDate to class java.util.Date as writing converter.
19:55:18.458 [Test worker] DEBUG org.springframework.data.convert.CustomConversions - Adding converter from class java.util.Date to class java.time.LocalTime as reading converter.
19:55:18.458 [Test worker] DEBUG org.springframework.data.convert.CustomConversions - Adding converter from class java.time.LocalTime to class java.util.Date as writing converter.
19:55:18.458 [Test worker] DEBUG org.springframework.data.convert.CustomConversions - Adding converter from class java.util.Date to class java.time.Instant as reading converter.
19:55:18.459 [Test worker] DEBUG org.springframework.data.convert.CustomConversions - Adding converter from class java.time.Instant to class java.util.Date as writing converter.
19:55:18.459 [Test worker] DEBUG org.springframework.data.convert.CustomConversions - Adding converter from class java.time.LocalDateTime to class java.time.Instant as reading converter.
19:55:18.459 [Test worker] DEBUG org.springframework.data.convert.CustomConversions - Adding converter from class java.time.Instant to class java.time.LocalDateTime as reading converter.
19:55:18.459 [Test worker] DEBUG org.springframework.data.convert.CustomConversions - Adding converter from class java.time.ZoneId to class java.lang.String as writing converter.
19:55:18.459 [Test worker] DEBUG org.springframework.data.convert.CustomConversions - Adding converter from class java.lang.String to class java.time.ZoneId as reading converter.
19:55:18.459 [Test worker] DEBUG org.springframework.data.convert.CustomConversions - Adding converter from class java.time.Duration to class java.lang.String as writing converter.
19:55:18.459 [Test worker] DEBUG org.springframework.data.convert.CustomConversions - Adding converter from class java.lang.String to class java.time.Duration as reading converter.
19:55:18.459 [Test worker] DEBUG org.springframework.data.convert.CustomConversions - Adding converter from class java.time.Period to class java.lang.String as writing converter.
19:55:18.459 [Test worker] DEBUG org.springframework.data.convert.CustomConversions - Adding converter from class java.lang.String to class java.time.Period as reading converter.
19:55:18.459 [Test worker] DEBUG org.springframework.data.convert.CustomConversions - Adding converter from class java.lang.String to class java.time.LocalDate as reading converter.
19:55:18.459 [Test worker] DEBUG org.springframework.data.convert.CustomConversions - Adding converter from class java.lang.String to class java.time.LocalDateTime as reading converter.
19:55:18.459 [Test worker] DEBUG org.springframework.data.convert.CustomConversions - Adding converter from class java.lang.String to class java.time.Instant as reading converter.
19:55:18.466 [Test worker] DEBUG org.springframework.data.convert.CustomConversions - Adding converter from class java.util.Date to class java.lang.String as writing converter.
19:55:18.467 [Test worker] DEBUG org.springframework.data.convert.CustomConversions - Adding converter from class java.time.Instant to class java.lang.String as writing converter.
19:55:18.467 [Test worker] DEBUG org.springframework.data.convert.CustomConversions - Adding converter from class java.time.LocalDate to class java.lang.String as writing converter.
19:55:18.467 [Test worker] DEBUG org.springframework.data.convert.CustomConversions - Adding converter from class java.time.LocalDateTime to class java.lang.String as writing converter.
19:55:18.467 [Test worker] DEBUG org.springframework.data.convert.CustomConversions - Adding converter from class java.time.OffsetDateTime to class java.lang.String as writing converter.
19:55:18.467 [Test worker] DEBUG org.springframework.data.convert.CustomConversions - Adding converter from class java.time.ZonedDateTime to class java.lang.String as writing converter.
19:55:18.467 [Test worker] DEBUG org.springframework.data.convert.CustomConversions - Adding converter from class java.lang.String to class java.util.Date as reading converter.
19:55:18.467 [Test worker] DEBUG org.springframework.data.convert.CustomConversions - Adding converter from class java.lang.String to class java.time.Instant as reading converter.
19:55:18.467 [Test worker] DEBUG org.springframework.data.convert.CustomConversions - Adding converter from class java.lang.String to class java.time.LocalDate as reading converter.
19:55:18.467 [Test worker] DEBUG org.springframework.data.convert.CustomConversions - Adding converter from class java.lang.String to class java.time.LocalDateTime as reading converter.
19:55:18.467 [Test worker] DEBUG org.springframework.data.convert.CustomConversions - Adding converter from class java.lang.String to class java.time.OffsetDateTime as reading converter.
19:55:18.467 [Test worker] DEBUG org.springframework.data.convert.CustomConversions - Adding converter from class java.lang.String to class java.time.ZonedDateTime as reading converter.
19:55:18.467 [Test worker] DEBUG org.springframework.data.convert.CustomConversions - Adding converter from class java.lang.String to class java.util.UUID as reading converter.
19:55:18.467 [Test worker] DEBUG org.springframework.data.convert.CustomConversions - Adding converter from class java.util.UUID to class java.lang.String as writing converter.
19:55:18.467 [Test worker] DEBUG org.springframework.data.convert.CustomConversions - Adding converter from class java.util.Date to class java.time.LocalDateTime as reading converter.
19:55:18.468 [Test worker] DEBUG org.springframework.data.convert.CustomConversions - Adding converter from class java.time.LocalDateTime to class java.util.Date as writing converter.
19:55:18.468 [Test worker] DEBUG org.springframework.data.convert.CustomConversions - Adding converter from class java.util.Date to class java.time.LocalDate as reading converter.
19:55:18.468 [Test worker] DEBUG org.springframework.data.convert.CustomConversions - Adding converter from class java.time.LocalDate to class java.util.Date as writing converter.
19:55:18.468 [Test worker] DEBUG org.springframework.data.convert.CustomConversions - Adding converter from class java.util.Date to class java.time.LocalTime as reading converter.
19:55:18.468 [Test worker] DEBUG org.springframework.data.convert.CustomConversions - Adding converter from class java.time.LocalTime to class java.util.Date as writing converter.
19:55:18.468 [Test worker] DEBUG org.springframework.data.convert.CustomConversions - Adding converter from class java.util.Date to class java.time.Instant as reading converter.
19:55:18.468 [Test worker] DEBUG org.springframework.data.convert.CustomConversions - Adding converter from class java.time.Instant to class java.util.Date as writing converter.
19:55:18.468 [Test worker] DEBUG org.springframework.data.convert.CustomConversions - Adding converter from class java.time.LocalDateTime to class java.time.Instant as reading converter.
19:55:18.468 [Test worker] DEBUG org.springframework.data.convert.CustomConversions - Adding converter from class java.time.Instant to class java.time.LocalDateTime as reading converter.
19:55:18.468 [Test worker] DEBUG org.springframework.data.convert.CustomConversions - Adding converter from class java.time.ZoneId to class java.lang.String as writing converter.
19:55:18.468 [Test worker] DEBUG org.springframework.data.convert.CustomConversions - Adding converter from class java.lang.String to class java.time.ZoneId as reading converter.
19:55:18.468 [Test worker] DEBUG org.springframework.data.convert.CustomConversions - Adding converter from class java.time.Duration to class java.lang.String as writing converter.
19:55:18.468 [Test worker] DEBUG org.springframework.data.convert.CustomConversions - Adding converter from class java.lang.String to class java.time.Duration as reading converter.
19:55:18.469 [Test worker] DEBUG org.springframework.data.convert.CustomConversions - Adding converter from class java.time.Period to class java.lang.String as writing converter.
19:55:18.469 [Test worker] DEBUG org.springframework.data.convert.CustomConversions - Adding converter from class java.lang.String to class java.time.Period as reading converter.
19:55:18.469 [Test worker] DEBUG org.springframework.data.convert.CustomConversions - Adding converter from class java.lang.String to class java.time.LocalDate as reading converter.
19:55:18.469 [Test worker] DEBUG org.springframework.data.convert.CustomConversions - Adding converter from class java.lang.String to class java.time.LocalDateTime as reading converter.
19:55:18.469 [Test worker] DEBUG org.springframework.data.convert.CustomConversions - Adding converter from class java.lang.String to class java.time.Instant as reading converter.
19:55:18.475 [Test worker] DEBUG org.springframework.beans.factory.support.DefaultListableBeanFactory - Creating shared instance of singleton bean 'arangoTransactionalRepositoryImplFragment'
19:55:18.475 [Test worker] DEBUG org.springframework.beans.factory.support.DefaultListableBeanFactory - Creating shared instance of singleton bean 'arangoTransactionalRepositoryImpl'
19:55:18.475 [Test worker] DEBUG org.springframework.beans.factory.support.DefaultListableBeanFactory - Creating shared instance of singleton bean 'getTransactionManager'
19:55:18.476 [Test worker] DEBUG org.springframework.beans.factory.support.DefaultListableBeanFactory - Autowiring by type from bean name 'getTransactionManager' via factory method to bean named 'arangoTemplate'
19:55:18.476 [Test worker] DEBUG org.springframework.beans.factory.support.DefaultListableBeanFactory - Autowiring by type from bean name 'getTransactionManager' via factory method to bean named 'arangoConverter'
19:55:18.476 [Test worker] DEBUG org.springframework.beans.factory.support.DefaultListableBeanFactory - Autowiring by type from bean name 'getTransactionManager' via factory method to bean named 'arangoDBConfiguration'
19:55:18.476 [Test worker] DEBUG org.springframework.beans.factory.support.DefaultListableBeanFactory - Autowiring by type from bean name 'arangoTransactionalRepositoryImpl' via constructor to bean named 'getTransactionManager'
19:55:18.478 [Test worker] DEBUG org.springframework.data.repository.core.support.RepositoryFactorySupport - Initializing repository instance for com.talentica.arangodb.repository.BookRepository…
19:55:18.481 [Test worker] DEBUG org.springframework.data.repository.core.support.RepositoryFactorySupport - Finished creation of repository instance for com.talentica.arangodb.repository.BookRepository.
19:55:18.484 [Test worker] DEBUG com.arangodb.internal.velocystream.internal.VstConnection - Connection connection_1609770318484_0.7101675919110176 created
19:55:18.485 [Test worker] DEBUG com.arangodb.internal.net.ConnectionPoolImpl - Return Connection connection_1609770318484_0.7101675919110176
19:55:18.485 [Test worker] DEBUG com.arangodb.internal.velocystream.internal.VstConnection - Open connection to host[addr=localhost,port=8529]
19:55:18.485 [Test worker] DEBUG com.arangodb.internal.velocystream.internal.VstConnection - Connected to Socket[addr=localhost/127.0.0.1,port=8529,localport=45804]
19:55:18.485 [Test worker] DEBUG com.arangodb.internal.velocystream.internal.VstConnection - Send velocystream protocol header to Socket[addr=localhost/127.0.0.1,port=8529,localport=45804]
19:55:18.485 [pool-3-thread-1] DEBUG com.arangodb.internal.velocystream.internal.VstConnection - Start Callable for connection_1609770318484_0.7101675919110176
19:55:18.485 [Test worker] DEBUG com.arangodb.internal.velocystream.VstCommunicationSync - Send Message (id=21, head=[1,1000,"plain","root","password"], body={})
19:55:18.486 [Test worker] DEBUG com.arangodb.internal.velocystream.internal.VstConnection - Send chunk 1:1 from message 21
19:55:18.486 [pool-3-thread-1] DEBUG com.arangodb.internal.velocystream.internal.VstConnection - Received chunk 1:1 from message 21
19:55:18.486 [pool-3-thread-1] DEBUG com.arangodb.internal.velocystream.internal.VstConnection - Responsetime for Message 21 is 0
19:55:18.487 [pool-3-thread-1] DEBUG com.arangodb.internal.velocystream.internal.MessageStore - Received Message (id=21, head=[1,2,200,{}], body={"error":false,"errorNum":0,"code":200})
19:55:18.487 [Test worker] DEBUG com.arangodb.internal.net.HostSet - Added Host HostImpl [connectionPool=ConnectionPoolImpl [host=host[addr=localhost,port=8529], maxConnections=1, connections=1, current=1, factory=VstConnectionFactorySync], description=host[addr=localhost,port=8529], markforDeletion=false] - now 1 Hosts in List
19:55:18.487 [Test worker] DEBUG com.arangodb.internal.velocystream.VstCommunicationSync - Send Message (id=22, head=[1,1,"test",1,"/_api/database/current",{},{"content-type":"application/x-velocypack","accept":"application/x-velocypack"}], body={})
19:55:18.487 [Test worker] DEBUG com.arangodb.internal.velocystream.internal.VstConnection - Send chunk 1:1 from message 22
19:55:18.487 [pool-3-thread-1] DEBUG com.arangodb.internal.velocystream.internal.VstConnection - Received chunk 1:1 from message 22
19:55:18.487 [pool-3-thread-1] DEBUG com.arangodb.internal.velocystream.internal.VstConnection - Responsetime for Message 22 is 0
19:55:18.487 [pool-3-thread-1] DEBUG com.arangodb.internal.velocystream.internal.MessageStore - Received Message (id=22, head=[1,2,200,{}], body={"error":false,"code":200,"result":{"id":"2846231","name":"test","isSystem":false,"path":"none"}})
19:55:18.488 [Test worker] DEBUG com.arangodb.internal.net.ConnectionPoolImpl - Return Connection connection_1609770318484_0.7101675919110176
19:55:18.488 [Test worker] DEBUG com.arangodb.internal.velocystream.VstCommunicationSync - Send Message (id=23, head=[1,1,"test",1,"/_api/collection/Books",{},{"content-type":"application/x-velocypack","accept":"application/x-velocypack"}], body={})
19:55:18.488 [Test worker] DEBUG com.arangodb.internal.velocystream.internal.VstConnection - Send chunk 1:1 from message 23
19:55:18.488 [pool-3-thread-1] DEBUG com.arangodb.internal.velocystream.internal.VstConnection - Received chunk 1:1 from message 23
19:55:18.488 [pool-3-thread-1] DEBUG com.arangodb.internal.velocystream.internal.VstConnection - Responsetime for Message 23 is 0
19:55:18.489 [pool-3-thread-1] DEBUG com.arangodb.internal.velocystream.internal.MessageStore - Received Message (id=23, head=[1,2,200,{}], body={"error":false,"code":200,"type":2,"isSystem":false,"id":"3668205","globallyUniqueId":"h371E083F0103/3668205","name":"Books","status":3})
19:55:18.502 [Test worker] DEBUG com.arangodb.internal.net.ConnectionPoolImpl - Return Connection connection_1609770318484_0.7101675919110176
19:55:18.503 [Test worker] DEBUG com.arangodb.internal.velocystream.VstCommunicationSync - Send Message (id=24, head=[1,1,"test",2,"/_api/cursor",{},{"content-type":"application/x-velocypack","accept":"application/x-velocypack"}], body={"bindVars":{"doc":{"uuid":"7b89b752-8568-480b-973b-f64c4fb5749c","title":"Little Wizard Stories of Oz","subjects":["Short stories","Oz (Imaginary place) -- Juvenile fiction","Children's stories, American","Fantasy literature","PZ"],"bookshelves":["Children's Literature"],"formats":[{"url":"https://www.gutenberg.org/ebooks/25519.txt.utf-8","format":"text/plain","extent":82387,"modified":"2020-11-12T22:37:19.000Z"},{"url":"https://www.gutenberg.org/cache/epub/25519/pg25519.cover.medium.jpg","format":"image/jpeg","extent":28541,"modified":"2020-11-12T22:37:23.000Z"},{"url":"https://www.gutenberg.org/files/25519/25519-h/25519-h.htm","format":"text/html; charset=iso-8859-1","extent":96891,"modified":"2008-05-19T07:06:47.000Z"},{"url":"https://www.gutenberg.org/ebooks/25519.rdf","format":"application/rdf+xml","extent":15353,"modified":"2020-12-09T23:52:50.000Z"},{"url":"https://www.gutenberg.org/files/25519/25519.zip","format":"application/zip","extent":31335,"modified":"2008-05-19T06:53:53.000Z"},{"url":"https://www.gutenberg.org/files/25519/25519-h.zip","format":"text/html; charset=iso-8859-1","extent":2432399,"modified":"2008-05-19T07:10:43.000Z"},{"url":"https://www.gutenberg.org/ebooks/25519.epub.images","format":"application/epub+zip","extent":2375216,"modified":"2020-11-12T22:37:21.000Z"},{"url":"https://www.gutenberg.org/ebooks/25519.kindle.images","format":"application/x-mobipocket-ebook","extent":4826772,"modified":"2020-11-12T22:37:23.000Z"},{"url":"https://www.gutenberg.org/ebooks/25519.kindle.noimages","format":"application/x-mobipocket-ebook","extent":294097,"modified":"2020-11-12T22:37:23.000Z"},{"url":"https://www.gutenberg.org/cache/epub/25519/pg25519.cover.small.jpg","format":"image/jpeg","extent":4408,"modified":"2020-11-12T22:37:23.000Z"},{"url":"https://www.gutenberg.org/ebooks/25519.epub.noimages","format":"application/epub+zip","extent":89149,"modified":"2020-11-12T22:37:21.000Z"},{"url":"https://www.gutenberg.org/files/25519/25519.txt","format":"text/plain; charset=us-ascii","extent":82386,"modified":"2008-05-19T06:53:53.000Z"}],"creators":[{"name":"Baum, L. Frank (Lyman Frank)","birthDate":1856,"deathDate":1919,"alias":"Metcalf, Suzanne","webpage":"https://en.wikipedia.org/wiki/L._Frank_Baum"}],"downloads":133,"_class":"com.talentica.arangodb.entity.Book"},"@col":"Books"},"query":"LET doc = @doc UPSERT { _key: doc._key } INSERT doc._key == null ? UNSET(doc, \"_key\") : doc REPLACE doc IN @@col OPTIONS { ignoreRevs: false } RETURN NEW"})
19:55:18.503 [Test worker] DEBUG com.arangodb.internal.velocystream.internal.VstConnection - Send chunk 1:1 from message 24
19:55:18.504 [pool-3-thread-1] DEBUG com.arangodb.internal.velocystream.internal.VstConnection - Received chunk 1:1 from message 24
19:55:18.504 [pool-3-thread-1] DEBUG com.arangodb.internal.velocystream.internal.VstConnection - Responsetime for Message 24 is 1
19:55:18.505 [pool-3-thread-1] DEBUG com.arangodb.internal.velocystream.internal.MessageStore - Received Message (id=24, head=[1,2,201,{}], body={"result":[{"_key":"3678050","_id":"Books/3678050","_rev":"_bq1Hsoe---","_class":"com.talentica.arangodb.entity.Book","bookshelves":["Children's Literature"],"creators":[{"name":"Baum, L. Frank (Lyman Frank)","birthDate":1856,"deathDate":1919,"alias":"Metcalf, Suzanne","webpage":"https://en.wikipedia.org/wiki/L._Frank_Baum"}],"downloads":133,"formats":[{"url":"https://www.gutenberg.org/ebooks/25519.txt.utf-8","format":"text/plain","extent":82387,"modified":"2020-11-12T22:37:19.000Z"},{"url":"https://www.gutenberg.org/cache/epub/25519/pg25519.cover.medium.jpg","format":"image/jpeg","extent":28541,"modified":"2020-11-12T22:37:23.000Z"},{"url":"https://www.gutenberg.org/files/25519/25519-h/25519-h.htm","format":"text/html; charset=iso-8859-1","extent":96891,"modified":"2008-05-19T07:06:47.000Z"},{"url":"https://www.gutenberg.org/ebooks/25519.rdf","format":"application/rdf+xml","extent":15353,"modified":"2020-12-09T23:52:50.000Z"},{"url":"https://www.gutenberg.org/files/25519/25519.zip","format":"application/zip","extent":31335,"modified":"2008-05-19T06:53:53.000Z"},{"url":"https://www.gutenberg.org/files/25519/25519-h.zip","format":"text/html; charset=iso-8859-1","extent":2432399,"modified":"2008-05-19T07:10:43.000Z"},{"url":"https://www.gutenberg.org/ebooks/25519.epub.images","format":"application/epub+zip","extent":2375216,"modified":"2020-11-12T22:37:21.000Z"},{"url":"https://www.gutenberg.org/ebooks/25519.kindle.images","format":"application/x-mobipocket-ebook","extent":4826772,"modified":"2020-11-12T22:37:23.000Z"},{"url":"https://www.gutenberg.org/ebooks/25519.kindle.noimages","format":"application/x-mobipocket-ebook","extent":294097,"modified":"2020-11-12T22:37:23.000Z"},{"url":"https://www.gutenberg.org/cache/epub/25519/pg25519.cover.small.jpg","format":"image/jpeg","extent":4408,"modified":"2020-11-12T22:37:23.000Z"},{"url":"https://www.gutenberg.org/ebooks/25519.epub.noimages","format":"application/epub+zip","extent":89149,"modified":"2020-11-12T22:37:21.000Z"},{"url":"https://www.gutenberg.org/files/25519/25519.txt","format":"text/plain; charset=us-ascii","extent":82386,"modified":"2008-05-19T06:53:53.000Z"}],"subjects":["Short stories","Oz (Imaginary place) -- Juvenile fiction","Children's stories, American","Fantasy literature","PZ"],"title":"Little Wizard Stories of Oz","uuid":"7b89b752-8568-480b-973b-f64c4fb5749c"}],"hasMore":false,"cached":false,"extra":{"stats":{"writesExecuted":1,"writesIgnored":0,"scannedFull":0,"scannedIndex":0,"filtered":0,"httpRequests":0,"executionTime":8.693170093465596E-4,"peakMemoryUsage":100157},"warnings":[]},"error":false,"code":201})
19:55:18.505 [Test worker] DEBUG com.arangodb.internal.ArangoExecutorSync - Response is MetaAware com.arangodb.entity.CursorEntity
19:55:18.511 [Test worker] DEBUG com.arangodb.internal.net.ConnectionPoolImpl - Return Connection connection_1609770318484_0.7101675919110176
19:55:18.511 [Test worker] DEBUG com.arangodb.internal.velocystream.VstCommunicationSync - Send Message (id=25, head=[1,1,"test",2,"/_api/transaction",{},{"content-type":"application/x-velocypack","accept":"application/x-velocypack"}], body={"action":"function(){\n var result = [];db = require(\"@arangodb\").db; \nreturn result; \n }","collections":{"write":[]},"waitForSync":true})
19:55:18.511 [Test worker] DEBUG com.arangodb.internal.velocystream.internal.VstConnection - Send chunk 1:1 from message 25
19:55:18.511 [pool-3-thread-1] DEBUG com.arangodb.internal.velocystream.internal.VstConnection - Received chunk 1:1 from message 25
19:55:18.511 [pool-3-thread-1] DEBUG com.arangodb.internal.velocystream.internal.VstConnection - Responsetime for Message 25 is 0
19:55:18.512 [pool-3-thread-1] DEBUG com.arangodb.internal.velocystream.internal.MessageStore - Received Message (id=25, head=[1,2,200,{}], body={"error":false,"code":200,"result":[]})
19:55:18.512 [Test worker] DEBUG com.arangodb.internal.net.ConnectionPoolImpl - Return Connection connection_1609770318484_0.7101675919110176
19:55:18.513 [Test worker] DEBUG com.arangodb.internal.velocystream.VstCommunicationSync - Send Message (id=26, head=[1,1,"_system",1,"/_api/collection/Books",{},{"content-type":"application/x-velocypack","accept":"application/x-velocypack"}], body={})
19:55:18.513 [Test worker] DEBUG com.arangodb.internal.velocystream.internal.VstConnection - Send chunk 1:1 from message 26
19:55:18.513 [pool-3-thread-1] DEBUG com.arangodb.internal.velocystream.internal.VstConnection - Received chunk 1:1 from message 26
19:55:18.513 [pool-3-thread-1] DEBUG com.arangodb.internal.velocystream.internal.VstConnection - Responsetime for Message 26 is 0
19:55:18.513 [pool-3-thread-1] DEBUG com.arangodb.internal.velocystream.internal.MessageStore - Received Message (id=26, head=[1,2,200,{}], body={"error":false,"code":200,"type":2,"isSystem":false,"id":"2843677","globallyUniqueId":"h371E083F0103/2843677","name":"Books","status":3})
19:55:18.514 [Test worker] DEBUG com.arangodb.internal.net.ConnectionPoolImpl - Return Connection connection_1609770318484_0.7101675919110176
19:55:18.515 [Test worker] DEBUG com.arangodb.internal.velocystream.VstCommunicationSync - Send Message (id=27, head=[1,1,"test",2,"/_api/index",{"collection":"Books"},{"content-type":"application/x-velocypack","accept":"application/x-velocypack"}], body={"fields":["uuid"],"sparse":false,"type":"persistent","unique":true})
19:55:18.515 [Test worker] DEBUG com.arangodb.internal.velocystream.internal.VstConnection - Send chunk 1:1 from message 27
19:55:18.515 [pool-3-thread-1] DEBUG com.arangodb.internal.velocystream.internal.VstConnection - Received chunk 1:1 from message 27
19:55:18.515 [pool-3-thread-1] DEBUG com.arangodb.internal.velocystream.internal.VstConnection - Responsetime for Message 27 is 0
19:55:18.515 [pool-3-thread-1] DEBUG com.arangodb.internal.velocystream.internal.MessageStore - Received Message (id=27, head=[1,2,200,{}], body={"deduplicate":true,"fields":["uuid"],"id":"Books/3668210","isNewlyCreated":false,"name":"idx_1687950692959911936","selectivityEstimate":1.0,"sparse":false,"type":"persistent","unique":true,"error":false,"code":200})
19:55:18.519 [Test worker] DEBUG com.arangodb.internal.net.ConnectionPoolImpl - Return Connection connection_1609770318484_0.7101675919110176
19:55:18.520 [Test worker] DEBUG com.arangodb.internal.velocystream.VstCommunicationSync - Send Message (id=28, head=[1,1,"test",2,"/_api/transaction",{},{"content-type":"application/x-velocypack","accept":"application/x-velocypack"}], body={"action":"function(){\n var result = [];db = require(\"@arangodb\").db; \nresult[0]=db._query(\"LET doc = {\\\"_key\\\":\\\"3678050\\\",\\\"uuid\\\":\\\"7b89b752-8568-480b-973b-f64c4fb5749c\\\",\\\"title\\\":\\\"Little Wizard Stories of Oz\\\",\\\"subjects\\\":[\\\"Short stories\\\",\\\"Oz (Imaginary place) -- Juvenile fiction\\\",\\\"Children's stories, American\\\",\\\"Fantasy literature\\\",\\\"PZ\\\"],\\\"bookshelves\\\":[\\\"Children's Literature\\\"],\\\"formats\\\":[{\\\"url\\\":\\\"https:\\/\\/www.gutenberg.org\\/ebooks\\/25519.txt.utf-8\\\",\\\"format\\\":\\\"text\\/plain\\\",\\\"extent\\\":82387,\\\"modified\\\":\\\"2020-11-12T22:37:19.000Z\\\"},{\\\"url\\\":\\\"https:\\/\\/www.gutenberg.org\\/cache\\/epub\\/25519\\/pg25519.cover.medium.jpg\\\",\\\"format\\\":\\\"image\\/jpeg\\\",\\\"extent\\\":28541,\\\"modified\\\":\\\"2020-11-12T22:37:23.000Z\\\"},{\\\"url\\\":\\\"https:\\/\\/www.gutenberg.org\\/files\\/25519\\/25519-h\\/25519-h.htm\\\",\\\"format\\\":\\\"text\\/html; charset=iso-8859-1\\\",\\\"extent\\\":96891,\\\"modified\\\":\\\"2008-05-19T07:06:47.000Z\\\"},{\\\"url\\\":\\\"https:\\/\\/www.gutenberg.org\\/ebooks\\/25519.rdf\\\",\\\"format\\\":\\\"application\\/rdf+xml\\\",\\\"extent\\\":15353,\\\"modified\\\":\\\"2020-12-09T23:52:50.000Z\\\"},{\\\"url\\\":\\\"https:\\/\\/www.gutenberg.org\\/files\\/25519\\/25519.zip\\\",\\\"format\\\":\\\"application\\/zip\\\",\\\"extent\\\":31335,\\\"modified\\\":\\\"2008-05-19T06:53:53.000Z\\\"},{\\\"url\\\":\\\"https:\\/\\/www.gutenberg.org\\/files\\/25519\\/25519-h.zip\\\",\\\"format\\\":\\\"text\\/html; charset=iso-8859-1\\\",\\\"extent\\\":2432399,\\\"modified\\\":\\\"2008-05-19T07:10:43.000Z\\\"},{\\\"url\\\":\\\"https:\\/\\/www.gutenberg.org\\/ebooks\\/25519.epub.images\\\",\\\"format\\\":\\\"application\\/epub+zip\\\",\\\"extent\\\":2375216,\\\"modified\\\":\\\"2020-11-12T22:37:21.000Z\\\"},{\\\"url\\\":\\\"https:\\/\\/www.gutenberg.org\\/ebooks\\/25519.kindle.images\\\",\\\"format\\\":\\\"application\\/x-mobipocket-ebook\\\",\\\"extent\\\":4826772,\\\"modified\\\":\\\"2020-11-12T22:37:23.000Z\\\"},{\\\"url\\\":\\\"https:\\/\\/www.gutenberg.org\\/ebooks\\/25519.kindle.noimages\\\",\\\"format\\\":\\\"application\\/x-mobipocket-ebook\\\",\\\"extent\\\":294097,\\\"modified\\\":\\\"2020-11-12T22:37:23.000Z\\\"},{\\\"url\\\":\\\"https:\\/\\/www.gutenberg.org\\/cache\\/epub\\/25519\\/pg25519.cover.small.jpg\\\",\\\"format\\\":\\\"image\\/jpeg\\\",\\\"extent\\\":4408,\\\"modified\\\":\\\"2020-11-12T22:37:23.000Z\\\"},{\\\"url\\\":\\\"https:\\/\\/www.gutenberg.org\\/ebooks\\/25519.epub.noimages\\\",\\\"format\\\":\\\"application\\/epub+zip\\\",\\\"extent\\\":89149,\\\"modified\\\":\\\"2020-11-12T22:37:21.000Z\\\"},{\\\"url\\\":\\\"https:\\/\\/www.gutenberg.org\\/files\\/25519\\/25519.txt\\\",\\\"format\\\":\\\"text\\/plain; charset=us-ascii\\\",\\\"extent\\\":82386,\\\"modified\\\":\\\"2008-05-19T06:53:53.000Z\\\"}],\\\"creators\\\":[{\\\"name\\\":\\\"Baum, L. Frank (Lyman Frank)\\\",\\\"birthDate\\\":1856,\\\"deathDate\\\":1919,\\\"alias\\\":\\\"Metcalf, Suzanne\\\",\\\"webpage\\\":\\\"https:\\/\\/en.wikipedia.org\\/wiki\\/L._Frank_Baum\\\"}],\\\"downloads\\\":1000,\\\"_rev\\\":\\\"_bmNZa4C---\\\",\\\"_class\\\":\\\"com.talentica.arangodb.entity.Book\\\"} UPSERT { _key: doc._key } INSERT doc._key == null ? UNSET(doc, \\\"_key\\\") : doc REPLACE doc IN Books OPTIONS { ignoreRevs: false } RETURN NEW\")['_documents'][0];\nreturn result; \n }","collections":{"write":["Books"]},"waitForSync":true})
19:55:18.520 [Test worker] DEBUG com.arangodb.internal.velocystream.internal.VstConnection - Send chunk 1:1 from message 28
19:55:18.521 [pool-3-thread-1] DEBUG com.arangodb.internal.velocystream.internal.VstConnection - Received chunk 1:1 from message 28
19:55:18.521 [pool-3-thread-1] DEBUG com.arangodb.internal.velocystream.internal.VstConnection - Responsetime for Message 28 is 1
19:55:18.522 [pool-3-thread-1] DEBUG com.arangodb.internal.velocystream.internal.MessageStore - Received Message (id=28, head=[1,2,409,{}], body={"code":409,"error":true,"errorMessage":"AQL: conflict (while executing)","errorNum":1200})
Book(id=3678050, uuid=7b89b752-8568-480b-973b-f64c4fb5749c, title=Little Wizard Stories of Oz, subjects=[Short stories, Oz (Imaginary place) -- Juvenile fiction, Children's stories, American, Fantasy literature, PZ], bookshelves=[Children's Literature], formats=[Book.Format(url=https://www.gutenberg.org/ebooks/25519.txt.utf-8, format=text/plain, extent=82387, modified=Fri Nov 13 04:07:19 IST 2020), Book.Format(url=https://www.gutenberg.org/cache/epub/25519/pg25519.cover.medium.jpg, format=image/jpeg, extent=28541, modified=Fri Nov 13 04:07:23 IST 2020), Book.Format(url=https://www.gutenberg.org/files/25519/25519-h/25519-h.htm, format=text/html; charset=iso-8859-1, extent=96891, modified=Mon May 19 12:36:47 IST 2008), Book.Format(url=https://www.gutenberg.org/ebooks/25519.rdf, format=application/rdf+xml, extent=15353, modified=Thu Dec 10 05:22:50 IST 2020), Book.Format(url=https://www.gutenberg.org/files/25519/25519.zip, format=application/zip, extent=31335, modified=Mon May 19 12:23:53 IST 2008), Book.Format(url=https://www.gutenberg.org/files/25519/25519-h.zip, format=text/html; charset=iso-8859-1, extent=2432399, modified=Mon May 19 12:40:43 IST 2008), Book.Format(url=https://www.gutenberg.org/ebooks/25519.epub.images, format=application/epub+zip, extent=2375216, modified=Fri Nov 13 04:07:21 IST 2020), Book.Format(url=https://www.gutenberg.org/ebooks/25519.kindle.images, format=application/x-mobipocket-ebook, extent=4826772, modified=Fri Nov 13 04:07:23 IST 2020), Book.Format(url=https://www.gutenberg.org/ebooks/25519.kindle.noimages, format=application/x-mobipocket-ebook, extent=294097, modified=Fri Nov 13 04:07:23 IST 2020), Book.Format(url=https://www.gutenberg.org/cache/epub/25519/pg25519.cover.small.jpg, format=image/jpeg, extent=4408, modified=Fri Nov 13 04:07:23 IST 2020), Book.Format(url=https://www.gutenberg.org/ebooks/25519.epub.noimages, format=application/epub+zip, extent=89149, modified=Fri Nov 13 04:07:21 IST 2020), Book.Format(url=https://www.gutenberg.org/files/25519/25519.txt, format=text/plain; charset=us-ascii, extent=82386, modified=Mon May 19 12:23:53 IST 2008)], creators=[Book.Creator(name=Baum, L. Frank (Lyman Frank), birthDate=1856, deathDate=1919, alias=Metcalf, Suzanne, webpage=https://en.wikipedia.org/wiki/L._Frank_Baum)], downloads=1000, version=_bmNZa4C---)
19:55:18.578 [Test worker] DEBUG org.springframework.context.annotation.AnnotationConfigApplicationContext - Refreshing org.springframework.context.annotation.AnnotationConfigApplicationContext@65f1ec85
19:55:18.578 [Test worker] DEBUG org.springframework.beans.factory.support.DefaultListableBeanFactory - Creating shared instance of singleton bean 'org.springframework.context.annotation.internalConfigurationAnnotationProcessor'
19:55:18.581 [Test worker] DEBUG org.springframework.context.annotation.ClassPathBeanDefinitionScanner - Identified candidate component class: file [/media/debashishc/T7/work/arangodb/build/classes/java/test/com/talentica/arangodb/ArangoDBConfiguration.class]
19:55:18.583 [Test worker] DEBUG org.springframework.context.annotation.ClassPathBeanDefinitionScanner - Ignored because not a concrete top-level class: file [/media/debashishc/T7/work/arangodb/build/classes/java/test/com/talentica/arangodb/repository/BookRepository.class]
19:55:18.583 [Test worker] DEBUG org.springframework.context.annotation.ClassPathBeanDefinitionScanner - Identified candidate component class: file [/media/debashishc/T7/work/arangodb/build/classes/java/test/com/talentica/arangodb/service/BookLoaderService.class]
19:55:18.590 [Test worker] INFO org.springframework.data.repository.config.RepositoryConfigurationDelegate - Bootstrapping Spring Data ArangoDB repositories in DEFAULT mode.
19:55:18.590 [Test worker] DEBUG org.springframework.data.repository.config.RepositoryConfigurationDelegate - Scanning for ArangoDB repositories in packages com.talentica.arangodb.repository.
19:55:18.592 [Test worker] DEBUG org.springframework.data.repository.config.RepositoryComponentProvider - Identified candidate component class: file [/media/debashishc/T7/work/arangodb/build/classes/java/test/com/talentica/arangodb/repository/BookRepository.class]
19:55:18.594 [Test worker] DEBUG org.springframework.context.annotation.ClassPathScanningCandidateComponentProvider - Identified candidate component class: file [/media/debashishc/T7/work/arangodb/build/classes/java/main/com/talentica/arangodb/repository/ArangoTransactionalRepositoryImpl.class]
19:55:18.594 [Test worker] DEBUG org.springframework.data.repository.config.RepositoryBeanDefinitionBuilder - Registering repository fragment implementation: arangoTransactionalRepositoryImpl com.talentica.arangodb.repository.ArangoTransactionalRepositoryImpl
19:55:18.595 [Test worker] DEBUG org.springframework.data.repository.config.RepositoryBeanDefinitionBuilder - Registering repository fragment: arangoTransactionalRepositoryImplFragment
19:55:18.595 [Test worker] INFO org.springframework.data.repository.config.RepositoryConfigurationDelegate - Finished Spring Data repository scanning in 5ms. Found 1 ArangoDB repository interfaces.
19:55:18.598 [Test worker] DEBUG org.springframework.beans.factory.support.DefaultListableBeanFactory - Creating shared instance of singleton bean 'org.springframework.context.event.internalEventListenerProcessor'
19:55:18.598 [Test worker] DEBUG org.springframework.beans.factory.support.DefaultListableBeanFactory - Creating shared instance of singleton bean 'org.springframework.context.event.internalEventListenerFactory'
19:55:18.599 [Test worker] DEBUG org.springframework.beans.factory.support.DefaultListableBeanFactory - Creating shared instance of singleton bean 'org.springframework.transaction.config.internalTransactionalEventListenerFactory'
19:55:18.599 [Test worker] DEBUG org.springframework.beans.factory.support.DefaultListableBeanFactory - Creating shared instance of singleton bean 'org.springframework.context.annotation.internalAutowiredAnnotationProcessor'
19:55:18.600 [Test worker] DEBUG org.springframework.beans.factory.support.DefaultListableBeanFactory - Creating shared instance of singleton bean 'org.springframework.context.annotation.internalCommonAnnotationProcessor'
19:55:18.600 [Test worker] DEBUG org.springframework.beans.factory.support.DefaultListableBeanFactory - Creating shared instance of singleton bean 'org.springframework.aop.config.internalAutoProxyCreator'
19:55:18.601 [Test worker] DEBUG org.springframework.beans.factory.support.DefaultListableBeanFactory - Creating shared instance of singleton bean 'springDataTestApplication'
19:55:18.602 [Test worker] DEBUG org.springframework.beans.factory.support.DefaultListableBeanFactory - Creating shared instance of singleton bean 'org.springframework.transaction.config.internalTransactionAdvisor'
19:55:18.602 [Test worker] DEBUG org.springframework.beans.factory.support.DefaultListableBeanFactory - Creating shared instance of singleton bean 'org.springframework.transaction.annotation.ProxyTransactionManagementConfiguration'
19:55:18.605 [Test worker] DEBUG org.springframework.beans.factory.support.DefaultListableBeanFactory - Creating shared instance of singleton bean 'transactionAttributeSource'
19:55:18.605 [Test worker] DEBUG org.springframework.beans.factory.support.DefaultListableBeanFactory - Creating shared instance of singleton bean 'transactionInterceptor'
19:55:18.606 [Test worker] DEBUG org.springframework.beans.factory.support.DefaultListableBeanFactory - Autowiring by type from bean name 'transactionInterceptor' via factory method to bean named 'transactionAttributeSource'
19:55:18.606 [Test worker] DEBUG org.springframework.beans.factory.support.DefaultListableBeanFactory - Autowiring by type from bean name 'org.springframework.transaction.config.internalTransactionAdvisor' via factory method to bean named 'transactionAttributeSource'
19:55:18.606 [Test worker] DEBUG org.springframework.beans.factory.support.DefaultListableBeanFactory - Autowiring by type from bean name 'org.springframework.transaction.config.internalTransactionAdvisor' via factory method to bean named 'transactionInterceptor'
19:55:18.607 [Test worker] DEBUG org.springframework.beans.factory.support.DefaultListableBeanFactory - Creating shared instance of singleton bean 'arangoDBConfiguration'
19:55:18.607 [Test worker] DEBUG org.springframework.beans.factory.support.DefaultListableBeanFactory - Creating shared instance of singleton bean 'bookLoaderService'
19:55:18.608 [Test worker] DEBUG org.springframework.beans.factory.support.DefaultListableBeanFactory - Creating shared instance of singleton bean 'bookRepository'
19:55:18.609 [Test worker] DEBUG org.springframework.beans.factory.support.DefaultListableBeanFactory - Creating shared instance of singleton bean 'arangoTemplate'
19:55:18.610 [Test worker] DEBUG com.arangodb.internal.InternalArangoDBBuilder - Use SimpleHostResolver
19:55:18.610 [Test worker] DEBUG com.arangodb.internal.net.HostSet - Added Host HostImpl [connectionPool=ConnectionPoolImpl [host=host[addr=localhost,port=8529], maxConnections=1, connections=0, current=0, factory=VstConnectionFactorySync], description=host[addr=localhost,port=8529], markforDeletion=false] - now 1 Hosts in List
19:55:18.610 [Test worker] DEBUG com.arangodb.internal.InternalArangoDBBuilder - HostHandler is FallbackHostHandler
19:55:18.610 [Test worker] DEBUG com.arangodb.internal.net.HostSet - Added Host HostImpl [connectionPool=ConnectionPoolImpl [host=host[addr=localhost,port=8529], maxConnections=1, connections=0, current=0, factory=VstConnectionFactorySync], description=host[addr=localhost,port=8529], markforDeletion=false] - now 1 Hosts in List
19:55:18.610 [Test worker] DEBUG com.arangodb.internal.ArangoDBImpl - ArangoDB Client is ready to use
19:55:18.610 [Test worker] DEBUG org.springframework.beans.factory.support.DefaultListableBeanFactory - Creating shared instance of singleton bean 'arangoConverter'
19:55:18.610 [Test worker] DEBUG org.springframework.beans.factory.support.DefaultListableBeanFactory - Creating shared instance of singleton bean 'arangoMappingContext'
19:55:18.613 [Test worker] DEBUG org.springframework.context.annotation.ClassPathScanningCandidateComponentProvider - Identified candidate component class: file [/media/debashishc/T7/work/arangodb/build/classes/java/test/com/talentica/arangodb/entity/Book.class]
19:55:18.615 [Test worker] DEBUG org.springframework.data.convert.CustomConversions - Adding converter from class java.util.Date to class java.lang.String as writing converter.
19:55:18.615 [Test worker] DEBUG org.springframework.data.convert.CustomConversions - Adding converter from class java.time.Instant to class java.lang.String as writing converter.
19:55:18.615 [Test worker] DEBUG org.springframework.data.convert.CustomConversions - Adding converter from class java.time.LocalDate to class java.lang.String as writing converter.
19:55:18.615 [Test worker] DEBUG org.springframework.data.convert.CustomConversions - Adding converter from class java.time.LocalDateTime to class java.lang.String as writing converter.
19:55:18.615 [Test worker] DEBUG org.springframework.data.convert.CustomConversions - Adding converter from class java.time.OffsetDateTime to class java.lang.String as writing converter.
19:55:18.615 [Test worker] DEBUG org.springframework.data.convert.CustomConversions - Adding converter from class java.time.ZonedDateTime to class java.lang.String as writing converter.
19:55:18.615 [Test worker] DEBUG org.springframework.data.convert.CustomConversions - Adding converter from class java.lang.String to class java.util.Date as reading converter.
19:55:18.616 [Test worker] DEBUG org.springframework.data.convert.CustomConversions - Adding converter from class java.lang.String to class java.time.Instant as reading converter.
19:55:18.616 [Test worker] DEBUG org.springframework.data.convert.CustomConversions - Adding converter from class java.lang.String to class java.time.LocalDate as reading converter.
19:55:18.616 [Test worker] DEBUG org.springframework.data.convert.CustomConversions - Adding converter from class java.lang.String to class java.time.LocalDateTime as reading converter.
19:55:18.616 [Test worker] DEBUG org.springframework.data.convert.CustomConversions - Adding converter from class java.lang.String to class java.time.OffsetDateTime as reading converter.
19:55:18.616 [Test worker] DEBUG org.springframework.data.convert.CustomConversions - Adding converter from class java.lang.String to class java.time.ZonedDateTime as reading converter.
19:55:18.616 [Test worker] DEBUG org.springframework.data.convert.CustomConversions - Adding converter from class java.lang.String to class java.util.UUID as reading converter.
19:55:18.616 [Test worker] DEBUG org.springframework.data.convert.CustomConversions - Adding converter from class java.util.UUID to class java.lang.String as writing converter.
19:55:18.616 [Test worker] DEBUG org.springframework.data.convert.CustomConversions - Adding converter from class java.util.Date to class java.time.LocalDateTime as reading converter.
19:55:18.616 [Test worker] DEBUG org.springframework.data.convert.CustomConversions - Adding converter from class java.time.LocalDateTime to class java.util.Date as writing converter.
19:55:18.616 [Test worker] DEBUG org.springframework.data.convert.CustomConversions - Adding converter from class java.util.Date to class java.time.LocalDate as reading converter.
19:55:18.616 [Test worker] DEBUG org.springframework.data.convert.CustomConversions - Adding converter from class java.time.LocalDate to class java.util.Date as writing converter.
19:55:18.616 [Test worker] DEBUG org.springframework.data.convert.CustomConversions - Adding converter from class java.util.Date to class java.time.LocalTime as reading converter.
19:55:18.616 [Test worker] DEBUG org.springframework.data.convert.CustomConversions - Adding converter from class java.time.LocalTime to class java.util.Date as writing converter.
19:55:18.616 [Test worker] DEBUG org.springframework.data.convert.CustomConversions - Adding converter from class java.util.Date to class java.time.Instant as reading converter.
19:55:18.616 [Test worker] DEBUG org.springframework.data.convert.CustomConversions - Adding converter from class java.time.Instant to class java.util.Date as writing converter.
19:55:18.617 [Test worker] DEBUG org.springframework.data.convert.CustomConversions - Adding converter from class java.time.LocalDateTime to class java.time.Instant as reading converter.
19:55:18.617 [Test worker] DEBUG org.springframework.data.convert.CustomConversions - Adding converter from class java.time.Instant to class java.time.LocalDateTime as reading converter.
19:55:18.617 [Test worker] DEBUG org.springframework.data.convert.CustomConversions - Adding converter from class java.time.ZoneId to class java.lang.String as writing converter.
19:55:18.617 [Test worker] DEBUG org.springframework.data.convert.CustomConversions - Adding converter from class java.lang.String to class java.time.ZoneId as reading converter.
19:55:18.617 [Test worker] DEBUG org.springframework.data.convert.CustomConversions - Adding converter from class java.time.Duration to class java.lang.String as writing converter.
19:55:18.617 [Test worker] DEBUG org.springframework.data.convert.CustomConversions - Adding converter from class java.lang.String to class java.time.Duration as reading converter.
19:55:18.617 [Test worker] DEBUG org.springframework.data.convert.CustomConversions - Adding converter from class java.time.Period to class java.lang.String as writing converter.
19:55:18.617 [Test worker] DEBUG org.springframework.data.convert.CustomConversions - Adding converter from class java.lang.String to class java.time.Period as reading converter.
19:55:18.617 [Test worker] DEBUG org.springframework.data.convert.CustomConversions - Adding converter from class java.lang.String to class java.time.LocalDate as reading converter.
19:55:18.617 [Test worker] DEBUG org.springframework.data.convert.CustomConversions - Adding converter from class java.lang.String to class java.time.LocalDateTime as reading converter.
19:55:18.617 [Test worker] DEBUG org.springframework.data.convert.CustomConversions - Adding converter from class java.lang.String to class java.time.Instant as reading converter.
19:55:18.623 [Test worker] DEBUG org.springframework.data.convert.CustomConversions - Adding converter from class java.util.Date to class java.lang.String as writing converter.
19:55:18.623 [Test worker] DEBUG org.springframework.data.convert.CustomConversions - Adding converter from class java.time.Instant to class java.lang.String as writing converter.
19:55:18.623 [Test worker] DEBUG org.springframework.data.convert.CustomConversions - Adding converter from class java.time.LocalDate to class java.lang.String as writing converter.
19:55:18.623 [Test worker] DEBUG org.springframework.data.convert.CustomConversions - Adding converter from class java.time.LocalDateTime to class java.lang.String as writing converter.
19:55:18.623 [Test worker] DEBUG org.springframework.data.convert.CustomConversions - Adding converter from class java.time.OffsetDateTime to class java.lang.String as writing converter.
19:55:18.623 [Test worker] DEBUG org.springframework.data.convert.CustomConversions - Adding converter from class java.time.ZonedDateTime to class java.lang.String as writing converter.
19:55:18.623 [Test worker] DEBUG org.springframework.data.convert.CustomConversions - Adding converter from class java.lang.String to class java.util.Date as reading converter.
19:55:18.623 [Test worker] DEBUG org.springframework.data.convert.CustomConversions - Adding converter from class java.lang.String to class java.time.Instant as reading converter.
19:55:18.623 [Test worker] DEBUG org.springframework.data.convert.CustomConversions - Adding converter from class java.lang.String to class java.time.LocalDate as reading converter.
19:55:18.623 [Test worker] DEBUG org.springframework.data.convert.CustomConversions - Adding converter from class java.lang.String to class java.time.LocalDateTime as reading converter.
19:55:18.624 [Test worker] DEBUG org.springframework.data.convert.CustomConversions - Adding converter from class java.lang.String to class java.time.OffsetDateTime as reading converter.
19:55:18.624 [Test worker] DEBUG org.springframework.data.convert.CustomConversions - Adding converter from class java.lang.String to class java.time.ZonedDateTime as reading converter.
19:55:18.624 [Test worker] DEBUG org.springframework.data.convert.CustomConversions - Adding converter from class java.lang.String to class java.util.UUID as reading converter.
19:55:18.624 [Test worker] DEBUG org.springframework.data.convert.CustomConversions - Adding converter from class java.util.UUID to class java.lang.String as writing converter.
19:55:18.624 [Test worker] DEBUG org.springframework.data.convert.CustomConversions - Adding converter from class java.util.Date to class java.time.LocalDateTime as reading converter.
19:55:18.624 [Test worker] DEBUG org.springframework.data.convert.CustomConversions - Adding converter from class java.time.LocalDateTime to class java.util.Date as writing converter.
19:55:18.624 [Test worker] DEBUG org.springframework.data.convert.CustomConversions - Adding converter from class java.util.Date to class java.time.LocalDate as reading converter.
19:55:18.624 [Test worker] DEBUG org.springframework.data.convert.CustomConversions - Adding converter from class java.time.LocalDate to class java.util.Date as writing converter.
19:55:18.624 [Test worker] DEBUG org.springframework.data.convert.CustomConversions - Adding converter from class java.util.Date to class java.time.LocalTime as reading converter.
19:55:18.624 [Test worker] DEBUG org.springframework.data.convert.CustomConversions - Adding converter from class java.time.LocalTime to class java.util.Date as writing converter.
19:55:18.624 [Test worker] DEBUG org.springframework.data.convert.CustomConversions - Adding converter from class java.util.Date to class java.time.Instant as reading converter.
19:55:18.624 [Test worker] DEBUG org.springframework.data.convert.CustomConversions - Adding converter from class java.time.Instant to class java.util.Date as writing converter.
19:55:18.624 [Test worker] DEBUG org.springframework.data.convert.CustomConversions - Adding converter from class java.time.LocalDateTime to class java.time.Instant as reading converter.
19:55:18.624 [Test worker] DEBUG org.springframework.data.convert.CustomConversions - Adding converter from class java.time.Instant to class java.time.LocalDateTime as reading converter.
19:55:18.624 [Test worker] DEBUG org.springframework.data.convert.CustomConversions - Adding converter from class java.time.ZoneId to class java.lang.String as writing converter.
19:55:18.624 [Test worker] DEBUG org.springframework.data.convert.CustomConversions - Adding converter from class java.lang.String to class java.time.ZoneId as reading converter.
19:55:18.624 [Test worker] DEBUG org.springframework.data.convert.CustomConversions - Adding converter from class java.time.Duration to class java.lang.String as writing converter.
19:55:18.624 [Test worker] DEBUG org.springframework.data.convert.CustomConversions - Adding converter from class java.lang.String to class java.time.Duration as reading converter.
19:55:18.625 [Test worker] DEBUG org.springframework.data.convert.CustomConversions - Adding converter from class java.time.Period to class java.lang.String as writing converter.
19:55:18.625 [Test worker] DEBUG org.springframework.data.convert.CustomConversions - Adding converter from class java.lang.String to class java.time.Period as reading converter.
19:55:18.625 [Test worker] DEBUG org.springframework.data.convert.CustomConversions - Adding converter from class java.lang.String to class java.time.LocalDate as reading converter.
19:55:18.625 [Test worker] DEBUG org.springframework.data.convert.CustomConversions - Adding converter from class java.lang.String to class java.time.LocalDateTime as reading converter.
19:55:18.625 [Test worker] DEBUG org.springframework.data.convert.CustomConversions - Adding converter from class java.lang.String to class java.time.Instant as reading converter.
19:55:18.631 [Test worker] DEBUG org.springframework.beans.factory.support.DefaultListableBeanFactory - Creating shared instance of singleton bean 'arangoTransactionalRepositoryImplFragment'
19:55:18.631 [Test worker] DEBUG org.springframework.beans.factory.support.DefaultListableBeanFactory - Creating shared instance of singleton bean 'arangoTransactionalRepositoryImpl'
19:55:18.632 [Test worker] DEBUG org.springframework.beans.factory.support.DefaultListableBeanFactory - Creating shared instance of singleton bean 'getTransactionManager'
19:55:18.632 [Test worker] DEBUG org.springframework.beans.factory.support.DefaultListableBeanFactory - Autowiring by type from bean name 'getTransactionManager' via factory method to bean named 'arangoTemplate'
19:55:18.632 [Test worker] DEBUG org.springframework.beans.factory.support.DefaultListableBeanFactory - Autowiring by type from bean name 'getTransactionManager' via factory method to bean named 'arangoConverter'
19:55:18.632 [Test worker] DEBUG org.springframework.beans.factory.support.DefaultListableBeanFactory - Autowiring by type from bean name 'getTransactionManager' via factory method to bean named 'arangoDBConfiguration'
19:55:18.633 [Test worker] DEBUG org.springframework.beans.factory.support.DefaultListableBeanFactory - Autowiring by type from bean name 'arangoTransactionalRepositoryImpl' via constructor to bean named 'getTransactionManager'
19:55:18.635 [Test worker] DEBUG org.springframework.data.repository.core.support.RepositoryFactorySupport - Initializing repository instance for com.talentica.arangodb.repository.BookRepository…
19:55:18.637 [Test worker] DEBUG org.springframework.data.repository.core.support.RepositoryFactorySupport - Finished creation of repository instance for com.talentica.arangodb.repository.BookRepository.
19:55:18.640 [Test worker] DEBUG com.arangodb.internal.velocystream.internal.VstConnection - Connection connection_1609770318640_0.41666181983009043 created
19:55:18.640 [Test worker] DEBUG com.arangodb.internal.net.ConnectionPoolImpl - Return Connection connection_1609770318640_0.41666181983009043
19:55:18.640 [Test worker] DEBUG com.arangodb.internal.velocystream.internal.VstConnection - Open connection to host[addr=localhost,port=8529]
19:55:18.640 [Test worker] DEBUG com.arangodb.internal.velocystream.internal.VstConnection - Connected to Socket[addr=localhost/127.0.0.1,port=8529,localport=45806]
19:55:18.640 [Test worker] DEBUG com.arangodb.internal.velocystream.internal.VstConnection - Send velocystream protocol header to Socket[addr=localhost/127.0.0.1,port=8529,localport=45806]
19:55:18.641 [pool-4-thread-1] DEBUG com.arangodb.internal.velocystream.internal.VstConnection - Start Callable for connection_1609770318640_0.41666181983009043
19:55:18.641 [Test worker] DEBUG com.arangodb.internal.velocystream.VstCommunicationSync - Send Message (id=29, head=[1,1000,"plain","root","password"], body={})
19:55:18.641 [Test worker] DEBUG com.arangodb.internal.velocystream.internal.VstConnection - Send chunk 1:1 from message 29
19:55:18.641 [pool-4-thread-1] DEBUG com.arangodb.internal.velocystream.internal.VstConnection - Received chunk 1:1 from message 29
19:55:18.641 [pool-4-thread-1] DEBUG com.arangodb.internal.velocystream.internal.VstConnection - Responsetime for Message 29 is 0
19:55:18.642 [pool-4-thread-1] DEBUG com.arangodb.internal.velocystream.internal.MessageStore - Received Message (id=29, head=[1,2,200,{}], body={"error":false,"errorNum":0,"code":200})
19:55:18.642 [Test worker] DEBUG com.arangodb.internal.net.HostSet - Added Host HostImpl [connectionPool=ConnectionPoolImpl [host=host[addr=localhost,port=8529], maxConnections=1, connections=1, current=1, factory=VstConnectionFactorySync], description=host[addr=localhost,port=8529], markforDeletion=false] - now 1 Hosts in List
19:55:18.642 [Test worker] DEBUG com.arangodb.internal.velocystream.VstCommunicationSync - Send Message (id=30, head=[1,1,"_system",1,"/_api/collection/Books",{},{"content-type":"application/x-velocypack","accept":"application/x-velocypack"}], body={})
19:55:18.642 [Test worker] DEBUG com.arangodb.internal.velocystream.internal.VstConnection - Send chunk 1:1 from message 30
19:55:18.642 [pool-4-thread-1] DEBUG com.arangodb.internal.velocystream.internal.VstConnection - Received chunk 1:1 from message 30
19:55:18.642 [pool-4-thread-1] DEBUG com.arangodb.internal.velocystream.internal.VstConnection - Responsetime for Message 30 is 0
19:55:18.643 [pool-4-thread-1] DEBUG com.arangodb.internal.velocystream.internal.MessageStore - Received Message (id=30, head=[1,2,200,{}], body={"error":false,"code":200,"type":2,"isSystem":false,"id":"2843677","globallyUniqueId":"h371E083F0103/2843677","name":"Books","status":3})
19:55:18.643 [Test worker] DEBUG com.arangodb.internal.net.ConnectionPoolImpl - Return Connection connection_1609770318640_0.41666181983009043
19:55:18.643 [Test worker] DEBUG com.arangodb.internal.velocystream.VstCommunicationSync - Send Message (id=31, head=[1,1,"test",1,"/_api/database/current",{},{"content-type":"application/x-velocypack","accept":"application/x-velocypack"}], body={})
19:55:18.643 [Test worker] DEBUG com.arangodb.internal.velocystream.internal.VstConnection - Send chunk 1:1 from message 31
19:55:18.644 [pool-4-thread-1] DEBUG com.arangodb.internal.velocystream.internal.VstConnection - Received chunk 1:1 from message 31
19:55:18.644 [pool-4-thread-1] DEBUG com.arangodb.internal.velocystream.internal.VstConnection - Responsetime for Message 31 is 1
19:55:18.644 [pool-4-thread-1] DEBUG com.arangodb.internal.velocystream.internal.MessageStore - Received Message (id=31, head=[1,2,200,{}], body={"error":false,"code":200,"result":{"id":"2846231","name":"test","isSystem":false,"path":"none"}})
19:55:18.644 [Test worker] DEBUG com.arangodb.internal.net.ConnectionPoolImpl - Return Connection connection_1609770318640_0.41666181983009043
19:55:18.644 [Test worker] DEBUG com.arangodb.internal.velocystream.VstCommunicationSync - Send Message (id=32, head=[1,1,"test",1,"/_api/collection/Books",{},{"content-type":"application/x-velocypack","accept":"application/x-velocypack"}], body={})
19:55:18.645 [Test worker] DEBUG com.arangodb.internal.velocystream.internal.VstConnection - Send chunk 1:1 from message 32
19:55:18.645 [pool-4-thread-1] DEBUG com.arangodb.internal.velocystream.internal.VstConnection - Received chunk 1:1 from message 32
19:55:18.645 [pool-4-thread-1] DEBUG com.arangodb.internal.velocystream.internal.VstConnection - Responsetime for Message 32 is 0
19:55:18.645 [pool-4-thread-1] DEBUG com.arangodb.internal.velocystream.internal.MessageStore - Received Message (id=32, head=[1,2,200,{}], body={"error":false,"code":200,"type":2,"isSystem":false,"id":"3668205","globallyUniqueId":"h371E083F0103/3668205","name":"Books","status":3})
19:55:18.647 [Test worker] DEBUG com.arangodb.internal.net.ConnectionPoolImpl - Return Connection connection_1609770318640_0.41666181983009043
19:55:18.647 [Test worker] DEBUG com.arangodb.internal.velocystream.VstCommunicationSync - Send Message (id=33, head=[1,1,"test",2,"/_api/index",{"collection":"Books"},{"content-type":"application/x-velocypack","accept":"application/x-velocypack"}], body={"fields":["uuid"],"sparse":false,"type":"persistent","unique":true})
19:55:18.647 [Test worker] DEBUG com.arangodb.internal.velocystream.internal.VstConnection - Send chunk 1:1 from message 33
19:55:18.647 [pool-4-thread-1] DEBUG com.arangodb.internal.velocystream.internal.VstConnection - Received chunk 1:1 from message 33
19:55:18.647 [pool-4-thread-1] DEBUG com.arangodb.internal.velocystream.internal.VstConnection - Responsetime for Message 33 is 0
19:55:18.648 [pool-4-thread-1] DEBUG com.arangodb.internal.velocystream.internal.MessageStore - Received Message (id=33, head=[1,2,200,{}], body={"deduplicate":true,"fields":["uuid"],"id":"Books/3668210","isNewlyCreated":false,"name":"idx_1687950692959911936","selectivityEstimate":1.0,"sparse":false,"type":"persistent","unique":true,"error":false,"code":200})
19:55:18.658 [Test worker] DEBUG com.arangodb.internal.net.ConnectionPoolImpl - Return Connection connection_1609770318640_0.41666181983009043
19:55:18.658 [Test worker] DEBUG com.arangodb.internal.velocystream.VstCommunicationSync - Send Message (id=34, head=[1,1,"test",2,"/_api/transaction",{},{"content-type":"application/x-velocypack","accept":"application/x-velocypack"}], body={"action":"function(){\n var result = [];db = require(\"@arangodb\").db; \nresult[0]=db._query(\"LET doc = {\\\"uuid\\\":\\\"c4ae3108-cb2a-4da1-81c7-a389c88742dc\\\",\\\"title\\\":\\\"Little Wizard Stories of Oz\\\",\\\"subjects\\\":[\\\"Short stories\\\",\\\"Oz (Imaginary place) -- Juvenile fiction\\\",\\\"Children's stories, American\\\",\\\"Fantasy literature\\\",\\\"PZ\\\"],\\\"bookshelves\\\":[\\\"Children's Literature\\\"],\\\"formats\\\":[{\\\"url\\\":\\\"https:\\/\\/www.gutenberg.org\\/ebooks\\/25519.txt.utf-8\\\",\\\"format\\\":\\\"text\\/plain\\\",\\\"extent\\\":82387,\\\"modified\\\":\\\"2020-11-12T22:37:19.000Z\\\"},{\\\"url\\\":\\\"https:\\/\\/www.gutenberg.org\\/cache\\/epub\\/25519\\/pg25519.cover.medium.jpg\\\",\\\"format\\\":\\\"image\\/jpeg\\\",\\\"extent\\\":28541,\\\"modified\\\":\\\"2020-11-12T22:37:23.000Z\\\"},{\\\"url\\\":\\\"https:\\/\\/www.gutenberg.org\\/files\\/25519\\/25519-h\\/25519-h.htm\\\",\\\"format\\\":\\\"text\\/html; charset=iso-8859-1\\\",\\\"extent\\\":96891,\\\"modified\\\":\\\"2008-05-19T07:06:47.000Z\\\"},{\\\"url\\\":\\\"https:\\/\\/www.gutenberg.org\\/ebooks\\/25519.rdf\\\",\\\"format\\\":\\\"application\\/rdf+xml\\\",\\\"extent\\\":15353,\\\"modified\\\":\\\"2020-12-09T23:52:50.000Z\\\"},{\\\"url\\\":\\\"https:\\/\\/www.gutenberg.org\\/files\\/25519\\/25519.zip\\\",\\\"format\\\":\\\"application\\/zip\\\",\\\"extent\\\":31335,\\\"modified\\\":\\\"2008-05-19T06:53:53.000Z\\\"},{\\\"url\\\":\\\"https:\\/\\/www.gutenberg.org\\/files\\/25519\\/25519-h.zip\\\",\\\"format\\\":\\\"text\\/html; charset=iso-8859-1\\\",\\\"extent\\\":2432399,\\\"modified\\\":\\\"2008-05-19T07:10:43.000Z\\\"},{\\\"url\\\":\\\"https:\\/\\/www.gutenberg.org\\/ebooks\\/25519.epub.images\\\",\\\"format\\\":\\\"application\\/epub+zip\\\",\\\"extent\\\":2375216,\\\"modified\\\":\\\"2020-11-12T22:37:21.000Z\\\"},{\\\"url\\\":\\\"https:\\/\\/www.gutenberg.org\\/ebooks\\/25519.kindle.images\\\",\\\"format\\\":\\\"application\\/x-mobipocket-ebook\\\",\\\"extent\\\":4826772,\\\"modified\\\":\\\"2020-11-12T22:37:23.000Z\\\"},{\\\"url\\\":\\\"https:\\/\\/www.gutenberg.org\\/ebooks\\/25519.kindle.noimages\\\",\\\"format\\\":\\\"application\\/x-mobipocket-ebook\\\",\\\"extent\\\":294097,\\\"modified\\\":\\\"2020-11-12T22:37:23.000Z\\\"},{\\\"url\\\":\\\"https:\\/\\/www.gutenberg.org\\/cache\\/epub\\/25519\\/pg25519.cover.small.jpg\\\",\\\"format\\\":\\\"image\\/jpeg\\\",\\\"extent\\\":4408,\\\"modified\\\":\\\"2020-11-12T22:37:23.000Z\\\"},{\\\"url\\\":\\\"https:\\/\\/www.gutenberg.org\\/ebooks\\/25519.epub.noimages\\\",\\\"format\\\":\\\"application\\/epub+zip\\\",\\\"extent\\\":89149,\\\"modified\\\":\\\"2020-11-12T22:37:21.000Z\\\"},{\\\"url\\\":\\\"https:\\/\\/www.gutenberg.org\\/files\\/25519\\/25519.txt\\\",\\\"format\\\":\\\"text\\/plain; charset=us-ascii\\\",\\\"extent\\\":82386,\\\"modified\\\":\\\"2008-05-19T06:53:53.000Z\\\"}],\\\"creators\\\":[{\\\"name\\\":\\\"Baum, L. Frank (Lyman Frank)\\\",\\\"birthDate\\\":1856,\\\"deathDate\\\":1919,\\\"alias\\\":\\\"Metcalf, Suzanne\\\",\\\"webpage\\\":\\\"https:\\/\\/en.wikipedia.org\\/wiki\\/L._Frank_Baum\\\"}],\\\"downloads\\\":133,\\\"_class\\\":\\\"com.talentica.arangodb.entity.Book\\\"} UPSERT { _key: doc._key } INSERT doc._key == null ? UNSET(doc, \\\"_key\\\") : doc REPLACE doc IN Books OPTIONS { ignoreRevs: false } RETURN NEW\")['_documents'][0];\nreturn result; \n }","collections":{"write":["Books"]},"waitForSync":true})
19:55:18.659 [Test worker] DEBUG com.arangodb.internal.velocystream.internal.VstConnection - Send chunk 1:1 from message 34
19:55:18.664 [pool-4-thread-1] DEBUG com.arangodb.internal.velocystream.internal.VstConnection - Received chunk 1:1 from message 34
19:55:18.664 [pool-4-thread-1] DEBUG com.arangodb.internal.velocystream.internal.VstConnection - Responsetime for Message 34 is 5
19:55:18.664 [pool-4-thread-1] DEBUG com.arangodb.internal.velocystream.internal.MessageStore - Received Message (id=34, head=[1,2,200,{}], body={"error":false,"code":200,"result":[{"_key":"3678058","_id":"Books/3678058","_rev":"_bq1HsyO---","_class":"com.talentica.arangodb.entity.Book","bookshelves":["Children's Literature"],"creators":[{"name":"Baum, L. Frank (Lyman Frank)","birthDate":1856,"deathDate":1919,"alias":"Metcalf, Suzanne","webpage":"https://en.wikipedia.org/wiki/L._Frank_Baum"}],"downloads":133,"formats":[{"url":"https://www.gutenberg.org/ebooks/25519.txt.utf-8","format":"text/plain","extent":82387,"modified":"2020-11-12T22:37:19.000Z"},{"url":"https://www.gutenberg.org/cache/epub/25519/pg25519.cover.medium.jpg","format":"image/jpeg","extent":28541,"modified":"2020-11-12T22:37:23.000Z"},{"url":"https://www.gutenberg.org/files/25519/25519-h/25519-h.htm","format":"text/html; charset=iso-8859-1","extent":96891,"modified":"2008-05-19T07:06:47.000Z"},{"url":"https://www.gutenberg.org/ebooks/25519.rdf","format":"application/rdf+xml","extent":15353,"modified":"2020-12-09T23:52:50.000Z"},{"url":"https://www.gutenberg.org/files/25519/25519.zip","format":"application/zip","extent":31335,"modified":"2008-05-19T06:53:53.000Z"},{"url":"https://www.gutenberg.org/files/25519/25519-h.zip","format":"text/html; charset=iso-8859-1","extent":2432399,"modified":"2008-05-19T07:10:43.000Z"},{"url":"https://www.gutenberg.org/ebooks/25519.epub.images","format":"application/epub+zip","extent":2375216,"modified":"2020-11-12T22:37:21.000Z"},{"url":"https://www.gutenberg.org/ebooks/25519.kindle.images","format":"application/x-mobipocket-ebook","extent":4826772,"modified":"2020-11-12T22:37:23.000Z"},{"url":"https://www.gutenberg.org/ebooks/25519.kindle.noimages","format":"application/x-mobipocket-ebook","extent":294097,"modified":"2020-11-12T22:37:23.000Z"},{"url":"https://www.gutenberg.org/cache/epub/25519/pg25519.cover.small.jpg","format":"image/jpeg","extent":4408,"modified":"2020-11-12T22:37:23.000Z"},{"url":"https://www.gutenberg.org/ebooks/25519.epub.noimages","format":"application/epub+zip","extent":89149,"modified":"2020-11-12T22:37:21.000Z"},{"url":"https://www.gutenberg.org/files/25519/25519.txt","format":"text/plain; charset=us-ascii","extent":82386,"modified":"2008-05-19T06:53:53.000Z"}],"subjects":["Short stories","Oz (Imaginary place) -- Juvenile fiction","Children's stories, American","Fantasy literature","PZ"],"title":"Little Wizard Stories of Oz","uuid":"c4ae3108-cb2a-4da1-81c7-a389c88742dc"}]})
19:55:18.671 [Test worker] DEBUG com.arangodb.internal.net.ConnectionPoolImpl - Return Connection connection_1609770318640_0.41666181983009043
19:55:18.671 [Test worker] DEBUG com.arangodb.internal.velocystream.VstCommunicationSync - Send Message (id=35, head=[1,1,"test",2,"/_api/cursor",{},{"content-type":"application/x-velocypack","accept":"application/x-velocypack"}], body={"bindVars":{"doc":{"_key":"3678058","uuid":"34dbb103-7a9a-4d5a-a98a-e87dc6ac51b8","title":"Little Wizard Stories of Oz","subjects":["Short stories","Oz (Imaginary place) -- Juvenile fiction","Children's stories, American","Fantasy literature","PZ"],"bookshelves":["Children's Literature"],"formats":[{"url":"https://www.gutenberg.org/ebooks/25519.txt.utf-8","format":"text/plain","extent":82387,"modified":"2020-11-12T22:37:19.000Z"},{"url":"https://www.gutenberg.org/cache/epub/25519/pg25519.cover.medium.jpg","format":"image/jpeg","extent":28541,"modified":"2020-11-12T22:37:23.000Z"},{"url":"https://www.gutenberg.org/files/25519/25519-h/25519-h.htm","format":"text/html; charset=iso-8859-1","extent":96891,"modified":"2008-05-19T07:06:47.000Z"},{"url":"https://www.gutenberg.org/ebooks/25519.rdf","format":"application/rdf+xml","extent":15353,"modified":"2020-12-09T23:52:50.000Z"},{"url":"https://www.gutenberg.org/files/25519/25519.zip","format":"application/zip","extent":31335,"modified":"2008-05-19T06:53:53.000Z"},{"url":"https://www.gutenberg.org/files/25519/25519-h.zip","format":"text/html; charset=iso-8859-1","extent":2432399,"modified":"2008-05-19T07:10:43.000Z"},{"url":"https://www.gutenberg.org/ebooks/25519.epub.images","format":"application/epub+zip","extent":2375216,"modified":"2020-11-12T22:37:21.000Z"},{"url":"https://www.gutenberg.org/ebooks/25519.kindle.images","format":"application/x-mobipocket-ebook","extent":4826772,"modified":"2020-11-12T22:37:23.000Z"},{"url":"https://www.gutenberg.org/ebooks/25519.kindle.noimages","format":"application/x-mobipocket-ebook","extent":294097,"modified":"2020-11-12T22:37:23.000Z"},{"url":"https://www.gutenberg.org/cache/epub/25519/pg25519.cover.small.jpg","format":"image/jpeg","extent":4408,"modified":"2020-11-12T22:37:23.000Z"},{"url":"https://www.gutenberg.org/ebooks/25519.epub.noimages","format":"application/epub+zip","extent":89149,"modified":"2020-11-12T22:37:21.000Z"},{"url":"https://www.gutenberg.org/files/25519/25519.txt","format":"text/plain; charset=us-ascii","extent":82386,"modified":"2008-05-19T06:53:53.000Z"}],"creators":[{"name":"Baum, L. Frank (Lyman Frank)","birthDate":1856,"deathDate":1919,"alias":"Metcalf, Suzanne","webpage":"https://en.wikipedia.org/wiki/L._Frank_Baum"}],"downloads":1000,"_rev":"_bq1HsyO---","_class":"com.talentica.arangodb.entity.Book"},"@col":"Books"},"query":"LET doc = @doc UPSERT { _key: doc._key } INSERT doc._key == null ? UNSET(doc, \"_key\") : doc REPLACE doc IN @@col OPTIONS { ignoreRevs: false } RETURN NEW"})
19:55:18.671 [Test worker] DEBUG com.arangodb.internal.velocystream.internal.VstConnection - Send chunk 1:1 from message 35
19:55:18.673 [pool-4-thread-1] DEBUG com.arangodb.internal.velocystream.internal.VstConnection - Received chunk 1:1 from message 35
19:55:18.673 [pool-4-thread-1] DEBUG com.arangodb.internal.velocystream.internal.VstConnection - Responsetime for Message 35 is 2
19:55:18.673 [pool-4-thread-1] DEBUG com.arangodb.internal.velocystream.internal.MessageStore - Received Message (id=35, head=[1,2,201,{}], body={"result":[{"_key":"3678058","_id":"Books/3678058","_rev":"_bq1Hsz----","_class":"com.talentica.arangodb.entity.Book","bookshelves":["Children's Literature"],"creators":[{"name":"Baum, L. Frank (Lyman Frank)","birthDate":1856,"deathDate":1919,"alias":"Metcalf, Suzanne","webpage":"https://en.wikipedia.org/wiki/L._Frank_Baum"}],"downloads":1000,"formats":[{"url":"https://www.gutenberg.org/ebooks/25519.txt.utf-8","format":"text/plain","extent":82387,"modified":"2020-11-12T22:37:19.000Z"},{"url":"https://www.gutenberg.org/cache/epub/25519/pg25519.cover.medium.jpg","format":"image/jpeg","extent":28541,"modified":"2020-11-12T22:37:23.000Z"},{"url":"https://www.gutenberg.org/files/25519/25519-h/25519-h.htm","format":"text/html; charset=iso-8859-1","extent":96891,"modified":"2008-05-19T07:06:47.000Z"},{"url":"https://www.gutenberg.org/ebooks/25519.rdf","format":"application/rdf+xml","extent":15353,"modified":"2020-12-09T23:52:50.000Z"},{"url":"https://www.gutenberg.org/files/25519/25519.zip","format":"application/zip","extent":31335,"modified":"2008-05-19T06:53:53.000Z"},{"url":"https://www.gutenberg.org/files/25519/25519-h.zip","format":"text/html; charset=iso-8859-1","extent":2432399,"modified":"2008-05-19T07:10:43.000Z"},{"url":"https://www.gutenberg.org/ebooks/25519.epub.images","format":"application/epub+zip","extent":2375216,"modified":"2020-11-12T22:37:21.000Z"},{"url":"https://www.gutenberg.org/ebooks/25519.kindle.images","format":"application/x-mobipocket-ebook","extent":4826772,"modified":"2020-11-12T22:37:23.000Z"},{"url":"https://www.gutenberg.org/ebooks/25519.kindle.noimages","format":"application/x-mobipocket-ebook","extent":294097,"modified":"2020-11-12T22:37:23.000Z"},{"url":"https://www.gutenberg.org/cache/epub/25519/pg25519.cover.small.jpg","format":"image/jpeg","extent":4408,"modified":"2020-11-12T22:37:23.000Z"},{"url":"https://www.gutenberg.org/ebooks/25519.epub.noimages","format":"application/epub+zip","extent":89149,"modified":"2020-11-12T22:37:21.000Z"},{"url":"https://www.gutenberg.org/files/25519/25519.txt","format":"text/plain; charset=us-ascii","extent":82386,"modified":"2008-05-19T06:53:53.000Z"}],"subjects":["Short stories","Oz (Imaginary place) -- Juvenile fiction","Children's stories, American","Fantasy literature","PZ"],"title":"Little Wizard Stories of Oz","uuid":"34dbb103-7a9a-4d5a-a98a-e87dc6ac51b8"}],"hasMore":false,"cached":false,"extra":{"stats":{"writesExecuted":1,"writesIgnored":0,"scannedFull":0,"scannedIndex":1,"filtered":0,"httpRequests":0,"executionTime":9.665039979154244E-4,"peakMemoryUsage":88903},"warnings":[]},"error":false,"code":201})
19:55:18.674 [Test worker] DEBUG com.arangodb.internal.ArangoExecutorSync - Response is MetaAware com.arangodb.entity.CursorEntity
19:55:18.676 [Test worker] DEBUG com.arangodb.internal.net.ConnectionPoolImpl - Return Connection connection_1609770318640_0.41666181983009043
19:55:18.677 [Test worker] DEBUG com.arangodb.internal.velocystream.VstCommunicationSync - Send Message (id=36, head=[1,1,"test",2,"/_api/transaction",{},{"content-type":"application/x-velocypack","accept":"application/x-velocypack"}], body={"action":"function(){\n var result = [];db = require(\"@arangodb\").db; \nreturn result; \n }","collections":{"write":[]},"waitForSync":true})
19:55:18.677 [Test worker] DEBUG com.arangodb.internal.velocystream.internal.VstConnection - Send chunk 1:1 from message 36
19:55:18.677 [pool-4-thread-1] DEBUG com.arangodb.internal.velocystream.internal.VstConnection - Received chunk 1:1 from message 36
19:55:18.677 [pool-4-thread-1] DEBUG com.arangodb.internal.velocystream.internal.VstConnection - Responsetime for Message 36 is 0
19:55:18.677 [pool-4-thread-1] DEBUG com.arangodb.internal.velocystream.internal.MessageStore - Received Message (id=36, head=[1,2,200,{}], body={"error":false,"code":200,"result":[]})
]]></system-out>
  <system-err><![CDATA[]]></system-err>
</testsuite>
